pp-proc-internal-2.c:4:1: warning - missing declaration specifier
  normal
  ^
pp-proc-internal-2.c:4:1: warning - type defaults to `int'
  normal
  ^
pp-proc-internal-2.c:4:7: ERROR - syntax error; expected `;' before `identifier'
  normal
        ^
pp-proc-internal-2.c:5:1: warning - missing declaration specifier
  bar
  ^
pp-proc-internal-2.c:5: note - this line came from (shown once per line):
  foo

pp-proc-internal-2.c:5:1: warning - type defaults to `int'
  bar
  ^
pp-proc-internal-2.c:5:4: ERROR - syntax error; expected `;' before `end of input'
  bar
     ^
