d-33-3-b.c:4:5: ERROR - label must have a statement follow it
      label1:
      ^
d-33-3-a.c:2:1: warning - missing return value
  }
  ^
d-33-3-a.c:4:5: warning - missing prototype
  int g() {
      ^
d-33-3-a.c:5:9: warning - local `x' defined but not referenced
      int x;
          ^
d-33-3-a.c:7:1: warning - missing return value
  }
  ^
d-33-3-a.c:6:5: warning - label `label2' defined but not used
      label2:;
      ^
d-33-3-a.c:3:12: warning - static `bar' defined but not referenced
  static int bar;
             ^
