./d-34-3.c:4:9: warning - expression result not used
          "abcdefg\nabcdefg\r"
          ^
./d-34-3.c:4:29: ERROR - syntax error; expected `;' before `}'
          "abcdefg\nabcdefg\r"
                              ^
./d-34-3.c:8:11: ERROR - invalid floating constant
          .0e+z
            ^
./d-34-3.c:8:14: ERROR - syntax error; expected `;' before `}'
          .0e+z
               ^
./d-34-3.c:11:11: ERROR - invalid floating constant
          .0e+zz
            ^
./d-34-3.c:11:15: ERROR - syntax error; expected `;' before `}'
          .0e+zz
                ^
./d-34-3.c:14:9: warning - expression result not used
          .0e+1f
          ^
./d-34-3.c:14:15: ERROR - syntax error; expected `;' before `}'
          .0e+1f
                ^
./d-34-3.c:17:9: warning - expression result not used
          .0e+1l
          ^
./d-34-3.c:17:15: ERROR - syntax error; expected `;' before `}'
          .0e+1l
                ^
./d-34-3.c:20:9: ERROR - pp-number that is not a valid floating constant
          .0e+1u
          ^
./d-34-3.c:20:15: ERROR - syntax error; expected `;' before `}'
          .0e+1u
                ^
./d-34-3.c:23:9: ERROR - pp-number that is not a valid floating constant
          .0e+1fU
          ^
./d-34-3.c:23:16: ERROR - syntax error; expected `;' before `}'
          .0e+1fU
                 ^
./d-34-3.c:27:11: ERROR - invalid integer constant
          0x
            ^
./d-34-3.c:27:11: ERROR - syntax error; expected `;' before `}'
          0x
            ^
./d-34-3.c:30:11: ERROR - invalid integer constant
          0xz
            ^
./d-34-3.c:30:12: ERROR - syntax error; expected `;' before `}'
          0xz
             ^
./d-34-3.c:33:11: ERROR - invalid integer constant
          0xzzz
            ^
./d-34-3.c:33:14: ERROR - syntax error; expected `;' before `}'
          0xzzz
               ^
./d-34-3.c:37:10: ERROR - invalid floating constant
          0e
           ^
./d-34-3.c:37:11: ERROR - syntax error; expected `;' before `}'
          0e
            ^
./d-34-3.c:40:10: ERROR - invalid floating constant
          0e+
           ^
./d-34-3.c:40:12: ERROR - syntax error; expected `;' before `}'
          0e+
             ^
./d-34-3.c:43:9: warning - expression result not used
          0e+1
          ^
./d-34-3.c:43:13: ERROR - syntax error; expected `;' before `}'
          0e+1
              ^
./d-34-3.c:46:9: ERROR - pp-number that is not a valid floating constant
          0e+1u
          ^
./d-34-3.c:46:14: ERROR - syntax error; expected `;' before `}'
          0e+1u
               ^
./d-34-3.c:50:9: warning - expression result not used
          0u
          ^
./d-34-3.c:50:11: ERROR - syntax error; expected `;' before `}'
          0u
            ^
./d-34-3.c:53:9: warning - expression result not used
          0ul
          ^
./d-34-3.c:53:12: ERROR - syntax error; expected `;' before `}'
          0ul
             ^
./d-34-3.c:56:9: ERROR - pp-number that is not a valid integer constant
          0ulx
          ^
./d-34-3.c:56:13: ERROR - syntax error; expected `;' before `}'
          0ulx
              ^
