./d-54-1.c:1:17: ERROR - unknown type `type_t'
  void f1(void) { type_t int; }
                  ^
./d-54-1.c:1:24: ERROR - invalid use of `int' in declaration
  void f1(void) { type_t int; }
                         ^
./d-54-1.c:1:27: ERROR - empty declaration
  void f1(void) { type_t int; }
                            ^
./d-54-1.c:2:17: ERROR - unknown type `type_t'
  void f2(void) { type_t foo; }
                  ^
./d-54-1.c:3:17: ERROR - undeclared identifier `type_t'
  void f3(void) { type_t 42; }
                  ^
./d-54-1.c:3:23: ERROR - syntax error; expected `;' before `integer constant'
  void f3(void) { type_t 42; }
                        ^
./d-54-1.c:3:24: warning - expression result not used
  void f3(void) { type_t 42; }
                         ^
./d-54-1.c:4:17: ERROR - undeclared identifier `type_t'
  void f4(void) { type_t 3.14; }
                  ^
./d-54-1.c:4:23: ERROR - syntax error; expected `;' before `floating constant'
  void f4(void) { type_t 3.14; }
                        ^
./d-54-1.c:4:24: warning - expression result not used
  void f4(void) { type_t 3.14; }
                         ^
./d-54-1.c:5:17: ERROR - undeclared identifier `type_t'
  void f5(void) { type_t 'x'; }
                  ^
./d-54-1.c:5:23: ERROR - syntax error; expected `;' before `character constant'
  void f5(void) { type_t 'x'; }
                        ^
./d-54-1.c:5:24: warning - expression result not used
  void f5(void) { type_t 'x'; }
                         ^
./d-54-1.c:6:17: ERROR - undeclared identifier `type_t'
  void f6(void) { type_t "foo"; }
                  ^
./d-54-1.c:6:23: ERROR - syntax error; expected `;' before `string literal'
  void f6(void) { type_t "foo"; }
                        ^
./d-54-1.c:6:24: warning - expression result not used
  void f6(void) { type_t "foo"; }
                         ^
./d-54-1.c:7:17: ERROR - undeclared identifier `type_t'
  void f7(void) { type_t [12]; }
                  ^
./d-54-1.c:8:17: warning - implicit declaration of a function
  void f8(void) { type_t1 (); }
                  ^
./d-54-1.c:8:17: warning - missing prototype
  void f8(void) { type_t1 (); }
                  ^
./d-54-1.c:9:17: warning - implicit declaration of a function
  void f9(void) { type_t2 (42); }
                  ^
./d-54-1.c:9:17: warning - missing prototype
  void f9(void) { type_t2 (42); }
                  ^
./d-54-1.c:9:17: warning - external identifier is too long; see `type_t1' declared at ./d-54-1.c:8:17
  void f9(void) { type_t2 (42); }
                  ^
./d-54-1.c: note - ISO C guarantees only 6 significant characters
./d-54-1.c:10:18: ERROR - undeclared identifier `type_t'
  void f10(void) { type_t {}; }
                   ^
./d-54-1.c:10:24: ERROR - syntax error; expected `;' before `{'
  void f10(void) { type_t {}; }
                         ^
./d-54-1.c:11:18: ERROR - undeclared identifier `type_t'
  void f11(void) { type_t .m; }
                   ^
./d-54-1.c:12:18: ERROR - undeclared identifier `type_t'
  void f12(void) { type_t ->m; }
                   ^
./d-54-1.c:13:18: ERROR - undeclared identifier `type_t'
  void f13(void) { type_t++; }
                   ^
./d-54-1.c:14:18: ERROR - undeclared identifier `type_t'
  void f14(void) { type_t &; }
                   ^
./d-54-1.c:14:26: ERROR - expression required
  void f14(void) { type_t &; }
                           ^
./d-54-1.c:15:18: ERROR - unknown type `type_t'
  void f15(void) { type_t * foo; }
                   ^
./d-54-1.c:16:18: ERROR - unknown type `type_t'
  void f16(void) { type_t * 42; }
                   ^
./d-54-1.c:16:25: ERROR - missing identifier
  void f16(void) { type_t * 42; }
                          ^
./d-54-1.c:16:26: ERROR - syntax error; expected `;' before `integer constant'
  void f16(void) { type_t * 42; }
                           ^
./d-54-1.c:16:27: warning - expression result not used
  void f16(void) { type_t * 42; }
                            ^
./d-54-1.c:17:18: ERROR - undeclared identifier `type_t'
  void f17(void) { type_t + 42; }
                   ^
./d-54-1.c:18:18: ERROR - undeclared identifier `type_t'
  void f18(void) { type_t ~; }
                   ^
./d-54-1.c:18:24: ERROR - syntax error; expected `;' before `~'
  void f18(void) { type_t ~; }
                         ^
./d-54-1.c:18:26: ERROR - expression required
  void f18(void) { type_t ~; }
                           ^
./d-54-1.c:19:18: ERROR - undeclared identifier `type_t'
  void f19(void) { type_t / 42; }
                   ^
./d-54-1.c:20:18: ERROR - undeclared identifier `type_t'
  void f20(void) { type_t == 42; }
                   ^
./d-54-1.c:21:18: ERROR - undeclared identifier `type_t'
  void f21(void) { type_t ^ 42; }
                   ^
./d-54-1.c:22:18: ERROR - undeclared identifier `type_t'
  void f22(void) { type_t ?; }
                   ^
./d-54-1.c:22:26: ERROR - expression required
  void f22(void) { type_t ?; }
                           ^
./d-54-1.c:22:26: ERROR - syntax error; expected `:' before `;'
  void f22(void) { type_t ?; }
                           ^
./d-54-1.c:22:26: ERROR - expression required
  void f22(void) { type_t ?; }
                           ^
./d-54-1.c:23:18: ERROR - undeclared identifier `type_t'
  void f23(void) { type_t ? 1: 0; }
                   ^
./d-54-1.c:24:18: warning - label `type_t' defined but not used
  void f24(void) { type_t: ; }
                   ^
./d-54-1.c:25:18: ERROR - undeclared identifier `type_t'
  void f25(void) { type_t; }
                   ^
./d-54-1.c:26:18: ERROR - undeclared identifier `type_t'
  void f26(void) { type_t ... ; }
                   ^
./d-54-1.c:26:24: ERROR - syntax error; expected `;' before `...'
  void f26(void) { type_t ... ; }
                         ^
./d-54-1.c:26:25: ERROR - invalid declaration or statement
  void f26(void) { type_t ... ; }
                          ^
  (skipping '...')
./d-54-1.c:27:18: ERROR - undeclared identifier `type_t'
  void f27(void) { type_t = 42; }
                   ^
./d-54-1.c:28:18: ERROR - undeclared identifier `type_t'
  void f28(void) { type_t += 42; }
                   ^
./d-54-1.c:29:18: ERROR - undeclared identifier `type_t'
  void f29(void) { type_t, foo; }
                   ^
./d-54-1.c:29:26: ERROR - undeclared identifier `foo'
  void f29(void) { type_t, foo; }
                           ^
./d-54-1.c:30:25: ERROR - # or ## is supported only in preprocessing
  void f30(void) { type_t # foo; }
                          ^
./d-54-1.c:30:18: ERROR - undeclared identifier `type_t'
  void f30(void) { type_t # foo; }
                   ^
./d-54-1.c:30:24: ERROR - syntax error; expected `;' before `identifier'
  void f30(void) { type_t # foo; }
                         ^
./d-54-1.c:30:27: ERROR - undeclared identifier `foo'
  void f30(void) { type_t # foo; }
                            ^
./d-54-1.c:31:25: ERROR - # or ## is supported only in preprocessing
  void f31(void) { type_t ## foo; }
                          ^
./d-54-1.c:31:18: ERROR - undeclared identifier `type_t'
  void f31(void) { type_t ## foo; }
                   ^
./d-54-1.c:31:24: ERROR - syntax error; expected `;' before `identifier'
  void f31(void) { type_t ## foo; }
                         ^
./d-54-1.c:31:28: ERROR - undeclared identifier `foo'
  void f31(void) { type_t ## foo; }
                             ^
