./d-54-2.c:1:1: ERROR - unknown type `t_t1'
  t_t1 int;
  ^~~~
./d-54-2.c:1:6: ERROR - invalid use of `int' in declaration
  t_t1 int;
  ~~~~ ^~~
./d-54-2.c:1:9: ERROR - empty declaration
  t_t1 int;
          ^
./d-54-2.c:2:1: ERROR - unknown type `t_t2'
  t_t2 foo;
  ^~~~
./d-54-2.c:3:1: warning - missing declaration specifier
  t_t3 42;
  ^
./d-54-2.c:3:1: warning - type defaults to `int'
  t_t3 42;
  ^
./d-54-2.c:3:5: ERROR - syntax error; expected `;' before `integer constant'
  t_t3 42;
      ^
./d-54-2.c:3:6: ERROR - invalid declaration
  t_t3 42;
       ^
./d-54-2.c:4:1: warning - missing declaration specifier
  t_t4 3.14;
  ^
./d-54-2.c:4:1: warning - type defaults to `int'
  t_t4 3.14;
  ^
./d-54-2.c:4:5: ERROR - syntax error; expected `;' before `floating constant'
  t_t4 3.14;
      ^
./d-54-2.c:4:6: ERROR - invalid declaration
  t_t4 3.14;
       ^
./d-54-2.c:5:1: warning - missing declaration specifier
  t_t5 'x';
  ^
./d-54-2.c:5:1: warning - type defaults to `int'
  t_t5 'x';
  ^
./d-54-2.c:5:5: ERROR - syntax error; expected `;' before `character constant'
  t_t5 'x';
      ^
./d-54-2.c:5:6: ERROR - invalid declaration
  t_t5 'x';
       ^
./d-54-2.c:6:1: warning - missing declaration specifier
  t_t6 "foo";
  ^
./d-54-2.c:6:1: warning - type defaults to `int'
  t_t6 "foo";
  ^
./d-54-2.c:6:5: ERROR - syntax error; expected `;' before `string literal'
  t_t6 "foo";
      ^
./d-54-2.c:6:6: ERROR - invalid declaration
  t_t6 "foo";
       ^
./d-54-2.c:7:1: warning - missing declaration specifier
  t_t7 [12];
  ^
./d-54-2.c:7:1: warning - type defaults to `int'
  t_t7 [12];
  ^
./d-54-2.c:8:1: warning - missing declaration specifier
  t_t8 ();
  ^
./d-54-2.c:8:1: warning - type defaults to `int'
  t_t8 ();
  ^
./d-54-2.c:8:1: warning - missing prototype from `t_t8'
  t_t8 ();
  ^~~~~~~
./d-54-2.c:9:1: warning - missing declaration specifier
  t_t9 (p);
  ^
./d-54-2.c:9:1: warning - type defaults to `int'
  t_t9 (p);
  ^
./d-54-2.c:9:7: ERROR - extraneous old-style parameter list
  t_t9 (p);
        ^
./d-54-2.c:9:1: warning - missing prototype from `t_t9'
  t_t9 (p);
  ^~~~~~~~
./d-54-2.c:10:1: warning - missing declaration specifier
  t_t10 {};
  ^
./d-54-2.c:10:1: warning - type defaults to `int'
  t_t10 {};
  ^
./d-54-2.c:10:6: ERROR - syntax error; expected `;' before `{'
  t_t10 {};
       ^
./d-54-2.c:11:1: warning - missing declaration specifier
  t_t11 .m;
  ^
./d-54-2.c:11:1: warning - type defaults to `int'
  t_t11 .m;
  ^
./d-54-2.c:11:6: ERROR - syntax error; expected `;' before `.'
  t_t11 .m;
       ^
./d-54-2.c:11:8: warning - missing declaration specifier
  t_t11 .m;
         ^
./d-54-2.c:11:8: warning - type defaults to `int'
  t_t11 .m;
         ^
./d-54-2.c:12:1: warning - missing declaration specifier
  t_t12 ->m;
  ^
./d-54-2.c:12:1: warning - type defaults to `int'
  t_t12 ->m;
  ^
./d-54-2.c:12:6: ERROR - syntax error; expected `;' before `->'
  t_t12 ->m;
       ^
./d-54-2.c:12:9: warning - missing declaration specifier
  t_t12 ->m;
          ^
./d-54-2.c:12:9: warning - type defaults to `int'
  t_t12 ->m;
          ^
./d-54-2.c:13:1: warning - missing declaration specifier
  t_t13++;
  ^
./d-54-2.c:13:1: warning - type defaults to `int'
  t_t13++;
  ^
./d-54-2.c:13:6: ERROR - syntax error; expected `;' before `++'
  t_t13++;
       ^
./d-54-2.c:13:6: ERROR - invalid declaration
  t_t13++;
       ^
./d-54-2.c:14:1: warning - missing declaration specifier
  t_t14 &;
  ^
./d-54-2.c:14:1: warning - type defaults to `int'
  t_t14 &;
  ^
./d-54-2.c:14:6: ERROR - syntax error; expected `;' before `&'
  t_t14 &;
       ^
./d-54-2.c:14:7: ERROR - invalid declaration
  t_t14 &;
        ^
./d-54-2.c:15:1: ERROR - unknown type `t_t15'
  t_t15 * foo;
  ^~~~~
./d-54-2.c:16:1: ERROR - unknown type `t_t16'
  t_t16 * 42;
  ^~~~~
./d-54-2.c:16:7: ERROR - missing identifier
  t_t16 * 42;
        ^
./d-54-2.c:16:8: ERROR - syntax error; expected `;' before `integer constant'
  t_t16 * 42;
         ^
./d-54-2.c:16:9: ERROR - invalid declaration
  t_t16 * 42;
          ^
./d-54-2.c:17:1: warning - missing declaration specifier
  t_t17 + 42;
  ^
./d-54-2.c:17:1: warning - type defaults to `int'
  t_t17 + 42;
  ^
./d-54-2.c:17:6: ERROR - syntax error; expected `;' before `+'
  t_t17 + 42;
       ^
./d-54-2.c:17:7: ERROR - invalid declaration
  t_t17 + 42;
        ^
./d-54-2.c:18:1: warning - missing declaration specifier
  t_t18 ~;
  ^
./d-54-2.c:18:1: warning - type defaults to `int'
  t_t18 ~;
  ^
./d-54-2.c:18:6: ERROR - syntax error; expected `;' before `~'
  t_t18 ~;
       ^
./d-54-2.c:18:7: ERROR - invalid declaration
  t_t18 ~;
        ^
./d-54-2.c:19:1: warning - missing declaration specifier
  t_t19 / 42;
  ^
./d-54-2.c:19:1: warning - type defaults to `int'
  t_t19 / 42;
  ^
./d-54-2.c:19:6: ERROR - syntax error; expected `;' before `/'
  t_t19 / 42;
       ^
./d-54-2.c:19:9: ERROR - invalid declaration
  t_t19 / 42;
          ^
./d-54-2.c:20:1: warning - missing declaration specifier
  t_t20 == 42;
  ^
./d-54-2.c:20:1: warning - type defaults to `int'
  t_t20 == 42;
  ^
./d-54-2.c:20:6: ERROR - syntax error; expected `;' before `=='
  t_t20 == 42;
       ^
./d-54-2.c:20:10: ERROR - invalid declaration
  t_t20 == 42;
           ^
./d-54-2.c:21:1: warning - missing declaration specifier
  t_t21 ^ 42;
  ^
./d-54-2.c:21:1: warning - type defaults to `int'
  t_t21 ^ 42;
  ^
./d-54-2.c:21:6: ERROR - syntax error; expected `;' before `^'
  t_t21 ^ 42;
       ^
./d-54-2.c:21:9: ERROR - invalid declaration
  t_t21 ^ 42;
          ^
./d-54-2.c:22:1: warning - missing declaration specifier
  t_t22 ?;
  ^
./d-54-2.c:22:1: warning - type defaults to `int'
  t_t22 ?;
  ^
./d-54-2.c:22:6: ERROR - syntax error; expected `;' before `?'
  t_t22 ?;
       ^
./d-54-2.c:23:1: warning - missing declaration specifier
  t_t23 ? 1: 0;
  ^
./d-54-2.c:23:1: warning - type defaults to `int'
  t_t23 ? 1: 0;
  ^
./d-54-2.c:23:6: ERROR - syntax error; expected `;' before `?'
  t_t23 ? 1: 0;
       ^
./d-54-2.c:23:9: ERROR - invalid declaration
  t_t23 ? 1: 0;
          ^
./d-54-2.c:24:1: warning - missing declaration specifier
  t_t24: ;
  ^
./d-54-2.c:24:1: warning - type defaults to `int'
  t_t24: ;
  ^
./d-54-2.c:24:6: ERROR - syntax error; expected `;' before `:'
  t_t24: ;
       ^
./d-54-2.c:25:1: warning - missing declaration specifier
  t_t25;
  ^
./d-54-2.c:25:1: warning - type defaults to `int'
  t_t25;
  ^
./d-54-2.c:26:1: warning - missing declaration specifier
  t_t26 ... ;
  ^
./d-54-2.c:26:1: warning - type defaults to `int'
  t_t26 ... ;
  ^
./d-54-2.c:26:6: ERROR - syntax error; expected `;' before `...'
  t_t26 ... ;
       ^
./d-54-2.c:27:1: warning - missing declaration specifier
  t_t27 = 42;
  ^
./d-54-2.c:27:1: warning - type defaults to `int'
  t_t27 = 42;
  ^
./d-54-2.c:28:1: warning - missing declaration specifier
  t_t28 += 42;
  ^
./d-54-2.c:28:1: warning - type defaults to `int'
  t_t28 += 42;
  ^
./d-54-2.c:28:6: ERROR - syntax error; expected `;' before `+='
  t_t28 += 42;
       ^
./d-54-2.c:28:10: ERROR - invalid declaration
  t_t28 += 42;
           ^
./d-54-2.c:29:1: warning - missing declaration specifier
  t_t29, foo;
  ^
./d-54-2.c:29:1: warning - type defaults to `int'
  t_t29, foo;
  ^
./d-54-2.c:30:1: warning - missing declaration specifier
  t_t30 # foo;
  ^
./d-54-2.c:30:1: warning - type defaults to `int'
  t_t30 # foo;
  ^
./d-54-2.c:30:7: ERROR - invalid token `#' ignored
  t_t30 # foo;
        ^
./d-54-2.c:30:6: ERROR - syntax error; expected `;' before `identifier'
  t_t30 # foo;
       ^
./d-54-2.c:30:9: warning - missing declaration specifier
  t_t30 # foo;
          ^
./d-54-2.c:30:9: warning - type defaults to `int'
  t_t30 # foo;
          ^
./d-54-2.c:31:1: warning - missing declaration specifier
  t_t31 ## foo;
  ^
./d-54-2.c:31:1: warning - type defaults to `int'
  t_t31 ## foo;
  ^
./d-54-2.c:31:7: ERROR - invalid token `##' ignored
  t_t31 ## foo;
        ^~
./d-54-2.c:31:6: ERROR - syntax error; expected `;' before `identifier'
  t_t31 ## foo;
       ^
./d-54-2.c:31:10: warning - missing declaration specifier
  t_t31 ## foo;
           ^
./d-54-2.c:31:10: warning - type defaults to `int'
  t_t31 ## foo;
           ^
