./d-54-3.c:1:8: ERROR - unknown type `type_t1'
  static type_t1 int;
         ^~~~~~~
./d-54-3.c:1:16: ERROR - invalid use of `int' in declaration
  static type_t1 int;
         ~~~~~~~ ^~~
./d-54-3.c:1:1: warning - useless storage-class specifier `static'
  static type_t1 int;
  ^~~~~~
./d-54-3.c:1:19: ERROR - empty declaration
  static type_t1 int;
                    ^
./d-54-3.c:2:8: ERROR - unknown type `type_t2'
  static type_t2 foo;
         ^~~~~~~
./d-54-3.c:3:8: warning - type defaults to `int'
  static type_t3 42;
         ^
./d-54-3.c:3:15: ERROR - syntax error; expected `;' before `integer constant'
  static type_t3 42;
                ^
./d-54-3.c:3:16: ERROR - invalid declaration
  static type_t3 42;
                 ^
./d-54-3.c:4:8: warning - type defaults to `int'
  static type_t4 3.14;
         ^
./d-54-3.c:4:15: ERROR - syntax error; expected `;' before `floating constant'
  static type_t4 3.14;
                ^
./d-54-3.c:4:16: ERROR - invalid declaration
  static type_t4 3.14;
                 ^
./d-54-3.c:5:8: warning - type defaults to `int'
  static type_t5 'x';
         ^
./d-54-3.c:5:15: ERROR - syntax error; expected `;' before `character constant'
  static type_t5 'x';
                ^
./d-54-3.c:5:16: ERROR - invalid declaration
  static type_t5 'x';
                 ^
./d-54-3.c:6:8: warning - type defaults to `int'
  static type_t6 "foo";
         ^
./d-54-3.c:6:15: ERROR - syntax error; expected `;' before `string literal'
  static type_t6 "foo";
                ^
./d-54-3.c:6:16: ERROR - invalid declaration
  static type_t6 "foo";
                 ^
./d-54-3.c:7:8: warning - type defaults to `int'
  static type_t7 [12];
         ^
./d-54-3.c:8:8: warning - type defaults to `int'
  static type_t8 ();
         ^
./d-54-3.c:8:8: warning - missing prototype from `type_t8'
  static type_t8 ();
         ^~~~~~~~~~
./d-54-3.c:9:8: warning - type defaults to `int'
  static type_t9 (p);
         ^
./d-54-3.c:9:17: ERROR - extraneous old-style parameter list
  static type_t9 (p);
                  ^
./d-54-3.c:9:8: warning - missing prototype from `type_t9'
  static type_t9 (p);
         ^~~~~~~~~~~
./d-54-3.c:10:8: warning - type defaults to `int'
  static type_t10 {};
         ^
./d-54-3.c:10:16: ERROR - syntax error; expected `;' before `{'
  static type_t10 {};
                 ^
./d-54-3.c:11:8: warning - type defaults to `int'
  static type_t11 .m;
         ^
./d-54-3.c:11:16: ERROR - syntax error; expected `;' before `.'
  static type_t11 .m;
                 ^
./d-54-3.c:11:18: warning - missing declaration specifier
  static type_t11 .m;
                   ^
./d-54-3.c:11:18: warning - type defaults to `int'
  static type_t11 .m;
                   ^
./d-54-3.c:12:8: warning - type defaults to `int'
  static type_t12 ->m;
         ^
./d-54-3.c:12:16: ERROR - syntax error; expected `;' before `->'
  static type_t12 ->m;
                 ^
./d-54-3.c:12:19: warning - missing declaration specifier
  static type_t12 ->m;
                    ^
./d-54-3.c:12:19: warning - type defaults to `int'
  static type_t12 ->m;
                    ^
./d-54-3.c:13:8: warning - type defaults to `int'
  static type_t13++;
         ^
./d-54-3.c:13:16: ERROR - syntax error; expected `;' before `++'
  static type_t13++;
                 ^
./d-54-3.c:13:16: ERROR - invalid declaration
  static type_t13++;
                 ^
./d-54-3.c:14:8: warning - type defaults to `int'
  static type_t14 &;
         ^
./d-54-3.c:14:16: ERROR - syntax error; expected `;' before `&'
  static type_t14 &;
                 ^
./d-54-3.c:14:17: ERROR - invalid declaration
  static type_t14 &;
                  ^
./d-54-3.c:15:8: ERROR - unknown type `type_t15'
  static type_t15 * foo;
         ^~~~~~~~
./d-54-3.c:16:8: ERROR - unknown type `type_t16'
  static type_t16 * 42;
         ^~~~~~~~
./d-54-3.c:16:17: ERROR - missing identifier
  static type_t16 * 42;
                  ^
./d-54-3.c:16:18: ERROR - syntax error; expected `;' before `integer constant'
  static type_t16 * 42;
                   ^
./d-54-3.c:16:19: ERROR - invalid declaration
  static type_t16 * 42;
                    ^
./d-54-3.c:17:8: warning - type defaults to `int'
  static type_t17 + 42;
         ^
./d-54-3.c:17:16: ERROR - syntax error; expected `;' before `+'
  static type_t17 + 42;
                 ^
./d-54-3.c:17:17: ERROR - invalid declaration
  static type_t17 + 42;
                  ^
./d-54-3.c:18:8: warning - type defaults to `int'
  static type_t18 ~;
         ^
./d-54-3.c:18:16: ERROR - syntax error; expected `;' before `~'
  static type_t18 ~;
                 ^
./d-54-3.c:18:17: ERROR - invalid declaration
  static type_t18 ~;
                  ^
./d-54-3.c:19:8: warning - type defaults to `int'
  static type_t19 / 42;
         ^
./d-54-3.c:19:16: ERROR - syntax error; expected `;' before `/'
  static type_t19 / 42;
                 ^
./d-54-3.c:19:19: ERROR - invalid declaration
  static type_t19 / 42;
                    ^
./d-54-3.c:20:8: warning - type defaults to `int'
  static type_t20 == 42;
         ^
./d-54-3.c:20:16: ERROR - syntax error; expected `;' before `=='
  static type_t20 == 42;
                 ^
./d-54-3.c:20:20: ERROR - invalid declaration
  static type_t20 == 42;
                     ^
./d-54-3.c:21:8: warning - type defaults to `int'
  static type_t21 ^ 42;
         ^
./d-54-3.c:21:16: ERROR - syntax error; expected `;' before `^'
  static type_t21 ^ 42;
                 ^
./d-54-3.c:21:19: ERROR - invalid declaration
  static type_t21 ^ 42;
                    ^
./d-54-3.c:22:8: warning - type defaults to `int'
  static type_t22 ?;
         ^
./d-54-3.c:22:16: ERROR - syntax error; expected `;' before `?'
  static type_t22 ?;
                 ^
./d-54-3.c:23:8: warning - type defaults to `int'
  static type_t23 ? 1: 0;
         ^
./d-54-3.c:23:16: ERROR - syntax error; expected `;' before `?'
  static type_t23 ? 1: 0;
                 ^
./d-54-3.c:23:19: ERROR - invalid declaration
  static type_t23 ? 1: 0;
                    ^
./d-54-3.c:24:8: warning - type defaults to `int'
  static type_t24: ;
         ^
./d-54-3.c:24:16: ERROR - syntax error; expected `;' before `:'
  static type_t24: ;
                 ^
./d-54-3.c:25:8: warning - type defaults to `int'
  static type_t25;
         ^
./d-54-3.c:26:8: warning - type defaults to `int'
  static type_t26 ... ;
         ^
./d-54-3.c:26:16: ERROR - syntax error; expected `;' before `...'
  static type_t26 ... ;
                 ^
./d-54-3.c:27:8: warning - type defaults to `int'
  static type_t27 = 42;
         ^
./d-54-3.c:28:8: warning - type defaults to `int'
  static type_t28 += 42;
         ^
./d-54-3.c:28:16: ERROR - syntax error; expected `;' before `+='
  static type_t28 += 42;
                 ^
./d-54-3.c:28:20: ERROR - invalid declaration
  static type_t28 += 42;
                     ^
./d-54-3.c:29:8: warning - type defaults to `int'
  static type_t29, foo;
         ^
./d-54-3.c:30:8: warning - type defaults to `int'
  static type_t30 # foo;
         ^
./d-54-3.c:30:17: ERROR - invalid token `#' ignored
  static type_t30 # foo;
                  ^
./d-54-3.c:30:16: ERROR - syntax error; expected `;' before `identifier'
  static type_t30 # foo;
                 ^
./d-54-3.c:30:19: warning - missing declaration specifier
  static type_t30 # foo;
                    ^
./d-54-3.c:30:19: warning - type defaults to `int'
  static type_t30 # foo;
                    ^
./d-54-3.c:30:19: ERROR - non-`static' declaration of `foo' follows `static' declaration
  static type_t30 # foo;
                    ^~~
./d-54-3.c:29:18: note - previous declaration was here
  static type_t29, foo;
                   ^
./d-54-3.c:31:8: warning - type defaults to `int'
  static type_t31 ## foo;
         ^
./d-54-3.c:31:17: ERROR - invalid token `##' ignored
  static type_t31 ## foo;
                  ^~
./d-54-3.c:31:16: ERROR - syntax error; expected `;' before `identifier'
  static type_t31 ## foo;
                 ^
./d-54-3.c:31:20: warning - missing declaration specifier
  static type_t31 ## foo;
                     ^
./d-54-3.c:31:20: warning - type defaults to `int'
  static type_t31 ## foo;
                     ^
./d-54-3.c:31:20: ERROR - non-`static' declaration of `foo' follows `static' declaration
  static type_t31 ## foo;
                     ^~~
./d-54-3.c:30:19: note - previous declaration was here
  static type_t30 # foo;
                    ^
