./d-55-2.c:3:12: ERROR - undeclared identifier `foo1_t'
      sizeof(foo1_t);
             ^~~~~~
./d-55-2.c:4:12: warning - implicit declaration of a function
      sizeof(foo2_t ());
             ^~~~~~~~
./d-55-2.c:4:12: warning - missing prototype from `foo2_t'
      sizeof(foo2_t ());
             ^~~~~~~~
./d-55-2.c:4:5: warning - expression result not used
      sizeof(foo2_t ());
      ^~~~~~
./d-55-2.c:5:12: ERROR - unknown type `foo3_t'
      sizeof(foo3_t *);
             ^~~~~~
./d-55-2.c:5:5: warning - expression result not used
      sizeof(foo3_t *);
      ^~~~~~
./d-55-2.c:6:12: ERROR - unknown type `foo4_t'
      sizeof(foo4_t *a);
             ^~~~~~
./d-55-2.c:6:20: ERROR - extraneous identifier `a'
      sizeof(foo4_t *a);
                     ^
./d-55-2.c:6:5: warning - expression result not used
      sizeof(foo4_t *a);
      ^~~~~~
./d-55-2.c:7:12: ERROR - unknown type `foo5_t'
      sizeof(foo5_t const);
             ^~~~~~
./d-55-2.c:7:5: warning - expression result not used
      sizeof(foo5_t const);
      ^~~~~~
./d-55-2.c:8:12: ERROR - unknown type `foo6_t'
      sizeof(foo6_t volatile *);
             ^~~~~~
./d-55-2.c:8:5: warning - expression result not used
      sizeof(foo6_t volatile *);
      ^~~~~~
./d-55-2.c:9:12: ERROR - undeclared identifier `foo7_t'
      sizeof(foo7_t []);
             ^~~~~~
./d-55-2.c:9:20: ERROR - expression required
      sizeof(foo7_t []);
                     ^
./d-55-2.c:10:13: ERROR - unknown type `foo8_t'
      sizeof((foo8_t)());
              ^~~~~~
./d-55-2.c:10:21: ERROR - expression required
      sizeof((foo8_t)());
                      ^
