./d-59-12.c:1:14: warning - external identifier is too long
  int foobar1, foobar2;
               ^~~~~~~
./d-59-12.c: note - ISO C guarantees only 6 significant characters
./d-59-12.c:1:5: note - see `foobar1' declared here
  int foobar1, foobar2;
      ^~~~~~~
./d-59-12.c:2:1: ERROR - unknown type `foo_t'
  foo_t foobar3, foobar4;
  ^~~~~
./d-59-12.c:2:7: warning - external identifier is too long
  foo_t foobar3, foobar4;
        ^~~~~~~
./d-59-12.c: note - ISO C guarantees only 6 significant characters
./d-59-12.c:1:14: note - see `foobar2' declared here
  int foobar1, foobar2;
               ^~~~~~~
./d-59-12.c:5:14: warning - external identifier is too long
  int barfoo3, barfoo4;
               ^~~~~~~
./d-59-12.c: note - ISO C guarantees only 6 significant characters
./d-59-12.c:5:5: note - see `barfoo3' declared here
  int barfoo3, barfoo4;
      ^~~~~~~
./d-59-12.c:7:1: ERROR - unknown type `fredfred1'
  fredfred1 fredfred2;
  ^~~~~~~~~
./d-59-12.c:12:9: warning - identifier is too long
          a23456789112345678921234567893123b;
          ^~~~~~~~~~~~~~~~~~~~~~~~~~~~~~~~~~
./d-59-12.c: note - ISO C guarantees only 31 significant characters
./d-59-12.c:11:9: note - see `a23456789112345678921234567893123a' declared here
      int a23456789112345678921234567893123a,
          ^~~~~~~~~~~~~~~~~~~~~~~~~~~~~~~~~~
./d-59-12.c:18:11: warning - identifier is too long
      foo_t c23456789112345678921234567893123b;
            ^~~~~~~~~~~~~~~~~~~~~~~~~~~~~~~~~~
./d-59-12.c: note - ISO C guarantees only 31 significant characters
./d-59-12.c:17:9: note - see `c23456789112345678921234567893123a' declared here
      int c23456789112345678921234567893123a;
          ^~~~~~~~~~~~~~~~~~~~~~~~~~~~~~~~~~
./d-59-12.c:25:22: warning - external identifier is too long
          extern foo_t bredbred2;
                       ^~~~~~~~~
./d-59-12.c: note - ISO C guarantees only 6 significant characters
./d-59-12.c:24:20: note - see `bredbred1' declared here
          extern int bredbred1;
                     ^~~~~~~~~
