./d-63-1.c:4:5: warning - label `x' defined but not used
      x /* comment */ :
      ^
./d-63-1.c:9:5: warning - label `x' defined but not used
      x/* comment */:;
      ^
./d-63-1.c:13:5: warning - label `x' defined but not used
      x /* comment
      ^
./d-63-1.c:19:5: warning - label `x' defined but not used
      x /* comment
      ^
./d-63-1.c:26:5: warning - label `x' defined but not used
      x/**//**/:;
      ^
./d-63-1.c:30:7: warning - C90 does not support //-comments
      x // comment
        ^
./d-63-1.c: note - this is reported only once per file
./d-63-1.c:30:5: ERROR - undeclared identifier `x'
      x // comment
      ^
./d-63-1.c:30:8: ERROR - expression required
      x // comment
         ^
./d-63-1.c:30:10: ERROR - undeclared identifier `comment'
      x // comment
           ^
./d-63-1.c:30:17: ERROR - syntax error; expected `;' before `:'
      x // comment
                  ^
./d-63-1.c:31:5: ERROR - invalid declaration or statement
      :;
      ^
  (skipping ':')
./d-63-1.c:35:5: ERROR - undeclared identifier `x'
      x//
      ^
./d-63-1.c:35:7: ERROR - expression required
      x//
        ^
./d-63-1.c:35:8: ERROR - expression required
      x//
         ^
./d-63-1.c:35:8: ERROR - syntax error; expected `;' before `:'
      x//
         ^
./d-63-1.c:36:5: ERROR - invalid declaration or statement
      :;
      ^
  (skipping ':')
./d-63-1.c:40:5: ERROR - undeclared identifier `x'
      x
      ^
./d-63-1.c:41:6: ERROR - expression required
      // comment
       ^
./d-63-1.c:41:8: ERROR - undeclared identifier `comment'
      // comment
         ^
./d-63-1.c:41:15: ERROR - syntax error; expected `;' before `:'
      // comment
                ^
./d-63-1.c:42:5: ERROR - invalid declaration or statement
      :;
      ^
  (skipping ':')
./d-63-1.c:46:5: ERROR - undeclared identifier `x'
      x
      ^
./d-63-1.c:47:6: ERROR - expression required
      // comment
       ^
./d-63-1.c:47:8: ERROR - undeclared identifier `comment'
      // comment
         ^
./d-63-1.c:48:6: ERROR - expression required
      // comment
       ^
./d-63-1.c:48:15: ERROR - syntax error; expected `;' before `:'
      // comment
                ^
./d-63-1.c:49:5: ERROR - invalid declaration or statement
      :;
      ^
  (skipping ':')
