./d-63-7.c:4::4:5: warning - label `x' defined but not used
./d-63-7.c:9::9:5: warning - label `x' defined but not used
./d-63-7.c:13::13:5: warning - label `x' defined but not used
./d-63-7.c:19::19:5: warning - label `x' defined but not used
./d-63-7.c:26::26:5: warning - label `x' defined but not used
./d-63-7.c:30::30:7: warning - C90 does not support //-comments
./d-63-7.c::::: note - this is reported only once per file
./d-63-7.c:30::30:5: ERROR - undeclared identifier `x'
./d-63-7.c:30::30:8: ERROR - expression required
./d-63-7.c:30::30:10: ERROR - undeclared identifier `comment'
./d-63-7.c:30::30:17: ERROR - syntax error; expected `;' before `:'
./d-63-7.c:31::31:5: ERROR - invalid declaration or statement
./d-63-7.c:31::31:5: note - 1 token skipped including one here
./d-63-7.c:35::35:5: ERROR - undeclared identifier `x'
./d-63-7.c:35::35:7: ERROR - expression required
./d-63-7.c:35::35:8: ERROR - expression required
./d-63-7.c:35::35:8: ERROR - syntax error; expected `;' before `:'
./d-63-7.c:36::36:5: ERROR - invalid declaration or statement
./d-63-7.c:36::36:5: note - 1 token skipped including one here
./d-63-7.c:40::40:5: ERROR - undeclared identifier `x'
./d-63-7.c:41::41:6: ERROR - expression required
./d-63-7.c:41::41:8: ERROR - undeclared identifier `comment'
./d-63-7.c:41::41:15: ERROR - syntax error; expected `;' before `:'
./d-63-7.c:42::42:5: ERROR - invalid declaration or statement
./d-63-7.c:42::42:5: note - 1 token skipped including one here
./d-63-7.c:46::46:5: ERROR - undeclared identifier `x'
./d-63-7.c:47::47:6: ERROR - expression required
./d-63-7.c:47::47:8: ERROR - undeclared identifier `comment'
./d-63-7.c:48::48:6: ERROR - expression required
./d-63-7.c:48::48:15: ERROR - syntax error; expected `;' before `:'
./d-63-7.c:49::49:5: ERROR - invalid declaration or statement
./d-63-7.c:49::49:5: note - 1 token skipped including one here
