./d-64.c:2:8: ERROR - missing member name
      int;
         ^
./d-64.c:3:5: ERROR - unknown type `bar_t'
      bar_t;
      ^
./d-64.c:3:10: ERROR - missing member name
      bar_t;
           ^
./d-64.c:4:2: ERROR - empty declaration
  };
   ^
./d-64.c:6:9: ERROR - missing parameter type
  void f1(*p);
          ^
./d-64.c:6:9: warning - type defaults to `int'
  void f1(*p);
          ^
./d-64.c:7:9: ERROR - missing parameter type
  void f2(*p) {}
          ^
./d-64.c:7:9: warning - type defaults to `int'
  void f2(*p) {}
          ^
./d-64.c:8:9: ERROR - missing parameter type
  void f3(*p, *q);
          ^
./d-64.c:8:9: warning - type defaults to `int'
  void f3(*p, *q);
          ^
./d-64.c:8:12: ERROR - missing parameter type
  void f3(*p, *q);
             ^
./d-64.c:8:13: warning - type defaults to `int'
  void f3(*p, *q);
              ^
./d-64.c:9:9: ERROR - missing parameter type
  void f4(*p, *q) {}
          ^
./d-64.c:9:9: warning - type defaults to `int'
  void f4(*p, *q) {}
          ^
./d-64.c:9:12: ERROR - missing parameter type
  void f4(*p, *q) {}
             ^
./d-64.c:9:13: warning - type defaults to `int'
  void f4(*p, *q) {}
              ^
./d-64.c:9:13: warning - parameter `q' defined but not referenced
  void f4(*p, *q) {}
              ^
./d-64.c:9:9: warning - parameter `p' defined but not referenced
  void f4(*p, *q) {}
          ^
./d-64.c:10:9: ERROR - missing parameter type
  void f5(*p, int);
          ^
./d-64.c:10:9: warning - type defaults to `int'
  void f5(*p, int);
          ^
./d-64.c:11:9: ERROR - missing parameter type
  void f6(*p, int) {}
          ^
./d-64.c:11:9: warning - type defaults to `int'
  void f6(*p, int) {}
          ^
./d-64.c:11:16: ERROR - missing name for 2nd parameter
  void f6(*p, int) {}
                 ^
./d-64.c:11:9: warning - parameter `p' defined but not referenced
  void f6(*p, int) {}
          ^
./d-64.c:13:17: ERROR - expecting a parameter identifier
  void g1(foo1_t, int);
                  ^
./d-64.c:13:17: ERROR - mixed prototype; former parameters ignored
  void g1(foo1_t, int);
                  ^
./d-64.c:14:17: ERROR - expecting a parameter identifier
  void g2(foo2_t, int) {}
                  ^
./d-64.c:14:17: ERROR - mixed prototype; former parameters ignored
  void g2(foo2_t, int) {}
                  ^
./d-64.c:14:20: ERROR - missing name for 1st parameter
  void g2(foo2_t, int) {}
                     ^
./d-64.c:16:14: ERROR - unknown type `foo3_t'
  void h1(foo) foo3_t; {}
               ^
./d-64.c:16:20: ERROR - empty declaration
  void h1(foo) foo3_t; {}
                     ^
./d-64.c:16:6: warning - missing prototype
  void h1(foo) foo3_t; {}
       ^
./d-64.c:17:14: ERROR - unknown type `foo4_t'
  void h2(foo) foo4_t; foo5_t; {}
               ^
./d-64.c:17:20: ERROR - empty declaration
  void h2(foo) foo4_t; foo5_t; {}
                     ^
./d-64.c:17:22: ERROR - unknown type `foo5_t'
  void h2(foo) foo4_t; foo5_t; {}
                       ^
./d-64.c:17:28: ERROR - empty declaration
  void h2(foo) foo4_t; foo5_t; {}
                             ^
./d-64.c:17:6: warning - missing prototype
  void h2(foo) foo4_t; foo5_t; {}
       ^
./d-64.c:18:14: ERROR - unknown type `foo6_t'
  void h3(foo) foo6_t [10]; {}
               ^
./d-64.c:18:21: ERROR - missing identifier
  void h3(foo) foo6_t [10]; {}
                      ^
./d-64.c:18:6: warning - missing prototype
  void h3(foo) foo6_t [10]; {}
       ^
./d-64.c:20:15: ERROR - missing parameter type
  void i1(int p, foo7_t, foo8_t *);
                ^
./d-64.c:20:16: warning - type defaults to `int'
  void i1(int p, foo7_t, foo8_t *);
                 ^
./d-64.c:20:24: ERROR - unknown type `foo8_t'
  void i1(int p, foo7_t, foo8_t *);
                         ^
./d-64.c:21:15: ERROR - missing parameter type
  void i2(int p, foo9_t, foo10_t [10]);
                ^
./d-64.c:21:16: warning - type defaults to `int'
  void i2(int p, foo9_t, foo10_t [10]);
                 ^
./d-64.c:21:23: ERROR - missing parameter type
  void i2(int p, foo9_t, foo10_t [10]);
                        ^
./d-64.c:21:24: warning - type defaults to `int'
  void i2(int p, foo9_t, foo10_t [10]);
                         ^
./d-64.c:23:9: ERROR - syntax error; expected `)' before `+'
  void j1(+[10]);
          ^
  (skipping '+' '[' '10' ']')
./d-64.c:23:6: warning - missing prototype
  void j1(+[10]);
       ^
./d-64.c:24:9: ERROR - syntax error; expected `)' before `++'
  void j2(++foo11_t);
          ^
  (skipping '++' 'foo11_t')
./d-64.c:24:6: warning - missing prototype
  void j2(++foo11_t);
       ^
