./d-92.c:5:8: warning - expression result not used
      1? ( x+1 ): ( y+1 );
         ^~~~~~~
./d-92.c:6:17: warning - expression result not used
      0? ( x+1 ): ( y+1 );
                  ^~~~~~~
./d-92.c:7:10: warning - expression result not used
      f()? ( x+1 ): ( y+1 );
           ^~~~~~~
./d-92.c:9:13: warning - expression result not used
      1? f(): ( y+1 );
              ^~~~~~~
./d-92.c:10:8: warning - expression result not used
      1? ( x+1 ): f();
         ^~~~~~~
./d-92.c:11:13: warning - expression result not used
      0? f(): ( y+1 );
              ^~~~~~~
./d-92.c:12:8: warning - expression result not used
      0? ( x+1 ): f();
         ^~~~~~~
./d-92.c:13:15: warning - expression result not used
      f()? f(): ( y+1 );
                ^~~~~~~
./d-92.c:14:10: warning - expression result not used
      f()? ( x+1 ): f();
           ^~~~~~~
./d-92.c:20:15: warning - expression result not used
      f()? f()? ( y+1 ): ( y+1 ): f();
                ^~~~~~~
./d-92.c:21:20: warning - expression result not used
      f()? f()? f(): ( y+1 ): f();
                     ^~~~~~~
./d-92.c:22:15: warning - expression result not used
      f()? f()? ( y+1 ): f(): f();
                ^~~~~~~
./d-92.c:25:15: warning - expression result not used
      f()? f()? ( y+1 ): ( y+1 ): ( y+1 );
                ^~~~~~~
./d-92.c:26:20: warning - expression result not used
      f()? f()? f(): ( y+1 ): ( y+1 );
                     ^~~~~~~
./d-92.c:27:15: warning - expression result not used
      f()? f()? ( y+1 ): f(): ( y+1 );
                ^~~~~~~
./d-92.c:28:25: warning - expression result not used
      f()? f()? f(): f(): ( y+1 );
                          ^~~~~~~
./d-92.c:30:20: warning - expression result not used
      f()? f(): f()? ( y+1 ): ( y+1 );
                     ^~~~~~~
./d-92.c:31:25: warning - expression result not used
      f()? f(): f()? f(): ( y+1 );
                          ^~~~~~~
./d-92.c:32:20: warning - expression result not used
      f()? f(): f()? ( y+1 ): f();
                     ^~~~~~~
./d-92.c:35:10: warning - expression result not used
      f()? ( y+1 ): f()? ( y+1 ): ( y+1 );
           ^~~~~~~
./d-92.c:36:10: warning - expression result not used
      f()? ( y+1 ): f()? f(): ( y+1 );
           ^~~~~~~
./d-92.c:37:10: warning - expression result not used
      f()? ( y+1 ): f()? ( y+1 ): f();
           ^~~~~~~
./d-92.c:38:10: warning - expression result not used
      f()? ( y+1 ): f()? f(): f();
           ^~~~~~~
./d-92.c:42:18: warning - expression result not used
              f()? ( y+1 ): f():
                   ^~~~~~~
./d-92.c:45:1: warning - missing return value
  }
  ^
