./d-99-1.c:6:9: warning - C90 does not support empty argument to macro `paste'
  ; paste(, bar)
          ^
./d-99-1.c:6:1: ERROR - empty declaration
  ; paste(, bar)
  ^
./d-99-1.c:7:9: warning - C90 does not support empty argument to macro `paste'
  ; paste(,)
          ^
./d-99-1.c:7:10: warning - C90 does not support empty argument to macro `paste'
  ; paste(,)
           ^
./d-99-1.c:2:17: warning - missing declaration specifier
  #define foobar1 xtra
                  ^
./d-99-1.c:1:21: note - expanded from here
  #define paste(x, y) foo ## y ## 1
                      ^~~~~~~~~~~~~
./d-99-1.c:6:3: note - expanded from here
  ; paste(, bar)
    ^~~~~~~~~~~~
./d-99-1.c:2:17: warning - type defaults to `int'
  #define foobar1 xtra
                  ^
./d-99-1.c:1:21: note - expanded from here
  #define paste(x, y) foo ## y ## 1
                      ^~~~~~~~~~~~~
./d-99-1.c:6:3: note - expanded from here
  ; paste(, bar)
    ^~~~~~~~~~~~
./d-99-1.c:4:14: ERROR - invalid declaration
  #define fred 100
               ^
./d-99-1.c:3:14: note - expanded from here
  #define foo1 fred
               ^~~~
./d-99-1.c:1:21: note - expanded from here
  #define paste(x, y) foo ## y ## 1
                      ^~~~~~~~~~~~~
./d-99-1.c:7:3: note - expanded from here
  ; paste(,)
    ^~~~~~~~
