./d-decl-xtra-4.c:2:5: ERROR - redeclaration of `x2' declared at ./d-decl-xtra-4.c:1:13
  int x2 y2;                   /* error */
      ^
./d-decl-xtra-4.c:2:8: ERROR - syntax error; expected `;' before `identifier'
  int x2 y2;                   /* error */
         ^
./d-decl-xtra-4.c:2:8: warning - missing declaration specifier
  int x2 y2;                   /* error */
         ^
./d-decl-xtra-4.c:2:8: warning - type defaults to `int'
  int x2 y2;                   /* error */
         ^
./d-decl-xtra-4.c:3:5: ERROR - redeclaration of `x3_1' declared at ./d-decl-xtra-4.c:1:17
  int x3_1 y3_1, x3_2 y3_2;    /* error */
      ^
./d-decl-xtra-4.c:3:10: ERROR - syntax error; expected `;' before `identifier'
  int x3_1 y3_1, x3_2 y3_2;    /* error */
           ^
./d-decl-xtra-4.c:3:10: warning - missing declaration specifier
  int x3_1 y3_1, x3_2 y3_2;    /* error */
           ^
./d-decl-xtra-4.c:3:10: warning - type defaults to `int'
  int x3_1 y3_1, x3_2 y3_2;    /* error */
           ^
./d-decl-xtra-4.c:3:16: ERROR - redeclaration of `x3_2' declared at ./d-decl-xtra-4.c:1:23
  int x3_1 y3_1, x3_2 y3_2;    /* error */
                 ^
./d-decl-xtra-4.c:3:21: ERROR - syntax error; expected `;' before `identifier'
  int x3_1 y3_1, x3_2 y3_2;    /* error */
                      ^
./d-decl-xtra-4.c:3:21: warning - missing declaration specifier
  int x3_1 y3_1, x3_2 y3_2;    /* error */
                      ^
./d-decl-xtra-4.c:3:21: warning - type defaults to `int'
  int x3_1 y3_1, x3_2 y3_2;    /* error */
                      ^
./d-decl-xtra-4.c:5:9: warning - declaration of `x5' hides one declared at ./d-decl-xtra-4.c:1:29
      int x5 y5; {                   /* error */
          ^
./d-decl-xtra-4.c:5:12: ERROR - syntax error; expected `;' before `identifier'
      int x5 y5; {                   /* error */
             ^
./d-decl-xtra-4.c:5:12: ERROR - undeclared identifier `y5'
      int x5 y5; {                   /* error */
             ^
./d-decl-xtra-4.c:6:9: warning - declaration of `x6_1' hides one declared at ./d-decl-xtra-4.c:1:33
      int x6_1 y6_1, x6_2 y6_2; }    /* error */
          ^
./d-decl-xtra-4.c:6:14: ERROR - syntax error; expected `;' before `identifier'
      int x6_1 y6_1, x6_2 y6_2; }    /* error */
               ^
./d-decl-xtra-4.c:6:14: ERROR - undeclared identifier `y6_1'
      int x6_1 y6_1, x6_2 y6_2; }    /* error */
               ^
./d-decl-xtra-4.c:6:20: ERROR - illegal use of type name `x6_2'
      int x6_1 y6_1, x6_2 y6_2; }    /* error */
                     ^
./d-decl-xtra-4.c:6:25: ERROR - syntax error; expected `;' before `identifier'
      int x6_1 y6_1, x6_2 y6_2; }    /* error */
                          ^
./d-decl-xtra-4.c:6:25: ERROR - undeclared identifier `y6_2'
      int x6_1 y6_1, x6_2 y6_2; }    /* error */
                          ^
./d-decl-xtra-4.c:6:9: warning - local `x6_1' defined but not referenced
      int x6_1 y6_1, x6_2 y6_2; }    /* error */
          ^
./d-decl-xtra-4.c:5:9: warning - local `x5' defined but not referenced
      int x5 y5; {                   /* error */
          ^
./d-decl-xtra-4.c:8:13: warning - declaration of `x8' hides one declared at ./d-decl-xtra-4.c:1:45
  void f8(int x8 y8) { }                                     /* error */
              ^
./d-decl-xtra-4.c:8:16: ERROR - syntax error; expected `)' before `identifier'
  void f8(int x8 y8) { }                                     /* error */
                 ^
  (skipping 'y8')
./d-decl-xtra-4.c:8:13: warning - parameter `x8' defined but not referenced
  void f8(int x8 y8) { }                                     /* error */
              ^
./d-decl-xtra-4.c:9:13: warning - declaration of `x9_1' hides one declared at ./d-decl-xtra-4.c:1:49
  void f9(int x9_1 y9_1, int x9_2 y9_2) { }                  /* error */
              ^
./d-decl-xtra-4.c:9:18: ERROR - syntax error; expected `)' before `identifier'
  void f9(int x9_1 y9_1, int x9_2 y9_2) { }                  /* error */
                   ^
  (skipping 'y9_1' ',')
./d-decl-xtra-4.c:9:24: ERROR - syntax error; expected `;' before `int'
  void f9(int x9_1 y9_1, int x9_2 y9_2) { }                  /* error */
                         ^
./d-decl-xtra-4.c:9:28: ERROR - redeclaration of `x9_2' declared at ./d-decl-xtra-4.c:1:55
  void f9(int x9_1 y9_1, int x9_2 y9_2) { }                  /* error */
                             ^
./d-decl-xtra-4.c:9:33: ERROR - syntax error; expected `;' before `identifier'
  void f9(int x9_1 y9_1, int x9_2 y9_2) { }                  /* error */
                                  ^
./d-decl-xtra-4.c:9:33: warning - missing declaration specifier
  void f9(int x9_1 y9_1, int x9_2 y9_2) { }                  /* error */
                                  ^
./d-decl-xtra-4.c:9:33: warning - type defaults to `int'
  void f9(int x9_1 y9_1, int x9_2 y9_2) { }                  /* error */
                                  ^
./d-decl-xtra-4.c:9:37: ERROR - syntax error; expected `;' before `)'
  void f9(int x9_1 y9_1, int x9_2 y9_2) { }                  /* error */
                                      ^
  (skipping ')' '{' '}')
./d-decl-xtra-4.c:10:15: ERROR - syntax error; expected `;' before `int'
  void f10(x10) int x10 y10; { }                             /* error */
                ^
./d-decl-xtra-4.c:10:19: ERROR - redeclaration of `x10' declared at ./d-decl-xtra-4.c:1:61
  void f10(x10) int x10 y10; { }                             /* error */
                    ^
./d-decl-xtra-4.c:10:23: ERROR - syntax error; expected `;' before `identifier'
  void f10(x10) int x10 y10; { }                             /* error */
                        ^
./d-decl-xtra-4.c:10:23: warning - missing declaration specifier
  void f10(x10) int x10 y10; { }                             /* error */
                        ^
./d-decl-xtra-4.c:10:23: warning - type defaults to `int'
  void f10(x10) int x10 y10; { }                             /* error */
                        ^
./d-decl-xtra-4.c:10:28: ERROR - invalid declaration
  void f10(x10) int x10 y10; { }                             /* error */
                             ^
  (skipping '{' '}')
./d-decl-xtra-4.c:11:24: ERROR - syntax error; expected `;' before `int'
  void f11(x11_1, x11_2) int x11_1 y11_1, x11_2 y11_2 { }    /* error */
                         ^
./d-decl-xtra-4.c:11:28: ERROR - redeclaration of `x11_1' declared at ./d-decl-xtra-4.c:1:66
  void f11(x11_1, x11_2) int x11_1 y11_1, x11_2 y11_2 { }    /* error */
                             ^
./d-decl-xtra-4.c:11:34: ERROR - syntax error; expected `;' before `identifier'
  void f11(x11_1, x11_2) int x11_1 y11_1, x11_2 y11_2 { }    /* error */
                                   ^
./d-decl-xtra-4.c:11:34: warning - missing declaration specifier
  void f11(x11_1, x11_2) int x11_1 y11_1, x11_2 y11_2 { }    /* error */
                                   ^
./d-decl-xtra-4.c:11:34: warning - type defaults to `int'
  void f11(x11_1, x11_2) int x11_1 y11_1, x11_2 y11_2 { }    /* error */
                                   ^
./d-decl-xtra-4.c:11:41: ERROR - redeclaration of `x11_2' declared at ./d-decl-xtra-4.c:1:73
  void f11(x11_1, x11_2) int x11_1 y11_1, x11_2 y11_2 { }    /* error */
                                          ^
./d-decl-xtra-4.c:11:47: ERROR - syntax error; expected `;' before `identifier'
  void f11(x11_1, x11_2) int x11_1 y11_1, x11_2 y11_2 { }    /* error */
                                                ^
./d-decl-xtra-4.c:11:47: warning - missing declaration specifier
  void f11(x11_1, x11_2) int x11_1 y11_1, x11_2 y11_2 { }    /* error */
                                                ^
./d-decl-xtra-4.c:11:47: warning - type defaults to `int'
  void f11(x11_1, x11_2) int x11_1 y11_1, x11_2 y11_2 { }    /* error */
                                                ^
./d-decl-xtra-4.c:11:53: ERROR - syntax error; expected `;' before `{'
  void f11(x11_1, x11_2) int x11_1 y11_1, x11_2 y11_2 { }    /* error */
                                                      ^
  (skipping '{' '}')
