./d-decl-funcdefn-4.c:1:1: warning - missing declaration specifier
  f1(void) {}
  ^
./d-decl-funcdefn-4.c:1:1: warning - type defaults to `int'
  f1(void) {}
  ^
./d-decl-funcdefn-4.c:1:11: warning - missing return value
  f1(void) {}
            ^
./d-decl-funcdefn-4.c:2:15: warning - missing return value
  int f2(void) {}
                ^
./d-decl-funcdefn-4.c:3:18: warning - missing return value
  signed f3(void) {}
                   ^
./d-decl-funcdefn-4.c:4:20: warning - missing return value
  unsigned f4(void) {}
                     ^
./d-decl-funcdefn-4.c:5:18: warning - missing return value
  double f5(void) {}
                   ^
./d-decl-funcdefn-4.c:6:1: warning - missing declaration specifier
  *f6(void) {}
  ^
./d-decl-funcdefn-4.c:6:1: warning - type defaults to `int'
  *f6(void) {}
  ^
./d-decl-funcdefn-4.c:6:12: warning - missing return value
  *f6(void) {}
             ^
./d-decl-funcdefn-4.c:7:7: warning - type defaults to `int'
  const f7(void) {}
        ^
./d-decl-funcdefn-4.c:7:1: warning - type qualifier is useless on function return type
  const f7(void) {}
  ^~~~~
./d-decl-funcdefn-4.c:7:17: warning - missing return value
  const f7(void) {}
                  ^
./d-decl-funcdefn-4.c:9:1: warning - missing declaration specifier
  g1() {}
  ^
./d-decl-funcdefn-4.c:9:1: warning - type defaults to `int'
  g1() {}
  ^
./d-decl-funcdefn-4.c:9:1: warning - missing prototype from `g1'
  g1() {}
  ^~~~
./d-decl-funcdefn-4.c:9:7: warning - missing return value
  g1() {}
        ^
./d-decl-funcdefn-4.c:10:5: warning - missing prototype from `g2'
  int g2() {}
      ^~~~
./d-decl-funcdefn-4.c:10:11: warning - missing return value
  int g2() {}
            ^
./d-decl-funcdefn-4.c:11:8: warning - missing prototype from `g3'
  signed g3() {}
         ^~~~
./d-decl-funcdefn-4.c:11:14: warning - missing return value
  signed g3() {}
               ^
./d-decl-funcdefn-4.c:12:10: warning - missing prototype from `g4'
  unsigned g4() {}
           ^~~~
./d-decl-funcdefn-4.c:12:16: warning - missing return value
  unsigned g4() {}
                 ^
./d-decl-funcdefn-4.c:13:8: warning - missing prototype from `g5'
  double g5() {}
         ^~~~
./d-decl-funcdefn-4.c:13:14: warning - missing return value
  double g5() {}
               ^
./d-decl-funcdefn-4.c:14:1: warning - missing declaration specifier
  *g6() {}
  ^
./d-decl-funcdefn-4.c:14:1: warning - type defaults to `int'
  *g6() {}
  ^
./d-decl-funcdefn-4.c:14:1: warning - missing prototype from `g6'
  *g6() {}
  ^~~~~
./d-decl-funcdefn-4.c:14:8: warning - missing return value
  *g6() {}
         ^
./d-decl-funcdefn-4.c:15:7: warning - type defaults to `int'
  const g7() {}
        ^
./d-decl-funcdefn-4.c:15:1: warning - type qualifier is useless on function return type
  const g7() {}
  ^~~~~
./d-decl-funcdefn-4.c:15:7: warning - missing prototype from `g7'
  const g7() {}
        ^~~~
./d-decl-funcdefn-4.c:15:13: warning - missing return value
  const g7() {}
              ^
