./d-decl-dclglobal-2.c:1:32: ERROR - redeclaration of `x1': `array [20] of int' vs `array [10] of int'
  extern int x1[10];  extern int x1[20];    /* redeclaration of x1 */
                                 ^~
./d-decl-dclglobal-2.c:1:12: note - previous declaration was here
  extern int x1[10];  extern int x1[20];    /* redeclaration of x1 */
             ^~
./d-decl-dclglobal-2.c:3:36: warning - inconsistent linkage of `x3': `static' vs `extern'
  void f3(void) { extern int x3[]; } static int x3[1];    /* linkage warning */
                                     ^~~~~~
./d-decl-dclglobal-2.c:3:28: note - previous declaration was here
  void f3(void) { extern int x3[]; } static int x3[1];    /* linkage warning */
                             ^
./d-decl-dclglobal-2.c:5:40: warning - declaration of `x5' hides one declared previously
  extern int x5[10]; void f5(void) { int x5; { extern int x5[20]; } }   int x5[10];
                                         ^~
./d-decl-dclglobal-2.c:5:12: note - previous declaration was here
  extern int x5[10]; void f5(void) { int x5; { extern int x5[20]; } }   int x5[10];
             ^~
./d-decl-dclglobal-2.c:5:57: warning - declaration of `x5' hides one declared previously
  extern int x5[10]; void f5(void) { int x5; { extern int x5[20]; } }   int x5[10];
                                                          ^~
./d-decl-dclglobal-2.c:5:40: note - previous declaration was here
  extern int x5[10]; void f5(void) { int x5; { extern int x5[20]; } }   int x5[10];
                                         ^~
./d-decl-dclglobal-2.c:5:57: warning - inconsistent declaration of `x5': `array [20] of int' vs `array [10] of int'
  extern int x5[10]; void f5(void) { int x5; { extern int x5[20]; } }   int x5[10];
                                                          ^~
./d-decl-dclglobal-2.c:5:12: note - previous declaration was here
  extern int x5[10]; void f5(void) { int x5; { extern int x5[20]; } }   int x5[10];
             ^~
./d-decl-dclglobal-2.c:5:40: warning - local `x5' defined but not referenced
  extern int x5[10]; void f5(void) { int x5; { extern int x5[20]; } }   int x5[10];
                                         ^~
./d-decl-dclglobal-2.c:5:75: warning - inconsistent declaration of `x5': `array [10] of int' vs `array [20] of int'
  extern int x5[10]; void f5(void) { int x5; { extern int x5[20]; } }   int x5[10];
                                                                            ^~
./d-decl-dclglobal-2.c:5:57: note - previous declaration was here
  extern int x5[10]; void f5(void) { int x5; { extern int x5[20]; } }   int x5[10];
                                                          ^~
./d-decl-dclglobal-2.c:6:12: ERROR - size must be known to define `x6'
  static int x6[];   void f6(void) { int x6; { extern int x6[5]; } }    static int x6[7];    /* linkage warning */
             ^~
./d-decl-dclglobal-2.c:6:40: warning - declaration of `x6' hides one declared previously
  static int x6[];   void f6(void) { int x6; { extern int x6[5]; } }    static int x6[7];    /* linkage warning */
                                         ^~
./d-decl-dclglobal-2.c:6:12: note - previous declaration was here
  static int x6[];   void f6(void) { int x6; { extern int x6[5]; } }    static int x6[7];    /* linkage warning */
             ^~
./d-decl-dclglobal-2.c:6:57: warning - declaration of `x6' hides one declared previously
  static int x6[];   void f6(void) { int x6; { extern int x6[5]; } }    static int x6[7];    /* linkage warning */
                                                          ^~
./d-decl-dclglobal-2.c:6:40: note - previous declaration was here
  static int x6[];   void f6(void) { int x6; { extern int x6[5]; } }    static int x6[7];    /* linkage warning */
                                         ^~
./d-decl-dclglobal-2.c:6:46: warning - inconsistent linkage of `x6': `extern' vs `static'
  static int x6[];   void f6(void) { int x6; { extern int x6[5]; } }    static int x6[7];    /* linkage warning */
                                               ^~~~~~
./d-decl-dclglobal-2.c:6:12: note - previous declaration was here
  static int x6[];   void f6(void) { int x6; { extern int x6[5]; } }    static int x6[7];    /* linkage warning */
             ^
./d-decl-dclglobal-2.c:6:40: warning - local `x6' defined but not referenced
  static int x6[];   void f6(void) { int x6; { extern int x6[5]; } }    static int x6[7];    /* linkage warning */
                                         ^~
./d-decl-dclglobal-2.c:6:82: warning - inconsistent declaration of `x6': `array [7] of int' vs `array [5] of int'
  static int x6[];   void f6(void) { int x6; { extern int x6[5]; } }    static int x6[7];    /* linkage warning */
                                                                                   ^~
./d-decl-dclglobal-2.c:6:57: note - previous declaration was here
  static int x6[];   void f6(void) { int x6; { extern int x6[5]; } }    static int x6[7];    /* linkage warning */
                                                          ^~
./d-decl-dclglobal-2.c:7:75: warning - inconsistent declaration of `x7': `array [20] of int' vs `array [10] of int'
  extern int x7[];   void f7(void) { extern int x7[10]; }               int x7[20];
                                                                            ^~
./d-decl-dclglobal-2.c:7:47: note - previous declaration was here
  extern int x7[];   void f7(void) { extern int x7[10]; }               int x7[20];
                                                ^~
./d-decl-dclglobal-2.c:8:42: warning - declaration of `x8' hides one declared previously
  extern int x8[];   void f8(void) { float x8; { extern int x8[10]; } } int x8[20];
                                           ^~
./d-decl-dclglobal-2.c:8:12: note - previous declaration was here
  extern int x8[];   void f8(void) { float x8; { extern int x8[10]; } } int x8[20];
             ^~
./d-decl-dclglobal-2.c:8:59: warning - declaration of `x8' hides one declared previously
  extern int x8[];   void f8(void) { float x8; { extern int x8[10]; } } int x8[20];
                                                            ^~
./d-decl-dclglobal-2.c:8:42: note - previous declaration was here
  extern int x8[];   void f8(void) { float x8; { extern int x8[10]; } } int x8[20];
                                           ^~
./d-decl-dclglobal-2.c:8:42: warning - local `x8' defined but not referenced
  extern int x8[];   void f8(void) { float x8; { extern int x8[10]; } } int x8[20];
                                           ^~
./d-decl-dclglobal-2.c:8:75: warning - inconsistent declaration of `x8': `array [20] of int' vs `array [10] of int'
  extern int x8[];   void f8(void) { float x8; { extern int x8[10]; } } int x8[20];
                                                                            ^~
./d-decl-dclglobal-2.c:8:59: note - previous declaration was here
  extern int x8[];   void f8(void) { float x8; { extern int x8[10]; } } int x8[20];
                                                            ^~
./d-decl-dclglobal-2.c:10:54: ERROR - `static' declaration of `x10' follows non-`static' declaration
  extern int x10; void f10(void) {  extern int x10; }  static int x10;     /* linkage error */
                                                       ^~~~~~
./d-decl-dclglobal-2.c:10:12: note - previous declaration was here
  extern int x10; void f10(void) {  extern int x10; }  static int x10;     /* linkage error */
             ^
./d-decl-dclglobal-2.c:14:54: ERROR - non-`static' declaration of `x14' follows `static' declaration
  static int x14; void f14(void) {  extern int x14; }  int x14;            /* linkage error */
                                                       ^~~
./d-decl-dclglobal-2.c:14:12: note - previous declaration was here
  static int x14; void f14(void) {  extern int x14; }  int x14;            /* linkage error */
             ^
./d-decl-dclglobal-2.c:16:54: ERROR - `static' declaration of `x16' follows non-`static' declaration
  int x16;        void f16(void) {  extern int x16; }  static int x16;     /* linkage error */
                                                       ^~~~~~
./d-decl-dclglobal-2.c:16:5: note - previous declaration was here
  int x16;        void f16(void) {  extern int x16; }  static int x16;     /* linkage error */
      ^
./d-decl-dclglobal-2.c:18:54: warning - expression result not used
  void f18(void) { extern int a[10]; { extern int a[]; sizeof(a); }   sizeof(a); }
                                                       ^~~~~~
./d-decl-dclglobal-2.c:18:69: warning - expression result not used
  void f18(void) { extern int a[10]; { extern int a[]; sizeof(a); }   sizeof(a); }
                                                                      ^~~~~~
./d-decl-dclglobal-2.c:19:56: warning - expression result not used
  void f19(void) { extern int a[];   { extern int a[10]; sizeof(a); } sizeof(a); }
                                                         ^~~~~~
./d-decl-dclglobal-2.c:19:76: ERROR - invalid operand given to sizeof
  void f19(void) { extern int a[];   { extern int a[10]; sizeof(a); } sizeof(a); }
                                                                             ^
./d-decl-dclglobal-2.c:19:69: warning - expression result not used
  void f19(void) { extern int a[];   { extern int a[10]; sizeof(a); } sizeof(a); }
                                                                      ^~~~~~
./d-decl-dclglobal-2.c:20:42: warning - declaration of `a' hides one declared previously
  void f20(void) { extern int a[10]; { int a; { extern int a[];   sizeof(a); } } sizeof(a); }
                                           ^
./d-decl-dclglobal-2.c:20:29: note - previous declaration was here
  void f20(void) { extern int a[10]; { int a; { extern int a[];   sizeof(a); } } sizeof(a); }
                              ^
./d-decl-dclglobal-2.c:20:58: warning - declaration of `a' hides one declared previously
  void f20(void) { extern int a[10]; { int a; { extern int a[];   sizeof(a); } } sizeof(a); }
                                                           ^
./d-decl-dclglobal-2.c:20:42: note - previous declaration was here
  void f20(void) { extern int a[10]; { int a; { extern int a[];   sizeof(a); } } sizeof(a); }
                                           ^
./d-decl-dclglobal-2.c:20:72: ERROR - invalid operand given to sizeof
  void f20(void) { extern int a[10]; { int a; { extern int a[];   sizeof(a); } } sizeof(a); }
                                                                         ^
./d-decl-dclglobal-2.c:20:65: warning - expression result not used
  void f20(void) { extern int a[10]; { int a; { extern int a[];   sizeof(a); } } sizeof(a); }
                                                                  ^~~~~~
./d-decl-dclglobal-2.c:20:80: warning - expression result not used
  void f20(void) { extern int a[10]; { int a; { extern int a[];   sizeof(a); } } sizeof(a); }
                                                                                 ^~~~~~
./d-decl-dclglobal-2.c:21:42: warning - declaration of `a' hides one declared previously
  void f21(void) { extern int a[];   { int a; { extern int a[10]; sizeof(a); } } sizeof(a); }
                                           ^
./d-decl-dclglobal-2.c:21:29: note - previous declaration was here
  void f21(void) { extern int a[];   { int a; { extern int a[10]; sizeof(a); } } sizeof(a); }
                              ^
./d-decl-dclglobal-2.c:21:58: warning - declaration of `a' hides one declared previously
  void f21(void) { extern int a[];   { int a; { extern int a[10]; sizeof(a); } } sizeof(a); }
                                                           ^
./d-decl-dclglobal-2.c:21:42: note - previous declaration was here
  void f21(void) { extern int a[];   { int a; { extern int a[10]; sizeof(a); } } sizeof(a); }
                                           ^
./d-decl-dclglobal-2.c:21:65: warning - expression result not used
  void f21(void) { extern int a[];   { int a; { extern int a[10]; sizeof(a); } } sizeof(a); }
                                                                  ^~~~~~
./d-decl-dclglobal-2.c:21:42: warning - local `a' defined but not referenced
  void f21(void) { extern int a[];   { int a; { extern int a[10]; sizeof(a); } } sizeof(a); }
                                           ^
./d-decl-dclglobal-2.c:21:87: ERROR - invalid operand given to sizeof
  void f21(void) { extern int a[];   { int a; { extern int a[10]; sizeof(a); } } sizeof(a); }
                                                                                        ^
./d-decl-dclglobal-2.c:21:80: warning - expression result not used
  void f21(void) { extern int a[];   { int a; { extern int a[10]; sizeof(a); } } sizeof(a); }
                                                                                 ^~~~~~
./d-decl-dclglobal-2.c:23:36: warning - static `f23' defined but not referenced
  static void f23(void); extern void f23(void) { }
                                     ^~~
./d-decl-dclglobal-2.c:22:29: warning - static `f22' defined but not referenced
  static void f22(void); void f22(void) { }
                              ^~~
./d-decl-dclglobal-2.c:14:58: warning - static `x14' defined but not referenced
  static int x14; void f14(void) {  extern int x14; }  int x14;            /* linkage error */
                                                           ^~~
./d-decl-dclglobal-2.c:13:65: warning - static `x13' defined but not referenced
  static int x13; void f13(void) {  extern int x13; }  static int x13;
                                                                  ^~~
./d-decl-dclglobal-2.c:12:65: warning - static `x12' defined but not referenced
  static int x12; void f12(void) {  extern int x12; }  extern int x12;
                                                                  ^~~
./d-decl-dclglobal-2.c:10:65: warning - static `x10' defined but not referenced
  extern int x10; void f10(void) {  extern int x10; }  static int x10;     /* linkage error */
                                                                  ^~~
./d-decl-dclglobal-2.c:6:82: warning - static `x6' defined but not referenced
  static int x6[];   void f6(void) { int x6; { extern int x6[5]; } }    static int x6[7];    /* linkage warning */
                                                                                   ^~
./d-decl-dclglobal-2.c:3:47: warning - static `x3' defined but not referenced
  void f3(void) { extern int x3[]; } static int x3[1];    /* linkage warning */
                                                ^~
