./d-decl-xtra-9.c:1:13: warning - ISO C recommends `static' come first in declaration
  void f1(int static);
              ^
./d-decl-xtra-9.c:1:13: ERROR - invalid storage class `static'
  void f1(int static);
              ^
./d-decl-xtra-9.c:2:13: warning - ISO C recommends `static' come first in declaration
  void f2(int static extern);
              ^
./d-decl-xtra-9.c:2:20: ERROR - invalid use of `extern' in declaration
  void f2(int static extern);
                     ^
./d-decl-xtra-9.c:2:13: ERROR - invalid storage class `static'
  void f2(int static extern);
              ^
./d-decl-xtra-9.c:3:18: warning - ISO C recommends `register' come first in declaration
  void f3(volatile register int);
                   ^
./d-decl-xtra-9.c:4:18: warning - ISO C recommends `register' come first in declaration
  void f4(volatile register int register);
                   ^
./d-decl-xtra-9.c:4:31: ERROR - invalid use of `register' in declaration
  void f4(volatile register int register);
                                ^
./d-decl-xtra-9.c:5:15: warning - anonymous struct declared in parameter list
  void f5(struct { int x; } register);
                ^
./d-decl-xtra-9.c:5:27: warning - ISO C recommends `register' come first in declaration
  void f5(struct { int x; } register);
                            ^
./d-decl-xtra-9.c:6:15: warning - anonymous struct declared in parameter list
  void f6(struct { int x; } register register);
                ^
./d-decl-xtra-9.c:6:27: warning - ISO C recommends `register' come first in declaration
  void f6(struct { int x; } register register);
                            ^
./d-decl-xtra-9.c:6:36: ERROR - invalid use of `register' in declaration
  void f6(struct { int x; } register register);
                                     ^
./d-decl-xtra-9.c:7:5: warning - ISO C recommends `auto' come first in declaration
  int auto x7;
      ^
./d-decl-xtra-9.c:7:5: ERROR - invalid storage class `auto'
  int auto x7;
      ^
./d-decl-xtra-9.c:8:5: warning - ISO C recommends `auto' come first in declaration
  int auto signed register x8;
      ^
./d-decl-xtra-9.c:8:17: ERROR - invalid use of `register' in declaration
  int auto signed register x8;
                  ^
./d-decl-xtra-9.c:8:5: ERROR - invalid storage class `auto'
  int auto signed register x8;
      ^
./d-decl-xtra-9.c:9:6: warning - ISO C recommends `extern' come first in declaration
  void extern f9(void); void static f9(void);
       ^
./d-decl-xtra-9.c:9:28: warning - ISO C recommends `static' come first in declaration
  void extern f9(void); void static f9(void);
                             ^
./d-decl-xtra-9.c:9:28: ERROR - inconsistent linkage with `f9' declared at ./d-decl-xtra-9.c:9:13
  void extern f9(void); void static f9(void);
                             ^
./d-decl-xtra-9.c:10:12: warning - ISO C recommends `extern' come first in declaration
  const void extern f10(void); void static const static f10(void);
             ^
./d-decl-xtra-9.c:10:35: warning - ISO C recommends `static' come first in declaration
  const void extern f10(void); void static const static f10(void);
                                    ^
./d-decl-xtra-9.c:10:48: ERROR - invalid use of `static' in declaration
  const void extern f10(void); void static const static f10(void);
                                                 ^
./d-decl-xtra-9.c:10:35: ERROR - inconsistent linkage with `f10' declared at ./d-decl-xtra-9.c:10:19
  const void extern f10(void); void static const static f10(void);
                                    ^
./d-decl-xtra-9.c:11:6: warning - ISO C recommends `static' come first in declaration
  void static f11(void); void f11(void);
       ^
./d-decl-xtra-9.c:12:42: warning - ISO C recommends `static' come first in declaration
  void f12(void) { void f122(void); } void static f122(void);
                                           ^
./d-decl-xtra-9.c:12:42: warning - inconsistent linkage with `f122' declared at ./d-decl-xtra-9.c:12:23
  void f12(void) { void f122(void); } void static f122(void);
                                           ^
./d-decl-xtra-9.c:13:42: warning - ISO C recommends `static' come first in declaration
  void f13(void) { void f132(void); } void static static f132(void);
                                           ^
./d-decl-xtra-9.c:13:49: ERROR - invalid use of `static' in declaration
  void f13(void) { void f132(void); } void static static f132(void);
                                                  ^
./d-decl-xtra-9.c:13:42: warning - inconsistent linkage with `f132' declared at ./d-decl-xtra-9.c:13:23
  void f13(void) { void f132(void); } void static static f132(void);
                                           ^
./d-decl-xtra-9.c:14:29: warning - declaration of `f14' hides one declared at ./d-decl-xtra-9.c:14:13
  static void f14(void) { int f14; { void f14(void); } } void f14(void);
                              ^
./d-decl-xtra-9.c:14:41: warning - declaration of `f14' hides one declared at ./d-decl-xtra-9.c:14:29
  static void f14(void) { int f14; { void f14(void); } } void f14(void);
                                          ^
./d-decl-xtra-9.c:14:36: warning - inconsistent linkage with `f14' declared at ./d-decl-xtra-9.c:14:13
  static void f14(void) { int f14; { void f14(void); } } void f14(void);
                                     ^
./d-decl-xtra-9.c:14:29: warning - local `f14' defined but not referenced
  static void f14(void) { int f14; { void f14(void); } } void f14(void);
                              ^
./d-decl-xtra-9.c:15:18: ERROR - invalid storage class `auto' for function `f15'
  void f15(void) { auto void f15(void); }
                   ^
./d-decl-xtra-9.c:16:28: ERROR - invalid use of `static' in declaration
  void f16(void) { auto void static f16(void); }
                             ^
./d-decl-xtra-9.c:16:18: ERROR - invalid storage class `auto' for function `f16'
  void f16(void) { auto void static f16(void); }
                   ^
./d-decl-xtra-9.c:17:27: warning - ISO C recommends `register' come first in declaration
  void f17(void) { volatile register int x; }
                            ^
./d-decl-xtra-9.c:17:40: warning - local `x' defined but not referenced
  void f17(void) { volatile register int x; }
                                         ^
./d-decl-xtra-9.c:18:27: warning - ISO C recommends `register' come first in declaration
  void f18(void) { volatile register int register x; }
                            ^
./d-decl-xtra-9.c:18:40: ERROR - invalid use of `register' in declaration
  void f18(void) { volatile register int register x; }
                                         ^
./d-decl-xtra-9.c:18:49: warning - local `x' defined but not referenced
  void f18(void) { volatile register int register x; }
                                                  ^
./d-decl-xtra-9.c:19:36: warning - ISO C recommends `register' come first in declaration
  void f19(void) { struct { int x; } register x; }
                                     ^
./d-decl-xtra-9.c:19:45: warning - local `x' defined but not referenced
  void f19(void) { struct { int x; } register x; }
                                              ^
./d-decl-xtra-9.c:20:36: warning - ISO C recommends `register' come first in declaration
  void f20(void) { struct { int x; } register register x; }
                                     ^
./d-decl-xtra-9.c:20:45: ERROR - invalid use of `register' in declaration
  void f20(void) { struct { int x; } register register x; }
                                              ^
./d-decl-xtra-9.c:20:54: warning - local `x' defined but not referenced
  void f20(void) { struct { int x; } register register x; }
                                                       ^
./d-decl-xtra-9.c:21:22: warning - ISO C recommends `register' come first in declaration
  void f21(void) { int register a[10]; }
                       ^
./d-decl-xtra-9.c:21:31: warning - local `a' defined but not referenced
  void f21(void) { int register a[10]; }
                                ^
./d-decl-xtra-9.c:22:22: warning - ISO C recommends `register' come first in declaration
  void f22(void) { int register register a[10]; }
                       ^
./d-decl-xtra-9.c:22:31: ERROR - invalid use of `register' in declaration
  void f22(void) { int register register a[10]; }
                                ^
./d-decl-xtra-9.c:22:40: warning - local `a' defined but not referenced
  void f22(void) { int register register a[10]; }
                                         ^
./d-decl-xtra-9.c:23:29: warning - declaration of `f23' hides one declared at ./d-decl-xtra-9.c:23:13
  static void f23(void) { int f23; { void extern f23(void); } }
                              ^
./d-decl-xtra-9.c:23:41: warning - ISO C recommends `extern' come first in declaration
  static void f23(void) { int f23; { void extern f23(void); } }
                                          ^
./d-decl-xtra-9.c:23:48: warning - declaration of `f23' hides one declared at ./d-decl-xtra-9.c:23:29
  static void f23(void) { int f23; { void extern f23(void); } }
                                                 ^
./d-decl-xtra-9.c:23:41: warning - inconsistent linkage with `f23' declared at ./d-decl-xtra-9.c:23:13
  static void f23(void) { int f23; { void extern f23(void); } }
                                          ^
./d-decl-xtra-9.c:23:29: warning - local `f23' defined but not referenced
  static void f23(void) { int f23; { void extern f23(void); } }
                              ^
./d-decl-xtra-9.c:24:29: warning - declaration of `f24' hides one declared at ./d-decl-xtra-9.c:24:13
  static void f24(void) { int f24; { void f24(void); } }
                              ^
./d-decl-xtra-9.c:24:41: warning - declaration of `f24' hides one declared at ./d-decl-xtra-9.c:24:29
  static void f24(void) { int f24; { void f24(void); } }
                                          ^
./d-decl-xtra-9.c:24:36: warning - inconsistent linkage with `f24' declared at ./d-decl-xtra-9.c:24:13
  static void f24(void) { int f24; { void f24(void); } }
                                     ^
./d-decl-xtra-9.c:24:29: warning - local `f24' defined but not referenced
  static void f24(void) { int f24; { void f24(void); } }
                              ^
./d-decl-xtra-9.c:25:1: warning - useless storage-class specifier `typedef'
  typedef enum { A };
  ^
./d-decl-xtra-9.c:26:16: warning - ISO C recommends `typedef' come first in declaration
  enum tag { B } typedef;
                 ^
./d-decl-xtra-9.c:26:16: warning - useless storage-class specifier `typedef'
  enum tag { B } typedef;
                 ^
./d-decl-xtra-9.c:27:12: warning - ISO C recommends `typedef' come first in declaration
  enum { C } typedef x27;
             ^
./d-decl-xtra-9.c:28:12: warning - ISO C recommends `typedef' come first in declaration
  enum { D } typedef typedef y28;
             ^
./d-decl-xtra-9.c:28:20: ERROR - invalid use of `typedef' in declaration
  enum { D } typedef typedef y28;
                     ^
./d-decl-xtra-9.c:29:5: warning - ISO C recommends `typedef' come first in declaration
  int typedef;
      ^
./d-decl-xtra-9.c:29:5: warning - useless storage-class specifier `typedef'
  int typedef;
      ^
./d-decl-xtra-9.c:29:12: ERROR - empty declaration
  int typedef;
             ^
./d-decl-xtra-9.c:30:5: warning - ISO C recommends `typedef' come first in declaration
  int typedef extern;
      ^
./d-decl-xtra-9.c:30:13: ERROR - invalid use of `extern' in declaration
  int typedef extern;
              ^
./d-decl-xtra-9.c:30:5: warning - useless storage-class specifier `typedef'
  int typedef extern;
      ^
./d-decl-xtra-9.c:30:19: ERROR - empty declaration
  int typedef extern;
                    ^
./d-decl-xtra-9.c:31:6: warning - ISO C recommends `typedef' come first in declaration
  void typedef f31(void) {}
       ^
./d-decl-xtra-9.c:31:6: ERROR - function definition declared `typedef'
  void typedef f31(void) {}
       ^
./d-decl-xtra-9.c:32:6: warning - ISO C recommends `typedef' come first in declaration
  void typedef typedef f32(void) {}
       ^
./d-decl-xtra-9.c:32:14: ERROR - invalid use of `typedef' in declaration
  void typedef typedef f32(void) {}
               ^
./d-decl-xtra-9.c:32:6: ERROR - function definition declared `typedef'
  void typedef typedef f32(void) {}
       ^
./d-decl-xtra-9.c:33:14: warning - ISO C recommends `static' come first in declaration
  struct { int static x; } z33;
               ^
./d-decl-xtra-9.c:33:14: ERROR - storage-class specifier is not allowed
  struct { int static x; } z33;
               ^
./d-decl-xtra-9.c:34:14: warning - ISO C recommends `static' come first in declaration
  struct { int static extern x; } z34;
               ^
./d-decl-xtra-9.c:34:14: ERROR - storage-class specifier is not allowed
  struct { int static extern x; } z34;
               ^
./d-decl-xtra-9.c:34:21: ERROR - storage-class specifier is not allowed
  struct { int static extern x; } z34;
                      ^
./d-decl-xtra-9.c:35:25: warning - declaration of `A' hides one declared at ./d-decl-xtra-9.c:25:16
  void f35(typedef enum { A });
                          ^
./d-decl-xtra-9.c:35:10: ERROR - invalid storage class `typedef'
  void f35(typedef enum { A });
           ^
./d-decl-xtra-9.c:36:17: warning - declaration of `A' hides one declared at ./d-decl-xtra-9.c:25:16
  void f36(enum { A } typedef);
                  ^
./d-decl-xtra-9.c:36:21: warning - ISO C recommends `typedef' come first in declaration
  void f36(enum { A } typedef);
                      ^
./d-decl-xtra-9.c:36:21: ERROR - invalid storage class `typedef'
  void f36(enum { A } typedef);
                      ^
./d-decl-xtra-9.c:37:25: warning - declaration of `B' hides one declared at ./d-decl-xtra-9.c:26:12
  void f37(typedef enum { B }) { }
                          ^
./d-decl-xtra-9.c:37:10: ERROR - invalid storage class `typedef'
  void f37(typedef enum { B }) { }
           ^
./d-decl-xtra-9.c:37:28: ERROR - missing name for 1st parameter
  void f37(typedef enum { B }) { }
                             ^
./d-decl-xtra-9.c:38:17: warning - declaration of `B' hides one declared at ./d-decl-xtra-9.c:26:12
  void f38(enum { B } typedef) { }
                  ^
./d-decl-xtra-9.c:38:21: warning - ISO C recommends `typedef' come first in declaration
  void f38(enum { B } typedef) { }
                      ^
./d-decl-xtra-9.c:38:21: ERROR - invalid storage class `typedef'
  void f38(enum { B } typedef) { }
                      ^
./d-decl-xtra-9.c:38:28: ERROR - missing name for 1st parameter
  void f38(enum { B } typedef) { }
                             ^
./d-decl-xtra-9.c:39:25: warning - declaration of `A' hides one declared at ./d-decl-xtra-9.c:25:16
  void f39(void) { enum { A } typedef;
                          ^
./d-decl-xtra-9.c:39:29: warning - ISO C recommends `typedef' come first in declaration
  void f39(void) { enum { A } typedef;
                              ^
./d-decl-xtra-9.c:39:29: warning - useless storage-class specifier `typedef'
  void f39(void) { enum { A } typedef;
                              ^
./d-decl-xtra-9.c:40:25: warning - declaration of `B' hides one declared at ./d-decl-xtra-9.c:26:12
                   enum { B } extern typedef; }
                          ^
./d-decl-xtra-9.c:40:29: warning - ISO C recommends `extern' come first in declaration
                   enum { B } extern typedef; }
                              ^
./d-decl-xtra-9.c:40:36: ERROR - invalid use of `typedef' in declaration
                   enum { B } extern typedef; }
                                     ^
./d-decl-xtra-9.c:40:29: warning - useless storage-class specifier `extern'
                   enum { B } extern typedef; }
                              ^
./d-decl-xtra-9.c:24:13: warning - static `f24' defined but not referenced
  static void f24(void) { int f24; { void f24(void); } }
              ^
./d-decl-xtra-9.c:23:13: warning - static `f23' defined but not referenced
  static void f23(void) { int f23; { void extern f23(void); } }
              ^
./d-decl-xtra-9.c:14:61: warning - static `f14' defined but not referenced
  static void f14(void) { int f14; { void f14(void); } } void f14(void);
                                                              ^
