./d-decl-field-4.c:2:10: warning - signedness of plain bit-field is implementation-defined
      int x:2;                   /* warning */
           ^
./d-decl-field-4.c:5:16: warning - signedness of plain bit-field is implementation-defined
      const int a:1;             /* warning */
                 ^
./d-decl-field-4.c:6:19: warning - signedness of plain bit-field is implementation-defined
      volatile int b:1;          /* warning */
                    ^
./d-decl-field-4.c:7:25: warning - signedness of plain bit-field is implementation-defined
      const volatile int c:1;    /* warning */
                          ^
./d-decl-field-4.c:12:9: warning - value exceeds bit-field
      x.x = -3;
          ^
./d-decl-field-4.c:13:9: warning - value exceeds bit-field
      x.x = 2;
          ^
./d-decl-field-4.c:15:9: warning - value exceeds bit-field
      x.y = -3;    /* warning */
          ^
./d-decl-field-4.c:16:9: warning - value exceeds bit-field
      x.y = 2;     /* warning */
          ^
./d-decl-field-4.c:20:9: ERROR - assigning to const location is not allowed
      x.a = 1;    /* error */
          ^
./d-decl-field-4.c:20:9: warning - value exceeds bit-field
      x.a = 1;    /* error */
          ^
./d-decl-field-4.c:21:9: warning - value exceeds bit-field
      x.b = 1;
          ^
./d-decl-field-4.c:22:9: ERROR - assigning to const location is not allowed
      x.c = 1;    /* error */
          ^
./d-decl-field-4.c:22:9: warning - value exceeds bit-field
      x.c = 1;    /* error */
          ^
