./d-decl-structdcl-2.c:3:143: warning - too many nesting levels of struct/union definitions
  struct { struct { struct { struct { struct { struct { struct { struct { struct { struct { struct { struct { struct { struct { struct { struct { int x; } x; } x; } x; } x; } x; } x; } x; } x; } x; } x; } x; } x; } x; } x; } x; } x2;
                                                                                                                                                ^
./d-decl-structdcl-2.c: note - ISO C guarantees at most 15 levels
./d-decl-structdcl-2.c:4:9: warning - anonymous struct declared in parameter list
  void f3(struct { struct { struct { struct { struct { struct { struct { struct { struct { struct { struct { struct { struct { struct { struct { int x; } x; } x; } x; } x; } x; } x; } x; } x; } x; } x; } x; } x; } x; } x; } x);
          ^~~~~~~~
./d-decl-structdcl-2.c:5:9: warning - anonymous struct declared in parameter list
  void f4(struct { struct { struct { struct { struct { struct { struct { struct { struct { struct { struct { struct { struct { struct { struct { struct { int x; } x; } x; } x; } x; } x; } x; } x; } x; } x; } x; } x; } x; } x; } x; } x; } x);
          ^~~~~~~~
./d-decl-structdcl-2.c:5:151: warning - too many nesting levels of struct/union definitions
  void f4(struct { struct { struct { struct { struct { struct { struct { struct { struct { struct { struct { struct { struct { struct { struct { struct { int x; } x; } x; } x; } x; } x; } x; } x; } x; } x; } x; } x; } x; } x; } x; } x; } x);
                                                                                                                                                        ^
./d-decl-structdcl-2.c: note - ISO C guarantees at most 15 levels
./d-decl-structdcl-2.c:6:21: warning - local `x' set but not used
  void f5(void) { int x = sizeof(struct { struct { struct { struct { struct { struct { struct { struct { struct { struct { struct { struct { struct { struct { struct { int x; } x; } x; } x; } x; } x; } x; } x; } x; } x; } x; } x; } x; } x; } x; }); }
                      ^
./d-decl-structdcl-2.c:7:174: warning - too many nesting levels of struct/union definitions
  void f6(void) { int x = sizeof(struct { struct { struct { struct { struct { struct { struct { struct { struct { struct { struct { struct { struct { struct { struct { struct { int x; } x; } x; } x; } x; } x; } x; } x; } x; } x; } x; } x; } x; } x; } x; } x; }); }
                                                                                                                                                                               ^
./d-decl-structdcl-2.c: note - ISO C guarantees at most 15 levels
./d-decl-structdcl-2.c:7:21: warning - local `x' set but not used
  void f6(void) { int x = sizeof(struct { struct { struct { struct { struct { struct { struct { struct { struct { struct { struct { struct { struct { struct { struct { struct { int x; } x; } x; } x; } x; } x; } x; } x; } x; } x; } x; } x; } x; } x; } x; } x; }); }
                      ^
./d-decl-structdcl-2.c:9:219: warning - declaration of `x1' hides one declared previously
      struct { struct { struct { struct { struct { struct { struct { struct { struct { struct { struct { struct { struct { struct { struct { int x; } x; } x; } x; } x; } x; } x; } x; } x; } x; } x; } x; } x; } x; } x; } x1;
                                                                                                                                                                                                                            ^~
./d-decl-structdcl-2.c:2:215: note - previous declaration was here
  struct { struct { struct { struct { struct { struct { struct { struct { struct { struct { struct { struct { struct { struct { struct { int x; } x; } x; } x; } x; } x; } x; } x; } x; } x; } x; } x; } x; } x; } x; } x1;
                                                                                                                                                                                                                        ^~
./d-decl-structdcl-2.c:10:147: warning - too many nesting levels of struct/union definitions
      struct { struct { struct { struct { struct { struct { struct { struct { struct { struct { struct { struct { struct { struct { struct { struct { int x; } x; } x; } x; } x; } x; } x; } x; } x; } x; } x; } x; } x; } x; } x; } x; } x2;
                                                                                                                                                    ^
./d-decl-structdcl-2.c: note - ISO C guarantees at most 15 levels
./d-decl-structdcl-2.c:10:233: warning - declaration of `x2' hides one declared previously
      struct { struct { struct { struct { struct { struct { struct { struct { struct { struct { struct { struct { struct { struct { struct { struct { int x; } x; } x; } x; } x; } x; } x; } x; } x; } x; } x; } x; } x; } x; } x; } x; } x2;
                                                                                                                                                                                                                                          ^~
./d-decl-structdcl-2.c:3:229: note - previous declaration was here
  struct { struct { struct { struct { struct { struct { struct { struct { struct { struct { struct { struct { struct { struct { struct { struct { int x; } x; } x; } x; } x; } x; } x; } x; } x; } x; } x; } x; } x; } x; } x; } x; } x2;
                                                                                                                                                                                                                                      ^~
./d-decl-structdcl-2.c:11:1: warning - expression result not used
  &x1, &x2; }
  ^
./d-decl-structdcl-2.c:11:6: warning - expression result not used
  &x1, &x2; }
       ^
./d-decl-structdcl-2.c:12:9: warning - anonymous struct declared in parameter list
  void f8(struct { struct { struct { struct { struct { struct { struct { struct { struct { struct { struct { struct { struct { struct { struct { int x; } x; } x; } x; } x; } x; } x; } x; } x; } x; } x; } x; } x; } x; } x; } p1,
          ^~~~~~~~
./d-decl-structdcl-2.c:13:1: warning - anonymous struct declared in parameter list
  struct { struct { struct { struct { struct { struct { struct { struct { struct { struct { struct { struct { struct { struct { struct { struct { int x; } x; } x; } x; } x; } x; } x; } x; } x; } x; } x; } x; } x; } x; } x; } x; } p2);
  ^~~~~~~~
./d-decl-structdcl-2.c:13:143: warning - too many nesting levels of struct/union definitions
  struct { struct { struct { struct { struct { struct { struct { struct { struct { struct { struct { struct { struct { struct { struct { struct { int x; } x; } x; } x; } x; } x; } x; } x; } x; } x; } x; } x; } x; } x; } x; } x; } p2);
                                                                                                                                                ^
./d-decl-structdcl-2.c: note - ISO C guarantees at most 15 levels
./d-decl-structdcl-2.c:14:150: warning - too many nesting levels of struct/union definitions
  struct { struct { struct { struct { struct { struct { struct { struct { struct { struct { struct { struct { struct { struct { int x; struct { struct { int x; } x; } x; struct { struct { int x; } x; } y; } z; } x; } x; } x; } x; } x; } x; } x; } x; } x; } x; } x; } x; } x;
                                                                                                                                                       ^
./d-decl-structdcl-2.c: note - ISO C guarantees at most 15 levels
./d-decl-structdcl-2.c:14:166: ERROR - duplicate member name `x'
  struct { struct { struct { struct { struct { struct { struct { struct { struct { struct { struct { struct { struct { struct { int x; struct { struct { int x; } x; } x; struct { struct { int x; } x; } y; } z; } x; } x; } x; } x; } x; } x; } x; } x; } x; } x; } x; } x; } x;
                                                                                                                                                                       ^
./d-decl-structdcl-2.c:14:131: note - previous declaration was here
  struct { struct { struct { struct { struct { struct { struct { struct { struct { struct { struct { struct { struct { struct { int x; struct { struct { int x; } x; } x; struct { struct { int x; } x; } y; } z; } x; } x; } x; } x; } x; } x; } x; } x; } x; } x; } x; } x; } x;
                                                                                                                                    ^
./d-decl-structdcl-2.c:14:185: warning - too many nesting levels of struct/union definitions
  struct { struct { struct { struct { struct { struct { struct { struct { struct { struct { struct { struct { struct { struct { int x; struct { struct { int x; } x; } x; struct { struct { int x; } x; } y; } z; } x; } x; } x; } x; } x; } x; } x; } x; } x; } x; } x; } x; } x;
                                                                                                                                                                                          ^
./d-decl-structdcl-2.c: note - ISO C guarantees at most 15 levels
