./d-decl-checkref-5.c:6:28: ERROR - operands of = have illegal types `union defined at ./d-decl-checkref-5.c:6:11' and `int'
      union { int x; } x, x1 = 0;    /* warning */
                             ^
./d-decl-checkref-5.c:7:12: ERROR - operands of = have illegal types `int' and `union defined at ./d-decl-checkref-5.c:6:11'
      int x2 = x;                    /* warning */
             ^
./d-decl-checkref-5.c:10:21: ERROR - invalid initializer; `union defined at ./d-decl-checkref-5.c:6:11' given for `int'
      static int x5 = x;
                      ^
./d-decl-checkref-5.c:13:12: ERROR - operands of = have illegal types `int' and `union defined at ./d-decl-checkref-5.c:6:11'
      int x8 = x;                    /* warning */
             ^
./d-decl-checkref-5.c:16:8: ERROR - operands of = have illegal types `int' and `union defined at ./d-decl-checkref-5.c:6:11'
      x9 = x;
         ^
./d-decl-checkref-5.c:2:12: warning - static `z2' defined but not referenced
  static int z2 = 0;
             ^
./d-decl-checkref-5.c:1:12: warning - static `z1' defined but not referenced
  static int z1;
             ^
