./d-decl-typedefsym.c:1:24: ERROR - redeclaration of `x1'
  int x1; typedef double x1;
                         ^~
./d-decl-typedefsym.c:1:5: note - previous declaration was here
  int x1; typedef double x1;
      ^~
./d-decl-typedefsym.c:2:40: ERROR - redeclaration of `x2'
  void f2(void) { int x2; typedef float *x2; }
                                         ^~
./d-decl-typedefsym.c:2:21: note - previous declaration was here
  void f2(void) { int x2; typedef float *x2; }
                      ^~
./d-decl-typedefsym.c:2:21: warning - local `x2' defined but not referenced
  void f2(void) { int x2; typedef float *x2; }
                      ^~
./d-decl-typedefsym.c:3:45: ERROR - redeclaration of `x3'
  void f3(void) { typedef int x3; typedef int x3; }
                                              ^~
./d-decl-typedefsym.c:3:29: note - previous declaration was here
  void f3(void) { typedef int x3; typedef int x3; }
                              ^~
./d-decl-typedefsym.c:4:47: warning - declaration of `x4' hides one declared previously
  typedef int x4; void f4(void) { typedef short x4; }
                                                ^~
./d-decl-typedefsym.c:4:13: note - previous declaration was here
  typedef int x4; void f4(void) { typedef short x4; }
              ^~
./d-decl-typedefsym.c:5:49: warning - declaration of `x5' hides one declared previously
  void f5(void) { typedef int x5; { typedef short x5; x5 y5; } }
                                                  ^~
./d-decl-typedefsym.c:5:29: note - previous declaration was here
  void f5(void) { typedef int x5; { typedef short x5; x5 y5; } }
                              ^~
./d-decl-typedefsym.c:5:56: warning - local `y5' defined but not referenced
  void f5(void) { typedef int x5; { typedef short x5; x5 y5; } }
                                                         ^~
./d-decl-typedefsym.c:7:13: ERROR - redeclaration of `x1'
  typedef int x1 = 0;
              ^~
./d-decl-typedefsym.c:1:24: note - previous declaration was here
  int x1; typedef double x1;
                         ^~
./d-decl-typedefsym.c:7:16: ERROR - initializer is not allowed for type name
  typedef int x1 = 0;
                 ^
./d-decl-typedefsym.c:8:16: ERROR - initializer is not allowed for type name
  typedef int x2 = { { 0, } };
                 ^
./d-decl-typedefsym.c:9:8: ERROR - invalid storage class `typedef'
  void f(typedef int *y = { { 0, } })
         ^~~~~~~
./d-decl-typedefsym.c:9:23: ERROR - initializer is not allowed for parameter
  void f(typedef int *y = { { 0, } })
                        ^
./d-decl-typedefsym.c:11:20: ERROR - initializer is not allowed for type name
      typedef int z1 = 0;
                     ^
./d-decl-typedefsym.c:12:20: ERROR - initializer is not allowed for type name
      typedef int z2 = { { z1, } };
                     ^
./d-decl-typedefsym.c:12:26: ERROR - illegal use of type name `z1'
      typedef int z2 = { { z1, } };
                           ^~
./d-decl-typedefsym.c:14:11: ERROR - invalid storage class `typedef'
  void g(z) typedef int *z = { { 0, } }; {}
            ^~~~~~~
./d-decl-typedefsym.c:14:26: ERROR - initializer is not allowed for parameter
  void g(z) typedef int *z = { { 0, } }; {}
                           ^
./d-decl-typedefsym.c:14:6: warning - missing prototype from `g'
  void g(z) typedef int *z = { { 0, } }; {}
       ^~~~
./d-decl-typedefsym.c:14:24: warning - parameter `z' defined but not referenced
  void g(z) typedef int *z = { { 0, } }; {}
                         ^
