./d-decl-xtra-3.c:2:3: ERROR - empty declaration
  x2;            /* error */
    ^
./d-decl-xtra-3.c:3:5: ERROR - empty declaration
  x3_1, x3_2;    /* error */
      ^
./d-decl-xtra-3.c:3:5: ERROR - syntax error; expected `;' before `,'
  x3_1, x3_2;    /* error */
      ^
  (skipping ',')
./d-decl-xtra-3.c:3:11: ERROR - empty declaration
  x3_1, x3_2;    /* error */
            ^
./d-decl-xtra-3.c:5:7: ERROR - empty declaration
      x5;            /* error */
        ^
./d-decl-xtra-3.c:6:9: ERROR - empty declaration
      x6_1, x6_2;    /* error */
          ^
./d-decl-xtra-3.c:6:9: ERROR - syntax error; expected `;' before `,'
      x6_1, x6_2;    /* error */
          ^
  (skipping ',')
./d-decl-xtra-3.c:6:15: ERROR - empty declaration
      x6_1, x6_2;    /* error */
                ^
./d-decl-xtra-3.c:8:11: ERROR - missing name for 1st parameter
  void f8(x8) { }            /* error */
            ^
./d-decl-xtra-3.c:8:11: warning - parameter defined but not referenced
  void f8(x8) { }            /* error */
            ^
./d-decl-xtra-3.c:9:13: ERROR - missing name for 1st parameter
  void f9(x9_1, x9_2) { }    /* error */
              ^
./d-decl-xtra-3.c:9:19: ERROR - missing name for 2nd parameter
  void f9(x9_1, x9_2) { }    /* error */
                    ^
./d-decl-xtra-3.c:9:19: warning - parameter defined but not referenced
  void f9(x9_1, x9_2) { }    /* error */
                    ^
./d-decl-xtra-3.c:9:13: warning - parameter defined but not referenced
  void f9(x9_1, x9_2) { }    /* error */
              ^
./d-decl-xtra-3.c:10:15: ERROR - syntax error; expected `;' before `identifier'
  void f10(x10) x10; { }                     /* error */
                ^
./d-decl-xtra-3.c:10:18: ERROR - empty declaration
  void f10(x10) x10; { }                     /* error */
                   ^
./d-decl-xtra-3.c:10:20: ERROR - invalid declaration
  void f10(x10) x10; { }                     /* error */
                     ^
  (skipping '{' '}')
./d-decl-xtra-3.c:11:24: ERROR - syntax error; expected `;' before `identifier'
  void f11(x11_1, x11_2) x11_1, x11_2 { }    /* error */
                         ^
./d-decl-xtra-3.c:11:29: ERROR - empty declaration
  void f11(x11_1, x11_2) x11_1, x11_2 { }    /* error */
                              ^
./d-decl-xtra-3.c:11:29: ERROR - syntax error; expected `;' before `,'
  void f11(x11_1, x11_2) x11_1, x11_2 { }    /* error */
                              ^
  (skipping ',')
./d-decl-xtra-3.c:11:37: ERROR - empty declaration
  void f11(x11_1, x11_2) x11_1, x11_2 { }    /* error */
                                      ^
./d-decl-xtra-3.c:11:37: ERROR - syntax error; expected `;' before `{'
  void f11(x11_1, x11_2) x11_1, x11_2 { }    /* error */
                                      ^
  (skipping '{' '}')
