./d-enode-chkcond.c:1:33: warning - address of `f1' always results in true
  void f1(void) { int i, *p; i = (f1)? 1: 0; i = (i)? 1: 0; i = (p)? 1: 0; }    /* warning */
                                  ^
./d-enode-chkcond.c:1:64: warning - uninitialized reference to `p'
  void f1(void) { int i, *p; i = (f1)? 1: 0; i = (i)? 1: 0; i = (p)? 1: 0; }    /* warning */
                                                                 ^
./d-enode-chkcond.c:2:26: ERROR - size must be known to define `x'
  void f2(void) { struct t x; int i; i = (x)? 1: 0; }    /* error */
                           ^
./d-enode-chkcond.c:2:41: ERROR - first operand of ?: has illegal type `incomplete struct t'; assumed true
  void f2(void) { struct t x; int i; i = (x)? 1: 0; }    /* error */
                                          ^
./d-enode-chkcond.c:2:33: warning - local `i' set but not meaningfully used
  void f2(void) { struct t x; int i; i = (x)? 1: 0; }    /* error */
                                  ^
./d-enode-chkcond.c:4:38: warning - address of `f1' always results in true
  void f4(void) { int i, *p; i = f1 && f1; i = i || i; i = p && p; }    /* warning */
                                       ^
./d-enode-chkcond.c:4:32: warning - address of `f1' always results in true
  void f4(void) { int i, *p; i = f1 && f1; i = i || i; i = p && p; }    /* warning */
                                 ^
./d-enode-chkcond.c:4:58: warning - uninitialized reference to `p'
  void f4(void) { int i, *p; i = f1 && f1; i = i || i; i = p && p; }    /* warning */
                                                           ^
./d-enode-chkcond.c:5:26: ERROR - size must be known to define `x'
  void f5(void) { struct t x; int i; i = x || 1; }    /* error */
                           ^
./d-enode-chkcond.c:5:40: ERROR - left operand of || has illegal type `incomplete struct t'; assumed true
  void f5(void) { struct t x; int i; i = x || 1; }    /* error */
                                         ^
./d-enode-chkcond.c:7:35: warning - address of `f1' always results in true
  void f7(void) { int i, *p; for (; f1; ); for (; i; ); for (; p; ); }    /* warning */
                                    ^
./d-enode-chkcond.c:7:40: warning - empty body to a `for' statement can be misleading
  void f7(void) { int i, *p; for (; f1; ); for (; i; ); for (; p; ); }    /* warning */
                                         ^
./d-enode-chkcond.c:7:35: warning - infinite loop detected
  void f7(void) { int i, *p; for (; f1; ); for (; i; ); for (; p; ); }    /* warning */
                                    ^
./d-enode-chkcond.c:7:42: warning - unreachable code
  void f7(void) { int i, *p; for (; f1; ); for (; i; ); for (; p; ); }    /* warning */
                                           ^
./d-enode-chkcond.c:7:49: warning - uninitialized reference to `i'
  void f7(void) { int i, *p; for (; f1; ); for (; i; ); for (; p; ); }    /* warning */
                                                  ^
./d-enode-chkcond.c:7:53: warning - empty body to a `for' statement can be misleading
  void f7(void) { int i, *p; for (; f1; ); for (; i; ); for (; p; ); }    /* warning */
                                                      ^
./d-enode-chkcond.c:7:62: warning - uninitialized reference to `p'
  void f7(void) { int i, *p; for (; f1; ); for (; i; ); for (; p; ); }    /* warning */
                                                               ^
./d-enode-chkcond.c:7:66: warning - empty body to a `for' statement can be misleading
  void f7(void) { int i, *p; for (; f1; ); for (; i; ); for (; p; ); }    /* warning */
                                                                   ^
./d-enode-chkcond.c:8:26: ERROR - size must be known to define `x'
  void f8(void) { struct t x; for (; x; ); }    /* error */
                           ^
./d-enode-chkcond.c:8:36: ERROR - conditional has illegal type `incomplete struct t'; assumed true
  void f8(void) { struct t x; for (; x; ); }    /* error */
                                     ^
./d-enode-chkcond.c:8:40: warning - empty body to a `for' statement can be misleading
  void f8(void) { struct t x; for (; x; ); }    /* error */
                                         ^
./d-enode-chkcond.c:8:36: warning - infinite loop detected
  void f8(void) { struct t x; for (; x; ); }    /* error */
                                     ^
./d-enode-chkcond.c:10:36: warning - address of `f1' always results in true
  void f10(void) { int i, *p; while (f1); while (i); while (p); }    /* warning */
                                     ^
./d-enode-chkcond.c:10:39: warning - empty body to a `while' statement can be misleading
  void f10(void) { int i, *p; while (f1); while (i); while (p); }    /* warning */
                                        ^
./d-enode-chkcond.c:10:36: warning - infinite loop detected
  void f10(void) { int i, *p; while (f1); while (i); while (p); }    /* warning */
                                     ^
./d-enode-chkcond.c:10:41: warning - unreachable code
  void f10(void) { int i, *p; while (f1); while (i); while (p); }    /* warning */
                                          ^
./d-enode-chkcond.c:10:48: warning - uninitialized reference to `i'
  void f10(void) { int i, *p; while (f1); while (i); while (p); }    /* warning */
                                                 ^
./d-enode-chkcond.c:10:50: warning - empty body to a `while' statement can be misleading
  void f10(void) { int i, *p; while (f1); while (i); while (p); }    /* warning */
                                                   ^
./d-enode-chkcond.c:10:59: warning - uninitialized reference to `p'
  void f10(void) { int i, *p; while (f1); while (i); while (p); }    /* warning */
                                                            ^
./d-enode-chkcond.c:10:61: warning - empty body to a `while' statement can be misleading
  void f10(void) { int i, *p; while (f1); while (i); while (p); }    /* warning */
                                                              ^
./d-enode-chkcond.c:11:27: ERROR - size must be known to define `x'
  void f11(void) { struct t x; while (x); }    /* error */
                            ^
./d-enode-chkcond.c:11:37: ERROR - conditional has illegal type `incomplete struct t'; assumed true
  void f11(void) { struct t x; while (x); }    /* error */
                                      ^
./d-enode-chkcond.c:11:39: warning - empty body to a `while' statement can be misleading
  void f11(void) { struct t x; while (x); }    /* error */
                                        ^
./d-enode-chkcond.c:11:37: warning - infinite loop detected
  void f11(void) { struct t x; while (x); }    /* error */
                                      ^
./d-enode-chkcond.c:13:31: warning - empty body to a `do' statement can be misleading
  void f13(void) { int i, *p; do; while(f1); do; while(i); do; while(p); }    /* warning */
                                ^
./d-enode-chkcond.c:13:39: warning - address of `f1' always results in true
  void f13(void) { int i, *p; do; while(f1); do; while(i); do; while(p); }    /* warning */
                                        ^
./d-enode-chkcond.c:13:39: warning - infinite loop detected
  void f13(void) { int i, *p; do; while(f1); do; while(i); do; while(p); }    /* warning */
                                        ^
./d-enode-chkcond.c:13:44: warning - unreachable code
  void f13(void) { int i, *p; do; while(f1); do; while(i); do; while(p); }    /* warning */
                                             ^
./d-enode-chkcond.c:13:46: warning - empty body to a `do' statement can be misleading
  void f13(void) { int i, *p; do; while(f1); do; while(i); do; while(p); }    /* warning */
                                               ^
./d-enode-chkcond.c:13:54: warning - uninitialized reference to `i'
  void f13(void) { int i, *p; do; while(f1); do; while(i); do; while(p); }    /* warning */
                                                       ^
./d-enode-chkcond.c:13:60: warning - empty body to a `do' statement can be misleading
  void f13(void) { int i, *p; do; while(f1); do; while(i); do; while(p); }    /* warning */
                                                             ^
./d-enode-chkcond.c:13:68: warning - uninitialized reference to `p'
  void f13(void) { int i, *p; do; while(f1); do; while(i); do; while(p); }    /* warning */
                                                                     ^
./d-enode-chkcond.c:14:27: ERROR - size must be known to define `x'
  void f14(void) { struct t x; do; while(x); }    /* error */
                            ^
./d-enode-chkcond.c:14:32: warning - empty body to a `do' statement can be misleading
  void f14(void) { struct t x; do; while(x); }    /* error */
                                 ^
./d-enode-chkcond.c:14:40: ERROR - conditional has illegal type `incomplete struct t'; assumed true
  void f14(void) { struct t x; do; while(x); }    /* error */
                                         ^
./d-enode-chkcond.c:14:40: warning - infinite loop detected
  void f14(void) { struct t x; do; while(x); }    /* error */
                                         ^
