./d-enode-cast-1.c:1:40: warning - uninitialized reference to `d'
  void f1(void) { float f; double d; f = d; d = f; }
                                         ^
./d-enode-cast-1.c:2:45: warning - uninitialized reference to `x'
  void f2(void) { float f; long double x; f = x; x = f; }
                                              ^
./d-enode-cast-1.c:3:46: warning - uninitialized reference to `x'
  void f3(void) { double d; long double x; d = x; x = d; }
                                               ^
./d-enode-cast-1.c:4:43: warning - uninitialized reference to `i'
  void f4(void) { long double x; int i; x = i; i = x; }
                                            ^
./d-enode-cast-1.c:5:44: warning - uninitialized reference to `l'
  void f5(void) { long double x; long l; x = l; l = x; }
                                             ^
./d-enode-cast-1.c:6:37: warning - uninitialized reference to `i'
  void f6(void) { float f; int i; f = i; i = f; }
                                      ^
./d-enode-cast-1.c:7:38: warning - uninitialized reference to `l'
  void f7(void) { double d; int l; d = l; l = d; }
                                       ^
