./d-enode-tccmp.c:1:38: warning - uninitialized reference to `i'
  void f1(void) { int i; double d; i = i < d; }
                                       ^
./d-enode-tccmp.c:1:42: warning - uninitialized reference to `d'
  void f1(void) { int i; double d; i = i < d; }
                                           ^
./d-enode-tccmp.c:2:47: ERROR - operands of > have illegal types `pointer to void' and `pointer to int'
  void f2(void) { void *p; int *q; int i; i = p > q; }    /* error */
                                                ^
./d-enode-tccmp.c:3:39: ERROR - operands of < have illegal types `pointer to void' and `int'
  void f3(void) { void *p; int i; i = p < 0; }    /* error */
                                        ^
./d-enode-tccmp.c:4:39: warning - comparison always results in true
  void f4(void) { void *p; int i; i = p >= (void *)0; }
                                        ^
./d-enode-tccmp.c:4:30: warning - local `i' set but not meaningfully used
  void f4(void) { void *p; int i; i = p >= (void *)0; }
                               ^
./d-enode-tccmp.c:5:37: warning - uninitialized reference to `p'
  void f5(void) { void *p; int i; i = p <= p; }
                                      ^
./d-enode-tccmp.c:5:30: warning - local `i' set but not meaningfully used
  void f5(void) { void *p; int i; i = p <= p; }
                               ^
./d-enode-tccmp.c:6:36: warning - uninitialized reference to `p'
  void f6(void) { int *p; int i; i = p > p; }
                                     ^
./d-enode-tccmp.c:6:29: warning - local `i' set but not meaningfully used
  void f6(void) { int *p; int i; i = p > p; }
                              ^
./d-enode-tccmp.c:7:56: ERROR - operands of > have illegal types `pointer to incomplete array of int' and `pointer to array [10] of int'
  void f7(void) { int (*p)[]; int (*q)[10]; int i; i = p > q; }    /* error */
                                                         ^
./d-enode-tccmp.c:8:56: warning - uninitialized reference to `p'
  void f8(void) { int (*p)[10]; int (*q)[10]; int i; i = p < q; }
                                                         ^
./d-enode-tccmp.c:8:60: warning - uninitialized reference to `q'
  void f8(void) { int (*p)[10]; int (*q)[10]; int i; i = p < q; }
                                                             ^
./d-enode-tccmp.c:8:49: warning - local `i' set but not meaningfully used
  void f8(void) { int (*p)[10]; int (*q)[10]; int i; i = p < q; }
                                                  ^
./d-enode-tccmp.c:9:58: ERROR - operands of < have illegal types `pointer to array [10] of int' and `pointer to array [11] of int'
  void f9(void) { int (*p)[10]; int (*q)[11]; int i; i = p < q; }    /* error */
                                                           ^
./d-enode-tccmp.c:10:33: ERROR - operands of > have illegal types `pointer to function(void) returning void' and `pointer to function(void) returning void'
  void f10(void) { int i; i = f10 > f10; }    /* error */
                                  ^
./d-enode-tccmp.c:11:52: warning - uninitialized reference to `p'
  void f11(void) { int * const p; int *q; int i; i = p < q; }
                                                     ^
./d-enode-tccmp.c:11:56: warning - uninitialized reference to `q'
  void f11(void) { int * const p; int *q; int i; i = p < q; }
                                                         ^
./d-enode-tccmp.c:11:45: warning - local `i' set but not meaningfully used
  void f11(void) { int * const p; int *q; int i; i = p < q; }
                                              ^
./d-enode-tccmp.c:12:27: ERROR - size must be known to define `x'
  void f12(void) { struct t x; int i; i = x > x; }    /* error */
                            ^
./d-enode-tccmp.c:12:43: ERROR - operands of > have illegal types `incomplete struct t' and `incomplete struct t'
  void f12(void) { struct t x; int i; i = x > x; }    /* error */
                                            ^
