./d-enode-tcand.c:1:38: warning - uninitialized reference to `i'
  void f1(void) { int i; double d; i = i && d; }
                                       ^
./d-enode-tcand.c:1:43: warning - uninitialized reference to `d'
  void f1(void) { int i; double d; i = i && d; }
                                            ^
./d-enode-tcand.c:2:39: warning - uninitialized reference to `i'
  void f2(void) { int i; double d; i = (i > 0) && (d > 3.14); }
                                        ^
./d-enode-tcand.c:2:50: warning - uninitialized reference to `d'
  void f2(void) { int i; double d; i = (i > 0) && (d > 3.14); }
                                                   ^
./d-enode-tcand.c:3:47: warning - uninitialized reference to `p1'
  void f3(void) { int i; int *p1; void *p2; i = p1 && (p2 != p1); }
                                                ^
./d-enode-tcand.c:3:54: warning - uninitialized reference to `p2'
  void f3(void) { int i; int *p1; void *p2; i = p1 && (p2 != p1); }
                                                       ^
./d-enode-tcand.c:3:21: warning - local `i' set but not meaningfully used
  void f3(void) { int i; int *p1; void *p2; i = p1 && (p2 != p1); }
                      ^
./d-enode-tcand.c:4:53: ERROR - left operand of && has illegal type `struct tag'; assumed true
  void f4(void) { struct tag { int x; } x; int i; i = x && x; }    /* error */
                                                      ^
./d-enode-tcand.c:4:58: ERROR - right operand of && has illegal type `struct tag'; assumed true
  void f4(void) { struct tag { int x; } x; int i; i = x && x; }    /* error */
                                                           ^
