./d-enode-errtree-1.c:5:6: warning - missing prototype
  void vf();
       ^
./d-enode-errtree-1.c:14:8: ERROR - operands of = have illegal types `struct defined at ./d-enode-errtree-1.c:1:8' and `struct defined at ./d-enode-errtree-1.c:2:8'
      (x = y) = 0;
         ^
./d-enode-errtree-1.c:15:10: ERROR - operands of = have illegal types `incomplete union tag1' and `incomplete union tag2'
      (*p1 = *p2) = 0;
           ^
./d-enode-errtree-1.c:16:9: ERROR - operands of = have illegal types `pointer to incomplete union tag1' and `pointer to incomplete union tag2'
      (p1 = p2) = 1;
          ^
./d-enode-errtree-1.c:17:11: ERROR - assignment of incomplete type is not allowed
      (vf() = vf()) - 0;
            ^
./d-enode-errtree-1.c:18:11: ERROR - assignment of incomplete type is not allowed
      (*pcv = *pcv) + 0;
            ^
./d-enode-errtree-1.c:19:11: ERROR - assignment of incomplete type is not allowed
      (*pvv = *pvv) - 0;
            ^
./d-enode-errtree-1.c:21:6: ERROR - operand of unary ++ has illegal type `struct defined at ./d-enode-errtree-1.c:1:8'
      x++ + 0;
       ^
./d-enode-errtree-1.c:22:5: ERROR - operand of unary ++ has illegal type `struct defined at ./d-enode-errtree-1.c:2:8'
      ++y - 0;
      ^
./d-enode-errtree-1.c:23:10: ERROR - operands of + have illegal types `incomplete union tag1' and `incomplete union tag2'
      (*p1 += *p2)--;
           ^
./d-enode-errtree-1.c:24:9: ERROR - operands of / have illegal types `pointer to incomplete union tag1' and `int'
      (p1 /= 0) + 3.14;
          ^
./d-enode-errtree-1.c:25:11: ERROR - operands of | have illegal types `void' and `void'
      (vf() |= vf()) % 0;
            ^
./d-enode-errtree-1.c:26:11: ERROR - operands of - have illegal types `const void' and `void'
      (*pcv -= vf())[0];
            ^
./d-enode-errtree-1.c:27:11: ERROR - operands of << have illegal types `volatile void' and `int'
      (*pvv <<= 128) = *pcv;
            ^
./d-enode-errtree-1.c:29:11: ERROR - operands of ?: have illegal types `struct defined at ./d-enode-errtree-1.c:1:8' and `struct defined at ./d-enode-errtree-1.c:2:8'
      ((f())? x: y) = 0;
            ^
./d-enode-errtree-1.c:30:11: ERROR - operands of ?: have illegal types `incomplete union tag1' and `incomplete union tag2'
      ((f())? *p1: *p2) = 0;
            ^
./d-enode-errtree-1.c:31:11: ERROR - operands of ?: have illegal types `pointer to incomplete union tag1' and `void'
      ((f())? p1: vf()) = 1;
            ^
./d-enode-errtree-1.c:32:19: ERROR - lvalue required
      ((f())? c: s) = 1;
                    ^
./d-enode-errtree-1.c:33:19: ERROR - lvalue required
      ((f())? l: c) = 1;
                    ^
./d-enode-errtree-1.c:35:6: ERROR - left operand of || has illegal type `struct defined at ./d-enode-errtree-1.c:1:8'; assumed true
      (x || y) + x;
       ^
./d-enode-errtree-1.c:35:11: ERROR - right operand of || has illegal type `struct defined at ./d-enode-errtree-1.c:2:8'; assumed true
      (x || y) + x;
            ^
./d-enode-errtree-1.c:36:6: ERROR - left operand of && has illegal type `incomplete union tag1'; assumed true
      (*p1 && *p2) + y;
       ^
./d-enode-errtree-1.c:36:13: ERROR - right operand of && has illegal type `incomplete union tag2'; assumed true
      (*p1 && *p2) + y;
              ^
./d-enode-errtree-1.c:37:14: ERROR - left operand of && has illegal type `const void'; assumed true
      (vf() || *pcv && *pvv) + x;
               ^
./d-enode-errtree-1.c:37:22: ERROR - right operand of && has illegal type `volatile void'; assumed true
      (vf() || *pcv && *pvv) + x;
                       ^
./d-enode-errtree-1.c:37:8: ERROR - left operand of || has illegal type `void'; assumed true
      (vf() || *pcv && *pvv) + x;
         ^
./d-enode-errtree-1.c:39:8: ERROR - operands of & have illegal types `struct defined at ./d-enode-errtree-1.c:1:8' and `struct defined at ./d-enode-errtree-1.c:1:8'
      (x & x) + 0;
         ^
./d-enode-errtree-1.c:40:8: ERROR - operands of | have illegal types `struct defined at ./d-enode-errtree-1.c:2:8' and `struct defined at ./d-enode-errtree-1.c:2:8'
      (y | y) = 0;
         ^
./d-enode-errtree-1.c:41:10: ERROR - operands of ^ have illegal types `incomplete union tag1' and `incomplete union tag2'
      (*p1 ^ *p2) - 0;
           ^
./d-enode-errtree-1.c:42:9: ERROR - operands of % have illegal types `pointer to incomplete union tag1' and `pointer to incomplete union tag2'
      (p1 % p2) = 0;
          ^
./d-enode-errtree-1.c:43:11: ERROR - operands of & have illegal types `void' and `const void'
      (vf() & *pcv) - 0;
            ^
./d-enode-errtree-1.c:44:12: ERROR - operands of | have illegal types `long double' and `long double'
      (3.14L | 3.14L) | 3.14L;
             ^
./d-enode-errtree-1.c:46:8: ERROR - operands of < have illegal types `struct defined at ./d-enode-errtree-1.c:1:8' and `struct defined at ./d-enode-errtree-1.c:2:8'
      (x < y) > x;
         ^
./d-enode-errtree-1.c:47:10: ERROR - operands of == have illegal types `incomplete union tag1' and `incomplete union tag2'
      (*p1 == *p2) == x;
           ^
./d-enode-errtree-1.c:48:9: ERROR - operands of != have illegal types `pointer to incomplete union tag1' and `struct defined at ./d-enode-errtree-1.c:2:8'
      (p1 != y) <= x;
          ^
./d-enode-errtree-1.c:49:11: ERROR - operands of >= have illegal types `void' and `void'
      (vf() >= vf()) == y;
            ^
./d-enode-errtree-1.c:50:11: ERROR - operands of != have illegal types `const void' and `volatile void'
      (*pcv != *pvv) == vf();
            ^
./d-enode-errtree-1.c:52:8: ERROR - operands of << have illegal types `struct defined at ./d-enode-errtree-1.c:1:8' and `long double'
      (x << 3.14L) >> y;
         ^
./d-enode-errtree-1.c:53:8: ERROR - operands of >> have illegal types `int' and `incomplete union tag1'
      (1 >> *p1) << 3.14;
         ^
./d-enode-errtree-1.c:54:12: ERROR - operands of >> have illegal types `long double' and `double'
      (3.14L >> 3.14) << 3.14;
             ^
./d-enode-errtree-1.c:55:12: ERROR - operands of >> have illegal types `long double' and `long double'
      (3.14L >> 3.14L) << 3.14L;
             ^
./d-enode-errtree-1.c:56:10: ERROR - operands of >> have illegal types `incomplete union tag1' and `incomplete union tag2'
      (*p1 >> *p2) << *p1;
           ^
./d-enode-errtree-1.c:57:9: ERROR - operands of >> have illegal types `pointer to incomplete union tag1' and `double'
      (p1 >> 3.14) << p2;
          ^
./d-enode-errtree-1.c:58:11: ERROR - operands of >> have illegal types `void' and `void'
      (vf() >> vf()) << vf();
            ^
./d-enode-errtree-1.c:59:11: ERROR - operands of >> have illegal types `const void' and `int'
      (*pcv >> 1) << 2;
            ^
./d-enode-errtree-1.c:60:11: ERROR - operands of << have illegal types `volatile void' and `int'
      (*pvv << 1) << 2;
            ^
./d-enode-errtree-1.c:61:8: ERROR - operands of << have illegal types `long int' and `long double'
      (l << 3.14L) >> vf();
         ^
./d-enode-errtree-1.c:62:8: ERROR - operands of << have illegal types `short' and `double'
      (s << 3.14) >> 3.14;
         ^
./d-enode-errtree-1.c:63:8: ERROR - operands of >> have illegal types `char' and `pointer to incomplete union tag1'
      (c >> p1) >> p1;
         ^
./d-enode-errtree-1.c:65:8: ERROR - operands of + have illegal types `struct defined at ./d-enode-errtree-1.c:1:8' and `struct defined at ./d-enode-errtree-1.c:2:8'
      (x + y) + x;
         ^
./d-enode-errtree-1.c:66:10: ERROR - operands of + have illegal types `incomplete union tag1' and `incomplete union tag2'
      (*p1 + *p2) = 0;
           ^
./d-enode-errtree-1.c:67:9: ERROR - operands of + have illegal types `pointer to incomplete union tag1' and `pointer to incomplete union tag2'
      (p1 + p2) = 1;
          ^
./d-enode-errtree-1.c:68:11: ERROR - operands of + have illegal types `void' and `void'
      (vf() + vf()) + vf();
            ^
./d-enode-errtree-1.c:69:11: ERROR - operands of + have illegal types `const void' and `const void'
      (*pcv + *pcv) + *pvv;
            ^
./d-enode-errtree-1.c:70:8: ERROR - operands of + have illegal types `struct defined at ./d-enode-errtree-1.c:1:8' and `double'
      (x + 3.14) + 3.14;
         ^
./d-enode-errtree-1.c:71:6: ERROR - operands of [] have illegal types `struct defined at ./d-enode-errtree-1.c:1:8' and `double'
      x[3.14][3.14];
       ^
./d-enode-errtree-1.c:72:6: ERROR - operands of [] have illegal types `struct defined at ./d-enode-errtree-1.c:1:8' and `struct defined at ./d-enode-errtree-1.c:2:8'
      x[y][3.14];
       ^
./d-enode-errtree-1.c:73:10: ERROR - operands of [] have illegal types `incomplete union tag1' and `double'
      (*p1)[3.14][*p2];
           ^
./d-enode-errtree-1.c:74:7: ERROR - operands of [] have illegal types `pointer to incomplete union tag1' and `double'
      p1[3.14][p2];
        ^
./d-enode-errtree-1.c:75:9: ERROR - operands of [] have illegal types `void' and `void'
      vf()[vf()][3.14];
          ^
./d-enode-errtree-1.c:76:11: ERROR - operands of [] have illegal types `const void' and `double'
      (*pcv)[3.14][*pvv];
            ^
./d-enode-errtree-1.c:77:10: ERROR - operands of [] have illegal types `incomplete union tag1' and `pointer to incomplete union tag2'
      (*p1)[p2][3.14];
           ^
./d-enode-errtree-1.c:78:7: ERROR - operands of [] have illegal types `pointer to incomplete union tag1' and `incomplete union tag2'
      p1[*p2][3.14];
        ^
./d-enode-errtree-1.c:79:7: ERROR - operand of unary ++ has illegal type `struct defined at ./d-enode-errtree-1.c:1:8'
      (x++) = 0;
        ^
./d-enode-errtree-1.c:80:5: ERROR - operand of unary ++ has illegal type `incomplete union tag1'
      ++*p1 = 0;
      ^
./d-enode-errtree-1.c:81:9: ERROR - operand of unary ++ has illegal type `void'
      vf()++ = 0;
          ^
./d-enode-errtree-1.c:82:11: ERROR - operand of unary ++ has illegal type `const void'
      (*pcv)++ = 0;
            ^
./d-enode-errtree-1.c:83:11: ERROR - operand of unary ++ has illegal type `volatile void'
      (*pvv)++ = 0;
            ^
./d-enode-errtree-1.c:85:8: ERROR - operands of - have illegal types `struct defined at ./d-enode-errtree-1.c:1:8' and `struct defined at ./d-enode-errtree-1.c:2:8'
      (x - y) - x;
         ^
./d-enode-errtree-1.c:86:10: ERROR - operands of - have illegal types `incomplete union tag1' and `incomplete union tag2'
      (*p1 - *p2) = 0;
           ^
./d-enode-errtree-1.c:87:9: ERROR - operands of - have illegal types `pointer to incomplete union tag1' and `pointer to incomplete union tag2'
      (p1 - p2) = 1;
          ^
./d-enode-errtree-1.c:88:11: ERROR - operands of - have illegal types `void' and `void'
      (vf() - vf()) - vf();
            ^
./d-enode-errtree-1.c:89:11: ERROR - operands of - have illegal types `const void' and `const void'
      (*pcv - *pcv) - *pvv;
            ^
./d-enode-errtree-1.c:90:8: ERROR - operands of - have illegal types `struct defined at ./d-enode-errtree-1.c:1:8' and `double'
      (x - 3.14) - 3.14;
         ^
./d-enode-errtree-1.c:91:6: ERROR - operands of [] have illegal types `struct defined at ./d-enode-errtree-1.c:1:8' and `double'
      x[-3.14][-3.14];
       ^
./d-enode-errtree-1.c:92:7: ERROR - operand of unary - has illegal type `struct defined at ./d-enode-errtree-1.c:2:8'
      x[-y][-3.14];
        ^
./d-enode-errtree-1.c:93:10: ERROR - operands of [] have illegal types `incomplete union tag1' and `double'
      (*p1)[-3.14][-*p2];
           ^
./d-enode-errtree-1.c:93:18: ERROR - operand of unary - has illegal type `incomplete union tag2'
      (*p1)[-3.14][-*p2];
                   ^
./d-enode-errtree-1.c:94:7: ERROR - operands of [] have illegal types `pointer to incomplete union tag1' and `double'
      p1[-3.14][-p2];
        ^
./d-enode-errtree-1.c:94:15: ERROR - operand of unary - has illegal type `pointer to incomplete union tag2'
      p1[-3.14][-p2];
                ^
./d-enode-errtree-1.c:95:10: ERROR - operand of unary - has illegal type `void'
      vf()[-vf()][-3.14];
           ^
./d-enode-errtree-1.c:96:11: ERROR - operands of [] have illegal types `const void' and `double'
      (*pcv)[-3.14][-*pvv];
            ^
./d-enode-errtree-1.c:96:19: ERROR - operand of unary - has illegal type `volatile void'
      (*pcv)[-3.14][-*pvv];
                    ^
./d-enode-errtree-1.c:97:11: ERROR - operand of unary - has illegal type `pointer to incomplete union tag2'
      (*p1)[-p2][-3.14];
            ^
./d-enode-errtree-1.c:98:8: ERROR - operand of unary - has illegal type `incomplete union tag2'
      p1[-*p2][-3.14];
         ^
./d-enode-errtree-1.c:99:7: ERROR - operand of unary -- has illegal type `struct defined at ./d-enode-errtree-1.c:1:8'
      (x--) = 0;
        ^
./d-enode-errtree-1.c:100:5: ERROR - operand of unary -- has illegal type `incomplete union tag1'
      --*p1 = 0;
      ^
./d-enode-errtree-1.c:101:9: ERROR - operand of unary -- has illegal type `void'
      vf()-- = 0;
          ^
./d-enode-errtree-1.c:102:11: ERROR - operand of unary -- has illegal type `const void'
      (*pcv)-- = 0;
            ^
./d-enode-errtree-1.c:103:11: ERROR - operand of unary -- has illegal type `volatile void'
      (*pvv)-- = 0;
            ^
./d-enode-errtree-1.c:105:8: ERROR - operands of * have illegal types `struct defined at ./d-enode-errtree-1.c:1:8' and `struct defined at ./d-enode-errtree-1.c:2:8'
      (x * y) / 0;
         ^
./d-enode-errtree-1.c:106:10: ERROR - operands of / have illegal types `incomplete union tag1' and `incomplete union tag2'
      (*p1 / *p2) * 0;
           ^
./d-enode-errtree-1.c:107:9: ERROR - operands of / have illegal types `pointer to incomplete union tag1' and `int'
      (p1 / 0) / p2;
          ^
./d-enode-errtree-1.c:108:11: ERROR - operands of / have illegal types `void' and `void'
      (vf() / vf()) * vf();
            ^
./d-enode-errtree-1.c:109:11: ERROR - operands of * have illegal types `const void' and `pointer to volatile void'
      (*pcv * pvv) / *pvv;
            ^
./d-enode-errtree-1.c:111:6: ERROR - operand of unary + has illegal type `struct defined at ./d-enode-errtree-1.c:1:8'
      (+x) = x;
       ^
./d-enode-errtree-1.c:112:6: ERROR - operand of unary - has illegal type `struct defined at ./d-enode-errtree-1.c:2:8'
      (-y) = -y;
       ^
./d-enode-errtree-1.c:112:12: ERROR - operand of unary - has illegal type `struct defined at ./d-enode-errtree-1.c:2:8'
      (-y) = -y;
             ^
./d-enode-errtree-1.c:113:6: ERROR - operand of unary + has illegal type `incomplete union tag1'
      (+*p1) = (+*p1);
       ^
./d-enode-errtree-1.c:113:15: ERROR - operand of unary + has illegal type `incomplete union tag1'
      (+*p1) = (+*p1);
                ^
./d-enode-errtree-1.c:114:6: ERROR - operand of unary + has illegal type `incomplete union tag1'
      (+*p1) = (-*p2);
       ^
./d-enode-errtree-1.c:114:15: ERROR - operand of unary - has illegal type `incomplete union tag2'
      (+*p1) = (-*p2);
                ^
./d-enode-errtree-1.c:115:6: ERROR - operand of unary + has illegal type `void'
      (+vf()) = (-vf());
       ^
./d-enode-errtree-1.c:115:16: ERROR - operand of unary - has illegal type `void'
      (+vf()) = (-vf());
                 ^
./d-enode-errtree-1.c:116:6: ERROR - operand of unary - has illegal type `const void'
      (-*pcv) = (+*pvv);
       ^
./d-enode-errtree-1.c:116:16: ERROR - operand of unary + has illegal type `volatile void'
      (-*pcv) = (+*pvv);
                 ^
./d-enode-errtree-1.c:118:6: ERROR - operand of unary ~ has illegal type `struct defined at ./d-enode-errtree-1.c:1:8'
      (~x) = x;
       ^
./d-enode-errtree-1.c:119:6: ERROR - operand of unary ~ has illegal type `struct defined at ./d-enode-errtree-1.c:2:8'
      (~y) = ~y;
       ^
./d-enode-errtree-1.c:119:12: ERROR - operand of unary ~ has illegal type `struct defined at ./d-enode-errtree-1.c:2:8'
      (~y) = ~y;
             ^
./d-enode-errtree-1.c:120:6: ERROR - operand of unary ~ has illegal type `incomplete union tag1'
      (~*p1) = (~*p1);
       ^
./d-enode-errtree-1.c:120:15: ERROR - operand of unary ~ has illegal type `incomplete union tag1'
      (~*p1) = (~*p1);
                ^
./d-enode-errtree-1.c:121:6: ERROR - operand of unary ~ has illegal type `incomplete union tag1'
      (~*p1) = (~*p2);
       ^
./d-enode-errtree-1.c:121:15: ERROR - operand of unary ~ has illegal type `incomplete union tag2'
      (~*p1) = (~*p2);
                ^
./d-enode-errtree-1.c:122:6: ERROR - operand of unary ~ has illegal type `void'
      (~vf()) = (~vf());
       ^
./d-enode-errtree-1.c:122:16: ERROR - operand of unary ~ has illegal type `void'
      (~vf()) = (~vf());
                 ^
./d-enode-errtree-1.c:123:6: ERROR - operand of unary ~ has illegal type `const void'
      (~*pcv) = (~*pvv);
       ^
./d-enode-errtree-1.c:123:16: ERROR - operand of unary ~ has illegal type `volatile void'
      (~*pcv) = (~*pvv);
                 ^
./d-enode-errtree-1.c:125:6: ERROR - operand of unary ! has illegal type `struct defined at ./d-enode-errtree-1.c:1:8'
      (!x) = x;
       ^
./d-enode-errtree-1.c:126:6: ERROR - operand of unary ! has illegal type `struct defined at ./d-enode-errtree-1.c:2:8'
      (!y) = !y;
       ^
./d-enode-errtree-1.c:126:12: ERROR - operand of unary ! has illegal type `struct defined at ./d-enode-errtree-1.c:2:8'
      (!y) = !y;
             ^
./d-enode-errtree-1.c:127:6: ERROR - operand of unary ! has illegal type `incomplete union tag1'
      (!*p1) = (!*p1);
       ^
./d-enode-errtree-1.c:127:15: ERROR - operand of unary ! has illegal type `incomplete union tag1'
      (!*p1) = (!*p1);
                ^
./d-enode-errtree-1.c:128:6: ERROR - operand of unary ! has illegal type `incomplete union tag1'
      (!*p1) = (!*p2);
       ^
./d-enode-errtree-1.c:128:15: ERROR - operand of unary ! has illegal type `incomplete union tag2'
      (!*p1) = (!*p2);
                ^
./d-enode-errtree-1.c:129:6: ERROR - operand of unary ! has illegal type `void'
      (!vf()) = (!vf());
       ^
./d-enode-errtree-1.c:129:16: ERROR - operand of unary ! has illegal type `void'
      (!vf()) = (!vf());
                 ^
./d-enode-errtree-1.c:130:6: ERROR - operand of unary ! has illegal type `const void'
      (!*pcv) = (!*pvv);
       ^
./d-enode-errtree-1.c:130:16: ERROR - operand of unary ! has illegal type `volatile void'
      (!*pcv) = (!*pvv);
                 ^
./d-enode-errtree-1.c:131:1: warning - missing return value
  }
  ^
