./d-enode-valcond.c:1:34: warning - uninitialized reference to `b'
  void f1(void) { int a, b, c; a = b && c; }
                                   ^
./d-enode-valcond.c:1:39: warning - uninitialized reference to `c'
  void f1(void) { int a, b, c; a = b && c; }
                                        ^
./d-enode-valcond.c:1:21: warning - local `a' set but not meaningfully used
  void f1(void) { int a, b, c; a = b && c; }
                      ^
./d-enode-valcond.c:2:35: warning - uninitialized reference to `b'
  void f2(void) { int a, b, c; a = (b == 0) && !(c > 0); }
                                    ^
./d-enode-valcond.c:2:48: warning - uninitialized reference to `c'
  void f2(void) { int a, b, c; a = (b == 0) && !(c > 0); }
                                                 ^
./d-enode-valcond.c:2:21: warning - local `a' set but not meaningfully used
  void f2(void) { int a, b, c; a = (b == 0) && !(c > 0); }
                      ^
./d-enode-valcond.c:3:29: warning - uninitialized reference to `a'
  void f3(void) { int a; a = !a; }
                              ^
