[39;1m<command-line>:1:1:[0m [33;1mwarning[0m - #undefining undefined macro `[39;1mfoo[0m'
[39;1m<command-line>:1:1:[0m [33;1mwarning[0m - extraneous tokens after `[39;1mfoo[0m' ignored
[39;1m<command-line>:1:1:[0m [33;1mwarning[0m - missing `[39;1m=[0m' between object-like macro `[39;1mbar[0m' and replacement list
[39;1m./d-err-color-1.c:3:510:[0m [33;1mwarning[0m - logical source line is too long
[0m  [39m"123456789112345678921234567893123456789412345678951234567896123456789712345678981234567899123456789012345678911234567892123456789312345678941234567895123456789612345678971234567898123456789912345678901234567891123456789212345678931234567894123456789512345678961234567897123456789812345678991234567890123456789112345678921234567893123456789412345678951234567896123456789712345678981234567899123456789012345678911234567892123456789312345678941234567895123456789612345678971234567898123456789912345678901234567891123456789212345678931234567894123456789512345678961234567897123456789812345678991234567890"[0m
                                                                                                                                                                                                                                                                                                                                                                                                                                                                                                                               [32m^[0m
[39;1m./d-err-color-1.c:[0m [32;1mnote[0m - ISO C guarantees at most 509 characters
[0m[39;1m./d-err-color-1.c:5:1:[0m [33;1mwarning[0m - trigraph `[39;1m??=[0m' recognized as `[39;1m#[0m'
[0m  [39m??=define foo[0m
  [32m^~~[0m
[39;1m./d-err-color-1.c:[0m [32;1mnote[0m - this is reported only once per file
[0m[39;1m./d-err-color-1.c:6:8:[0m [31;1mERROR[0m - missing controlling expression for `[39;1m#if[0m'
[0m  [39m#if foo[0m
         [32m^[0m
[39;1m./d-err-color-1.c:7:8:[0m [33;1mwarning[0m - extraneous tokens ignored
[0m  [39m#endif xtra token[0m
         [32m^~~~~~~~~~[0m
[39;1m./d-err-color-1.c:8:9:[0m [31;1mERROR[0m - `[39;1m#include[0m' expects a header name ([39;1m"header"[0m or [39;1m<header>[0m)
[0m  [39m#include wow[0m
          [32m^[0m
[39;1m./d-err-color-1.c:11:9:[0m [31;1mERROR[0m - redefinition of macro `[39;1mfoo[0m'
[0m  [39m#define foo bar[0m
          [32m^~~[0m
[39;1m./d-err-color-1.c:5:11:[0m [32;1mnote[0m - previous definition was here
[0m  [39m??=define foo[0m
            [32m^~~[0m
[39;1m./d-err-color-1.c:12:9:[0m [31;1mERROR[0m - redefinition of built-in macro `[39;1m__STDC__[0m'
[0m  [39m#define __STDC__ 0[0m
          [32m^~~~~~~~[0m
[39;1m./d-err-color-1.c:14:19:[0m [31;1mERROR[0m - missing `[39;1m)[0m' in macro parameter list
[0m  [39m#define param(a, b[0m
                    [32m^[0m
[39;1m./d-err-color-1.c:15:13:[0m [33;1mwarning[0m - missing space between macro `[39;1mTEST[0m' and replacement list
[0m  [39m#define TEST$abc[0m
              [32m^[0m
[39;1m./d-err-color-1.c:16:160:[0m [33;1mwarning[0m - too many parameters
[0m  [39m#define many(p1, p2, p3, p4, p5, p6, p7, p8, p9, p10, p11, p12, p13, p14, p15, p16, p17, p18, p19, p20, p21, p22, p23, p24, p25, p26, p27, p28, p29, p30, p31, p32)[0m
                                                                                                                                                                 [32m^~~[0m
[39;1m./d-err-color-1.c:[0m [32;1mnote[0m - ISO C guarantees only 31 parameters
[0m[39;1m./d-err-color-1.c:17:28:[0m [31;1mERROR[0m - `[39;1m##[0m' cannot be an operand of `[39;1m##[0m'
[0m  [39m#define fred(a, b, c) a ## ## c[0m
                             [32m^~[0m
[39;1m./d-err-color-1.c:19:23:[0m [31;1mERROR[0m - `[39;1m##[0m' generated multiple tokens from `[39;1m3.14+[0m'
[0m  [39m#define paste(a, b) a ## b[0m
                        [32m^~[0m
[39;1m./d-err-color-1.c:20:1:[0m [32;1mnote[0m - macro expansion invoked here
[0m  [39mpaste(3.14, +90)[0m
  [32m^~~~~~~~~~~~~~~~[0m
[39;1m./d-err-color-1.c:22:21:[0m [31;1mERROR[0m - `[39;1m##[0m' generated multiple tokens from `[39;1m3.14"abc"[0m'
[0m  [39m#define mix(a, b) a ## #b[0m
                      [32m^~[0m
[39;1m./d-err-color-1.c:23:1:[0m [32;1mnote[0m - macro expansion invoked here
[0m  [39mmix(3.14, abc)[0m
  [32m^~~~~~~~~~~~~~[0m
[39;1m./d-err-color-1.c:22:21:[0m [33;1mwarning[0m - evaluation order of `[39;1m#[0m' and `[39;1m##[0m' operators is unspecified
[0m  [39m#define mix(a, b) a ## #b[0m
                      [32m^~[0m [32m~[0m
[39;1m./d-err-color-1.c:23:1:[0m [32;1mnote[0m - macro expansion invoked here
[0m  [39mmix(3.14, abc)[0m
  [32m^~~~~~~~~~~~~~[0m
[39;1m./d-err-color-1.c:25:8:[0m [31;1mERROR[0m - operand expected before `[39;1mend of line[0m'
[0m  [39m#if 1 +[0m
         [32m^[0m
[39;1m./d-err-color-1.c:28:6:[0m [31;1mERROR[0m - invalid escape sequence `[39;1m\z[0m' in character constant
[0m  [39m#if '\z'[0m
       [32m^~[0m
[39;1m./d-err-color-1.c:31:7:[0m [33;1mwarning[0m - line number zero is not permitted
[0m  [39m#line 0[0m
        [32m^[0m
[39;1m./d-err-color-1.c:1:7:[0m [31;1mERROR[0m - invalid line number `[39;1m-[0m'
[0m  [39m#line -1[0m
        [32m^[0m
[39;1m./d-err-color-1.c:7:1:[0m [31;1mERROR[0m - missing closing [39;1m"[0m
[0m  [39m"missing[0m
  [32m^~~~~~~~[0m
[39;1m./d-err-color-1.c:3:1:[0m [33;1mwarning[0m - string literal is too long
[0m  [39m"123456789112345678921234567893123456789412345678951234567896123456789712345678981234567899123456789012345678911234567892123456789312345678941234567895123456789612345678971234567898123456789912345678901234567891123456789212345678931234567894123456789512345678961234567897123456789812345678991234567890123456789112345678921234567893123456789412345678951234567896123456789712345678981234567899123456789012345678911234567892123456789312345678941234567895123456789612345678971234567898123456789912345678901234567891123456789212345678931234567894123456789512345678961234567897123456789812345678991234567890"[0m
  [32m^~~~~~~~~~~~~~~~~~~~~~~~~~~~~~~~~~~~~~~~~~~~~~~~~~~~~~~~~~~~~~~~~~~~~~~~~~~~~~~~~~~~~~~~~~~~~~~~~~~~~~~~~~~~~~~~~~~~~~~~~~~~~~~~~~~~~~~~~~~~~~~~~~~~~~~~~~~~~~~~~~~~~~~~~~~~~~~~~~~~~~~~~~~~~~~~~~~~~~~~~~~~~~~~~~~~~~~~~~~~~~~~~~~~~~~~~~~~~~~~~~~~~~~~~~~~~~~~~~~~~~~~~~~~~~~~~~~~~~~~~~~~~~~~~~~~~~~~~~~~~~~~~~~~~~~~~~~~~~~~~~~~~~~~~~~~~~~~~~~~~~~~~~~~~~~~~~~~~~~~~~~~~~~~~~~~~~~~~~~~~~~~~~~~~~~~~~~~~~~~~~~~~~~~~~~~~~~~~~~~~~~~~~~~~~~~~~~~~~~~~~~~~~~~~~~~~~~~~~~~~~~~~~~~~~~~~~~~~~~~~~~~~~~~~~~~~~~~~~~~~~~~~~~~~~~~~~~~~~~~~~~~~~~~~~~~~~~~~~~~~~~~~~~~~~~~~~~~~~~~~~~~~~~~~~~~~~~~~~~~~~~~~~~~~~~~~~~~~~~~~~[0m
[39;1m./d-err-color-1.c:[0m [32;1mnote[0m - ISO C guarantees only 509 characters
[0m[39;1m./d-err-color-1.c:3:1:[0m [31;1mERROR[0m - invalid declaration
[0m  [39m"123456789112345678921234567893123456789412345678951234567896123456789712345678981234567899123456789012345678911234567892123456789312345678941234567895123456789612345678971234567898123456789912345678901234567891123456789212345678931234567894123456789512345678961234567897123456789812345678991234567890123456789112345678921234567893123456789412345678951234567896123456789712345678981234567899123456789012345678911234567892123456789312345678941234567895123456789612345678971234567898123456789912345678901234567891123456789212345678931234567894123456789512345678961234567897123456789812345678991234567890"[0m
  [32m^[0m
[39;1m./d-err-color-1.c:4:9:[0m [31;1mERROR[0m - invalid suffix `[39;1mx[0m' on floating constant
[0m  [39m3.141592x[0m
          [32m^[0m
[39;1m./d-err-color-1.c:5:4:[0m [31;1mERROR[0m - 8 and 9 are not allowed in octal constant
[0m  [39m0189[0m
     [32m^[0m
[39;1m./d-err-color-1.c:20:2:[0m [31;1mERROR[0m - missing matching `[39;1m#if[0m' for `[39;1m#else[0m'
[0m  [39m#else[0m
   [32m^~~~[0m
[39;1m./d-err-color-1.c:21:4:[0m [31;1mERROR[0m - missing controlling expression for `[39;1m#if[0m'
[0m  [39m#if[0m
     [32m^[0m
[39;1m./d-err-color-1.c:21:2:[0m [31;1mERROR[0m - unterminated `[39;1m#if[0m'
[0m  [39m#if[0m
   [32m^~[0m
[39;1m./d-err-color-1.c:11:13:[0m [31;1mERROR[0m - conversion to `[39;1mstruct[0m' is not allowed
[0m  [39m    int x = (struct tag)0;[0m
              [32m^~~~~~~~~~~~[0m[32m~[0m
[39;1m./d-err-color-1.c:12:9:[0m [33;1mwarning[0m - ISO C recommends `[39;1mstatic[0m' come first in declaration
[0m  [39m    int static y;[0m
          [32m^~~~~~[0m
[39;1m./d-err-color-1.c:15:16:[0m [31;1mERROR[0m - illegal bit-field size (that must be [0, 32])
[0m  [39m        int x: 35;[0m
                 [32m^~[0m
[39;1m./d-err-color-1.c:16:7:[0m [31;1mERROR[0m - redeclaration of `[39;1mx[0m'
[0m  [39m    } x[0m
        [32m^[0m
[39;1m./d-err-color-1.c:11:9:[0m [32;1mnote[0m - previous declaration was here
[0m  [39m    int x = (struct tag)0;[0m
          [32m^[0m
[39;1m./d-err-color-1.c:16:8:[0m [31;1mERROR[0m - syntax error; expected `[39;1m;[0m' before `[39;1m}[0m'
[0m  [39m    } x[0m
         [32m^[0m
[39;1m./d-err-color-1.c:17:2:[0m [31;1mERROR[0m - syntax error; expected `[39;1m}[0m' before `[39;1mend of input[0m'
[0m  [39m}[0m
   [32m^[0m
[39;1m./d-err-color-1.c:10:1:[0m [32;1mnote[0m - to match this `[39;1m{[0m'
[0m  [39m{[0m
  [32m^[0m
