d-err-issue-2-a.c:1:30: ERROR - invalid initializer; `pointer to char' given for `char'
  char a = "d-err-issue-2-a.c" + 1;
                               ^
In file included from ./d-err-issue-2-b.c:2,
                 from d-err-issue-2-a.c:4:
./d-err-issue-2-c.c:1:11: ERROR - invalid initializer; `pointer to char' given for `int'
  int x = 1 + "./d-err-issue-2-c.c";
            ^
In file included from d-err-issue-2-a.c:4:
./d-err-issue-2-b.c:5:6: ERROR - empty declaration
  char "./d-err-issue-2-b.c" = 5;
       ^
./d-err-issue-2-b.c:5:6: ERROR - syntax error; expected `;' before `string literal'
  char "./d-err-issue-2-b.c" = 5;
       ^
./d-err-issue-2-b.c:5:6: ERROR - invalid declaration
  char "./d-err-issue-2-b.c" = 5;
       ^
  (skipping '"./d-err-is..."' '=' '5')
./d-err-issue-2-b.c:7:6: ERROR - empty declaration
  char 200 = "bar";
       ^
./d-err-issue-2-b.c:7:6: ERROR - syntax error; expected `;' before `integer constant'
  char 200 = "bar";
       ^
./d-err-issue-2-b.c:7:6: ERROR - invalid declaration
  char 200 = "bar";
       ^
  (skipping '200' '=' '"bar"')
d-err-issue-2-a.c:5:30: ERROR - invalid initializer; `char' given for `pointer to char'
  char *b = "d-err-issue-2-a.c"[5];
                               ^
d-err-issue-2-a.c:5:30: ERROR - initializer must be constant
  char *b = "d-err-issue-2-a.c"[5];
                               ^
In file included from d-err-issue-2-a.c:10:
./d-err-issue-2-b.c:5:6: ERROR - empty declaration
  char "./d-err-issue-2-b.c" = 5;
       ^
./d-err-issue-2-b.c:5:6: ERROR - syntax error; expected `;' before `string literal'
  char "./d-err-issue-2-b.c" = 5;
       ^
./d-err-issue-2-b.c:5:6: ERROR - invalid declaration
  char "./d-err-issue-2-b.c" = 5;
       ^
  (skipping '"./d-err-is..."' '=' '5')
./d-err-issue-2-b.c:7:6: ERROR - empty declaration
  char 200 = "bar";
       ^
./d-err-issue-2-b.c:7:6: ERROR - syntax error; expected `;' before `integer constant'
  char 200 = "bar";
       ^
./d-err-issue-2-b.c:7:6: ERROR - invalid declaration
  char 200 = "bar";
       ^
  (skipping '200' '=' '"bar"')
d-err-issue-2-a.c:11:14: ERROR - invalid initializer; `char' given for `pointer to char'
  char *c = 103["foo"];
               ^
d-err-issue-2-a.c:11:14: ERROR - initializer must be constant
  char *c = 103["foo"];
               ^
