./d-expr-prim-2.c:1:9: warning - implicit declaration of a function
  int x = bar();
          ^
./d-expr-prim-2.c:1:9: warning - missing prototype
  int x = bar();
          ^
./d-expr-prim-2.c:1:12: ERROR - initializer must be constant
  int x = bar();
             ^
./d-expr-prim-2.c:5:13: warning - implicit declaration of a function
      int n = foo();
              ^
./d-expr-prim-2.c:5:13: warning - missing prototype
      int n = foo();
              ^
./d-expr-prim-2.c:6:9: warning - local `m' set but not used
      int m = bar();
          ^
./d-expr-prim-2.c:5:9: warning - local `n' set but not used
      int n = foo();
          ^
./d-expr-prim-2.c:9:9: warning - implicit declaration of a function
  int y = foo();
          ^
./d-expr-prim-2.c:9:9: warning - missing prototype
  int y = foo();
          ^
./d-expr-prim-2.c:9:12: ERROR - initializer must be constant
  int y = foo();
             ^
