./d-expr-asgn.c:1:31: warning - uninitialized reference to `b'
  void f1(void) { int a, b; a = b; }
                                ^
./d-expr-asgn.c:1:21: warning - local `a' set but not meaningfully used
  void f1(void) { int a, b; a = b; }
                      ^
./d-expr-asgn.c:2:38: warning - uninitialized reference to `c'
  void f2(void) { int a, b, c; a = b = c; }
                                       ^
./d-expr-asgn.c:2:21: warning - local `a' set but not meaningfully used
  void f2(void) { int a, b, c; a = b = c; }
                      ^
./d-expr-asgn.c:3:38: ERROR - lvalue required
  void f3(void) { int a, b, c; (a = b) = c; }    /* error */
                                       ^
./d-expr-asgn.c:4:31: warning - uninitialized reference to `a'
  void f4(void)  { int a, b, c; a += b; a += b += c; }
                                ^
./d-expr-asgn.c:4:36: warning - uninitialized reference to `b'
  void f4(void)  { int a, b, c; a += b; a += b += c; }
                                     ^
./d-expr-asgn.c:4:49: warning - uninitialized reference to `c'
  void f4(void)  { int a, b, c; a += b; a += b += c; }
                                                  ^
./d-expr-asgn.c:5:31: warning - uninitialized reference to `a'
  void f5(void)  { int a, b, c; a -= b; a -= b -= c; }
                                ^
./d-expr-asgn.c:5:36: warning - uninitialized reference to `b'
  void f5(void)  { int a, b, c; a -= b; a -= b -= c; }
                                     ^
./d-expr-asgn.c:5:49: warning - uninitialized reference to `c'
  void f5(void)  { int a, b, c; a -= b; a -= b -= c; }
                                                  ^
./d-expr-asgn.c:6:31: warning - uninitialized reference to `a'
  void f6(void)  { int a, b, c; a *= b; a *= b *= c; }
                                ^
./d-expr-asgn.c:6:36: warning - uninitialized reference to `b'
  void f6(void)  { int a, b, c; a *= b; a *= b *= c; }
                                     ^
./d-expr-asgn.c:6:49: warning - uninitialized reference to `c'
  void f6(void)  { int a, b, c; a *= b; a *= b *= c; }
                                                  ^
./d-expr-asgn.c:7:31: warning - uninitialized reference to `a'
  void f7(void)  { int a, b, c; a /= b; a /= b /= c; }
                                ^
./d-expr-asgn.c:7:36: warning - uninitialized reference to `b'
  void f7(void)  { int a, b, c; a /= b; a /= b /= c; }
                                     ^
./d-expr-asgn.c:7:49: warning - uninitialized reference to `c'
  void f7(void)  { int a, b, c; a /= b; a /= b /= c; }
                                                  ^
./d-expr-asgn.c:8:31: warning - uninitialized reference to `a'
  void f8(void)  { int a, b, c; a %= b; a %= b %= c; }
                                ^
./d-expr-asgn.c:8:36: warning - uninitialized reference to `b'
  void f8(void)  { int a, b, c; a %= b; a %= b %= c; }
                                     ^
./d-expr-asgn.c:8:49: warning - uninitialized reference to `c'
  void f8(void)  { int a, b, c; a %= b; a %= b %= c; }
                                                  ^
./d-expr-asgn.c:9:31: warning - uninitialized reference to `a'
  void f9(void)  { int a, b, c; a &= b; a &= b &= c; }
                                ^
./d-expr-asgn.c:9:36: warning - uninitialized reference to `b'
  void f9(void)  { int a, b, c; a &= b; a &= b &= c; }
                                     ^
./d-expr-asgn.c:9:49: warning - uninitialized reference to `c'
  void f9(void)  { int a, b, c; a &= b; a &= b &= c; }
                                                  ^
./d-expr-asgn.c:10:31: warning - uninitialized reference to `a'
  void f10(void) { int a, b, c; a |= b; a |= b |= c; }
                                ^
./d-expr-asgn.c:10:36: warning - uninitialized reference to `b'
  void f10(void) { int a, b, c; a |= b; a |= b |= c; }
                                     ^
./d-expr-asgn.c:10:49: warning - uninitialized reference to `c'
  void f10(void) { int a, b, c; a |= b; a |= b |= c; }
                                                  ^
./d-expr-asgn.c:11:31: warning - uninitialized reference to `a'
  void f11(void) { int a, b, c; a ^= b; a ^= b ^= c; }
                                ^
./d-expr-asgn.c:11:36: warning - uninitialized reference to `b'
  void f11(void) { int a, b, c; a ^= b; a ^= b ^= c; }
                                     ^
./d-expr-asgn.c:11:49: warning - uninitialized reference to `c'
  void f11(void) { int a, b, c; a ^= b; a ^= b ^= c; }
                                                  ^
./d-expr-asgn.c:12:31: warning - uninitialized reference to `a'
  void f12(void) { int a, b, c; a <<= b; a <<= b <<= c; }
                                ^
./d-expr-asgn.c:12:37: warning - uninitialized reference to `b'
  void f12(void) { int a, b, c; a <<= b; a <<= b <<= c; }
                                      ^
./d-expr-asgn.c:12:52: warning - uninitialized reference to `c'
  void f12(void) { int a, b, c; a <<= b; a <<= b <<= c; }
                                                     ^
./d-expr-asgn.c:13:31: warning - uninitialized reference to `a'
  void f13(void) { int a, b, c; a >>= b; a >>= b >>= c; }
                                ^
./d-expr-asgn.c:13:37: warning - uninitialized reference to `b'
  void f13(void) { int a, b, c; a >>= b; a >>= b >>= c; }
                                      ^
./d-expr-asgn.c:13:52: warning - uninitialized reference to `c'
  void f13(void) { int a, b, c; a >>= b; a >>= b >>= c; }
                                                     ^
