./d-expr-expr.c:1:34: warning - uninitialized reference to `b'
  void f1(void) { int a, b, c; a = b, b = c; }
                                   ^
./d-expr-expr.c:1:41: warning - uninitialized reference to `c'
  void f1(void) { int a, b, c; a = b, b = c; }
                                          ^
./d-expr-expr.c:1:21: warning - local `a' set but not meaningfully used
  void f1(void) { int a, b, c; a = b, b = c; }
                      ^
./d-expr-expr.c:2:34: warning - uninitialized reference to `b'
  void f2(void) { int a, b, c; a = b, b = c, c = a; }
                                   ^
./d-expr-expr.c:2:41: warning - uninitialized reference to `c'
  void f2(void) { int a, b, c; a = b, b = c, c = a; }
                                          ^
./d-expr-expr.c:3:34: warning - uninitialized reference to `b'
  void f3(void) { int a, b, c; a = b, (b = c, c = a); }
                                   ^
./d-expr-expr.c:3:42: warning - uninitialized reference to `c'
  void f3(void) { int a, b, c; a = b, (b = c, c = a); }
                                           ^
