test.c:100:1: ERROR - line splicing is not supported
  \
  ^
test.c:100:1: warning - missing declaration specifier
  abc"
  ^
test.c:100:1: warning - type defaults to `int'
  abc"
  ^
test.c:100:5: ERROR - missing closing "
  abc"
      ^
test.c:100:4: ERROR - syntax error; expected `;' before `string literal'
  abc"
     ^
test.c:100:4: ERROR - invalid declaration
  abc"
     ^
  (skipping '""')
test.c:100:5: ERROR - empty declaration
  int = 0;
      ^
test.c:100:16: warning - static `b' defined but not referenced
      static int b;
                 ^
test.c:100:16: warning - static `a' defined but not referenced
      static int a;
                 ^
