In file included from a.c:1:
b.c:1:1: warning - missing declaration specifier
  test;
  ^
b.c:1:1: warning - type defaults to `int'
  test;
  ^
In file included from b.c:2,
                 from a.c:1:
c.c:1:1: warning - missing declaration specifier
  test2;
  ^
c.c:1:1: warning - type defaults to `int'
  test2;
  ^
In file included from a.c:1:
b.c:2:1: warning - missing declaration specifier
  test3;
  ^
b.c:2:1: warning - type defaults to `int'
  test3;
  ^
a.c:2:1: warning - missing declaration specifier
  test4;
  ^
a.c:2:1: warning - type defaults to `int'
  test4;
  ^
