./d-lex-scon-6.c:9:12: warning - string literal is too long
  char b[] = "1234567891123456789212345678931234567894123456789512345678961234567897123456789812345678991234567890"
             ^~~~~~~~~~~~~~~~~~~~~~~~~~~~~~~~~~~~~~~~~~~~~~~~~~~~~~~~~~~~~~~~~~~~~~~~~~~~~~~~~~~~~~~~~~~~~~~~~~~~~~
./d-lex-scon-6.c: note - ISO C guarantees only 509 characters
./d-lex-scon-6.c:23:10: ERROR - wide character array initialized from non-wide string
  long e[] = "일이삼사오육칠팔구일일이삼사오육칠팔구이일이삼사오육칠팔구삼일이삼사오육칠팔구사일이삼사오육칠팔구오"
           ^
./d-lex-scon-6.c:34:12: warning - string literal is too long
  long f[] = "일이삼사오육칠팔구일일이삼사오육칠팔구이일이삼사오육칠팔구삼일이삼사오육칠팔구사일이삼사오육칠팔구오"
             ^~~~~~~~~~~~~~~~~~~~~~~~~~~~~~~~~~~~~~~~~~~~~~~~~~~~~~~~~~~~~~~~~~~~~~~~~~~~~~~~~~~~~~~~~~~~~~~~~~~~~~
./d-lex-scon-6.c: note - ISO C guarantees only 509 characters
./d-lex-scon-6.c:34:10: ERROR - wide character array initialized from non-wide string
  long f[] = "일이삼사오육칠팔구일일이삼사오육칠팔구이일이삼사오육칠팔구삼일이삼사오육칠팔구사일이삼사오육칠팔구오"
           ^
./d-lex-scon-6.c:46:12: warning - adjacent multibyte and wide strings result in wide string
             L"일이삼사오육칠팔구육일이삼사오육칠팔구칠일이삼사오육칠팔구팔일이삼사오육칠팔구구일이삼사오육칠팔구백"
             ^~~~~~~~~~~~~~~~~~~~~~~~~~~~~~~~~~~~~~~~~~~~~~~~~~~~~~~~~~~~~~~~~~~~~~~~~~~~~~~~~~~~~~~~~~~~~~~~~~~~~~~
./d-lex-scon-6.c: note - the concatenation is not portable in C90
./d-lex-scon-6.c:59:13: warning - adjacent multibyte and wide strings result in wide string
              "일이삼사오육칠팔구육일이삼사오육칠팔구칠일이삼사오육칠팔구팔일이삼사오육칠팔구구일이삼사오육칠팔구백"
              ^~~~~~~~~~~~~~~~~~~~~~~~~~~~~~~~~~~~~~~~~~~~~~~~~~~~~~~~~~~~~~~~~~~~~~~~~~~~~~~~~~~~~~~~~~~~~~~~~~~~~~
./d-lex-scon-6.c: note - the concatenation is not portable in C90
./d-lex-scon-6.c:56:12: warning - string literal is too long
  long h[] = L"일이삼사오육칠팔구일일이삼사오육칠팔구이일이삼사오육칠팔구삼일이삼사오육칠팔구사일이삼사오육칠팔구오"
             ^~~~~~~~~~~~~~~~~~~~~~~~~~~~~~~~~~~~~~~~~~~~~~~~~~~~~~~~~~~~~~~~~~~~~~~~~~~~~~~~~~~~~~~~~~~~~~~~~~~~~~~
./d-lex-scon-6.c: note - ISO C guarantees only 509 characters
./d-lex-scon-6.c:78:12: warning - string literal is too long
  char j[] = "12345육칠팔구일일이삼사오육칠팔구이일이삼사오육칠팔구삼일이삼사오육칠팔구사일이삼사오육칠팔구오"
             ^~~~~~~~~~~~~~~~~~~~~~~~~~~~~~~~~~~~~~~~~~~~~~~~~~~~~~~~~~~~~~~~~~~~~~~~~~~~~~~~~~~~~~~~~~~~~~~~~
./d-lex-scon-6.c: note - ISO C guarantees only 509 characters
