./d-lex-next-8.c:3:12: ERROR - array size must be greater than 0; adjusted to 1
      int x<:0:>;
             ^
./d-lex-next-8.c:4:24: ERROR - too many initializer for `array [1] of int'
      int y<:1:> = <% 1, 2 };
                         ^
./d-lex-next-8.c:5:17: ERROR - too many initializer for `array [1] of char'
      char s[1] = "%>";
                  ^
./d-lex-next-8.c:7:7: ERROR - # or ## is supported only in preprocessing
      s # ##
        ^
./d-lex-next-8.c:7:9: ERROR - # or ## is supported only in preprocessing
      s # ##
          ^
./d-lex-next-8.c:7:5: warning - expression result not used
      s # ##
      ^
./d-lex-next-8.c:7:6: ERROR - syntax error; expected `;' before `identifier'
      s # ##
       ^
./d-lex-next-8.c:8:7: ERROR - # or ## is supported only in preprocessing
      s %: %:%: %:%:%: %:%:%:%:
        ^
./d-lex-next-8.c:8:10: ERROR - # or ## is supported only in preprocessing
      s %: %:%: %:%:%: %:%:%:%:
           ^
./d-lex-next-8.c:8:15: ERROR - # or ## is supported only in preprocessing
      s %: %:%: %:%:%: %:%:%:%:
                ^
./d-lex-next-8.c:8:19: ERROR - # or ## is supported only in preprocessing
      s %: %:%: %:%:%: %:%:%:%:
                    ^
./d-lex-next-8.c:8:22: ERROR - # or ## is supported only in preprocessing
      s %: %:%: %:%:%: %:%:%:%:
                       ^
./d-lex-next-8.c:8:26: ERROR - # or ## is supported only in preprocessing
      s %: %:%: %:%:%: %:%:%:%:
                           ^
./d-lex-next-8.c:8:5: warning - expression result not used
      s %: %:%: %:%:%: %:%:%:%:
      ^
./d-lex-next-8.c:8:6: ERROR - syntax error; expected `;' before `identifier'
      s %: %:%: %:%:%: %:%:%:%:
       ^
./d-lex-next-8.c:9:7: ERROR - # or ## is supported only in preprocessing
      s #%:
        ^
./d-lex-next-8.c:9:8: ERROR - # or ## is supported only in preprocessing
      s #%:
         ^
./d-lex-next-8.c:9:5: warning - expression result not used
      s #%:
      ^
./d-lex-next-8.c:9:6: ERROR - syntax error; expected `;' before `identifier'
      s #%:
       ^
./d-lex-next-8.c:11:7: ERROR - # or ## is supported only in preprocessing
      x #x
        ^
./d-lex-next-8.c:11:5: warning - expression result not used
      x #x
      ^
./d-lex-next-8.c:11:6: ERROR - syntax error; expected `;' before `identifier'
      x #x
       ^
./d-lex-next-8.c:11:8: warning - expression result not used
      x #x
         ^
./d-lex-next-8.c:11:9: ERROR - syntax error; expected `;' before `identifier'
      x #x
          ^
./d-lex-next-8.c:12:7: ERROR - # or ## is supported only in preprocessing
      x ##x
        ^
./d-lex-next-8.c:12:5: warning - expression result not used
      x ##x
      ^
./d-lex-next-8.c:12:6: ERROR - syntax error; expected `;' before `identifier'
      x ##x
       ^
./d-lex-next-8.c:12:9: warning - expression result not used
      x ##x
          ^
./d-lex-next-8.c:12:10: ERROR - syntax error; expected `;' before `identifier'
      x ##x
           ^
./d-lex-next-8.c:13:7: ERROR - # or ## is supported only in preprocessing
      x %:x
        ^
./d-lex-next-8.c:13:5: warning - expression result not used
      x %:x
      ^
./d-lex-next-8.c:13:6: ERROR - syntax error; expected `;' before `identifier'
      x %:x
       ^
./d-lex-next-8.c:13:9: warning - expression result not used
      x %:x
          ^
./d-lex-next-8.c:13:10: ERROR - syntax error; expected `;' before `identifier'
      x %:x
           ^
./d-lex-next-8.c:14:7: ERROR - # or ## is supported only in preprocessing
      x %:%:x
        ^
./d-lex-next-8.c:14:5: warning - expression result not used
      x %:%:x
      ^
./d-lex-next-8.c:14:6: ERROR - syntax error; expected `;' before `identifier'
      x %:%:x
       ^
./d-lex-next-8.c:16:6: warning - unrecognized directive
      #
       ^
./d-lex-next-8.c:17:5: ERROR - # or ## is supported only in preprocessing
      ##
      ^
./d-lex-next-8.c:18:5: ERROR - # or ## is supported only in preprocessing
      ###
      ^
./d-lex-next-8.c:18:7: ERROR - # or ## is supported only in preprocessing
      ###
        ^
./d-lex-next-8.c:19:5: ERROR - # or ## is supported only in preprocessing
      ####
      ^
./d-lex-next-8.c:19:7: ERROR - # or ## is supported only in preprocessing
      ####
        ^
./d-lex-next-8.c:20:5: ERROR - # or ## is supported only in preprocessing
      %:
      ^
./d-lex-next-8.c:21:5: ERROR - # or ## is supported only in preprocessing
      %:%:
      ^
./d-lex-next-8.c:14:11: warning - expression result not used
      x %:%:x
            ^
./d-lex-next-8.c:14:12: ERROR - syntax error; expected `;' before `}'
      x %:%:x
             ^
./d-lex-next-8.c:4:9: warning - local `y' set but not used
      int y<:1:> = <% 1, 2 };
          ^
./d-lex-next-8.c:22:1: warning - missing return value
  %>
  ^
