./d-lex-next-2.c:4:16: warning - C90 does not support //-comments
      int c = 10 //* comment */ 1
                 ^
./d-lex-next-2.c: note - this is reported only once per file
./d-lex-next-2.c:6:5: ERROR - invalid declaration or statement
      // test
      ^
  (skipping '/' '/')
./d-lex-next-2.c:6:8: ERROR - undeclared identifier `test'
      // test
         ^
./d-lex-next-2.c:7:6: ERROR - invalid expression
      // test
       ^
./d-lex-next-2.c:8:1: ERROR - syntax error; expected `;' before `}'
  }
  ^
./d-lex-next-2.c:4:9: warning - local `c' set but not meaningfully used
      int c = 10 //* comment */ 1
          ^
