./d-ll-2.c:5:8: ERROR - operands of ?: have illegal types `int' and `pointer to void'
      (1)? 1: (void *)0;
         ^ ~  ~~~~~~~~~
./d-ll-2.c:6:8: ERROR - operands of ?: have illegal types `int' and `pointer to void'
      (1)? 2147483647: (void *)0;
         ^ ~~~~~~~~~~  ~~~~~~~~~
./d-ll-2.c:7:10: warning - integer constant is unsigned only in C90
      (1)? 2147483648: (void *)0;
           ^~~~~~~~~~
./d-ll-2.c:7:8: ERROR - operands of ?: have illegal types `unsigned long' and `pointer to void'
      (1)? 2147483648: (void *)0;
         ^ ~~~~~~~~~~  ~~~~~~~~~
./d-ll-2.c:8:10: warning - integer constant is unsigned only in C90
      (1)? 4294967295: (void *)0;
           ^~~~~~~~~~
./d-ll-2.c:8:8: ERROR - operands of ?: have illegal types `unsigned long' and `pointer to void'
      (1)? 4294967295: (void *)0;
         ^ ~~~~~~~~~~  ~~~~~~~~~
./d-ll-2.c:9:10: warning - integer constant of long long int type is an extension in C90
      (1)? 4294967296: (void *)0;
           ^~~~~~~~~~
./d-ll-2.c:9:8: ERROR - operands of ?: have illegal types `long long int' and `pointer to void'
      (1)? 4294967296: (void *)0;
         ^ ~~~~~~~~~~  ~~~~~~~~~
./d-ll-2.c:10:10: warning - integer constant of long long int type is an extension in C90
      (1)? 9223372036854775807: (void *)0;
           ^~~~~~~~~~~~~~~~~~~
./d-ll-2.c:10:8: ERROR - operands of ?: have illegal types `long long int' and `pointer to void'
      (1)? 9223372036854775807: (void *)0;
         ^ ~~~~~~~~~~~~~~~~~~~  ~~~~~~~~~
./d-ll-2.c:11:10: warning - integer constant is so large that it is unsinged
      (1)? 9223372036854775808: (void *)0;
           ^~~~~~~~~~~~~~~~~~~
./d-ll-2.c:11:10: warning - integer constant of unsigned long long type is an extension in C90
      (1)? 9223372036854775808: (void *)0;
           ^~~~~~~~~~~~~~~~~~~
./d-ll-2.c:11:8: ERROR - operands of ?: have illegal types `unsigned long long' and `pointer to void'
      (1)? 9223372036854775808: (void *)0;
         ^ ~~~~~~~~~~~~~~~~~~~  ~~~~~~~~~
./d-ll-2.c:12:10: warning - integer constant is so large that it is unsinged
      (1)? 18446744073709551615: (void *)0;
           ^~~~~~~~~~~~~~~~~~~~
./d-ll-2.c:12:10: warning - integer constant of unsigned long long type is an extension in C90
      (1)? 18446744073709551615: (void *)0;
           ^~~~~~~~~~~~~~~~~~~~
./d-ll-2.c:12:8: ERROR - operands of ?: have illegal types `unsigned long long' and `pointer to void'
      (1)? 18446744073709551615: (void *)0;
         ^ ~~~~~~~~~~~~~~~~~~~~  ~~~~~~~~~
./d-ll-2.c:13:10: ERROR - the value of integer constant is too large
      (1)? 18446744073709551616: (void *)0;
           ^~~~~~~~~~~~~~~~~~~~
./d-ll-2.c:13:10: warning - integer constant of unsigned long long type is an extension in C90
      (1)? 18446744073709551616: (void *)0;
           ^~~~~~~~~~~~~~~~~~~~
./d-ll-2.c:13:8: ERROR - operands of ?: have illegal types `unsigned long long' and `pointer to void'
      (1)? 18446744073709551616: (void *)0;
         ^ ~~~~~~~~~~~~~~~~~~~~  ~~~~~~~~~
./d-ll-2.c:15:8: ERROR - operands of ?: have illegal types `unsigned int' and `pointer to void'
      (1)? 1U: (void *)0;
         ^ ~~  ~~~~~~~~~
./d-ll-2.c:16:8: ERROR - operands of ?: have illegal types `unsigned int' and `pointer to void'
      (1)? 2147483647u: (void *)0;
         ^ ~~~~~~~~~~~  ~~~~~~~~~
./d-ll-2.c:17:8: ERROR - operands of ?: have illegal types `unsigned int' and `pointer to void'
      (1)? 2147483648U: (void *)0;
         ^ ~~~~~~~~~~~  ~~~~~~~~~
./d-ll-2.c:18:8: ERROR - operands of ?: have illegal types `unsigned int' and `pointer to void'
      (1)? 4294967295u: (void *)0;
         ^ ~~~~~~~~~~~  ~~~~~~~~~
./d-ll-2.c:19:10: warning - integer constant of unsigned long long type is an extension in C90
      (1)? 4294967296U: (void *)0;
           ^~~~~~~~~~~
./d-ll-2.c:19:8: ERROR - operands of ?: have illegal types `unsigned long long' and `pointer to void'
      (1)? 4294967296U: (void *)0;
         ^ ~~~~~~~~~~~  ~~~~~~~~~
./d-ll-2.c:20:10: warning - integer constant of unsigned long long type is an extension in C90
      (1)? 9223372036854775807u: (void *)0;
           ^~~~~~~~~~~~~~~~~~~~
./d-ll-2.c:20:8: ERROR - operands of ?: have illegal types `unsigned long long' and `pointer to void'
      (1)? 9223372036854775807u: (void *)0;
         ^ ~~~~~~~~~~~~~~~~~~~~  ~~~~~~~~~
./d-ll-2.c:21:10: warning - integer constant of unsigned long long type is an extension in C90
      (1)? 9223372036854775808U: (void *)0;
           ^~~~~~~~~~~~~~~~~~~~
./d-ll-2.c:21:8: ERROR - operands of ?: have illegal types `unsigned long long' and `pointer to void'
      (1)? 9223372036854775808U: (void *)0;
         ^ ~~~~~~~~~~~~~~~~~~~~  ~~~~~~~~~
./d-ll-2.c:22:10: warning - integer constant of unsigned long long type is an extension in C90
      (1)? 18446744073709551615u: (void *)0;
           ^~~~~~~~~~~~~~~~~~~~~
./d-ll-2.c:22:8: ERROR - operands of ?: have illegal types `unsigned long long' and `pointer to void'
      (1)? 18446744073709551615u: (void *)0;
         ^ ~~~~~~~~~~~~~~~~~~~~~  ~~~~~~~~~
./d-ll-2.c:23:10: ERROR - the value of integer constant is too large
      (1)? 18446744073709551616U: (void *)0;
           ^~~~~~~~~~~~~~~~~~~~~
./d-ll-2.c:23:10: warning - integer constant of unsigned long long type is an extension in C90
      (1)? 18446744073709551616U: (void *)0;
           ^~~~~~~~~~~~~~~~~~~~~
./d-ll-2.c:23:8: ERROR - operands of ?: have illegal types `unsigned long long' and `pointer to void'
      (1)? 18446744073709551616U: (void *)0;
         ^ ~~~~~~~~~~~~~~~~~~~~~  ~~~~~~~~~
./d-ll-2.c:25:8: ERROR - operands of ?: have illegal types `long int' and `pointer to void'
      (1)? 1L: (void *)0;
         ^ ~~  ~~~~~~~~~
./d-ll-2.c:26:8: ERROR - operands of ?: have illegal types `long int' and `pointer to void'
      (1)? 2147483647l: (void *)0;
         ^ ~~~~~~~~~~~  ~~~~~~~~~
./d-ll-2.c:27:10: warning - integer constant is unsigned only in C90
      (1)? 2147483648L: (void *)0;
           ^~~~~~~~~~~
./d-ll-2.c:27:8: ERROR - operands of ?: have illegal types `unsigned long' and `pointer to void'
      (1)? 2147483648L: (void *)0;
         ^ ~~~~~~~~~~~  ~~~~~~~~~
./d-ll-2.c:28:10: warning - integer constant is unsigned only in C90
      (1)? 4294967295l: (void *)0;
           ^~~~~~~~~~~
./d-ll-2.c:28:8: ERROR - operands of ?: have illegal types `unsigned long' and `pointer to void'
      (1)? 4294967295l: (void *)0;
         ^ ~~~~~~~~~~~  ~~~~~~~~~
./d-ll-2.c:29:10: warning - integer constant of long long int type is an extension in C90
      (1)? 4294967296L: (void *)0;
           ^~~~~~~~~~~
./d-ll-2.c:29:8: ERROR - operands of ?: have illegal types `long long int' and `pointer to void'
      (1)? 4294967296L: (void *)0;
         ^ ~~~~~~~~~~~  ~~~~~~~~~
./d-ll-2.c:30:10: warning - integer constant of long long int type is an extension in C90
      (1)? 9223372036854775807l: (void *)0;
           ^~~~~~~~~~~~~~~~~~~~
./d-ll-2.c:30:8: ERROR - operands of ?: have illegal types `long long int' and `pointer to void'
      (1)? 9223372036854775807l: (void *)0;
         ^ ~~~~~~~~~~~~~~~~~~~~  ~~~~~~~~~
./d-ll-2.c:31:10: warning - integer constant is so large that it is unsinged
      (1)? 9223372036854775808L: (void *)0;
           ^~~~~~~~~~~~~~~~~~~~
./d-ll-2.c:31:10: warning - integer constant of unsigned long long type is an extension in C90
      (1)? 9223372036854775808L: (void *)0;
           ^~~~~~~~~~~~~~~~~~~~
./d-ll-2.c:31:8: ERROR - operands of ?: have illegal types `unsigned long long' and `pointer to void'
      (1)? 9223372036854775808L: (void *)0;
         ^ ~~~~~~~~~~~~~~~~~~~~  ~~~~~~~~~
./d-ll-2.c:32:10: warning - integer constant is so large that it is unsinged
      (1)? 18446744073709551615l: (void *)0;
           ^~~~~~~~~~~~~~~~~~~~~
./d-ll-2.c:32:10: warning - integer constant of unsigned long long type is an extension in C90
      (1)? 18446744073709551615l: (void *)0;
           ^~~~~~~~~~~~~~~~~~~~~
./d-ll-2.c:32:8: ERROR - operands of ?: have illegal types `unsigned long long' and `pointer to void'
      (1)? 18446744073709551615l: (void *)0;
         ^ ~~~~~~~~~~~~~~~~~~~~~  ~~~~~~~~~
./d-ll-2.c:33:10: ERROR - the value of integer constant is too large
      (1)? 18446744073709551616L: (void *)0;
           ^~~~~~~~~~~~~~~~~~~~~
./d-ll-2.c:33:10: warning - integer constant of unsigned long long type is an extension in C90
      (1)? 18446744073709551616L: (void *)0;
           ^~~~~~~~~~~~~~~~~~~~~
./d-ll-2.c:33:8: ERROR - operands of ?: have illegal types `unsigned long long' and `pointer to void'
      (1)? 18446744073709551616L: (void *)0;
         ^ ~~~~~~~~~~~~~~~~~~~~~  ~~~~~~~~~
./d-ll-2.c:35:8: ERROR - operands of ?: have illegal types `unsigned long' and `pointer to void'
      (1)? 1Ul: (void *)0;
         ^ ~~~  ~~~~~~~~~
./d-ll-2.c:36:8: ERROR - operands of ?: have illegal types `unsigned long' and `pointer to void'
      (1)? 2147483647Lu: (void *)0;
         ^ ~~~~~~~~~~~~  ~~~~~~~~~
./d-ll-2.c:37:8: ERROR - operands of ?: have illegal types `unsigned long' and `pointer to void'
      (1)? 2147483648lU: (void *)0;
         ^ ~~~~~~~~~~~~  ~~~~~~~~~
./d-ll-2.c:38:8: ERROR - operands of ?: have illegal types `unsigned long' and `pointer to void'
      (1)? 4294967295uL: (void *)0;
         ^ ~~~~~~~~~~~~  ~~~~~~~~~
./d-ll-2.c:39:10: warning - integer constant of unsigned long long type is an extension in C90
      (1)? 4294967296UL: (void *)0;
           ^~~~~~~~~~~~
./d-ll-2.c:39:8: ERROR - operands of ?: have illegal types `unsigned long long' and `pointer to void'
      (1)? 4294967296UL: (void *)0;
         ^ ~~~~~~~~~~~~  ~~~~~~~~~
./d-ll-2.c:40:10: warning - integer constant of unsigned long long type is an extension in C90
      (1)? 9223372036854775807lu: (void *)0;
           ^~~~~~~~~~~~~~~~~~~~~
./d-ll-2.c:40:8: ERROR - operands of ?: have illegal types `unsigned long long' and `pointer to void'
      (1)? 9223372036854775807lu: (void *)0;
         ^ ~~~~~~~~~~~~~~~~~~~~~  ~~~~~~~~~
./d-ll-2.c:41:10: warning - integer constant of unsigned long long type is an extension in C90
      (1)? 9223372036854775808lU: (void *)0;
           ^~~~~~~~~~~~~~~~~~~~~
./d-ll-2.c:41:8: ERROR - operands of ?: have illegal types `unsigned long long' and `pointer to void'
      (1)? 9223372036854775808lU: (void *)0;
         ^ ~~~~~~~~~~~~~~~~~~~~~  ~~~~~~~~~
./d-ll-2.c:42:10: warning - integer constant of unsigned long long type is an extension in C90
      (1)? 18446744073709551615Lu: (void *)0;
           ^~~~~~~~~~~~~~~~~~~~~~
./d-ll-2.c:42:8: ERROR - operands of ?: have illegal types `unsigned long long' and `pointer to void'
      (1)? 18446744073709551615Lu: (void *)0;
         ^ ~~~~~~~~~~~~~~~~~~~~~~  ~~~~~~~~~
./d-ll-2.c:43:10: ERROR - the value of integer constant is too large
      (1)? 18446744073709551616LU: (void *)0;
           ^~~~~~~~~~~~~~~~~~~~~~
./d-ll-2.c:43:10: warning - integer constant of unsigned long long type is an extension in C90
      (1)? 18446744073709551616LU: (void *)0;
           ^~~~~~~~~~~~~~~~~~~~~~
./d-ll-2.c:43:8: ERROR - operands of ?: have illegal types `unsigned long long' and `pointer to void'
      (1)? 18446744073709551616LU: (void *)0;
         ^ ~~~~~~~~~~~~~~~~~~~~~~  ~~~~~~~~~
./d-ll-2.c:45:10: warning - integer constant of long long int type is an extension in C90
      (1)? 1LL: (void *)0;
           ^~~
./d-ll-2.c:45:8: ERROR - operands of ?: have illegal types `long long int' and `pointer to void'
      (1)? 1LL: (void *)0;
         ^ ~~~  ~~~~~~~~~
./d-ll-2.c:46:10: warning - integer constant of long long int type is an extension in C90
      (1)? 2147483647ll: (void *)0;
           ^~~~~~~~~~~~
./d-ll-2.c:46:8: ERROR - operands of ?: have illegal types `long long int' and `pointer to void'
      (1)? 2147483647ll: (void *)0;
         ^ ~~~~~~~~~~~~  ~~~~~~~~~
./d-ll-2.c:47:10: warning - integer constant of long long int type is an extension in C90
      (1)? 2147483648LL: (void *)0;
           ^~~~~~~~~~~~
./d-ll-2.c:47:8: ERROR - operands of ?: have illegal types `long long int' and `pointer to void'
      (1)? 2147483648LL: (void *)0;
         ^ ~~~~~~~~~~~~  ~~~~~~~~~
./d-ll-2.c:48:10: warning - integer constant of long long int type is an extension in C90
      (1)? 4294967295ll: (void *)0;
           ^~~~~~~~~~~~
./d-ll-2.c:48:8: ERROR - operands of ?: have illegal types `long long int' and `pointer to void'
      (1)? 4294967295ll: (void *)0;
         ^ ~~~~~~~~~~~~  ~~~~~~~~~
./d-ll-2.c:49:10: warning - integer constant of long long int type is an extension in C90
      (1)? 4294967296LL: (void *)0;
           ^~~~~~~~~~~~
./d-ll-2.c:49:8: ERROR - operands of ?: have illegal types `long long int' and `pointer to void'
      (1)? 4294967296LL: (void *)0;
         ^ ~~~~~~~~~~~~  ~~~~~~~~~
./d-ll-2.c:50:10: warning - integer constant of long long int type is an extension in C90
      (1)? 9223372036854775807ll: (void *)0;
           ^~~~~~~~~~~~~~~~~~~~~
./d-ll-2.c:50:8: ERROR - operands of ?: have illegal types `long long int' and `pointer to void'
      (1)? 9223372036854775807ll: (void *)0;
         ^ ~~~~~~~~~~~~~~~~~~~~~  ~~~~~~~~~
./d-ll-2.c:51:10: warning - integer constant is so large that it is unsinged
      (1)? 9223372036854775808LL: (void *)0;
           ^~~~~~~~~~~~~~~~~~~~~
./d-ll-2.c:51:10: warning - integer constant of unsigned long long type is an extension in C90
      (1)? 9223372036854775808LL: (void *)0;
           ^~~~~~~~~~~~~~~~~~~~~
./d-ll-2.c:51:8: ERROR - operands of ?: have illegal types `unsigned long long' and `pointer to void'
      (1)? 9223372036854775808LL: (void *)0;
         ^ ~~~~~~~~~~~~~~~~~~~~~  ~~~~~~~~~
./d-ll-2.c:52:10: warning - integer constant is so large that it is unsinged
      (1)? 18446744073709551615ll: (void *)0;
           ^~~~~~~~~~~~~~~~~~~~~~
./d-ll-2.c:52:10: warning - integer constant of unsigned long long type is an extension in C90
      (1)? 18446744073709551615ll: (void *)0;
           ^~~~~~~~~~~~~~~~~~~~~~
./d-ll-2.c:52:8: ERROR - operands of ?: have illegal types `unsigned long long' and `pointer to void'
      (1)? 18446744073709551615ll: (void *)0;
         ^ ~~~~~~~~~~~~~~~~~~~~~~  ~~~~~~~~~
./d-ll-2.c:53:10: ERROR - the value of integer constant is too large
      (1)? 18446744073709551616LL: (void *)0;
           ^~~~~~~~~~~~~~~~~~~~~~
./d-ll-2.c:53:10: warning - integer constant of unsigned long long type is an extension in C90
      (1)? 18446744073709551616LL: (void *)0;
           ^~~~~~~~~~~~~~~~~~~~~~
./d-ll-2.c:53:8: ERROR - operands of ?: have illegal types `unsigned long long' and `pointer to void'
      (1)? 18446744073709551616LL: (void *)0;
         ^ ~~~~~~~~~~~~~~~~~~~~~~  ~~~~~~~~~
./d-ll-2.c:55:13: ERROR - invalid suffix `L' on integer constant
      1234567lL;
              ^
./d-ll-2.c:56:13: ERROR - invalid suffix `l' on integer constant
      1234567Ll;
              ^
./d-ll-2.c:58:10: warning - integer constant of unsigned long long type is an extension in C90
      (1)? 1uLL: (void *)0;
           ^~~~
./d-ll-2.c:58:8: ERROR - operands of ?: have illegal types `unsigned long long' and `pointer to void'
      (1)? 1uLL: (void *)0;
         ^ ~~~~  ~~~~~~~~~
./d-ll-2.c:59:10: warning - integer constant of unsigned long long type is an extension in C90
      (1)? 2147483647llU: (void *)0;
           ^~~~~~~~~~~~~
./d-ll-2.c:59:8: ERROR - operands of ?: have illegal types `unsigned long long' and `pointer to void'
      (1)? 2147483647llU: (void *)0;
         ^ ~~~~~~~~~~~~~  ~~~~~~~~~
./d-ll-2.c:60:10: warning - integer constant of unsigned long long type is an extension in C90
      (1)? 2147483648LLu: (void *)0;
           ^~~~~~~~~~~~~
./d-ll-2.c:60:8: ERROR - operands of ?: have illegal types `unsigned long long' and `pointer to void'
      (1)? 2147483648LLu: (void *)0;
         ^ ~~~~~~~~~~~~~  ~~~~~~~~~
./d-ll-2.c:61:10: warning - integer constant of unsigned long long type is an extension in C90
      (1)? 4294967295llU: (void *)0;
           ^~~~~~~~~~~~~
./d-ll-2.c:61:8: ERROR - operands of ?: have illegal types `unsigned long long' and `pointer to void'
      (1)? 4294967295llU: (void *)0;
         ^ ~~~~~~~~~~~~~  ~~~~~~~~~
./d-ll-2.c:62:10: warning - integer constant of unsigned long long type is an extension in C90
      (1)? 4294967296ULL: (void *)0;
           ^~~~~~~~~~~~~
./d-ll-2.c:62:8: ERROR - operands of ?: have illegal types `unsigned long long' and `pointer to void'
      (1)? 4294967296ULL: (void *)0;
         ^ ~~~~~~~~~~~~~  ~~~~~~~~~
./d-ll-2.c:63:10: warning - integer constant of unsigned long long type is an extension in C90
      (1)? 9223372036854775807Ull: (void *)0;
           ^~~~~~~~~~~~~~~~~~~~~~
./d-ll-2.c:63:8: ERROR - operands of ?: have illegal types `unsigned long long' and `pointer to void'
      (1)? 9223372036854775807Ull: (void *)0;
         ^ ~~~~~~~~~~~~~~~~~~~~~~  ~~~~~~~~~
./d-ll-2.c:64:10: warning - integer constant of unsigned long long type is an extension in C90
      (1)? 9223372036854775808uLL: (void *)0;
           ^~~~~~~~~~~~~~~~~~~~~~
./d-ll-2.c:64:8: ERROR - operands of ?: have illegal types `unsigned long long' and `pointer to void'
      (1)? 9223372036854775808uLL: (void *)0;
         ^ ~~~~~~~~~~~~~~~~~~~~~~  ~~~~~~~~~
./d-ll-2.c:65:10: warning - integer constant of unsigned long long type is an extension in C90
      (1)? 18446744073709551615Ull: (void *)0;
           ^~~~~~~~~~~~~~~~~~~~~~~
./d-ll-2.c:65:8: ERROR - operands of ?: have illegal types `unsigned long long' and `pointer to void'
      (1)? 18446744073709551615Ull: (void *)0;
         ^ ~~~~~~~~~~~~~~~~~~~~~~~  ~~~~~~~~~
./d-ll-2.c:66:10: ERROR - the value of integer constant is too large
      (1)? 18446744073709551616LLU: (void *)0;
           ^~~~~~~~~~~~~~~~~~~~~~~
./d-ll-2.c:66:10: warning - integer constant of unsigned long long type is an extension in C90
      (1)? 18446744073709551616LLU: (void *)0;
           ^~~~~~~~~~~~~~~~~~~~~~~
./d-ll-2.c:66:8: ERROR - operands of ?: have illegal types `unsigned long long' and `pointer to void'
      (1)? 18446744073709551616LLU: (void *)0;
         ^ ~~~~~~~~~~~~~~~~~~~~~~~  ~~~~~~~~~
./d-ll-2.c:68:14: ERROR - invalid suffix `l' on integer constant
      1234567uLl;
               ^
./d-ll-2.c:69:14: ERROR - invalid suffix `l' on integer constant
      1234567lul;
               ^
./d-ll-2.c:70:14: ERROR - invalid suffix `L' on integer constant
      1234567LUL;
               ^
./d-ll-2.c:71:13: ERROR - invalid suffix `LU' on integer constant
      1234567lLU;
              ^~
./d-ll-2.c:76:8: ERROR - operands of ?: have illegal types `int' and `pointer to void'
      (1)? 01: (void *)0;
         ^ ~~  ~~~~~~~~~
./d-ll-2.c:77:8: ERROR - operands of ?: have illegal types `int' and `pointer to void'
      (1)? 0x7fffffff: (void *)0;
         ^ ~~~~~~~~~~  ~~~~~~~~~
./d-ll-2.c:78:8: ERROR - operands of ?: have illegal types `unsigned int' and `pointer to void'
      (1)? 0x80000000: (void *)0;
         ^ ~~~~~~~~~~  ~~~~~~~~~
./d-ll-2.c:79:8: ERROR - operands of ?: have illegal types `unsigned int' and `pointer to void'
      (1)? 0xffffffff: (void *)0;
         ^ ~~~~~~~~~~  ~~~~~~~~~
./d-ll-2.c:80:10: warning - integer constant of long long int type is an extension in C90
      (1)? 0x100000000: (void *)0;
           ^~~~~~~~~~~
./d-ll-2.c:80:8: ERROR - operands of ?: have illegal types `long long int' and `pointer to void'
      (1)? 0x100000000: (void *)0;
         ^ ~~~~~~~~~~~  ~~~~~~~~~
./d-ll-2.c:81:10: warning - integer constant of long long int type is an extension in C90
      (1)? 0x7fffffffffffffff: (void *)0;
           ^~~~~~~~~~~~~~~~~~
./d-ll-2.c:81:8: ERROR - operands of ?: have illegal types `long long int' and `pointer to void'
      (1)? 0x7fffffffffffffff: (void *)0;
         ^ ~~~~~~~~~~~~~~~~~~  ~~~~~~~~~
./d-ll-2.c:82:10: warning - integer constant of unsigned long long type is an extension in C90
      (1)? 0x8000000000000000: (void *)0;
           ^~~~~~~~~~~~~~~~~~
./d-ll-2.c:82:8: ERROR - operands of ?: have illegal types `unsigned long long' and `pointer to void'
      (1)? 0x8000000000000000: (void *)0;
         ^ ~~~~~~~~~~~~~~~~~~  ~~~~~~~~~
./d-ll-2.c:83:10: warning - integer constant of unsigned long long type is an extension in C90
      (1)? 0xffffffffffffffff: (void *)0;
           ^~~~~~~~~~~~~~~~~~
./d-ll-2.c:83:8: ERROR - operands of ?: have illegal types `unsigned long long' and `pointer to void'
      (1)? 0xffffffffffffffff: (void *)0;
         ^ ~~~~~~~~~~~~~~~~~~  ~~~~~~~~~
./d-ll-2.c:84:10: ERROR - the value of integer constant is too large
      (1)? 0x10000000000000000: (void *)0;
           ^~~~~~~~~~~~~~~~~~~
./d-ll-2.c:84:10: warning - integer constant of unsigned long long type is an extension in C90
      (1)? 0x10000000000000000: (void *)0;
           ^~~~~~~~~~~~~~~~~~~
./d-ll-2.c:84:8: ERROR - operands of ?: have illegal types `unsigned long long' and `pointer to void'
      (1)? 0x10000000000000000: (void *)0;
         ^ ~~~~~~~~~~~~~~~~~~~  ~~~~~~~~~
./d-ll-2.c:86:8: ERROR - operands of ?: have illegal types `unsigned int' and `pointer to void'
      (1)? 0x1U: (void *)0;
         ^ ~~~~  ~~~~~~~~~
./d-ll-2.c:87:8: ERROR - operands of ?: have illegal types `unsigned int' and `pointer to void'
      (1)? 0x7fffffffu: (void *)0;
         ^ ~~~~~~~~~~~  ~~~~~~~~~
./d-ll-2.c:88:8: ERROR - operands of ?: have illegal types `unsigned int' and `pointer to void'
      (1)? 0x80000000U: (void *)0;
         ^ ~~~~~~~~~~~  ~~~~~~~~~
./d-ll-2.c:89:8: ERROR - operands of ?: have illegal types `unsigned int' and `pointer to void'
      (1)? 0xffffffffu: (void *)0;
         ^ ~~~~~~~~~~~  ~~~~~~~~~
./d-ll-2.c:90:10: warning - integer constant of unsigned long long type is an extension in C90
      (1)? 0x100000000U: (void *)0;
           ^~~~~~~~~~~~
./d-ll-2.c:90:8: ERROR - operands of ?: have illegal types `unsigned long long' and `pointer to void'
      (1)? 0x100000000U: (void *)0;
         ^ ~~~~~~~~~~~~  ~~~~~~~~~
./d-ll-2.c:91:10: warning - integer constant of unsigned long long type is an extension in C90
      (1)? 0x7fffffffffffffffu: (void *)0;
           ^~~~~~~~~~~~~~~~~~~
./d-ll-2.c:91:8: ERROR - operands of ?: have illegal types `unsigned long long' and `pointer to void'
      (1)? 0x7fffffffffffffffu: (void *)0;
         ^ ~~~~~~~~~~~~~~~~~~~  ~~~~~~~~~
./d-ll-2.c:92:10: warning - integer constant of unsigned long long type is an extension in C90
      (1)? 0x8000000000000000U: (void *)0;
           ^~~~~~~~~~~~~~~~~~~
./d-ll-2.c:92:8: ERROR - operands of ?: have illegal types `unsigned long long' and `pointer to void'
      (1)? 0x8000000000000000U: (void *)0;
         ^ ~~~~~~~~~~~~~~~~~~~  ~~~~~~~~~
./d-ll-2.c:93:10: warning - integer constant of unsigned long long type is an extension in C90
      (1)? 0xffffffffffffffffu: (void *)0;
           ^~~~~~~~~~~~~~~~~~~
./d-ll-2.c:93:8: ERROR - operands of ?: have illegal types `unsigned long long' and `pointer to void'
      (1)? 0xffffffffffffffffu: (void *)0;
         ^ ~~~~~~~~~~~~~~~~~~~  ~~~~~~~~~
./d-ll-2.c:94:10: ERROR - the value of integer constant is too large
      (1)? 0x10000000000000000U: (void *)0;
           ^~~~~~~~~~~~~~~~~~~~
./d-ll-2.c:94:10: warning - integer constant of unsigned long long type is an extension in C90
      (1)? 0x10000000000000000U: (void *)0;
           ^~~~~~~~~~~~~~~~~~~~
./d-ll-2.c:94:8: ERROR - operands of ?: have illegal types `unsigned long long' and `pointer to void'
      (1)? 0x10000000000000000U: (void *)0;
         ^ ~~~~~~~~~~~~~~~~~~~~  ~~~~~~~~~
./d-ll-2.c:96:8: ERROR - operands of ?: have illegal types `long int' and `pointer to void'
      (1)? 01L: (void *)0;
         ^ ~~~  ~~~~~~~~~
./d-ll-2.c:97:8: ERROR - operands of ?: have illegal types `long int' and `pointer to void'
      (1)? 0x7fffffffl: (void *)0;
         ^ ~~~~~~~~~~~  ~~~~~~~~~
./d-ll-2.c:98:8: ERROR - operands of ?: have illegal types `unsigned long' and `pointer to void'
      (1)? 0x80000000L: (void *)0;
         ^ ~~~~~~~~~~~  ~~~~~~~~~
./d-ll-2.c:99:8: ERROR - operands of ?: have illegal types `unsigned long' and `pointer to void'
      (1)? 0xffffffffl: (void *)0;
         ^ ~~~~~~~~~~~  ~~~~~~~~~
./d-ll-2.c:100:10: warning - integer constant of long long int type is an extension in C90
      (1)? 0x100000000L: (void *)0;
           ^~~~~~~~~~~~
./d-ll-2.c:100:8: ERROR - operands of ?: have illegal types `long long int' and `pointer to void'
      (1)? 0x100000000L: (void *)0;
         ^ ~~~~~~~~~~~~  ~~~~~~~~~
./d-ll-2.c:101:10: warning - integer constant of long long int type is an extension in C90
      (1)? 0x7fffffffffffffffl: (void *)0;
           ^~~~~~~~~~~~~~~~~~~
./d-ll-2.c:101:8: ERROR - operands of ?: have illegal types `long long int' and `pointer to void'
      (1)? 0x7fffffffffffffffl: (void *)0;
         ^ ~~~~~~~~~~~~~~~~~~~  ~~~~~~~~~
./d-ll-2.c:102:10: warning - integer constant of unsigned long long type is an extension in C90
      (1)? 0x8000000000000000L: (void *)0;
           ^~~~~~~~~~~~~~~~~~~
./d-ll-2.c:102:8: ERROR - operands of ?: have illegal types `unsigned long long' and `pointer to void'
      (1)? 0x8000000000000000L: (void *)0;
         ^ ~~~~~~~~~~~~~~~~~~~  ~~~~~~~~~
./d-ll-2.c:103:10: warning - integer constant of unsigned long long type is an extension in C90
      (1)? 0xffffffffffffffffl: (void *)0;
           ^~~~~~~~~~~~~~~~~~~
./d-ll-2.c:103:8: ERROR - operands of ?: have illegal types `unsigned long long' and `pointer to void'
      (1)? 0xffffffffffffffffl: (void *)0;
         ^ ~~~~~~~~~~~~~~~~~~~  ~~~~~~~~~
./d-ll-2.c:104:10: ERROR - the value of integer constant is too large
      (1)? 0x10000000000000000L: (void *)0;
           ^~~~~~~~~~~~~~~~~~~~
./d-ll-2.c:104:10: warning - integer constant of unsigned long long type is an extension in C90
      (1)? 0x10000000000000000L: (void *)0;
           ^~~~~~~~~~~~~~~~~~~~
./d-ll-2.c:104:8: ERROR - operands of ?: have illegal types `unsigned long long' and `pointer to void'
      (1)? 0x10000000000000000L: (void *)0;
         ^ ~~~~~~~~~~~~~~~~~~~~  ~~~~~~~~~
./d-ll-2.c:106:8: ERROR - operands of ?: have illegal types `unsigned long' and `pointer to void'
      (1)? 0x1Ul: (void *)0;
         ^ ~~~~~  ~~~~~~~~~
./d-ll-2.c:107:8: ERROR - operands of ?: have illegal types `unsigned long' and `pointer to void'
      (1)? 0x7fffffffLu: (void *)0;
         ^ ~~~~~~~~~~~~  ~~~~~~~~~
./d-ll-2.c:108:8: ERROR - operands of ?: have illegal types `unsigned long' and `pointer to void'
      (1)? 0x80000000lU: (void *)0;
         ^ ~~~~~~~~~~~~  ~~~~~~~~~
./d-ll-2.c:109:8: ERROR - operands of ?: have illegal types `unsigned long' and `pointer to void'
      (1)? 0xffffffffuL: (void *)0;
         ^ ~~~~~~~~~~~~  ~~~~~~~~~
./d-ll-2.c:110:10: warning - integer constant of unsigned long long type is an extension in C90
      (1)? 0x100000000UL: (void *)0;
           ^~~~~~~~~~~~~
./d-ll-2.c:110:8: ERROR - operands of ?: have illegal types `unsigned long long' and `pointer to void'
      (1)? 0x100000000UL: (void *)0;
         ^ ~~~~~~~~~~~~~  ~~~~~~~~~
./d-ll-2.c:111:10: warning - integer constant of unsigned long long type is an extension in C90
      (1)? 0x7ffffffffffffffflu: (void *)0;
           ^~~~~~~~~~~~~~~~~~~~
./d-ll-2.c:111:8: ERROR - operands of ?: have illegal types `unsigned long long' and `pointer to void'
      (1)? 0x7ffffffffffffffflu: (void *)0;
         ^ ~~~~~~~~~~~~~~~~~~~~  ~~~~~~~~~
./d-ll-2.c:112:10: warning - integer constant of unsigned long long type is an extension in C90
      (1)? 0x8000000000000000lU: (void *)0;
           ^~~~~~~~~~~~~~~~~~~~
./d-ll-2.c:112:8: ERROR - operands of ?: have illegal types `unsigned long long' and `pointer to void'
      (1)? 0x8000000000000000lU: (void *)0;
         ^ ~~~~~~~~~~~~~~~~~~~~  ~~~~~~~~~
./d-ll-2.c:113:10: warning - integer constant of unsigned long long type is an extension in C90
      (1)? 0xffffffffffffffffLu: (void *)0;
           ^~~~~~~~~~~~~~~~~~~~
./d-ll-2.c:113:8: ERROR - operands of ?: have illegal types `unsigned long long' and `pointer to void'
      (1)? 0xffffffffffffffffLu: (void *)0;
         ^ ~~~~~~~~~~~~~~~~~~~~  ~~~~~~~~~
./d-ll-2.c:114:10: ERROR - the value of integer constant is too large
      (1)? 0x10000000000000000LU: (void *)0;
           ^~~~~~~~~~~~~~~~~~~~~
./d-ll-2.c:114:10: warning - integer constant of unsigned long long type is an extension in C90
      (1)? 0x10000000000000000LU: (void *)0;
           ^~~~~~~~~~~~~~~~~~~~~
./d-ll-2.c:114:8: ERROR - operands of ?: have illegal types `unsigned long long' and `pointer to void'
      (1)? 0x10000000000000000LU: (void *)0;
         ^ ~~~~~~~~~~~~~~~~~~~~~  ~~~~~~~~~
./d-ll-2.c:116:10: warning - integer constant of long long int type is an extension in C90
      (1)? 0x1LL: (void *)0;
           ^~~~~
./d-ll-2.c:116:8: ERROR - operands of ?: have illegal types `long long int' and `pointer to void'
      (1)? 0x1LL: (void *)0;
         ^ ~~~~~  ~~~~~~~~~
./d-ll-2.c:117:10: warning - integer constant of long long int type is an extension in C90
      (1)? 0x7fffffffll: (void *)0;
           ^~~~~~~~~~~~
./d-ll-2.c:117:8: ERROR - operands of ?: have illegal types `long long int' and `pointer to void'
      (1)? 0x7fffffffll: (void *)0;
         ^ ~~~~~~~~~~~~  ~~~~~~~~~
./d-ll-2.c:118:10: warning - integer constant of long long int type is an extension in C90
      (1)? 0x80000000LL: (void *)0;
           ^~~~~~~~~~~~
./d-ll-2.c:118:8: ERROR - operands of ?: have illegal types `long long int' and `pointer to void'
      (1)? 0x80000000LL: (void *)0;
         ^ ~~~~~~~~~~~~  ~~~~~~~~~
./d-ll-2.c:119:10: warning - integer constant of long long int type is an extension in C90
      (1)? 0xffffffffll: (void *)0;
           ^~~~~~~~~~~~
./d-ll-2.c:119:8: ERROR - operands of ?: have illegal types `long long int' and `pointer to void'
      (1)? 0xffffffffll: (void *)0;
         ^ ~~~~~~~~~~~~  ~~~~~~~~~
./d-ll-2.c:120:10: warning - integer constant of long long int type is an extension in C90
      (1)? 0x100000000LL: (void *)0;
           ^~~~~~~~~~~~~
./d-ll-2.c:120:8: ERROR - operands of ?: have illegal types `long long int' and `pointer to void'
      (1)? 0x100000000LL: (void *)0;
         ^ ~~~~~~~~~~~~~  ~~~~~~~~~
./d-ll-2.c:121:10: warning - integer constant of long long int type is an extension in C90
      (1)? 0x7fffffffffffffffll: (void *)0;
           ^~~~~~~~~~~~~~~~~~~~
./d-ll-2.c:121:8: ERROR - operands of ?: have illegal types `long long int' and `pointer to void'
      (1)? 0x7fffffffffffffffll: (void *)0;
         ^ ~~~~~~~~~~~~~~~~~~~~  ~~~~~~~~~
./d-ll-2.c:122:10: warning - integer constant of unsigned long long type is an extension in C90
      (1)? 0x8000000000000000LL: (void *)0;
           ^~~~~~~~~~~~~~~~~~~~
./d-ll-2.c:122:8: ERROR - operands of ?: have illegal types `unsigned long long' and `pointer to void'
      (1)? 0x8000000000000000LL: (void *)0;
         ^ ~~~~~~~~~~~~~~~~~~~~  ~~~~~~~~~
./d-ll-2.c:123:10: warning - integer constant of unsigned long long type is an extension in C90
      (1)? 0xffffffffffffffffll: (void *)0;
           ^~~~~~~~~~~~~~~~~~~~
./d-ll-2.c:123:8: ERROR - operands of ?: have illegal types `unsigned long long' and `pointer to void'
      (1)? 0xffffffffffffffffll: (void *)0;
         ^ ~~~~~~~~~~~~~~~~~~~~  ~~~~~~~~~
./d-ll-2.c:124:10: ERROR - the value of integer constant is too large
      (1)? 0x10000000000000000LL: (void *)0;
           ^~~~~~~~~~~~~~~~~~~~~
./d-ll-2.c:124:10: warning - integer constant of unsigned long long type is an extension in C90
      (1)? 0x10000000000000000LL: (void *)0;
           ^~~~~~~~~~~~~~~~~~~~~
./d-ll-2.c:124:8: ERROR - operands of ?: have illegal types `unsigned long long' and `pointer to void'
      (1)? 0x10000000000000000LL: (void *)0;
         ^ ~~~~~~~~~~~~~~~~~~~~~  ~~~~~~~~~
./d-ll-2.c:126:10: warning - integer constant of unsigned long long type is an extension in C90
      (1)? 0x1uLL: (void *)0;
           ^~~~~~
./d-ll-2.c:126:8: ERROR - operands of ?: have illegal types `unsigned long long' and `pointer to void'
      (1)? 0x1uLL: (void *)0;
         ^ ~~~~~~  ~~~~~~~~~
./d-ll-2.c:127:10: warning - integer constant of unsigned long long type is an extension in C90
      (1)? 0x7fffffffllU: (void *)0;
           ^~~~~~~~~~~~~
./d-ll-2.c:127:8: ERROR - operands of ?: have illegal types `unsigned long long' and `pointer to void'
      (1)? 0x7fffffffllU: (void *)0;
         ^ ~~~~~~~~~~~~~  ~~~~~~~~~
./d-ll-2.c:128:10: warning - integer constant of unsigned long long type is an extension in C90
      (1)? 0x80000000LLu: (void *)0;
           ^~~~~~~~~~~~~
./d-ll-2.c:128:8: ERROR - operands of ?: have illegal types `unsigned long long' and `pointer to void'
      (1)? 0x80000000LLu: (void *)0;
         ^ ~~~~~~~~~~~~~  ~~~~~~~~~
./d-ll-2.c:129:10: warning - integer constant of unsigned long long type is an extension in C90
      (1)? 0xffffffffllU: (void *)0;
           ^~~~~~~~~~~~~
./d-ll-2.c:129:8: ERROR - operands of ?: have illegal types `unsigned long long' and `pointer to void'
      (1)? 0xffffffffllU: (void *)0;
         ^ ~~~~~~~~~~~~~  ~~~~~~~~~
./d-ll-2.c:130:10: warning - integer constant of unsigned long long type is an extension in C90
      (1)? 0x100000000ULL: (void *)0;
           ^~~~~~~~~~~~~~
./d-ll-2.c:130:8: ERROR - operands of ?: have illegal types `unsigned long long' and `pointer to void'
      (1)? 0x100000000ULL: (void *)0;
         ^ ~~~~~~~~~~~~~~  ~~~~~~~~~
./d-ll-2.c:131:10: warning - integer constant of unsigned long long type is an extension in C90
      (1)? 0x7fffffffffffffffUll: (void *)0;
           ^~~~~~~~~~~~~~~~~~~~~
./d-ll-2.c:131:8: ERROR - operands of ?: have illegal types `unsigned long long' and `pointer to void'
      (1)? 0x7fffffffffffffffUll: (void *)0;
         ^ ~~~~~~~~~~~~~~~~~~~~~  ~~~~~~~~~
./d-ll-2.c:132:10: warning - integer constant of unsigned long long type is an extension in C90
      (1)? 0x8000000000000000uLL: (void *)0;
           ^~~~~~~~~~~~~~~~~~~~~
./d-ll-2.c:132:8: ERROR - operands of ?: have illegal types `unsigned long long' and `pointer to void'
      (1)? 0x8000000000000000uLL: (void *)0;
         ^ ~~~~~~~~~~~~~~~~~~~~~  ~~~~~~~~~
./d-ll-2.c:133:10: warning - integer constant of unsigned long long type is an extension in C90
      (1)? 0xffffffffffffffffUll: (void *)0;
           ^~~~~~~~~~~~~~~~~~~~~
./d-ll-2.c:133:8: ERROR - operands of ?: have illegal types `unsigned long long' and `pointer to void'
      (1)? 0xffffffffffffffffUll: (void *)0;
         ^ ~~~~~~~~~~~~~~~~~~~~~  ~~~~~~~~~
./d-ll-2.c:134:10: ERROR - the value of integer constant is too large
      (1)? 0x10000000000000000LLU: (void *)0;
           ^~~~~~~~~~~~~~~~~~~~~~
./d-ll-2.c:134:10: warning - integer constant of unsigned long long type is an extension in C90
      (1)? 0x10000000000000000LLU: (void *)0;
           ^~~~~~~~~~~~~~~~~~~~~~
./d-ll-2.c:134:8: ERROR - operands of ?: have illegal types `unsigned long long' and `pointer to void'
      (1)? 0x10000000000000000LLU: (void *)0;
         ^ ~~~~~~~~~~~~~~~~~~~~~~  ~~~~~~~~~
