./d-simp-tree-7.c:1:43: warning - overflow in constant expression
  int  i11 = 3 % 4,   i12 = (-2147483647-1) % -1;      /* fold */
                                            ^
./d-simp-tree-7.c:2:44: warning - overflow in constant expression
  long l11 = 3l % 4L, l12 = (-2147483647L-1) % -1l;    /* fold */
                                             ^
./d-simp-tree-7.c:3:31: warning - divide by zero
  void f3(void) { int a;  a = a % 0; }     /* divide by 0 */
                                ^
./d-simp-tree-7.c:3:29: warning - uninitialized reference to `a'
  void f3(void) { int a;  a = a % 0; }     /* divide by 0 */
                              ^
./d-simp-tree-7.c:4:31: warning - divide by zero
  void f4(void) { int a;  a = a % 0l; }    /* divide by 0 */
                                ^
./d-simp-tree-7.c:4:29: warning - uninitialized reference to `a'
  void f4(void) { int a;  a = a % 0l; }    /* divide by 0 */
                              ^
./d-simp-tree-7.c:5:29: warning - uninitialized reference to `a'
  void f5(void) { int a;  a = a % 1; }
                              ^
./d-simp-tree-7.c:6:29: warning - uninitialized reference to `a'
  void f6(void) { long a; a = a % 1L; }
                              ^
./d-simp-tree-7.c:7:29: warning - uninitialized reference to `a'
  void f7(void) { int a;  a = a % -1; }
                              ^
./d-simp-tree-7.c:8:29: warning - uninitialized reference to `a'
  void f8(void) { long a; a = a % -1l; }
                              ^
./d-simp-tree-7.c:10:27: warning - local `u' set but not meaningfully used
  void f10(void) { unsigned u;      u = 3u % 4u;   u = 0xFFFFFFFFU % -1; }     /* fold */
                            ^
./d-simp-tree-7.c:11:32: warning - local `m' set but not meaningfully used
  void f15(void) { unsigned long m; m = 3Ul % 4uL; m = 0xFFFFFFFFUL % -1; }    /* fold */
                                 ^
./d-simp-tree-7.c:12:41: warning - expression always results in 0
  void f16(void) { unsigned u;      u = u % 1u; }     /* no effect */
                                          ^
./d-simp-tree-7.c:12:27: warning - local `u' set but not meaningfully used
  void f16(void) { unsigned u;      u = u % 1u; }     /* no effect */
                            ^
./d-simp-tree-7.c:13:41: warning - expression always results in 0
  void f17(void) { unsigned long m; m = m % 1Ul; }    /* no effect */
                                          ^
./d-simp-tree-7.c:13:32: warning - local `m' set but not meaningfully used
  void f17(void) { unsigned long m; m = m % 1Ul; }    /* no effect */
                                 ^
./d-simp-tree-7.c:14:41: warning - divide by zero
  void f18(void) { unsigned u;      u = u % 0u; }     /* divide by 0 */
                                          ^
./d-simp-tree-7.c:14:39: warning - uninitialized reference to `u'
  void f18(void) { unsigned u;      u = u % 0u; }     /* divide by 0 */
                                        ^
./d-simp-tree-7.c:15:41: warning - divide by zero
  void f19(void) { unsigned long m; m = m % 0uL; }    /* divide by 0 */
                                          ^
./d-simp-tree-7.c:15:39: warning - uninitialized reference to `m'
  void f19(void) { unsigned long m; m = m % 0uL; }    /* divide by 0 */
                                        ^
./d-simp-tree-7.c:16:39: warning - uninitialized reference to `u'
  void f20(void) { unsigned u;      u = u % 8U; }      /* to bitwise AND */
                                        ^
./d-simp-tree-7.c:17:39: warning - uninitialized reference to `m'
  void f21(void) { unsigned long m; m = m % 16UL; }    /* to bitwise AND*/
                                        ^
