./d-simp-tree-5.c:1:41: warning - floating constant truncated to 0
  float       F11 = 3.14F * 3.14f, F12 = -1.17549e-38F * 2.0f,  F13 = 3.40282e+38f * 2.0f,   F14 = -1.17549e-38f * -3.0f;    /* fold */
                                          ^
./d-simp-tree-5.c:1:82: warning - overflow in floating constant expression; not folded
  float       F11 = 3.14F * 3.14f, F12 = -1.17549e-38F * 2.0f,  F13 = 3.40282e+38f * 2.0f,   F14 = -1.17549e-38f * -3.0f;    /* fold */
                                                                                   ^
./d-simp-tree-5.c:1:82: ERROR - initializer must be constant
  float       F11 = 3.14F * 3.14f, F12 = -1.17549e-38F * 2.0f,  F13 = 3.40282e+38f * 2.0f,   F14 = -1.17549e-38f * -3.0f;    /* fold */
                                                                                   ^
./d-simp-tree-5.c:1:99: warning - floating constant truncated to 0
  float       F11 = 3.14F * 3.14f, F12 = -1.17549e-38F * 2.0f,  F13 = 3.40282e+38f * 2.0f,   F14 = -1.17549e-38f * -3.0f;    /* fold */
                                                                                                    ^
./d-simp-tree-5.c:2:41: warning - floating constant truncated to 0
  double      d21 = 3.14 * 3.14,   d22 = -2.22507e-308 * 2.0,   d23 = 1.79769e+308 * 2.0,    d24 = -2.22507e-308 * -3.0;     /* fold */
                                          ^
./d-simp-tree-5.c:2:82: warning - overflow in floating constant expression; not folded
  double      d21 = 3.14 * 3.14,   d22 = -2.22507e-308 * 2.0,   d23 = 1.79769e+308 * 2.0,    d24 = -2.22507e-308 * -3.0;     /* fold */
                                                                                   ^
./d-simp-tree-5.c:2:82: ERROR - initializer must be constant
  double      d21 = 3.14 * 3.14,   d22 = -2.22507e-308 * 2.0,   d23 = 1.79769e+308 * 2.0,    d24 = -2.22507e-308 * -3.0;     /* fold */
                                                                                   ^
./d-simp-tree-5.c:2:99: warning - floating constant truncated to 0
  double      d21 = 3.14 * 3.14,   d22 = -2.22507e-308 * 2.0,   d23 = 1.79769e+308 * 2.0,    d24 = -2.22507e-308 * -3.0;     /* fold */
                                                                                                    ^
./d-simp-tree-5.c:3:56: warning - overflow in floating constant expression; not folded
  long double x31 = 3.14L * 3.14l, x32 = -1.18973e+4932L *3.0l, x33 = 1.18973e+4932l * 2.0L, x34 = -1.18973e+4932;           /* fold */
                                                         ^
./d-simp-tree-5.c:3:56: ERROR - initializer must be constant
  long double x31 = 3.14L * 3.14l, x32 = -1.18973e+4932L *3.0l, x33 = 1.18973e+4932l * 2.0L, x34 = -1.18973e+4932;           /* fold */
                                                         ^
./d-simp-tree-5.c:3:84: warning - overflow in floating constant expression; not folded
  long double x31 = 3.14L * 3.14l, x32 = -1.18973e+4932L *3.0l, x33 = 1.18973e+4932l * 2.0L, x34 = -1.18973e+4932;           /* fold */
                                                                                     ^
./d-simp-tree-5.c:3:84: ERROR - initializer must be constant
  long double x31 = 3.14L * 3.14l, x32 = -1.18973e+4932L *3.0l, x33 = 1.18973e+4932l * 2.0L, x34 = -1.18973e+4932;           /* fold */
                                                                                     ^
./d-simp-tree-5.c:3:99: ERROR - the value of floating constant is too large
  long double x31 = 3.14L * 3.14l, x32 = -1.18973e+4932L *3.0l, x33 = 1.18973e+4932l * 2.0L, x34 = -1.18973e+4932;           /* fold */
                                                                                                    ^
./d-simp-tree-5.c:4:39: warning - overflow in constant expression
  int  i41 = 3 * 4,   i42 = -2147483647 * 2,   i43 = 2147483647 * 2, i44 = (-2147483647-1) * -1;    /* fold */
                                        ^
./d-simp-tree-5.c:4:63: warning - overflow in constant expression
  int  i41 = 3 * 4,   i42 = -2147483647 * 2,   i43 = 2147483647 * 2, i44 = (-2147483647-1) * -1;    /* fold */
                                                                ^
./d-simp-tree-5.c:4:90: warning - overflow in constant expression
  int  i41 = 3 * 4,   i42 = -2147483647 * 2,   i43 = 2147483647 * 2, i44 = (-2147483647-1) * -1;    /* fold */
                                                                                           ^
./d-simp-tree-5.c:5:40: warning - overflow in constant expression
  long l51 = 3l * 4L, l52 = -2147483647L * 2l, l53 = 2147483647l * 2l;                              /* fold */
                                         ^
./d-simp-tree-5.c:5:64: warning - overflow in constant expression
  long l51 = 3l * 4L, l52 = -2147483647L * 2l, l53 = 2147483647l * 2l;                              /* fold */
                                                                 ^
./d-simp-tree-5.c:7:25: warning - local `i' set but not meaningfully used
  void f7(void)  { int a, i;  i = a * 1; }     /* identity */
                          ^
./d-simp-tree-5.c:8:26: warning - local `l' set but not meaningfully used
  void f8(void)  { long a, l; l = a * 1L; }    /* identity */
                           ^
./d-simp-tree-5.c:9:35: warning - expression always results in 0
  void f9(void)  { int a;     a = a * 0; }     /* no effect */
                                    ^
./d-simp-tree-5.c:9:22: warning - local `a' set but not meaningfully used
  void f9(void)  { int a;     a = a * 0; }     /* no effect */
                       ^
./d-simp-tree-5.c:10:35: warning - expression always results in 0
  void f10(void) { int a;     a = a * 0l; }    /* no effect */
                                    ^
./d-simp-tree-5.c:10:22: warning - local `a' set but not meaningfully used
  void f10(void) { int a;     a = a * 0l; }    /* no effect */
                       ^
./d-simp-tree-5.c:14:27: warning - local `u' set but not meaningfully used
  void f14(void) { unsigned u;      u = 3U * 4u;   u = 0xFFFFFFFF * 2; }      /* fold */
                            ^
./d-simp-tree-5.c:15:32: warning - local `m' set but not meaningfully used
  void f15(void) { unsigned long m; m = 3Ul * 4uL; m = 0xFFFFFFFFUL * 2; }    /* fold */
                                 ^
./d-simp-tree-5.c:18:41: warning - expression always results in 0
  void f18(void) { unsigned u;      u = u * 0u; }     /* no effect */
                                          ^
./d-simp-tree-5.c:18:27: warning - local `u' set but not meaningfully used
  void f18(void) { unsigned u;      u = u * 0u; }     /* no effect */
                            ^
./d-simp-tree-5.c:19:41: warning - expression always results in 0
  void f19(void) { unsigned long m; m = m * 0UL; }    /* no effect */
                                          ^
./d-simp-tree-5.c:19:32: warning - local `m' set but not meaningfully used
  void f19(void) { unsigned long m; m = m * 0UL; }    /* no effect */
                                 ^
