./d-simp-tree-15.c:1:21: warning - local `i1' set but not used
  void f1(void) { int i1; i1 = (3.141592F != 3.141592f); }     /* fold */
                      ^~
./d-simp-tree-15.c:2:21: warning - local `i2' set but not used
  void f2(void) { int i2; i2 = (3.141592 != 3.1414591); }      /* fold */
                      ^~
./d-simp-tree-15.c:3:21: warning - local `i3' set but not used
  void f3(void) { int i3; i3 = (3.141592L != 3.1415921l); }    /* fold */
                      ^~
./d-simp-tree-15.c:5:21: warning - local `i5' set but not used
  void f5(void) { int i5; i5 = (42 != 42); }      /* fold */
                      ^~
./d-simp-tree-15.c:6:21: warning - local `i6' set but not used
  void f6(void) { int i6; i6 = (42l != 43l); }    /* fold */
                      ^~
./d-simp-tree-15.c:7:37: warning - signedness of plain bit-field is implementation-defined
  void f7(void) { struct t { int :2, x:4; } x; int i7; i7 = (x.x != 1); i7 = (x.x != 0); }           /* zerofield */
                             ~~~      ^
./d-simp-tree-15.c:7:50: warning - local `i7' set but not used
  void f7(void) { struct t { int :2, x:4; } x; int i7; i7 = (x.x != 1); i7 = (x.x != 0); }           /* zerofield */
                                                   ^~
./d-simp-tree-15.c:8:55: warning - local `i8' set but not used
  void f8(void) { struct t { unsigned :2, x:4; } x; int i8; i8 = (x.x != 1l); i8 = (x.x != 0l); }    /* zerofield */
                                                        ^~
./d-simp-tree-15.c:10:22: warning - local `i10' set but not used
  void f10(void) { int i10; i10 = (42u != 42u); }      /* fold */
                       ^~~
./d-simp-tree-15.c:11:22: warning - local `i11' set but not used
  void f11(void) { int i11; i11 = (42UL != 43ul); }    /* fold */
                       ^~~
./d-simp-tree-15.c:12:38: warning - signedness of plain bit-field is implementation-defined
  void f12(void) { struct t { int :2, x:4; } x; int i12; i12 = (x.x != 1u); i12 = (x.x != 0u); }       /* zerofield */
                              ~~~      ^
./d-simp-tree-15.c:12:51: warning - local `i12' set but not used
  void f12(void) { struct t { int :2, x:4; } x; int i12; i12 = (x.x != 1u); i12 = (x.x != 0u); }       /* zerofield */
                                                    ^~~
./d-simp-tree-15.c:13:38: warning - signedness of plain bit-field is implementation-defined
  void f13(void) { struct t { int :2, x:4; } x; int i13; i13 = (x.x != 1ul); i13 = (x.x != 0ul); }    /* zerofield */
                              ~~~      ^
./d-simp-tree-15.c:13:51: warning - local `i13' set but not used
  void f13(void) { struct t { int :2, x:4; } x; int i13; i13 = (x.x != 1ul); i13 = (x.x != 0ul); }    /* zerofield */
                                                    ^~~
