./d-simp-tree-16.c:1:21: warning - local `i1' set but not used
  void f1(void) { int i1; i1 = (3.141592f >= 3.141592F); }     /* fold */
                      ^~
./d-simp-tree-16.c:2:21: warning - local `i2' set but not used
  void f2(void) { int i2; i2 = (3.141592 >= 3.1414591); }      /* fold */
                      ^~
./d-simp-tree-16.c:3:21: warning - local `i3' set but not used
  void f3(void) { int i3; i3 = (3.141592L >= 3.1415921l); }    /* fold */
                      ^~
./d-simp-tree-16.c:5:21: warning - local `i5' set but not used
  void f5(void) { int i5; i5 = (42 >= 42); }      /* fold */
                      ^~
./d-simp-tree-16.c:6:21: warning - local `i6' set but not used
  void f6(void) { int i6; i6 = (42l >= 43l); }    /* fold */
                      ^~
./d-simp-tree-16.c:8:22: warning - local `i8' set but not used
  void f8(void)  { int i8; i8 = (42u >= 42U); }      /* fold */
                       ^~
./d-simp-tree-16.c:9:22: warning - local `i9' set but not used
  void f9(void)  { int i9; i9 = (42ul >= 43Ul); }    /* fold */
                       ^~
./d-simp-tree-16.c:10:53: warning - comparison always results in true
  void f10(void) { unsigned u;      int i10; i10 = (u >= 0); }    /* geu */
                                                      ^~ ~
./d-simp-tree-16.c:10:39: warning - local `i10' set but not used
  void f10(void) { unsigned u;      int i10; i10 = (u >= 0); }    /* geu */
                                        ^~~
./d-simp-tree-16.c:11:53: warning - comparison always results in true
  void f11(void) { unsigned long m; int i11; i11 = (m >= 0); }    /* geu */
                                                      ^~ ~
./d-simp-tree-16.c:11:39: warning - local `i11' set but not used
  void f11(void) { unsigned long m; int i11; i11 = (m >= 0); }    /* geu */
                                        ^~~
./d-simp-tree-16.c:12:39: warning - local `i12' set but not used
  void f12(void) { unsigned u;      int i12; i12 = (0 >= u); }    /* to == */
                                        ^~~
./d-simp-tree-16.c:13:39: warning - local `i13' set but not used
  void f13(void) { unsigned long m; int i13; i13 = (0 >= m); }    /* to == */
                                        ^~~
