./d-simp-intexpr-4.c:11:13: warning - conversion between pointer and integer is not portable
      int x1[(int)(void *)0 + 1];
              ^
./d-simp-intexpr-4.c:11:27: warning - integer constant expression reqruied for array size
      int x1[(int)(void *)0 + 1];
                            ^
./d-simp-intexpr-4.c:12:13: warning - conversion between pointer and integer is not portable
      int x2[(int)(char *)0 + 1];
              ^
./d-simp-intexpr-4.c:12:27: warning - integer constant expression reqruied for array size
      int x2[(int)(char *)0 + 1];
                            ^
./d-simp-intexpr-4.c:13:18: warning - conversion between pointer and integer is not portable
      int x3[(int)(char *)1];
                   ^
./d-simp-intexpr-4.c:13:13: warning - conversion between pointer and integer is not portable
      int x3[(int)(char *)1];
              ^
./d-simp-intexpr-4.c:13:13: warning - integer constant expression reqruied for array size
      int x3[(int)(char *)1];
              ^
./d-simp-intexpr-4.c:15:13: warning - conversion between pointer and integer is not portable
      int x4[(unsigned)(void *)0 + 1];
              ^
./d-simp-intexpr-4.c:15:32: warning - integer constant expression reqruied for array size
      int x4[(unsigned)(void *)0 + 1];
                                 ^
./d-simp-intexpr-4.c:16:13: warning - conversion between pointer and integer is not portable
      int x5[(unsigned)(char *)0 + 1];
              ^
./d-simp-intexpr-4.c:16:32: warning - integer constant expression reqruied for array size
      int x5[(unsigned)(char *)0 + 1];
                                 ^
./d-simp-intexpr-4.c:17:23: warning - conversion between pointer and integer is not portable
      int x6[(unsigned)(char *)1];
                        ^
./d-simp-intexpr-4.c:17:13: warning - conversion between pointer and integer is not portable
      int x6[(unsigned)(char *)1];
              ^
./d-simp-intexpr-4.c:17:13: warning - integer constant expression reqruied for array size
      int x6[(unsigned)(char *)1];
              ^
./d-simp-intexpr-4.c:20:14: warning - conversion between pointer and integer is not portable
          A = (char *)1 - (char *)0,
               ^
./d-simp-intexpr-4.c:20:23: warning - integer constant expression reqruied for enum constant
          A = (char *)1 - (char *)0,
                        ^
./d-simp-intexpr-4.c:21:15: warning - conversion between pointer and integer is not portable
          B = !(char *)1,
                ^
./d-simp-intexpr-4.c:21:13: warning - integer constant expression reqruied for enum constant
          B = !(char *)1,
              ^
./d-simp-intexpr-4.c:22:14: warning - conversion between pointer and integer is not portable
          C = (char *)1 && (char *)0,
               ^
./d-simp-intexpr-4.c:22:23: warning - integer constant expression reqruied for enum constant
          C = (char *)1 && (char *)0,
                        ^
./d-simp-intexpr-4.c:23:14: warning - conversion between pointer and integer is not portable
          D = (char *)1 || (char *)0,
               ^
./d-simp-intexpr-4.c:23:23: warning - integer constant expression reqruied for enum constant
          D = (char *)1 || (char *)0,
                        ^
./d-simp-intexpr-4.c:24:14: warning - conversion between pointer and integer is not portable
          E = (char *)1 == (char *)0,
               ^
./d-simp-intexpr-4.c:24:23: warning - integer constant expression reqruied for enum constant
          E = (char *)1 == (char *)0,
                        ^
./d-simp-intexpr-4.c:25:14: warning - conversion between pointer and integer is not portable
          F = (char *)1 != (char *)0
               ^
./d-simp-intexpr-4.c:25:23: warning - integer constant expression reqruied for enum constant
          F = (char *)1 != (char *)0
                        ^
./d-simp-intexpr-4.c:29:22: warning - conversion between pointer and integer is not portable
          unsigned  : (char *)1 >  (char *)0;
                       ^
./d-simp-intexpr-4.c:29:31: warning - integer constant expression reqruied for bit-field size
          unsigned  : (char *)1 >  (char *)0;
                                ^
./d-simp-intexpr-4.c:30:22: warning - conversion between pointer and integer is not portable
          unsigned b: (char *)1 >= (char *)0;
                       ^
./d-simp-intexpr-4.c:30:31: warning - integer constant expression reqruied for bit-field size
          unsigned b: (char *)1 >= (char *)0;
                                ^
./d-simp-intexpr-4.c:34:15: warning - conversion between pointer and integer is not portable
          case (char *)1 <  (char *)0:       break;
                ^
./d-simp-intexpr-4.c:34:24: warning - integer constant expression reqruied for case label
          case (char *)1 <  (char *)0:       break;
                         ^
./d-simp-intexpr-4.c:35:16: warning - conversion between pointer and integer is not portable
          case ((char *)1 <= (char *)0) + 1: break;
                 ^
./d-simp-intexpr-4.c:35:39: warning - integer constant expression reqruied for case label
          case ((char *)1 <= (char *)0) + 1: break;
                                        ^
./d-simp-intexpr-4.c:37:16: warning - conversion between pointer and integer is not portable
          case ((void *)1)? 10: 0:            break;
                 ^
./d-simp-intexpr-4.c:37:25: warning - integer constant expression reqruied for case label
          case ((void *)1)? 10: 0:            break;
                          ^
./d-simp-intexpr-4.c:38:15: warning - conversion between pointer and integer is not portable
          case (int)((1)? 0: (void *)0) + 30: break;
                ^
./d-simp-intexpr-4.c:38:39: warning - integer constant expression reqruied for case label
          case (int)((1)? 0: (void *)0) + 30: break;
                                        ^
./d-simp-intexpr-4.c:39:15: warning - conversion between pointer and integer is not portable
          case (int)((1)? (void *)0: 0) + 20: break;
                ^
./d-simp-intexpr-4.c:39:39: warning - integer constant expression reqruied for case label
          case (int)((1)? (void *)0: 0) + 20: break;
                                        ^
./d-simp-intexpr-4.c:40:25: warning - conversion between pointer and integer is not portable
          case (1)? (int)(void *)70: 0:       break;
                          ^
./d-simp-intexpr-4.c:40:20: warning - conversion between pointer and integer is not portable
          case (1)? (int)(void *)70: 0:       break;
                     ^
./d-simp-intexpr-4.c:40:17: warning - integer constant expression reqruied for case label
          case (1)? (int)(void *)70: 0:       break;
                  ^
./d-simp-intexpr-4.c:44:15: warning - conversion between pointer and integer is not portable
          case (unsigned)((1)? 0: (void *)0) + 30: break;
                ^
./d-simp-intexpr-4.c:44:44: warning - integer constant expression reqruied for case label
          case (unsigned)((1)? 0: (void *)0) + 30: break;
                                             ^
./d-simp-intexpr-4.c:45:15: warning - conversion between pointer and integer is not portable
          case (unsigned)((1)? (void *)0: 0) + 20: break;
                ^
./d-simp-intexpr-4.c:45:44: warning - integer constant expression reqruied for case label
          case (unsigned)((1)? (void *)0: 0) + 20: break;
                                             ^
./d-simp-intexpr-4.c:46:30: warning - conversion between pointer and integer is not portable
          case (1)? (unsigned)(void *)70: 0:       break;
                               ^
./d-simp-intexpr-4.c:46:20: warning - conversion between pointer and integer is not portable
          case (1)? (unsigned)(void *)70: 0:       break;
                     ^
./d-simp-intexpr-4.c:46:17: warning - integer constant expression reqruied for case label
          case (1)? (unsigned)(void *)70: 0:       break;
                  ^
./d-simp-intexpr-4.c:50:18: warning - conversion between pointer and integer is not portable
          int y1[((unsigned)(&((struct m *)0)->y))];    /* offsetof */
                   ^
./d-simp-intexpr-4.c:50:18: warning - integer constant expression reqruied for array size
          int y1[((unsigned)(&((struct m *)0)->y))];    /* offsetof */
                   ^
./d-simp-intexpr-4.c:51:18: warning - conversion between pointer and integer is not portable
          int y2[((int)(&((struct m *)0)->y))];         /* offsetof */
                   ^
./d-simp-intexpr-4.c:51:18: warning - integer constant expression reqruied for array size
          int y2[((int)(&((struct m *)0)->y))];         /* offsetof */
                   ^
./d-simp-intexpr-4.c:51:13: warning - local `y2' defined but not referenced
          int y2[((int)(&((struct m *)0)->y))];         /* offsetof */
              ^
./d-simp-intexpr-4.c:50:13: warning - local `y1' defined but not referenced
          int y1[((unsigned)(&((struct m *)0)->y))];    /* offsetof */
              ^
./d-simp-intexpr-4.c:17:9: warning - local `x6' defined but not referenced
      int x6[(unsigned)(char *)1];
          ^
./d-simp-intexpr-4.c:16:9: warning - local `x5' defined but not referenced
      int x5[(unsigned)(char *)0 + 1];
          ^
./d-simp-intexpr-4.c:15:9: warning - local `x4' defined but not referenced
      int x4[(unsigned)(void *)0 + 1];
          ^
./d-simp-intexpr-4.c:13:9: warning - local `x3' defined but not referenced
      int x3[(int)(char *)1];
          ^
./d-simp-intexpr-4.c:12:9: warning - local `x2' defined but not referenced
      int x2[(int)(char *)0 + 1];
          ^
./d-simp-intexpr-4.c:11:9: warning - local `x1' defined but not referenced
      int x1[(int)(void *)0 + 1];
          ^
./d-simp-intexpr-4.c:60:13: warning - conversion between pointer and integer is not portable
      int x1[(int)(void *)0 + (int)&q];
              ^
./d-simp-intexpr-4.c:60:30: warning - conversion between pointer and integer is not portable
      int x1[(int)(void *)0 + (int)&q];
                               ^
./d-simp-intexpr-4.c:60:27: ERROR - integer constant expression reqruied for array size
      int x1[(int)(void *)0 + (int)&q];
                            ^
./d-simp-intexpr-4.c:61:13: warning - conversion between pointer and integer is not portable
      int x2[(int)&q + (int)(char *)0];
              ^
./d-simp-intexpr-4.c:61:23: warning - conversion between pointer and integer is not portable
      int x2[(int)&q + (int)(char *)0];
                        ^
./d-simp-intexpr-4.c:61:20: ERROR - integer constant expression reqruied for array size
      int x2[(int)&q + (int)(char *)0];
                     ^
./d-simp-intexpr-4.c:62:18: warning - conversion between pointer and integer is not portable
      int x3[(int)(char *)1 + (int)&q];
                   ^
./d-simp-intexpr-4.c:62:13: warning - conversion between pointer and integer is not portable
      int x3[(int)(char *)1 + (int)&q];
              ^
./d-simp-intexpr-4.c:62:30: warning - conversion between pointer and integer is not portable
      int x3[(int)(char *)1 + (int)&q];
                               ^
./d-simp-intexpr-4.c:62:27: ERROR - integer constant expression reqruied for array size
      int x3[(int)(char *)1 + (int)&q];
                            ^
./d-simp-intexpr-4.c:64:13: warning - conversion between pointer and integer is not portable
      int x4[(unsigned)(void *)0 + (unsigned)&q];
              ^
./d-simp-intexpr-4.c:64:35: warning - conversion between pointer and integer is not portable
      int x4[(unsigned)(void *)0 + (unsigned)&q];
                                    ^
./d-simp-intexpr-4.c:64:32: ERROR - integer constant expression reqruied for array size
      int x4[(unsigned)(void *)0 + (unsigned)&q];
                                 ^
./d-simp-intexpr-4.c:65:13: warning - conversion between pointer and integer is not portable
      int x5[(unsigned)&q + (unsigned)(char *)0];
              ^
./d-simp-intexpr-4.c:65:28: warning - conversion between pointer and integer is not portable
      int x5[(unsigned)&q + (unsigned)(char *)0];
                             ^
./d-simp-intexpr-4.c:65:25: ERROR - integer constant expression reqruied for array size
      int x5[(unsigned)&q + (unsigned)(char *)0];
                          ^
./d-simp-intexpr-4.c:66:23: warning - conversion between pointer and integer is not portable
      int x6[(unsigned)(char *)1 + (unsigned)&q];
                        ^
./d-simp-intexpr-4.c:66:13: warning - conversion between pointer and integer is not portable
      int x6[(unsigned)(char *)1 + (unsigned)&q];
              ^
./d-simp-intexpr-4.c:66:35: warning - conversion between pointer and integer is not portable
      int x6[(unsigned)(char *)1 + (unsigned)&q];
                                    ^
./d-simp-intexpr-4.c:66:32: ERROR - integer constant expression reqruied for array size
      int x6[(unsigned)(char *)1 + (unsigned)&q];
                                 ^
./d-simp-intexpr-4.c:69:14: warning - conversion between pointer and integer is not portable
          A = (char *)1 - (char *)&q,
               ^
./d-simp-intexpr-4.c:69:23: ERROR - integer constant expression reqruied for enum constant
          A = (char *)1 - (char *)&q,
                        ^
./d-simp-intexpr-4.c:70:14: warning - address of `q' always results in true
          B = &q && (char *)0,
               ^
./d-simp-intexpr-4.c:70:16: warning - integer constant expression reqruied for enum constant
          B = &q && (char *)0,
                 ^
./d-simp-intexpr-4.c:71:27: warning - address of `q' always results in true
          C = (char *)0 && &q,
                            ^
./d-simp-intexpr-4.c:71:23: warning - integer constant expression reqruied for enum constant
          C = (char *)0 && &q,
                        ^
./d-simp-intexpr-4.c:72:14: warning - conversion between pointer and integer is not portable
          D = (char *)1 || &q,
               ^
./d-simp-intexpr-4.c:72:27: warning - address of `q' always results in true
          D = (char *)1 || &q,
                            ^
./d-simp-intexpr-4.c:72:23: warning - integer constant expression reqruied for enum constant
          D = (char *)1 || &q,
                        ^
./d-simp-intexpr-4.c:73:20: warning - conversion between pointer and integer is not portable
          E = &q || (char *)1,
                     ^
./d-simp-intexpr-4.c:73:14: warning - address of `q' always results in true
          E = &q || (char *)1,
               ^
./d-simp-intexpr-4.c:73:16: warning - integer constant expression reqruied for enum constant
          E = &q || (char *)1,
                 ^
./d-simp-intexpr-4.c:74:22: warning - address of `q' always results in true
          F = (char *)&q == (char *)0,
                       ^
./d-simp-intexpr-4.c:74:24: warning - integer constant expression reqruied for enum constant
          F = (char *)&q == (char *)0,
                         ^
./d-simp-intexpr-4.c:75:14: warning - conversion between pointer and integer is not portable
          G = (char *)1 != (char *)&q
               ^
./d-simp-intexpr-4.c:75:23: ERROR - integer constant expression reqruied for enum constant
          G = (char *)1 != (char *)&q
                        ^
./d-simp-intexpr-4.c:79:32: ERROR - integer constant expression reqruied for bit-field size
          unsigned  : (char *)&q >  (char *)0;
                                 ^
./d-simp-intexpr-4.c:80:22: warning - conversion between pointer and integer is not portable
          unsigned b: (char *)1  >= (char *)&q;
                       ^
./d-simp-intexpr-4.c:80:32: ERROR - integer constant expression reqruied for bit-field size
          unsigned b: (char *)1  >= (char *)&q;
                                 ^
./d-simp-intexpr-4.c:84:25: warning - comparison always results in false
          case (char *)&q <  (char *)0: break;
                          ^
./d-simp-intexpr-4.c:84:25: ERROR - integer constant expression reqruied for case label
          case (char *)&q <  (char *)0: break;
                          ^
./d-simp-intexpr-4.c:85:15: warning - conversion between pointer and integer is not portable
          case (char *)1  <= (char *)&q: break;
                ^
./d-simp-intexpr-4.c:85:25: ERROR - integer constant expression reqruied for case label
          case (char *)1  <= (char *)&q: break;
                          ^
./d-simp-intexpr-4.c:87:15: warning - conversion between pointer and integer is not portable
          case (int)((1)? &q: (void *)0):     break;
                ^
./d-simp-intexpr-4.c:87:15: ERROR - integer constant expression reqruied for case label
          case (int)((1)? &q: (void *)0):     break;
                ^
./d-simp-intexpr-4.c:88:15: warning - conversion between pointer and integer is not portable
          case (int)((1)? (void *)0: &q):     break;
                ^
./d-simp-intexpr-4.c:88:15: warning - integer constant expression reqruied for case label
          case (int)((1)? (void *)0: &q):     break;
                ^
./d-simp-intexpr-4.c:89:25: warning - conversion between pointer and integer is not portable
          case (1)? (int)(void *)70: (int)&q: break;
                          ^
./d-simp-intexpr-4.c:89:20: warning - conversion between pointer and integer is not portable
          case (1)? (int)(void *)70: (int)&q: break;
                     ^
./d-simp-intexpr-4.c:89:37: warning - conversion between pointer and integer is not portable
          case (1)? (int)(void *)70: (int)&q: break;
                                      ^
./d-simp-intexpr-4.c:89:17: warning - integer constant expression reqruied for case label
          case (1)? (int)(void *)70: (int)&q: break;
                  ^
./d-simp-intexpr-4.c:93:15: warning - conversion between pointer and integer is not portable
          case (unsigned)((1)? &q: (void *)0):          break;
                ^
./d-simp-intexpr-4.c:93:15: ERROR - integer constant expression reqruied for case label
          case (unsigned)((1)? &q: (void *)0):          break;
                ^
./d-simp-intexpr-4.c:94:15: warning - conversion between pointer and integer is not portable
          case (unsigned)((1)? (void *)0: &q):          break;
                ^
./d-simp-intexpr-4.c:94:15: warning - integer constant expression reqruied for case label
          case (unsigned)((1)? (void *)0: &q):          break;
                ^
./d-simp-intexpr-4.c:95:30: warning - conversion between pointer and integer is not portable
          case (1)? (unsigned)(void *)70: (unsigned)&q: break;
                               ^
./d-simp-intexpr-4.c:95:20: warning - conversion between pointer and integer is not portable
          case (1)? (unsigned)(void *)70: (unsigned)&q: break;
                     ^
./d-simp-intexpr-4.c:95:42: warning - conversion between pointer and integer is not portable
          case (1)? (unsigned)(void *)70: (unsigned)&q: break;
                                           ^
./d-simp-intexpr-4.c:95:17: warning - integer constant expression reqruied for case label
          case (1)? (unsigned)(void *)70: (unsigned)&q: break;
                  ^
./d-simp-intexpr-4.c:104:13: warning - conversion between pointer and integer is not portable
      int x1[(int)&q];
              ^
./d-simp-intexpr-4.c:104:13: ERROR - integer constant expression reqruied for array size
      int x1[(int)&q];
              ^
./d-simp-intexpr-4.c:105:13: warning - conversion between pointer and integer is not portable
      int x2[(int)&q];
              ^
./d-simp-intexpr-4.c:105:13: ERROR - integer constant expression reqruied for array size
      int x2[(int)&q];
              ^
./d-simp-intexpr-4.c:106:13: warning - conversion between pointer and integer is not portable
      int x3[(int)&q];
              ^
./d-simp-intexpr-4.c:106:13: ERROR - integer constant expression reqruied for array size
      int x3[(int)&q];
              ^
./d-simp-intexpr-4.c:108:13: warning - conversion between pointer and integer is not portable
      int x4[(unsigned)&q];
              ^
./d-simp-intexpr-4.c:108:13: ERROR - integer constant expression reqruied for array size
      int x4[(unsigned)&q];
              ^
./d-simp-intexpr-4.c:109:13: warning - conversion between pointer and integer is not portable
      int x5[(unsigned)&q];
              ^
./d-simp-intexpr-4.c:109:13: ERROR - integer constant expression reqruied for array size
      int x5[(unsigned)&q];
              ^
./d-simp-intexpr-4.c:110:13: warning - conversion between pointer and integer is not portable
      int x6[(unsigned)&q];
              ^
./d-simp-intexpr-4.c:110:13: ERROR - integer constant expression reqruied for array size
      int x6[(unsigned)&q];
              ^
./d-simp-intexpr-4.c:113:16: ERROR - integer constant expression reqruied for enum constant
          A = &q - &q,
                 ^
./d-simp-intexpr-4.c:114:15: warning - address of `q' always results in true
          B = !&q,
                ^
./d-simp-intexpr-4.c:114:13: warning - integer constant expression reqruied for enum constant
          B = !&q,
              ^
./d-simp-intexpr-4.c:115:20: warning - address of `q' always results in true
          C = &q && &q,
                     ^
./d-simp-intexpr-4.c:115:14: warning - address of `q' always results in true
          C = &q && &q,
               ^
./d-simp-intexpr-4.c:115:16: warning - integer constant expression reqruied for enum constant
          C = &q && &q,
                 ^
./d-simp-intexpr-4.c:116:20: warning - address of `q' always results in true
          D = &q || &q,
                     ^
./d-simp-intexpr-4.c:116:14: warning - address of `q' always results in true
          D = &q || &q,
               ^
./d-simp-intexpr-4.c:116:16: warning - integer constant expression reqruied for enum constant
          D = &q || &q,
                 ^
./d-simp-intexpr-4.c:117:16: ERROR - integer constant expression reqruied for enum constant
          E = &q == &q,
                 ^
./d-simp-intexpr-4.c:118:16: ERROR - integer constant expression reqruied for enum constant
          F = &q != &q
                 ^
./d-simp-intexpr-4.c:122:24: ERROR - integer constant expression reqruied for bit-field size
          unsigned  : &q >  &q;
                         ^
./d-simp-intexpr-4.c:123:24: ERROR - integer constant expression reqruied for bit-field size
          unsigned b: &q >= &q;
                         ^
./d-simp-intexpr-4.c:127:17: ERROR - integer constant expression reqruied for case label
          case &q <  &q: break;
                  ^
./d-simp-intexpr-4.c:128:17: ERROR - integer constant expression reqruied for case label
          case &q <= &q: break;
                  ^
./d-simp-intexpr-4.c:130:16: warning - address of `q' always results in true
          case (&q)? 10: 0:       break;
                 ^
./d-simp-intexpr-4.c:130:18: ERROR - integer constant expression reqruied for case label
          case (&q)? 10: 0:       break;
                   ^
./d-simp-intexpr-4.c:131:15: warning - conversion between pointer and integer is not portable
          case (int)((1)? 0: &q): break;
                ^
./d-simp-intexpr-4.c:131:15: warning - integer constant expression reqruied for case label
          case (int)((1)? 0: &q): break;
                ^
./d-simp-intexpr-4.c:132:15: warning - conversion between pointer and integer is not portable
          case (int)((1)? &q: 0): break;
                ^
./d-simp-intexpr-4.c:132:15: ERROR - integer constant expression reqruied for case label
          case (int)((1)? &q: 0): break;
                ^
./d-simp-intexpr-4.c:133:20: warning - conversion between pointer and integer is not portable
          case (1)? (int)&q: 0:   break;
                     ^
./d-simp-intexpr-4.c:133:17: ERROR - integer constant expression reqruied for case label
          case (1)? (int)&q: 0:   break;
                  ^
./d-simp-intexpr-4.c:137:15: warning - conversion between pointer and integer is not portable
          case (unsigned)((1)? 0: &q): break;
                ^
./d-simp-intexpr-4.c:137:15: warning - integer constant expression reqruied for case label
          case (unsigned)((1)? 0: &q): break;
                ^
./d-simp-intexpr-4.c:138:15: warning - conversion between pointer and integer is not portable
          case (unsigned)((1)? &q: 0): break;
                ^
./d-simp-intexpr-4.c:138:15: ERROR - integer constant expression reqruied for case label
          case (unsigned)((1)? &q: 0): break;
                ^
./d-simp-intexpr-4.c:139:20: warning - conversion between pointer and integer is not portable
          case (1)? (unsigned)&q: 0:   break;
                     ^
./d-simp-intexpr-4.c:139:17: ERROR - integer constant expression reqruied for case label
          case (1)? (unsigned)&q: 0:   break;
                  ^
