./d-simp-intexpr-3.c:11:9: warning - local `x6' defined but not referenced
      int x6[sizeof(+3.14)];
          ^~
./d-simp-intexpr-3.c:10:9: warning - local `x5' defined but not referenced
      int x5[sizeof(-3.14)];
          ^~
./d-simp-intexpr-3.c:9:9: warning - local `x4' defined but not referenced
      int x4[sizeof(3.14 / 3.14)];
          ^~
./d-simp-intexpr-3.c:8:9: warning - local `x3' defined but not referenced
      int x3[sizeof(3.14 * 3.14)];
          ^~
./d-simp-intexpr-3.c:7:9: warning - local `x2' defined but not referenced
      int x2[sizeof(3.14 - 1.14)];
          ^~
./d-simp-intexpr-3.c:6:9: warning - local `x1' defined but not referenced
      int x1[sizeof(3.14 + 3.14)];
          ^~
./d-simp-intexpr-3.c:45:24: warning - integer constant expression requried for array size
      int x1[sizeof(int [(int)(3.14 + 3.14)])];
                         ^~~~~~~~~~~~~~~~~~
./d-simp-intexpr-3.c:46:24: warning - integer constant expression requried for array size
      int x2[sizeof(int [(int)(3.14 - 1.14)])];
                         ^~~~~~~~~~~~~~~~~~
./d-simp-intexpr-3.c:47:24: warning - integer constant expression requried for array size
      int x3[sizeof(int [(int)(3.14 * 3.14)])];
                         ^~~~~~~~~~~~~~~~~~
./d-simp-intexpr-3.c:48:24: warning - integer constant expression requried for array size
      int x4[sizeof(int [(int)(3.14 / 3.14)])];
                         ^~~~~~~~~~~~~~~~~~
./d-simp-intexpr-3.c:49:24: warning - integer constant expression requried for array size
      int x5[sizeof(int [-(int)-3.14])];
                         ^~~~~~~~~~~
./d-simp-intexpr-3.c:50:24: warning - integer constant expression requried for array size
      int x6[sizeof(int [(int)+3.14])];
                         ^~~~~~~~~~
./d-simp-intexpr-3.c:52:24: warning - integer constant expression requried for array size
      int x7[sizeof(int [(unsigned)(3.14 + 3.14)])];
                         ^~~~~~~~~~~~~~~~~~~~~~~
./d-simp-intexpr-3.c:53:24: warning - integer constant expression requried for array size
      int x8[sizeof(int [(unsigned)(3.14 - 1.14)])];
                         ^~~~~~~~~~~~~~~~~~~~~~~
./d-simp-intexpr-3.c:54:24: warning - integer constant expression requried for array size
      int x9[sizeof(int [(unsigned)(3.14 * 3.14)])];
                         ^~~~~~~~~~~~~~~~~~~~~~~
./d-simp-intexpr-3.c:55:25: warning - integer constant expression requried for array size
      int x10[sizeof(int [(unsigned)(3.14 / 3.14)])];
                          ^~~~~~~~~~~~~~~~~~~~~~~
./d-simp-intexpr-3.c:56:25: warning - unsigned operand of unary -
      int x11[sizeof(int [-(unsigned)-3.14])];
                          ^~~~~~~~~~~~~~~~
./d-simp-intexpr-3.c:56:25: warning - integer constant expression requried for array size
      int x11[sizeof(int [-(unsigned)-3.14])];
                          ^~~~~~~~~~~~~~~~
./d-simp-intexpr-3.c:57:25: warning - integer constant expression requried for array size
      int x12[sizeof(int [(unsigned)+3.14])];
                          ^~~~~~~~~~~~~~~
./d-simp-intexpr-3.c:60:25: warning - integer constant expression requried for array size
          A = sizeof(int [!3.14+1]),
                          ^~~~~~~
./d-simp-intexpr-3.c:61:25: warning - integer constant expression requried for array size
          B = sizeof(int [3.14 && 3.14]),
                          ^~~~~~~~~~~~
./d-simp-intexpr-3.c:62:25: warning - integer constant expression requried for array size
          C = sizeof(int [3.14 || 3.14]),
                          ^~~~~~~~~~~~
./d-simp-intexpr-3.c:63:25: warning - integer constant expression requried for array size
          D = sizeof(int [3.14 == 3.14]),
                          ^~~~~~~~~~~~
./d-simp-intexpr-3.c:64:25: warning - integer constant expression requried for array size
          E = sizeof(int [3.14 != 3.12])
                          ^~~~~~~~~~~~
./d-simp-intexpr-3.c:68:33: warning - integer constant expression requried for array size
          unsigned a: sizeof(int [3.14 >  3.12]);
                                  ^~~~~~~~~~~~
./d-simp-intexpr-3.c:69:33: warning - integer constant expression requried for array size
          unsigned b: sizeof(int [3.14 >= 3.14]);
                                  ^~~~~~~~~~~~
./d-simp-intexpr-3.c:73:26: warning - integer constant expression requried for array size
          case sizeof(int [3.12 <  3.14]):   break;
                           ^~~~~~~~~~~~
./d-simp-intexpr-3.c:74:26: warning - integer constant expression requried for array size
          case sizeof(int [3.14 <= 3.14])+1: break;
                           ^~~~~~~~~~~~
./d-simp-intexpr-3.c:77:26: warning - integer constant expression requried for array size
          case sizeof(int [(1)? 30: (int)(double)3]): break;
                           ^~~~~~~~~~~~~~~~~~~~~~~
./d-simp-intexpr-3.c:79:26: warning - integer constant expression requried for array size
          case sizeof(int [(1)? (int)(double)50: 0]): break;
                           ^~~~~~~~~~~~~~~~~~~~~~~
./d-simp-intexpr-3.c:84:26: warning - integer constant expression requried for array size
          case sizeof(int [(1)? 30: (unsigned)(double)3]): break;
                           ^~~~~~~~~~~~~~~~~~~~~~~~~~~~
./d-simp-intexpr-3.c:86:26: warning - integer constant expression requried for array size
          case sizeof(int [(1)? (unsigned)(double)50: 0]): break;
                           ^~~~~~~~~~~~~~~~~~~~~~~~~~~~
./d-simp-intexpr-3.c:57:9: warning - local `x12' defined but not referenced
      int x12[sizeof(int [(unsigned)+3.14])];
          ^~~
./d-simp-intexpr-3.c:56:9: warning - local `x11' defined but not referenced
      int x11[sizeof(int [-(unsigned)-3.14])];
          ^~~
./d-simp-intexpr-3.c:55:9: warning - local `x10' defined but not referenced
      int x10[sizeof(int [(unsigned)(3.14 / 3.14)])];
          ^~~
./d-simp-intexpr-3.c:54:9: warning - local `x9' defined but not referenced
      int x9[sizeof(int [(unsigned)(3.14 * 3.14)])];
          ^~
./d-simp-intexpr-3.c:53:9: warning - local `x8' defined but not referenced
      int x8[sizeof(int [(unsigned)(3.14 - 1.14)])];
          ^~
./d-simp-intexpr-3.c:52:9: warning - local `x7' defined but not referenced
      int x7[sizeof(int [(unsigned)(3.14 + 3.14)])];
          ^~
./d-simp-intexpr-3.c:50:9: warning - local `x6' defined but not referenced
      int x6[sizeof(int [(int)+3.14])];
          ^~
./d-simp-intexpr-3.c:49:9: warning - local `x5' defined but not referenced
      int x5[sizeof(int [-(int)-3.14])];
          ^~
./d-simp-intexpr-3.c:48:9: warning - local `x4' defined but not referenced
      int x4[sizeof(int [(int)(3.14 / 3.14)])];
          ^~
./d-simp-intexpr-3.c:47:9: warning - local `x3' defined but not referenced
      int x3[sizeof(int [(int)(3.14 * 3.14)])];
          ^~
./d-simp-intexpr-3.c:46:9: warning - local `x2' defined but not referenced
      int x2[sizeof(int [(int)(3.14 - 1.14)])];
          ^~
./d-simp-intexpr-3.c:45:9: warning - local `x1' defined but not referenced
      int x1[sizeof(int [(int)(3.14 + 3.14)])];
          ^~
./d-simp-intexpr-3.c:95:30: warning - integer constant expression requried for array size
      int x1[(int)(sizeof(int [(int)(3.14 + 3.14)]) + 3.14)];
                               ^~~~~~~~~~~~~~~~~~
./d-simp-intexpr-3.c:95:12: warning - integer constant expression requried for array size
      int x1[(int)(sizeof(int [(int)(3.14 + 3.14)]) + 3.14)];
             ^~~~~~~~~~~~~~~~~~~~~~~~~~~~~~~~~~~~~~~~~~~~~~
./d-simp-intexpr-3.c:96:30: warning - integer constant expression requried for array size
      int x2[(int)(sizeof(int [(int)(3.14 - 1.14)]) - 3.14)];
                               ^~~~~~~~~~~~~~~~~~
./d-simp-intexpr-3.c:96:12: warning - integer constant expression requried for array size
      int x2[(int)(sizeof(int [(int)(3.14 - 1.14)]) - 3.14)];
             ^~~~~~~~~~~~~~~~~~~~~~~~~~~~~~~~~~~~~~~~~~~~~~
./d-simp-intexpr-3.c:97:30: warning - integer constant expression requried for array size
      int x3[(int)(sizeof(int [(int)(3.14 * 3.14)]) * 3.14)];
                               ^~~~~~~~~~~~~~~~~~
./d-simp-intexpr-3.c:97:12: warning - integer constant expression requried for array size
      int x3[(int)(sizeof(int [(int)(3.14 * 3.14)]) * 3.14)];
             ^~~~~~~~~~~~~~~~~~~~~~~~~~~~~~~~~~~~~~~~~~~~~~
./d-simp-intexpr-3.c:98:30: warning - integer constant expression requried for array size
      int x4[(int)(sizeof(int [(int)(3.14 / 3.14)]) / 3.14)];
                               ^~~~~~~~~~~~~~~~~~
./d-simp-intexpr-3.c:98:12: warning - integer constant expression requried for array size
      int x4[(int)(sizeof(int [(int)(3.14 / 3.14)]) / 3.14)];
             ^~~~~~~~~~~~~~~~~~~~~~~~~~~~~~~~~~~~~~~~~~~~~~
./d-simp-intexpr-3.c:99:30: warning - integer constant expression requried for array size
      int x5[(int)(sizeof(int [-(int)-3.14]) + (int)-3.14)];
                               ^~~~~~~~~~~
./d-simp-intexpr-3.c:99:12: warning - integer constant expression requried for array size
      int x5[(int)(sizeof(int [-(int)-3.14]) + (int)-3.14)];
             ^~~~~~~~~~~~~~~~~~~~~~~~~~~~~~~~~~~~~~~~~~~~~
./d-simp-intexpr-3.c:100:30: warning - integer constant expression requried for array size
      int x6[(int)(sizeof(int [(int)+3.14]) + (int)+3.14)];
                               ^~~~~~~~~~
./d-simp-intexpr-3.c:100:12: warning - integer constant expression requried for array size
      int x6[(int)(sizeof(int [(int)+3.14]) + (int)+3.14)];
             ^~~~~~~~~~~~~~~~~~~~~~~~~~~~~~~~~~~~~~~~~~~~
./d-simp-intexpr-3.c:102:35: warning - integer constant expression requried for array size
      int x7[(unsigned)(sizeof(int [(unsigned)(3.14 + 3.14)]) + 3.14)];
                                    ^~~~~~~~~~~~~~~~~~~~~~~
./d-simp-intexpr-3.c:102:12: warning - integer constant expression requried for array size
      int x7[(unsigned)(sizeof(int [(unsigned)(3.14 + 3.14)]) + 3.14)];
             ^~~~~~~~~~~~~~~~~~~~~~~~~~~~~~~~~~~~~~~~~~~~~~~~~~~~~~~~
./d-simp-intexpr-3.c:103:35: warning - integer constant expression requried for array size
      int x8[(unsigned)(sizeof(int [(unsigned)(3.14 - 1.14)]) - 3.14)];
                                    ^~~~~~~~~~~~~~~~~~~~~~~
./d-simp-intexpr-3.c:103:12: warning - integer constant expression requried for array size
      int x8[(unsigned)(sizeof(int [(unsigned)(3.14 - 1.14)]) - 3.14)];
             ^~~~~~~~~~~~~~~~~~~~~~~~~~~~~~~~~~~~~~~~~~~~~~~~~~~~~~~~
./d-simp-intexpr-3.c:104:35: warning - integer constant expression requried for array size
      int x9[(unsigned)(sizeof(int [(unsigned)(3.14 * 3.14)]) * 3.14)];
                                    ^~~~~~~~~~~~~~~~~~~~~~~
./d-simp-intexpr-3.c:104:12: warning - integer constant expression requried for array size
      int x9[(unsigned)(sizeof(int [(unsigned)(3.14 * 3.14)]) * 3.14)];
             ^~~~~~~~~~~~~~~~~~~~~~~~~~~~~~~~~~~~~~~~~~~~~~~~~~~~~~~~
./d-simp-intexpr-3.c:105:36: warning - integer constant expression requried for array size
      int x10[(unsigned)(sizeof(int [(unsigned)(3.14 / 3.14)]) / 3.14)];
                                     ^~~~~~~~~~~~~~~~~~~~~~~
./d-simp-intexpr-3.c:105:13: warning - integer constant expression requried for array size
      int x10[(unsigned)(sizeof(int [(unsigned)(3.14 / 3.14)]) / 3.14)];
              ^~~~~~~~~~~~~~~~~~~~~~~~~~~~~~~~~~~~~~~~~~~~~~~~~~~~~~~~
./d-simp-intexpr-3.c:106:36: warning - unsigned operand of unary -
      int x11[(unsigned)(sizeof(int [-(unsigned)-3.14]) + (unsigned)-3.14)];
                                     ^~~~~~~~~~~~~~~~
./d-simp-intexpr-3.c:106:36: warning - integer constant expression requried for array size
      int x11[(unsigned)(sizeof(int [-(unsigned)-3.14]) + (unsigned)-3.14)];
                                     ^~~~~~~~~~~~~~~~
./d-simp-intexpr-3.c:106:13: warning - integer constant expression requried for array size
      int x11[(unsigned)(sizeof(int [-(unsigned)-3.14]) + (unsigned)-3.14)];
              ^~~~~~~~~~~~~~~~~~~~~~~~~~~~~~~~~~~~~~~~~~~~~~~~~~~~~~~~~~~~
./d-simp-intexpr-3.c:107:36: warning - integer constant expression requried for array size
      int x12[(unsigned)(sizeof(int [(unsigned)+3.14]) + (unsigned)+3.14)];
                                     ^~~~~~~~~~~~~~~
./d-simp-intexpr-3.c:107:13: warning - integer constant expression requried for array size
      int x12[(unsigned)(sizeof(int [(unsigned)+3.14]) + (unsigned)+3.14)];
              ^~~~~~~~~~~~~~~~~~~~~~~~~~~~~~~~~~~~~~~~~~~~~~~~~~~~~~~~~~~
./d-simp-intexpr-3.c:110:25: warning - integer constant expression requried for array size
          A = sizeof(int [!3.14+1]) + !3.14,
                          ^~~~~~~
./d-simp-intexpr-3.c:110:13: warning - integer constant expression requried for enum constant
          A = sizeof(int [!3.14+1]) + !3.14,
              ^~~~~~~~~~~~~~~~~~~~~~~~~~~~~
./d-simp-intexpr-3.c:111:25: warning - integer constant expression requried for array size
          B = sizeof(int [3.14 && 3.14]) && 3.14,
                          ^~~~~~~~~~~~
./d-simp-intexpr-3.c:111:13: warning - integer constant expression requried for enum constant
          B = sizeof(int [3.14 && 3.14]) && 3.14,
              ^~~~~~~~~~~~~~~~~~~~~~~~~~~~~~~~~~
./d-simp-intexpr-3.c:112:25: warning - integer constant expression requried for array size
          C = sizeof(int [3.14 || 3.14]) || 3.14,
                          ^~~~~~~~~~~~
./d-simp-intexpr-3.c:112:13: warning - integer constant expression requried for enum constant
          C = sizeof(int [3.14 || 3.14]) || 3.14,
              ^~~~~~~~~~~~~~~~~~~~~~~~~~~~~~~~~~
./d-simp-intexpr-3.c:113:25: warning - integer constant expression requried for array size
          D = sizeof(int [3.14 == 3.14]) == 3.14,
                          ^~~~~~~~~~~~
./d-simp-intexpr-3.c:113:13: warning - integer constant expression requried for enum constant
          D = sizeof(int [3.14 == 3.14]) == 3.14,
              ^~~~~~~~~~~~~~~~~~~~~~~~~~~~~~~~~~
./d-simp-intexpr-3.c:114:25: warning - integer constant expression requried for array size
          E = sizeof(int [3.14 != 3.12]) != 3.14
                          ^~~~~~~~~~~~
./d-simp-intexpr-3.c:114:13: warning - integer constant expression requried for enum constant
          E = sizeof(int [3.14 != 3.12]) != 3.14
              ^~~~~~~~~~~~~~~~~~~~~~~~~~~~~~~~~~
./d-simp-intexpr-3.c:118:33: warning - integer constant expression requried for array size
          unsigned a: sizeof(int [3.14 >  3.12]) >  3.14;
                                  ^~~~~~~~~~~~
./d-simp-intexpr-3.c:118:21: warning - integer constant expression requried for bit-field size
          unsigned a: sizeof(int [3.14 >  3.12]) >  3.14;
                      ^~~~~~~~~~~~~~~~~~~~~~~~~~~~~~~~~~
./d-simp-intexpr-3.c:119:33: warning - integer constant expression requried for array size
          unsigned b: sizeof(int [3.14 >= 3.14]) >= 3.14;
                                  ^~~~~~~~~~~~
./d-simp-intexpr-3.c:119:21: warning - integer constant expression requried for bit-field size
          unsigned b: sizeof(int [3.14 >= 3.14]) >= 3.14;
                      ^~~~~~~~~~~~~~~~~~~~~~~~~~~~~~~~~~
./d-simp-intexpr-3.c:123:26: warning - integer constant expression requried for array size
          case sizeof(int [3.12 <  3.14]) <  3.14:     break;
                           ^~~~~~~~~~~~
./d-simp-intexpr-3.c:123:14: warning - integer constant expression requried for case label
          case sizeof(int [3.12 <  3.14]) <  3.14:     break;
               ^~~~~~~~~~~~~~~~~~~~~~~~~~~~~~~~~~
./d-simp-intexpr-3.c:124:29: warning - integer constant expression requried for array size
          case 1+(sizeof(int [3.14 <= 3.14]) <= 3.14): break;
                              ^~~~~~~~~~~~
./d-simp-intexpr-3.c:124:14: warning - integer constant expression requried for case label
          case 1+(sizeof(int [3.14 <= 3.14]) <= 3.14): break;
               ^~~~~~~~~~~~~~~~~~~~~~~~~~~~~~~~~~~~~~
./d-simp-intexpr-3.c:126:14: warning - integer constant expression requried for case label
          case sizeof((3.14)? 10: 0) + ((3.14)? 10: 0):                  break;
               ^~~~~~~~~~~~~~~~~~~~~~~~~~~~~~~~~~~~~~~
./d-simp-intexpr-3.c:127:14: warning - integer constant expression requried for case label
          case sizeof((1)? 20: 3.14) + ((int)((1)? 20: 3.14)):           break;
               ^~~~~~~~~~~~~~~~~~~~~~~~~~~~~~~~~~~~~~~~~~~~~~
./d-simp-intexpr-3.c:128:14: warning - integer constant expression requried for case label
          case sizeof((1)? 30: (double)3) + ((int)((1)? 30: (double)3)): break;
               ^~~~~~~~~~~~~~~~~~~~~~~~~~~~~~~~~~~~~~~~~~~~~~~~~~~~~~~~
./d-simp-intexpr-3.c:129:14: warning - integer constant expression requried for case label
          case sizeof((1)? 40.0: 0) + ((int)((1)? 40.0: 0)):             break;
               ^~~~~~~~~~~~~~~~~~~~~~~~~~~~~~~~~~~~~~~~~~~~
./d-simp-intexpr-3.c:135:14: warning - integer constant expression requried for case label
          case sizeof((1)? 20: 3.14) + ((unsigned)((1)? 20: 3.14)):           break;
               ^~~~~~~~~~~~~~~~~~~~~~~~~~~~~~~~~~~~~~~~~~~~~~~~~~~
./d-simp-intexpr-3.c:136:14: warning - integer constant expression requried for case label
          case sizeof((1)? 30: (double)3) + ((unsigned)((1)? 30: (double)3)): break;
               ^~~~~~~~~~~~~~~~~~~~~~~~~~~~~~~~~~~~~~~~~~~~~~~~~~~~~~~~~~~~~
./d-simp-intexpr-3.c:137:14: warning - integer constant expression requried for case label
          case sizeof((1)? 40.0: 0) + ((unsigned)((1)? 40.0: 0)):             break;
               ^~~~~~~~~~~~~~~~~~~~~~~~~~~~~~~~~~~~~~~~~~~~~~~~~
./d-simp-intexpr-3.c:107:9: warning - local `x12' defined but not referenced
      int x12[(unsigned)(sizeof(int [(unsigned)+3.14]) + (unsigned)+3.14)];
          ^~~
./d-simp-intexpr-3.c:106:9: warning - local `x11' defined but not referenced
      int x11[(unsigned)(sizeof(int [-(unsigned)-3.14]) + (unsigned)-3.14)];
          ^~~
./d-simp-intexpr-3.c:105:9: warning - local `x10' defined but not referenced
      int x10[(unsigned)(sizeof(int [(unsigned)(3.14 / 3.14)]) / 3.14)];
          ^~~
./d-simp-intexpr-3.c:104:9: warning - local `x9' defined but not referenced
      int x9[(unsigned)(sizeof(int [(unsigned)(3.14 * 3.14)]) * 3.14)];
          ^~
./d-simp-intexpr-3.c:103:9: warning - local `x8' defined but not referenced
      int x8[(unsigned)(sizeof(int [(unsigned)(3.14 - 1.14)]) - 3.14)];
          ^~
./d-simp-intexpr-3.c:102:9: warning - local `x7' defined but not referenced
      int x7[(unsigned)(sizeof(int [(unsigned)(3.14 + 3.14)]) + 3.14)];
          ^~
./d-simp-intexpr-3.c:100:9: warning - local `x6' defined but not referenced
      int x6[(int)(sizeof(int [(int)+3.14]) + (int)+3.14)];
          ^~
./d-simp-intexpr-3.c:99:9: warning - local `x5' defined but not referenced
      int x5[(int)(sizeof(int [-(int)-3.14]) + (int)-3.14)];
          ^~
./d-simp-intexpr-3.c:98:9: warning - local `x4' defined but not referenced
      int x4[(int)(sizeof(int [(int)(3.14 / 3.14)]) / 3.14)];
          ^~
./d-simp-intexpr-3.c:97:9: warning - local `x3' defined but not referenced
      int x3[(int)(sizeof(int [(int)(3.14 * 3.14)]) * 3.14)];
          ^~
./d-simp-intexpr-3.c:96:9: warning - local `x2' defined but not referenced
      int x2[(int)(sizeof(int [(int)(3.14 - 1.14)]) - 3.14)];
          ^~
./d-simp-intexpr-3.c:95:9: warning - local `x1' defined but not referenced
      int x1[(int)(sizeof(int [(int)(3.14 + 3.14)]) + 3.14)];
          ^~
