./d-simp-intexpr-7.c:9:18: warning - integer constant expression requried for array size
  int x5[(0 && 1.0)+1];
                   ^
./d-simp-intexpr-7.c:11:9: warning - integer constant expression requried for array size
  int x7[(unsigned)(1 && 1.0)];
          ^
./d-simp-intexpr-7.c:13:10: warning - integer constant expression requried for array size
  int x9[1 || 1.0];
           ^
./d-simp-intexpr-7.c:15:10: warning - integer constant expression requried for array size
  int x11[(int)(0 || 1.0)];
           ^
./d-simp-intexpr-7.c:17:16: warning - address of `q' always results in true
  int x13[(0 && &q)+1];
                 ^
./d-simp-intexpr-7.c:17:18: warning - integer constant expression requried for array size
  int x13[(0 && &q)+1];
                   ^
./d-simp-intexpr-7.c:18:15: warning - address of `q' always results in true
  int x14[1 || &q];
                ^
./d-simp-intexpr-7.c:18:11: warning - integer constant expression requried for array size
  int x14[1 || &q];
            ^
./d-simp-intexpr-7.c:21:12: ERROR - integer constant expression required for array size
  int y1[(0, 1)];
             ^
./d-simp-intexpr-7.c:22:15: ERROR - integer constant expression required for array size
  int y2[(0, 1, 2)];
                ^
./d-simp-intexpr-7.c:23:17: ERROR - integer constant expression required for array size
  int y3[(0.0, 1, 2)];
                  ^
./d-simp-intexpr-7.c:24:10: warning - expression result not used
  int y4[((int)0.0, 1, 2)];
           ^
./d-simp-intexpr-7.c:24:22: ERROR - integer constant expression required for array size
  int y4[((int)0.0, 1, 2)];
                       ^
./d-simp-intexpr-7.c:25:17: ERROR - integer constant expression required for array size
  int y5[(0, 1.0, 2)];
                  ^
./d-simp-intexpr-7.c:26:13: warning - expression result not used
  int y6[(0, (int)1.0, 2)];
              ^
./d-simp-intexpr-7.c:26:22: ERROR - integer constant expression required for array size
  int y6[(0, (int)1.0, 2)];
                       ^
./d-simp-intexpr-7.c:27:13: warning - expression result not used
  int y7[(0, (int)1.0, (unsigned)2.0)];
              ^
./d-simp-intexpr-7.c:27:22: ERROR - integer constant expression required for array size
  int y7[(0, (int)1.0, (unsigned)2.0)];
                       ^
./d-simp-intexpr-7.c:29:21: warning - integer constant expression requried for array size
  int z1[(0 && (1, 2))+1];
                      ^
./d-simp-intexpr-7.c:30:24: warning - integer constant expression requried for array size
  int z2[(0 && (1, 2, 3))+1];
                         ^
./d-simp-intexpr-7.c:31:26: warning - integer constant expression requried for array size
  int z3[(0 && (1.0, 2, 3))+1];
                           ^
./d-simp-intexpr-7.c:32:16: warning - expression result not used
  int z4[(0 && ((unsigned)1.0, 2, 3))+1];
                 ^
./d-simp-intexpr-7.c:32:36: warning - integer constant expression requried for array size
  int z4[(0 && ((unsigned)1.0, 2, 3))+1];
                                     ^
./d-simp-intexpr-7.c:33:26: warning - integer constant expression requried for array size
  int z5[(0 && (1, 2.0, 3))+1];
                           ^
./d-simp-intexpr-7.c:34:19: warning - expression result not used
  int z6[(0 && (1, (unsigned)2.0, 3))+1];
                    ^
./d-simp-intexpr-7.c:34:36: warning - integer constant expression requried for array size
  int z6[(0 && (1, (unsigned)2.0, 3))+1];
                                     ^
./d-simp-intexpr-7.c:35:26: warning - integer constant expression requried for array size
  int z7[(0 && (1, 2, 3.0))+1];
                           ^
./d-simp-intexpr-7.c:36:36: warning - integer constant expression requried for array size
  int z8[(0 && (1, 2, (unsigned)3.0))+1];
                                     ^
./d-simp-intexpr-7.c:37:15: ERROR - integer constant expression required for array size
  int z9[(1, 2) && 1];
                ^
./d-simp-intexpr-7.c:38:19: ERROR - integer constant expression required for array size
  int z10[(1, 2, 3) && 1];
                    ^
./d-simp-intexpr-7.c:39:21: ERROR - integer constant expression required for array size
  int z11[(1.0, 2, 3) && 1];
                      ^
./d-simp-intexpr-7.c:40:11: warning - expression result not used
  int z12[((unsigned)1.0, 2, 3) && 1];
            ^
./d-simp-intexpr-7.c:40:31: ERROR - integer constant expression required for array size
  int z12[((unsigned)1.0, 2, 3) && 1];
                                ^
./d-simp-intexpr-7.c:41:21: ERROR - integer constant expression required for array size
  int z13[(1, 2.0, 3) && 1];
                      ^
./d-simp-intexpr-7.c:42:14: warning - expression result not used
  int z14[(1, (unsigned)2.0, 3) && 1];
               ^
./d-simp-intexpr-7.c:42:31: ERROR - integer constant expression required for array size
  int z14[(1, (unsigned)2.0, 3) && 1];
                                ^
./d-simp-intexpr-7.c:44:10: warning - integer constant expression requried for array size
  int w1[1 || (1, 2)];
           ^
./d-simp-intexpr-7.c:45:10: warning - integer constant expression requried for array size
  int w2[1 || (1, 2, 3)];
           ^
./d-simp-intexpr-7.c:46:10: warning - integer constant expression requried for array size
  int w3[1 || (1.0, 2, 3)];
           ^
./d-simp-intexpr-7.c:47:15: warning - expression result not used
  int w4[1 || ((int)1.0, 2, 3)];
                ^
./d-simp-intexpr-7.c:47:10: warning - integer constant expression requried for array size
  int w4[1 || ((int)1.0, 2, 3)];
           ^
./d-simp-intexpr-7.c:48:10: warning - integer constant expression requried for array size
  int w5[1 || (1, 2.0, 3)];
           ^
./d-simp-intexpr-7.c:49:18: warning - expression result not used
  int w6[1 || (1, (int)2.0, 3)];
                   ^
./d-simp-intexpr-7.c:49:10: warning - integer constant expression requried for array size
  int w6[1 || (1, (int)2.0, 3)];
           ^
./d-simp-intexpr-7.c:50:10: warning - integer constant expression requried for array size
  int w7[1 || (1, 2, 3.0)];
           ^
./d-simp-intexpr-7.c:51:10: warning - integer constant expression requried for array size
  int w8[1 || (1, 2, (int)3.0)];
           ^
./d-simp-intexpr-7.c:52:15: ERROR - integer constant expression required for array size
  int w9[(1, 2) || 1];
                ^
./d-simp-intexpr-7.c:53:19: ERROR - integer constant expression required for array size
  int w10[(1, 2, 3) || 1];
                    ^
./d-simp-intexpr-7.c:54:21: ERROR - integer constant expression required for array size
  int w11[(1.0, 2, 3) || 1];
                      ^
./d-simp-intexpr-7.c:55:11: warning - expression result not used
  int w12[((int)1.0, 2, 3) || 1];
            ^
./d-simp-intexpr-7.c:55:26: ERROR - integer constant expression required for array size
  int w12[((int)1.0, 2, 3) || 1];
                           ^
./d-simp-intexpr-7.c:56:21: ERROR - integer constant expression required for array size
  int w13[(1, 2.0, 3) || 1];
                      ^
./d-simp-intexpr-7.c:57:14: warning - expression result not used
  int w14[(1, (int)2.0, 3) || 1];
               ^
./d-simp-intexpr-7.c:57:26: ERROR - integer constant expression required for array size
  int w14[(1, (int)2.0, 3) || 1];
                           ^
./d-simp-intexpr-7.c:59:14: ERROR - integer constant expression required for array size
  int a1[(0, 1)? 1: 2];
               ^
./d-simp-intexpr-7.c:60:17: ERROR - integer constant expression required for array size
  int a2[(0, 1, 2)? 1: 2];
                  ^
./d-simp-intexpr-7.c:61:19: ERROR - integer constant expression required for array size
  int a3[(0.0, 1, 2)? 1: 2];
                    ^
./d-simp-intexpr-7.c:62:10: warning - expression result not used
  int a4[((int)0.0, 1, 2)? 1: 2];
           ^
./d-simp-intexpr-7.c:62:24: ERROR - integer constant expression required for array size
  int a4[((int)0.0, 1, 2)? 1: 2];
                         ^
./d-simp-intexpr-7.c:63:19: ERROR - integer constant expression required for array size
  int a5[(0, 1.0, 2)? 1: 2];
                    ^
./d-simp-intexpr-7.c:64:13: warning - expression result not used
  int a6[(0, (unsigned)1.0, 2)? 1: 2];
              ^
./d-simp-intexpr-7.c:64:29: ERROR - integer constant expression required for array size
  int a6[(0, (unsigned)1.0, 2)? 1: 2];
                              ^
./d-simp-intexpr-7.c:65:11: ERROR - integer constant expression required for array size
  int a7[(1)? (0, 1): 2];
            ^
./d-simp-intexpr-7.c:66:11: ERROR - integer constant expression required for array size
  int a8[(1)? (0, 1, 2): 2];
            ^
./d-simp-intexpr-7.c:67:11: ERROR - integer constant expression required for array size
  int a9[(1)? (0.0, 1, 2): 2];
            ^
./d-simp-intexpr-7.c:68:16: warning - expression result not used
  int a10[(1)? ((int)0.0, 1, 2): 2];
                 ^
./d-simp-intexpr-7.c:68:12: ERROR - integer constant expression required for array size
  int a10[(1)? ((int)0.0, 1, 2): 2];
             ^
./d-simp-intexpr-7.c:69:12: warning - integer constant expression requried for array size
  int a11[(1)? 1: (0, 1)];
             ^
./d-simp-intexpr-7.c:70:12: warning - integer constant expression requried for array size
  int a12[(1)? 1: (0, 1, 2)];
             ^
./d-simp-intexpr-7.c:71:12: warning - integer constant expression requried for array size
  int a13[(1)? 1: (0.0, 1, 2)];
             ^
./d-simp-intexpr-7.c:72:19: warning - expression result not used
  int a14[(1)? 1: ((unsigned)0.0, 1, 2)];
                    ^
./d-simp-intexpr-7.c:72:12: warning - integer constant expression requried for array size
  int a14[(1)? 1: ((unsigned)0.0, 1, 2)];
             ^
./d-simp-intexpr-7.c:73:12: warning - integer constant expression requried for array size
  int a15[(1)? 1: (0, 1.0, 2)];
             ^
./d-simp-intexpr-7.c:74:22: warning - expression result not used
  int a16[(1)? 1: (0, (int)1.0, 2)];
                       ^
./d-simp-intexpr-7.c:74:12: warning - integer constant expression requried for array size
  int a16[(1)? 1: (0, (int)1.0, 2)];
             ^
