./d-simp-tree-13.c:1:37: warning - uninitialized reference to `i'
  void f1(void) { int i; i = (0+1) && i; }     /* fold */
                                      ^
./d-simp-tree-13.c:2:38: warning - uninitialized reference to `i'
  void f2(void) { int i; i = (0u+1) && i; }    /* fold */
                                       ^
./d-simp-tree-13.c:3:21: warning - local `i' set but not meaningfully used
  void f3(void) { int i; i = (1-1) && i; }     /* fold */
                      ^
./d-simp-tree-13.c:4:21: warning - local `i' set but not meaningfully used
  void f4(void) { int i; i = (1U-1) && i; }    /* fold */
                      ^
./d-simp-tree-13.c:6:21: warning - local `i' set but not meaningfully used
  void f6(void) { int i; i = (0+1) || i; }     /* fold */
                      ^
./d-simp-tree-13.c:7:21: warning - local `i' set but not meaningfully used
  void f7(void) { int i; i = (0U+1) || i; }    /* fold */
                      ^
./d-simp-tree-13.c:8:37: warning - uninitialized reference to `i'
  void f8(void) { int i; i = (1-1) || i; }     /* fold */
                                      ^
./d-simp-tree-13.c:9:38: warning - uninitialized reference to `i'
  void f9(void) { int i; i = (1u-1) || i; }    /* fold */
                                       ^
