./d-simp-intexpr-2.c:5:12: warning - integer constant expression requried for array size
      int x1[(int)(3.14 + 3.14)];
             ^~~~~~~~~~~~~~~~~~
./d-simp-intexpr-2.c:6:12: warning - integer constant expression requried for array size
      int x2[(int)(3.14 - 1.14)];
             ^~~~~~~~~~~~~~~~~~
./d-simp-intexpr-2.c:7:12: warning - integer constant expression requried for array size
      int x3[(int)(3.14 * 3.14)];
             ^~~~~~~~~~~~~~~~~~
./d-simp-intexpr-2.c:8:12: warning - integer constant expression requried for array size
      int x4[(int)(3.14 / 3.14)];
             ^~~~~~~~~~~~~~~~~~
./d-simp-intexpr-2.c:9:12: warning - integer constant expression requried for array size
      int x5[-(int)-3.14];
             ^~~~~~~~~~~
./d-simp-intexpr-2.c:10:12: warning - integer constant expression requried for array size
      int x6[(int)+3.14];
             ^~~~~~~~~~
./d-simp-intexpr-2.c:12:12: warning - integer constant expression requried for array size
      int x7[(unsigned)(3.14 + 3.14)];
             ^~~~~~~~~~~~~~~~~~~~~~~
./d-simp-intexpr-2.c:13:12: warning - integer constant expression requried for array size
      int x8[(unsigned)(3.14 - 1.14)];
             ^~~~~~~~~~~~~~~~~~~~~~~
./d-simp-intexpr-2.c:14:12: warning - integer constant expression requried for array size
      int x9[(unsigned)(3.14 * 3.14)];
             ^~~~~~~~~~~~~~~~~~~~~~~
./d-simp-intexpr-2.c:15:13: warning - integer constant expression requried for array size
      int x10[(unsigned)(3.14 / 3.14)];
              ^~~~~~~~~~~~~~~~~~~~~~~
./d-simp-intexpr-2.c:16:13: warning - unsigned operand of unary -
      int x11[-(unsigned)-3.14];
              ^~~~~~~~~~~~~~~~
./d-simp-intexpr-2.c:16:13: warning - integer constant expression requried for array size
      int x11[-(unsigned)-3.14];
              ^~~~~~~~~~~~~~~~
./d-simp-intexpr-2.c:17:13: warning - integer constant expression requried for array size
      int x12[(unsigned)+3.14];
              ^~~~~~~~~~~~~~~
./d-simp-intexpr-2.c:20:13: warning - integer constant expression requried for enum constant
          A = !3.14,
              ^~~~~
./d-simp-intexpr-2.c:21:13: warning - integer constant expression requried for enum constant
          B = 3.14 && 3.14,
              ^~~~~~~~~~~~
./d-simp-intexpr-2.c:22:13: warning - integer constant expression requried for enum constant
          C = 3.14 || 3.14,
              ^~~~~~~~~~~~
./d-simp-intexpr-2.c:23:13: warning - integer constant expression requried for enum constant
          D = 3.14 == 3.14,
              ^~~~~~~~~~~~
./d-simp-intexpr-2.c:24:13: warning - integer constant expression requried for enum constant
          E = 3.14 != 3.14
              ^~~~~~~~~~~~
./d-simp-intexpr-2.c:28:21: warning - integer constant expression requried for bit-field size
          unsigned  : 3.14 >  3.14;
                      ^~~~~~~~~~~~
./d-simp-intexpr-2.c:29:21: warning - integer constant expression requried for bit-field size
          unsigned b: 3.14 >= 3.14;
                      ^~~~~~~~~~~~
./d-simp-intexpr-2.c:33:14: warning - integer constant expression requried for case label
          case 3.14 <  3.14: break;
               ^~~~~~~~~~~~
./d-simp-intexpr-2.c:34:14: warning - integer constant expression requried for case label
          case 3.14 <= 3.14: break;
               ^~~~~~~~~~~~
./d-simp-intexpr-2.c:36:14: warning - integer constant expression requried for case label
          case (3.14)? 10: 0:             break;
               ^~~~~~~~~~~~~
./d-simp-intexpr-2.c:37:14: warning - integer constant expression requried for case label
          case (int)((1)? 20: 3.14):      break;
               ^~~~~~~~~~~~~~~~~~~~
./d-simp-intexpr-2.c:38:14: warning - integer constant expression requried for case label
          case (int)((1)? 30: (double)3): break;
               ^~~~~~~~~~~~~~~~~~~~~~~~~
./d-simp-intexpr-2.c:39:14: warning - integer constant expression requried for case label
          case (int)((1)? 40.0: 0):       break;
               ^~~~~~~~~~~~~~~~~~~
./d-simp-intexpr-2.c:40:14: warning - integer constant expression requried for case label
          case (int)((1)? (double)50: 0): break;
               ^~~~~~~~~~~~~~~~~~~~~~~~~
./d-simp-intexpr-2.c:46:14: warning - integer constant expression requried for case label
          case (unsigned)((1)? 20: 3.14):      break;
               ^~~~~~~~~~~~~~~~~~~~~~~~~
./d-simp-intexpr-2.c:47:14: warning - integer constant expression requried for case label
          case (unsigned)((1)? 30: (double)3): break;
               ^~~~~~~~~~~~~~~~~~~~~~~~~~~~~~
./d-simp-intexpr-2.c:48:14: warning - integer constant expression requried for case label
          case (unsigned)((1)? 40.0: 0):       break;
               ^~~~~~~~~~~~~~~~~~~~~~~~
./d-simp-intexpr-2.c:49:14: warning - integer constant expression requried for case label
          case (unsigned)((1)? (double)50: 0): break;
               ^~~~~~~~~~~~~~~~~~~~~~~~~~~~~~
./d-simp-intexpr-2.c:17:9: warning - local `x12' defined but not referenced
      int x12[(unsigned)+3.14];
          ^~~
./d-simp-intexpr-2.c:16:9: warning - local `x11' defined but not referenced
      int x11[-(unsigned)-3.14];
          ^~~
./d-simp-intexpr-2.c:15:9: warning - local `x10' defined but not referenced
      int x10[(unsigned)(3.14 / 3.14)];
          ^~~
./d-simp-intexpr-2.c:14:9: warning - local `x9' defined but not referenced
      int x9[(unsigned)(3.14 * 3.14)];
          ^~
./d-simp-intexpr-2.c:13:9: warning - local `x8' defined but not referenced
      int x8[(unsigned)(3.14 - 1.14)];
          ^~
./d-simp-intexpr-2.c:12:9: warning - local `x7' defined but not referenced
      int x7[(unsigned)(3.14 + 3.14)];
          ^~
./d-simp-intexpr-2.c:10:9: warning - local `x6' defined but not referenced
      int x6[(int)+3.14];
          ^~
./d-simp-intexpr-2.c:9:9: warning - local `x5' defined but not referenced
      int x5[-(int)-3.14];
          ^~
./d-simp-intexpr-2.c:8:9: warning - local `x4' defined but not referenced
      int x4[(int)(3.14 / 3.14)];
          ^~
./d-simp-intexpr-2.c:7:9: warning - local `x3' defined but not referenced
      int x3[(int)(3.14 * 3.14)];
          ^~
./d-simp-intexpr-2.c:6:9: warning - local `x2' defined but not referenced
      int x2[(int)(3.14 - 1.14)];
          ^~
./d-simp-intexpr-2.c:5:9: warning - local `x1' defined but not referenced
      int x1[(int)(3.14 + 3.14)];
          ^~
./d-simp-intexpr-2.c:70:15: warning - unsigned operand of unary -
      int x11[- -(unsigned)3.14];
                ^~~~~~~~~~~~~~~
./d-simp-intexpr-2.c:70:13: warning - unsigned operand of unary -
      int x11[- -(unsigned)3.14];
              ^ ~~~~~~~~~~~~~~~
./d-simp-intexpr-2.c:102:14: warning - integer constant expression requried for case label
          case (1)? 30: (int)(double)3: break;
               ^~~~~~~~~~~~~~~~~~~~~~~
./d-simp-intexpr-2.c:104:14: warning - integer constant expression requried for case label
          case (1)? (int)(double)50: 0: break;
               ^~~~~~~~~~~~~~~~~~~~~~~
./d-simp-intexpr-2.c:112:14: warning - integer constant expression requried for case label
          case (1)? 30: (unsigned)(double)3: break;
               ^~~~~~~~~~~~~~~~~~~~~~~~~~~~
./d-simp-intexpr-2.c:114:14: warning - integer constant expression requried for case label
          case (1)? (unsigned)(double)50: 0: break;
               ^~~~~~~~~~~~~~~~~~~~~~~~~~~~
./d-simp-intexpr-2.c:71:9: warning - local `x12' defined but not referenced
      int x12[+(unsigned)3.14];
          ^~~
./d-simp-intexpr-2.c:70:9: warning - local `x11' defined but not referenced
      int x11[- -(unsigned)3.14];
          ^~~
./d-simp-intexpr-2.c:69:9: warning - local `x10' defined but not referenced
      int x10[(unsigned)3.14 / (unsigned)3.14];
          ^~~
./d-simp-intexpr-2.c:68:9: warning - local `x9' defined but not referenced
      int x9[(unsigned)3.14 * (unsigned)3.14];
          ^~
./d-simp-intexpr-2.c:67:9: warning - local `x8' defined but not referenced
      int x8[(unsigned)3.14 - (unsigned)1.14];
          ^~
./d-simp-intexpr-2.c:66:9: warning - local `x7' defined but not referenced
      int x7[(unsigned)3.14 + (unsigned)3.14];
          ^~
./d-simp-intexpr-2.c:64:9: warning - local `x6' defined but not referenced
      int x6[+(int)3.14];
          ^~
./d-simp-intexpr-2.c:63:9: warning - local `x5' defined but not referenced
      int x5[- -(int)3.14];
          ^~
./d-simp-intexpr-2.c:62:9: warning - local `x4' defined but not referenced
      int x4[(int)3.14 / (int)3.14];
          ^~
./d-simp-intexpr-2.c:61:9: warning - local `x3' defined but not referenced
      int x3[(int)3.14 * (int)3.14];
          ^~
./d-simp-intexpr-2.c:60:9: warning - local `x2' defined but not referenced
      int x2[(int)3.14 - (int)1.14];
          ^~
./d-simp-intexpr-2.c:59:9: warning - local `x1' defined but not referenced
      int x1[(int)3.14 + (int)3.14];
          ^~
./d-simp-intexpr-2.c:127:12: ERROR - integer constant expression required for array size
      int x1[(int)(d + 3.14)];
             ^~~~~~~~~~~~~~~
./d-simp-intexpr-2.c:128:12: ERROR - integer constant expression required for array size
      int x2[(int)(3.14 - d)];
             ^~~~~~~~~~~~~~~
./d-simp-intexpr-2.c:129:12: ERROR - integer constant expression required for array size
      int x3[(int)(d * 3.14)];
             ^~~~~~~~~~~~~~~
./d-simp-intexpr-2.c:130:12: ERROR - integer constant expression required for array size
      int x4[(int)(3.14 / d)];
             ^~~~~~~~~~~~~~~
./d-simp-intexpr-2.c:132:12: ERROR - integer constant expression required for array size
      int x5[(unsigned)(d + 3.14)];
             ^~~~~~~~~~~~~~~~~~~~
./d-simp-intexpr-2.c:133:12: ERROR - integer constant expression required for array size
      int x6[(unsigned)(3.14 - d)];
             ^~~~~~~~~~~~~~~~~~~~
./d-simp-intexpr-2.c:134:12: ERROR - integer constant expression required for array size
      int x7[(unsigned)(d * 3.14)];
             ^~~~~~~~~~~~~~~~~~~~
./d-simp-intexpr-2.c:135:12: ERROR - integer constant expression required for array size
      int x8[(unsigned)(3.14 / d)];
             ^~~~~~~~~~~~~~~~~~~~
./d-simp-intexpr-2.c:138:13: ERROR - integer constant expression required for enum constant
          B = d && 3.14,
              ^~~~~~~~~
./d-simp-intexpr-2.c:139:13: warning - integer constant expression requried for enum constant
          C = 3.14 || d,
              ^~~~~~~~~
./d-simp-intexpr-2.c:140:13: ERROR - integer constant expression required for enum constant
          D = d == 3.14,
              ^~~~~~~~~
./d-simp-intexpr-2.c:141:13: ERROR - integer constant expression required for enum constant
          E = 3.14 != d
              ^~~~~~~~~
./d-simp-intexpr-2.c:145:21: ERROR - integer constant expression required for bit-field size
          unsigned  : d >  3.14;
                      ^~~~~~~~~
./d-simp-intexpr-2.c:146:21: ERROR - integer constant expression required for bit-field size
          unsigned b: 3.14 >= d;
                      ^~~~~~~~~
./d-simp-intexpr-2.c:150:14: ERROR - integer constant expression required for case label
          case d <  3.14: break;
               ^~~~~~~~~
./d-simp-intexpr-2.c:151:14: ERROR - integer constant expression required for case label
          case 3.14 <= d: break;
               ^~~~~~~~~
./d-simp-intexpr-2.c:153:14: ERROR - integer constant expression required for case label
          case (int)((1)? d: 3.14):       break;
               ^~~~~~~~~~~~~~~~~~~
./d-simp-intexpr-2.c:154:14: ERROR - integer constant expression required for case label
          case (int)((1)? d: (double)3):  break;
               ^~~~~~~~~~~~~~~~~~~~~~~~
./d-simp-intexpr-2.c:155:14: warning - integer constant expression requried for case label
          case (int)((1)? 40.0: d):       break;
               ^~~~~~~~~~~~~~~~~~~
./d-simp-intexpr-2.c:156:14: warning - integer constant expression requried for case label
          case (int)((1)? (double)50: d): break;
               ^~~~~~~~~~~~~~~~~~~~~~~~~
./d-simp-intexpr-2.c:157:14: warning - integer constant expression requried for case label
          case (1)? (int)70.0: (int)d:    break;
               ^~~~~~~~~~~~~~~~~~~~~~
./d-simp-intexpr-2.c:161:14: ERROR - integer constant expression required for case label
          case (unsigned)((1)? d: 3.14):         break;
               ^~~~~~~~~~~~~~~~~~~~~~~~
./d-simp-intexpr-2.c:162:14: ERROR - integer constant expression required for case label
          case (unsigned)((1)? d: (double)3):    break;
               ^~~~~~~~~~~~~~~~~~~~~~~~~~~~~
./d-simp-intexpr-2.c:163:14: warning - integer constant expression requried for case label
          case (unsigned)((1)? 40.0: d):         break;
               ^~~~~~~~~~~~~~~~~~~~~~~~
./d-simp-intexpr-2.c:164:14: warning - integer constant expression requried for case label
          case (unsigned)((1)? (double)50: d):   break;
               ^~~~~~~~~~~~~~~~~~~~~~~~~~~~~~
./d-simp-intexpr-2.c:165:14: warning - integer constant expression requried for case label
          case (1)? (unsigned)70.0: (unsigned)d: break;
               ^~~~~~~~~~~~~~~~~~~~~~~~~~~~~~~~
./d-simp-intexpr-2.c:175:12: ERROR - integer constant expression required for array size
      int x1[(int)(d + d)];
             ^~~~~~~~~~~~
./d-simp-intexpr-2.c:176:12: ERROR - integer constant expression required for array size
      int x2[(int)(d - d)];
             ^~~~~~~~~~~~
./d-simp-intexpr-2.c:177:12: ERROR - integer constant expression required for array size
      int x3[(int)(d * d)];
             ^~~~~~~~~~~~
./d-simp-intexpr-2.c:178:12: ERROR - integer constant expression required for array size
      int x4[(int)(d / d)];
             ^~~~~~~~~~~~
./d-simp-intexpr-2.c:179:12: ERROR - integer constant expression required for array size
      int x5[-(int)-d];
             ^~~~~~~~
./d-simp-intexpr-2.c:180:12: ERROR - integer constant expression required for array size
      int x6[(int)+d];
             ^~~~~~~
./d-simp-intexpr-2.c:182:12: ERROR - integer constant expression required for array size
      int x7[(unsigned)(d + d)];
             ^~~~~~~~~~~~~~~~~
./d-simp-intexpr-2.c:183:12: ERROR - integer constant expression required for array size
      int x8[(unsigned)(d - d)];
             ^~~~~~~~~~~~~~~~~
./d-simp-intexpr-2.c:184:12: ERROR - integer constant expression required for array size
      int x9[(unsigned)(d * d)];
             ^~~~~~~~~~~~~~~~~
./d-simp-intexpr-2.c:185:13: ERROR - integer constant expression required for array size
      int x10[(unsigned)(d / d)];
              ^~~~~~~~~~~~~~~~~
./d-simp-intexpr-2.c:186:13: warning - unsigned operand of unary -
      int x11[-(unsigned)-d];
              ^~~~~~~~~~~~~
./d-simp-intexpr-2.c:186:13: ERROR - integer constant expression required for array size
      int x11[-(unsigned)-d];
              ^~~~~~~~~~~~~
./d-simp-intexpr-2.c:187:13: ERROR - integer constant expression required for array size
      int x12[(unsigned)+d];
              ^~~~~~~~~~~~
./d-simp-intexpr-2.c:190:13: ERROR - integer constant expression required for enum constant
          A = !d,
              ^~
./d-simp-intexpr-2.c:191:13: ERROR - integer constant expression required for enum constant
          B = d && d,
              ^~~~~~
./d-simp-intexpr-2.c:192:13: ERROR - integer constant expression required for enum constant
          C = d || d,
              ^~~~~~
./d-simp-intexpr-2.c:193:13: ERROR - integer constant expression required for enum constant
          D = d == d,
              ^~~~~~
./d-simp-intexpr-2.c:194:13: ERROR - integer constant expression required for enum constant
          E = d != d
              ^~~~~~
./d-simp-intexpr-2.c:198:21: ERROR - integer constant expression required for bit-field size
          unsigned  : d >  d;
                      ^~~~~~
./d-simp-intexpr-2.c:199:21: ERROR - integer constant expression required for bit-field size
          unsigned b: d >= d;
                      ^~~~~~
./d-simp-intexpr-2.c:203:14: ERROR - integer constant expression required for case label
          case d <  d: break;
               ^~~~~~
./d-simp-intexpr-2.c:204:14: ERROR - integer constant expression required for case label
          case d <= d: break;
               ^~~~~~
./d-simp-intexpr-2.c:206:14: ERROR - integer constant expression required for case label
          case (d)? 10: 0:                break;
               ^~~~~~~~~~
./d-simp-intexpr-2.c:207:14: warning - integer constant expression requried for case label
          case (int)((1)? 20: d):         break;
               ^~~~~~~~~~~~~~~~~
./d-simp-intexpr-2.c:208:14: warning - integer constant expression requried for case label
          case (int)((1)? 30: (double)i): break;
               ^~~~~~~~~~~~~~~~~~~~~~~~~
./d-simp-intexpr-2.c:209:14: ERROR - integer constant expression required for case label
          case (int)((1)? d: 0):          break;
               ^~~~~~~~~~~~~~~~
./d-simp-intexpr-2.c:210:14: ERROR - integer constant expression required for case label
          case (int)((1)? (double)i: 0):  break;
               ^~~~~~~~~~~~~~~~~~~~~~~~
./d-simp-intexpr-2.c:211:14: ERROR - integer constant expression required for case label
          case ((int)d)? 60: 0:           break;
               ^~~~~~~~~~~~~~~
./d-simp-intexpr-2.c:212:14: ERROR - integer constant expression required for case label
          case (1)? (int)d: 0:            break;
               ^~~~~~~~~~~~~~
./d-simp-intexpr-2.c:216:14: warning - integer constant expression requried for case label
          case (unsigned)((1)? 20: d):         break;
               ^~~~~~~~~~~~~~~~~~~~~~
./d-simp-intexpr-2.c:217:14: warning - integer constant expression requried for case label
          case (unsigned)((1)? 30: (double)i): break;
               ^~~~~~~~~~~~~~~~~~~~~~~~~~~~~~
./d-simp-intexpr-2.c:218:14: ERROR - integer constant expression required for case label
          case (unsigned)((1)? d: 0):          break;
               ^~~~~~~~~~~~~~~~~~~~~
./d-simp-intexpr-2.c:219:14: ERROR - integer constant expression required for case label
          case (unsigned)((1)? (double)i: 0):  break;
               ^~~~~~~~~~~~~~~~~~~~~~~~~~~~~
./d-simp-intexpr-2.c:220:14: ERROR - integer constant expression required for case label
          case ((unsigned)d)? 60: 0:           break;
               ^~~~~~~~~~~~~~~~~~~~
./d-simp-intexpr-2.c:221:14: ERROR - integer constant expression required for case label
          case (1)? (unsigned)d: 0:            break;
               ^~~~~~~~~~~~~~~~~~~
