./d-simp-intexpr-8.c:6:8: warning - integer constant expression requried for array size
  int x1[((1 + (int)(void *)0 * 2 % 1) & 0xff | 1) << 2 >> 1];
         ^~~~~~~~~~~~~~~~~~~~~~~~~~~~~~~~~~~~~~~~~~~~~~~~~~~
./d-simp-intexpr-8.c:7:8: warning - integer constant expression requried for array size
  int x2[(~(unsigned long)+3.14 & 0xff) ^ 0 ^ 0];
         ^~~~~~~~~~~~~~~~~~~~~~~~~~~~~~~~~~~~~~
./d-simp-intexpr-8.c:8:8: warning - integer constant expression requried for array size
  int x3[((~(int)3.14 & 0xff) ^ 0 ^ 0) - (int)-3.14];
         ^~~~~~~~~~~~~~~~~~~~~~~~~~~~~~~~~~~~~~~~~~
./d-simp-intexpr-8.c:13:18: warning - missing prototype from type name
      int y1[((int (*)())0)(1)];
                   ^~~~~
./d-simp-intexpr-8.c:13:12: ERROR - integer constant expression required for array size
      int y1[((int (*)())0)(1)];
             ^~~~~~~~~~~~~~~~~
./d-simp-intexpr-8.c:14:18: warning - missing prototype from type name
      int y2[((int (*)())0)()];
                   ^~~~~
./d-simp-intexpr-8.c:14:12: ERROR - integer constant expression required for array size
      int y2[((int (*)())0)()];
             ^~~~~~~~~~~~~~~~
./d-simp-intexpr-8.c:15:18: warning - missing prototype from type name
      int y3[((int (*)())0)(q, q)];
                   ^~~~~
./d-simp-intexpr-8.c:15:12: ERROR - integer constant expression required for array size
      int y3[((int (*)())0)(q, q)];
             ^~~~~~~~~~~~~~~~~~~~
./d-simp-intexpr-8.c:17:23: ERROR - lvalue required
      int z1[((int *)0) = 1];
             ~~~~~~~~~~ ^
./d-simp-intexpr-8.c:18:12: ERROR - integer constant expression required for array size
      int z2[*((int *)0) = 1];
             ^~~~~~~~~~~~~~~
./d-simp-intexpr-8.c:19:25: ERROR - operands of = have illegal types `void' and `int'
      int z3[*((void *)0) = 1];
             ~~~~~~~~~~~~ ^ ~
./d-simp-intexpr-8.c:20:12: ERROR - integer constant expression required for array size
      int z4[*((int *)1) = 1];
             ^~~~~~~~~~~~~~~
./d-simp-intexpr-8.c:21:12: ERROR - integer constant expression required for array size
      int z5[((int *)0)[1] = 2];
             ^~~~~~~~~~~~~~~~~
./d-simp-intexpr-8.c:22:12: ERROR - integer constant expression required for array size
      int z6[((int *)1)[0] = 2];
             ^~~~~~~~~~~~~~~~~
./d-simp-intexpr-8.c:25:13: ERROR - integer constant expression required for enum constant
          A = *((unsigned *)0),
              ^~~~~~~~~~~~~~~~
./d-simp-intexpr-8.c:26:13: ERROR - integer constant expression required for enum constant
          B = *((double *)1),
              ^~~~~~~~~~~~~~
./d-simp-intexpr-8.c:27:13: ERROR - integer constant expression required for enum constant
          C = ((unsigned *)0)[1],
              ^~~~~~~~~~~~~~~~~~
./d-simp-intexpr-8.c:28:13: ERROR - integer constant expression required for enum constant
          D = ((double *)1)[2]
              ^~~~~~~~~~~~~~~~
./d-simp-intexpr-8.c:32:14: ERROR - integer constant expression required for case label
          case (*((int *)0))++: break;
               ^~~~~~~~~~~~~~~
./d-simp-intexpr-8.c:33:14: ERROR - integer constant expression required for case label
          case (*((int *)1))--: break;
               ^~~~~~~~~~~~~~~
./d-simp-intexpr-8.c:31:5: ERROR - switch statement has no cases
      switch(q) {
      ^~~~~~~~~
./d-simp-intexpr-8.c:44:12: warning - integer constant expression requried for array size
      int y1[&(*((int *)0)) == 0];
             ^~~~~~~~~~~~~~~~~~~
./d-simp-intexpr-8.c:45:12: warning - integer constant expression requried for array size
      int y2[(&(*((int *)1)) == 0)+1];
             ^~~~~~~~~~~~~~~~~~~~~~~
./d-simp-intexpr-8.c:48:12: ERROR - integer constant expression required for array size
      int w1[((struct tag *)0)->m];
             ^~~~~~~~~~~~~~~~~~~~
./d-simp-intexpr-8.c:49:12: ERROR - integer constant expression required for array size
      int w2[(*((struct tag *)0)).m];
             ^~~~~~~~~~~~~~~~~~~~~~
./d-simp-intexpr-8.c:53:13: warning - integer constant expression requried for enum constant
          A = 0 && (*((int *)0) = 1),
              ^~~~~~~~~~~~~~~~~~~~~~
./d-simp-intexpr-8.c:54:13: warning - integer constant expression requried for enum constant
          B = 0 && (((unsigned *)0)[1]),
              ^~~~~~~~~~~~~~~~~~~~~~~~~
./d-simp-intexpr-8.c:55:13: warning - integer constant expression requried for enum constant
          C = 1 || (*((int *)0))++,
              ^~~~~~~~~~~~~~~~~~~~
./d-simp-intexpr-8.c:56:13: warning - integer constant expression requried for enum constant
          D = 1 || &(*((int *)0)) == 0
              ^~~~~~~~~~~~~~~~~~~~~~~~
./d-simp-intexpr-8.c:61:14: warning - integer constant expression requried for case label
          case (1)? 2: ((struct tag *)0)->m: break;
               ^~~~~~~~~~~~~~~~~~~~~~~~~~~~
./d-simp-intexpr-8.c:62:14: warning - integer constant expression requried for case label
          case (1)? 3: (*((struct tag *)0)).m: break;
               ^~~~~~~~~~~~~~~~~~~~~~~~~~~~~~
./d-simp-intexpr-8.c:64:14: ERROR - integer constant expression required for case label
          case ((((int *)0)[1] = 2), 4):       break;
               ^~~~~~~~~~~~~~~~~~~~~~~~
./d-simp-intexpr-8.c:65:15: warning - expression result not used
          case ((&(*((int *)1)) == 0), 5):     break;
                ^~~~~~~~~~~~~~~~~~~~~
./d-simp-intexpr-8.c:65:14: warning - integer constant expression requried for case label
          case ((&(*((int *)1)) == 0), 5):     break;
               ^~~~~~~~~~~~~~~~~~~~~~~~~~
