./d-stmt-branch-2.c:6:14: warning - empty body to a `for' statement can be misleading
      for (;;) ;
               ^
./d-stmt-branch-2.c:6:5: warning - infinite loop detected
      for (;;) ;
      ^~~~~~~~
./d-stmt-branch-2.c:7:5: warning - unreachable code
      for (; &x;) ;
      ^
./d-stmt-branch-2.c:7:12: warning - address of `x' always results in true
      for (; &x;) ;
             ^~
./d-stmt-branch-2.c:7:17: warning - empty body to a `for' statement can be misleading
      for (; &x;) ;
                  ^
./d-stmt-branch-2.c:7:5: warning - infinite loop detected
      for (; &x;) ;
      ^~~~~~~~~~~
./d-stmt-branch-2.c:8:12: warning - address of `y' always results in true
      for (; &y.m;) ;
             ^~~~
./d-stmt-branch-2.c:8:19: warning - empty body to a `for' statement can be misleading
      for (; &y.m;) ;
                    ^
./d-stmt-branch-2.c:8:5: warning - infinite loop detected
      for (; &y.m;) ;
      ^~~~~~~~~~~~~
./d-stmt-branch-2.c:9:12: warning - address of `y' always results in true
      for (; &y.n;) ;
             ^~~~
./d-stmt-branch-2.c:9:19: warning - empty body to a `for' statement can be misleading
      for (; &y.n;) ;
                    ^
./d-stmt-branch-2.c:9:5: warning - infinite loop detected
      for (; &y.n;) ;
      ^~~~~~~~~~~~~
./d-stmt-branch-2.c:10:12: warning - address of `f' always results in true
      for (; f;) ;
             ^
./d-stmt-branch-2.c:10:16: warning - empty body to a `for' statement can be misleading
      for (; f;) ;
                 ^
./d-stmt-branch-2.c:10:5: warning - infinite loop detected
      for (; f;) ;
      ^~~~~~~~~~
./d-stmt-branch-2.c:11:13: ERROR - operands of + have illegal types `int' and `pointer to function(void) returning void'
      for (; f+1;) ;
             ~^~
./d-stmt-branch-2.c:11:18: warning - empty body to a `for' statement can be misleading
      for (; f+1;) ;
                   ^
./d-stmt-branch-2.c:12:12: warning - conversion between function/object pointers is not portable
      for (; (int *)f+1;) ;
             ^~~~~~~~
./d-stmt-branch-2.c:12:12: warning - address of `f' always results in true
      for (; (int *)f+1;) ;
             ^~~~~~~~~~
./d-stmt-branch-2.c:12:25: warning - empty body to a `for' statement can be misleading
      for (; (int *)f+1;) ;
                          ^
./d-stmt-branch-2.c:12:5: warning - infinite loop detected
      for (; (int *)f+1;) ;
      ^~~~~~~~~~~~~~~~~~~
./d-stmt-branch-2.c:13:16: warning - empty body to a `for' statement can be misleading
      for (; 1;) ;
                 ^
./d-stmt-branch-2.c:13:5: warning - infinite loop detected
      for (; 1;) ;
      ^~~~~~~~~~
./d-stmt-branch-2.c:14:21: warning - empty body to a `for' statement can be misleading
      for (; 1*8==8;) ;
                      ^
./d-stmt-branch-2.c:14:5: warning - infinite loop detected
      for (; 1*8==8;) ;
      ^~~~~~~~~~~~~~~
./d-stmt-branch-2.c:16:15: warning - empty body to a `while' statement can be misleading
      while (1) ;
                ^
./d-stmt-branch-2.c:16:5: warning - infinite loop detected
      while (1) ;
      ^~~~~~~~~
./d-stmt-branch-2.c:17:12: warning - address of `x' always results in true
      while (&x) ;
             ^~
./d-stmt-branch-2.c:17:16: warning - empty body to a `while' statement can be misleading
      while (&x) ;
                 ^
./d-stmt-branch-2.c:17:5: warning - infinite loop detected
      while (&x) ;
      ^~~~~~~~~~
./d-stmt-branch-2.c:18:12: warning - address of `y' always results in true
      while (&y.m) ;
             ^~~~
./d-stmt-branch-2.c:18:18: warning - empty body to a `while' statement can be misleading
      while (&y.m) ;
                   ^
./d-stmt-branch-2.c:18:5: warning - infinite loop detected
      while (&y.m) ;
      ^~~~~~~~~~~~
./d-stmt-branch-2.c:19:12: warning - address of `y' always results in true
      while (&y.n) ;
             ^~~~
./d-stmt-branch-2.c:19:18: warning - empty body to a `while' statement can be misleading
      while (&y.n) ;
                   ^
./d-stmt-branch-2.c:19:5: warning - infinite loop detected
      while (&y.n) ;
      ^~~~~~~~~~~~
./d-stmt-branch-2.c:20:12: warning - address of `f' always results in true
      while (f) ;
             ^
./d-stmt-branch-2.c:20:15: warning - empty body to a `while' statement can be misleading
      while (f) ;
                ^
./d-stmt-branch-2.c:20:5: warning - infinite loop detected
      while (f) ;
      ^~~~~~~~~
./d-stmt-branch-2.c:21:13: ERROR - operands of + have illegal types `int' and `pointer to function(void) returning void'
      while (f+1) ;
             ~^~
./d-stmt-branch-2.c:21:17: warning - empty body to a `while' statement can be misleading
      while (f+1) ;
                  ^
./d-stmt-branch-2.c:22:12: warning - conversion between function/object pointers is not portable
      while ((int *)f+1) ;
             ^~~~~~~~
./d-stmt-branch-2.c:22:12: warning - address of `f' always results in true
      while ((int *)f+1) ;
             ^~~~~~~~~~
./d-stmt-branch-2.c:22:24: warning - empty body to a `while' statement can be misleading
      while ((int *)f+1) ;
                         ^
./d-stmt-branch-2.c:22:5: warning - infinite loop detected
      while ((int *)f+1) ;
      ^~~~~~~~~~~~~~~~~~
./d-stmt-branch-2.c:23:20: warning - empty body to a `while' statement can be misleading
      while (1*8==8) ;
                     ^
./d-stmt-branch-2.c:23:5: warning - infinite loop detected
      while (1*8==8) ;
      ^~~~~~~~~~~~~~
./d-stmt-branch-2.c:26:5: warning - infinite loop detected
      goto label;
      ^~~~~~~~~~
./d-stmt-branch-2.c:30:5: ERROR - mixing declarations and statements is not allowed in C90
      int z;
      ^
./d-stmt-branch-2.c:31:5: warning - infinite loop detected
      goto label2;
      ^~~~~~~~~~~
./d-stmt-branch-2.c:33:8: warning - empty body to a `do' statement can be misleading
      do ; while(1);
         ^
./d-stmt-branch-2.c:33:10: warning - infinite loop detected
      do ; while(1);
           ^~~~~~~~
./d-stmt-branch-2.c:34:8: warning - empty body to a `do' statement can be misleading
      do ; while(&x);
         ^
./d-stmt-branch-2.c:34:16: warning - address of `x' always results in true
      do ; while(&x);
                 ^~
./d-stmt-branch-2.c:34:10: warning - infinite loop detected
      do ; while(&x);
           ^~~~~~~~~
./d-stmt-branch-2.c:35:8: warning - empty body to a `do' statement can be misleading
      do ; while(&y.m);
         ^
./d-stmt-branch-2.c:35:16: warning - address of `y' always results in true
      do ; while(&y.m);
                 ^~~~
./d-stmt-branch-2.c:35:10: warning - infinite loop detected
      do ; while(&y.m);
           ^~~~~~~~~~~
./d-stmt-branch-2.c:36:8: warning - empty body to a `do' statement can be misleading
      do ; while(&y.n);
         ^
./d-stmt-branch-2.c:36:16: warning - address of `y' always results in true
      do ; while(&y.n);
                 ^~~~
./d-stmt-branch-2.c:36:10: warning - infinite loop detected
      do ; while(&y.n);
           ^~~~~~~~~~~
./d-stmt-branch-2.c:37:8: warning - empty body to a `do' statement can be misleading
      do ; while(f);
         ^
./d-stmt-branch-2.c:37:16: warning - address of `f' always results in true
      do ; while(f);
                 ^
./d-stmt-branch-2.c:37:10: warning - infinite loop detected
      do ; while(f);
           ^~~~~~~~
./d-stmt-branch-2.c:38:8: warning - empty body to a `do' statement can be misleading
      do ; while(f+1);
         ^
./d-stmt-branch-2.c:38:17: ERROR - operands of + have illegal types `int' and `pointer to function(void) returning void'
      do ; while(f+1);
                 ~^~
./d-stmt-branch-2.c:39:8: warning - empty body to a `do' statement can be misleading
      do ; while((int *)f+1);
         ^
./d-stmt-branch-2.c:39:16: warning - conversion between function/object pointers is not portable
      do ; while((int *)f+1);
                 ^~~~~~~~
./d-stmt-branch-2.c:39:16: warning - address of `f' always results in true
      do ; while((int *)f+1);
                 ^~~~~~~~~~
./d-stmt-branch-2.c:39:10: warning - infinite loop detected
      do ; while((int *)f+1);
           ^~~~~~~~~~~~~~~~~
./d-stmt-branch-2.c:40:8: warning - empty body to a `do' statement can be misleading
      do ; while(1*8==8);
         ^
./d-stmt-branch-2.c:40:10: warning - infinite loop detected
      do ; while(1*8==8);
           ^~~~~~~~~~~~~
