./d-stmt-chkreach-2.c:1:6: warning - missing prototype from `f'
  void f()
       ^~~
./d-stmt-chkreach-2.c:4:5: warning - unreachable code
      return;
      ^
./d-stmt-chkreach-2.c:9:5: warning - missing prototype from `g'
  int g()
      ^~~
./d-stmt-chkreach-2.c:11:11: warning - missing return value
      return;
            ^
./d-stmt-chkreach-2.c:12:5: warning - unreachable code
      return 1;
      ^
./d-stmt-chkreach-2.c:13:11: warning - missing return value
      return;
            ^
./d-stmt-chkreach-2.c:17:5: warning - missing prototype from `h'
  int h()
      ^~~
./d-stmt-chkreach-2.c:20:5: warning - unreachable code
      return;
      ^
./d-stmt-chkreach-2.c:20:11: warning - missing return value
      return;
            ^
./d-stmt-chkreach-2.c:22:11: warning - missing return value
      return;
            ^
./d-stmt-chkreach-2.c:25:6: warning - missing prototype from `i'
  void i()
       ^~~
./d-stmt-chkreach-2.c:28:5: warning - unreachable code
      return;
      ^
./d-stmt-chkreach-2.c:29:12: ERROR - extraneous return value
      return 1;
             ^
./d-stmt-chkreach-2.c:33:6: warning - missing prototype from `j'
  void j()
       ^~~
./d-stmt-chkreach-2.c:36:5: warning - unreachable code
      return 1;
      ^
./d-stmt-chkreach-2.c:36:12: ERROR - extraneous return value
      return 1;
             ^
./d-stmt-chkreach-2.c:38:12: ERROR - extraneous return value
      return 1;
             ^
