./d-stmt-stmt-4.c:4:16: ERROR - extraneous return value
          return 1;    /* error */
                 ^
./d-stmt-stmt-4.c:9:11: warning - missing return value
      return;    /* warning */
            ^
./d-stmt-stmt-4.c:10:5: warning - unreachable code
      goto 0;    /* error */
      ^
./d-stmt-stmt-4.c:10:10: ERROR - missing label in goto
      goto 0;    /* error */
           ^
./d-stmt-stmt-4.c:10:10: ERROR - syntax error; expected `;' before `integer constant'
      goto 0;    /* error */
           ^
./d-stmt-stmt-4.c:10:10: warning - expression result not used
      goto 0;    /* error */
           ^
./d-stmt-stmt-4.c:12:9: warning - infinite loop detected
          goto lab;
          ^
./d-stmt-stmt-4.c:16:5: ERROR - mixing declarations and statements is not allowed in C90
      short int a;    /* error */
      ^
./d-stmt-stmt-4.c:16:15: warning - local `a' defined but not referenced
      short int a;    /* error */
                ^
./d-stmt-stmt-4.c:23:9: ERROR - label must have a statement follow it
          label:
          ^
./d-stmt-stmt-4.c:23:9: warning - label `label' defined but not used
          label:
          ^
