./d-stmt-retcode.c:8:9: warning - uninitialized reference to `i'
      if (i)
          ^
./d-stmt-retcode.c:11:19: ERROR - illegal return type; `pointer to int' given for `int'
          return &i + 1;    /* error */
                    ^
./d-stmt-retcode.c:13:16: ERROR - illegal return type; `incomplete struct t' given for `int'
          return x;    /* error */
                 ^
./d-stmt-retcode.c:16:1: ERROR - size must be known for return type
  struct t g(void)    /* error */
  ^
./d-stmt-retcode.c:21:16: ERROR - illegal return type; `incomplete struct s' given for `incomplete struct t'
          return y;    /* error */
                 ^
./d-stmt-retcode.c:26:16: warning - declaration of `y' hides one declared at ./d-stmt-retcode.c:2:17
      struct tag y;
                 ^
./d-stmt-retcode.c:29:16: warning - uninitialized reference to `y'
          return y;
                 ^
./d-stmt-retcode.c:34:31: warning - declaration of `y' hides one declared at ./d-stmt-retcode.c:2:17
  const struct tag m(struct tag y)
                                ^
./d-stmt-retcode.c:34:1: warning - type qualifier is useless on function return type
  const struct tag m(struct tag y)
  ^
./d-stmt-retcode.c:41:42: warning - declaration of `y' hides one declared at ./d-stmt-retcode.c:2:17
  struct foo { const int x; } n(struct foo y)
                                           ^
