./d-tree-chkref-7.c:5:9: warning - uninitialized reference to `x1'
      y = x1[0];                                /* warning */
          ^
./d-tree-chkref-7.c:6:15: warning - uninitialized reference to `x2'
      x1[1] = 1[x2];                            /* warning */
                ^
./d-tree-chkref-7.c:8:16: warning - expression result not used
      x1[2] = *((x3, x3)+0);
                 ^
./d-tree-chkref-7.c:9:27: warning - uninitialized reference to `x4'
      y = y + *((x2 - x1) + x4 + (x1 - x2));    /* warning */
                            ^
./d-tree-chkref-7.c:14:39: ERROR - invalid expression
      int y, x1[10] = { 0, }, x2[10] = {}, x3[10], x4[10];
                                        ^
./d-tree-chkref-7.c:14:39: ERROR - initializer must be constant
      int y, x1[10] = { 0, }, x2[10] = {}, x3[10], x4[10];
                                        ^
./d-tree-chkref-7.c:19:16: warning - expression result not used
      x1[2] = *((x3, x3)+0);
                 ^
./d-tree-chkref-7.c:20:27: warning - uninitialized reference to `x4'
      y = y + *((x2 - x1) + x4 + (x1 - x2));    /* warning */
                            ^
./d-tree-chkref-7.c:27:15: warning - uninitialized reference to `y'
      y = x1[0][y];                              /* warning */
                ^
./d-tree-chkref-7.c:27:9: warning - uninitialized reference to `x1'
      y = x1[0][y];                              /* warning */
          ^
./d-tree-chkref-7.c:28:18: warning - uninitialized reference to `x2'
      x1[1][1] = 1[x2][y];                       /* warning */
                   ^
./d-tree-chkref-7.c:30:21: warning - expression result not used
      x1[2][2] = *(*((x3, x3)+y) + y);
                      ^
./d-tree-chkref-7.c:31:28: warning - uninitialized reference to `x4'
      y = y + **((x2 - x1) + x4 + (x1 - x2));    /* warning */
                             ^
./d-tree-chkref-7.c:37:43: warning - missing prototype
      struct foo { int a[10]; } x1, x2, x3, g();
                                            ^
./d-tree-chkref-7.c:39:14: warning - uninitialized reference to `y'
      y = x1.a[y];                             /* warning */
               ^
./d-tree-chkref-7.c:39:9: warning - uninitialized reference to `x1'
      y = x1.a[y];                             /* warning */
          ^
./d-tree-chkref-7.c:40:11: warning - expression result not used
      *(x2.a[0], (x2.a - x2.a) + x2.a) = y;
            ^
./d-tree-chkref-7.c:42:12: warning - non-lvalue array does not decay to pointer in C90
      y = g().a[y];
             ^
./d-tree-chkref-7.c:42:14: ERROR - pointer required but `array' given
      y = g().a[y];
               ^
./d-tree-chkref-7.c:43:15: warning - expression result not used
      y = *(x3.a[y], (x2.a - x1.a) + x3.a);    /* warning */
                ^
./d-tree-chkref-7.c:43:36: warning - uninitialized reference to `x3'
      y = *(x3.a[y], (x2.a - x1.a) + x3.a);    /* warning */
                                     ^
