./d-tree-root-9.c:10:5: warning - expression result not used
      (unsigned)(fx = 0);
      ^~~~~~~~~~~~~~~~~~
./d-tree-root-9.c:11:5: warning - expression result not used
      (unsigned)(dx = 0);
      ^~~~~~~~~~~~~~~~~~
./d-tree-root-9.c:12:5: warning - expression result not used
      (unsigned)(ldx = 0);
      ^~~~~~~~~~~~~~~~~~~
./d-tree-root-9.c:14:5: warning - expression result not used
      (unsigned)((fx = 0) + (fx = 0));
      ^~~~~~~~~~~~~~~~~~~~~~~~~~~~~~~
./d-tree-root-9.c:15:5: warning - expression result not used
      (unsigned)((dx = 0) + (dx = 0));
      ^~~~~~~~~~~~~~~~~~~~~~~~~~~~~~~
./d-tree-root-9.c:16:5: warning - expression result not used
      (unsigned)((ldx = 0) + (ldx = 0));
      ^~~~~~~~~~~~~~~~~~~~~~~~~~~~~~~~~
./d-tree-root-9.c:18:5: warning - expression result not used
      (unsigned)((float)(unsigned)(fx = 0));
      ^~~~~~~~~~~~~~~~~~~~~~~~~~~~~~~~~~~~~
./d-tree-root-9.c:19:5: warning - expression result not used
      (unsigned)((double)(unsigned)(dx = 0));
      ^~~~~~~~~~~~~~~~~~~~~~~~~~~~~~~~~~~~~~
./d-tree-root-9.c:20:5: warning - expression result not used
      (unsigned)((long double)(unsigned)(ldx = 0));
      ^~~~~~~~~~~~~~~~~~~~~~~~~~~~~~~~~~~~~~~~~~~~
./d-tree-root-9.c:22:5: warning - expression result not used
      (unsigned long)(fx = 0);
      ^~~~~~~~~~~~~~~~~~~~~~~
./d-tree-root-9.c:23:5: warning - expression result not used
      (unsigned long)(dx = 0);
      ^~~~~~~~~~~~~~~~~~~~~~~
./d-tree-root-9.c:24:5: warning - expression result not used
      (unsigned long)(ldx = 0);
      ^~~~~~~~~~~~~~~~~~~~~~~~
./d-tree-root-9.c:26:5: warning - expression result not used
      (unsigned long)((fx = 0) + (fx = 0));
      ^~~~~~~~~~~~~~~~~~~~~~~~~~~~~~~~~~~~
./d-tree-root-9.c:27:5: warning - expression result not used
      (unsigned long)((dx = 0) + (dx = 0));
      ^~~~~~~~~~~~~~~~~~~~~~~~~~~~~~~~~~~~
./d-tree-root-9.c:28:5: warning - expression result not used
      (unsigned long)((ldx = 0) + (ldx = 0));
      ^~~~~~~~~~~~~~~~~~~~~~~~~~~~~~~~~~~~~~
./d-tree-root-9.c:30:5: warning - expression result not used
      (unsigned long)((float)(unsigned long)(fx = 0));
      ^~~~~~~~~~~~~~~~~~~~~~~~~~~~~~~~~~~~~~~~~~~~~~~
./d-tree-root-9.c:31:5: warning - expression result not used
      (unsigned long)((double)(unsigned long)(dx = 0));
      ^~~~~~~~~~~~~~~~~~~~~~~~~~~~~~~~~~~~~~~~~~~~~~~~
./d-tree-root-9.c:32:5: warning - expression result not used
      (unsigned long)((long double)(unsigned long)(ldx = 0));
      ^~~~~~~~~~~~~~~~~~~~~~~~~~~~~~~~~~~~~~~~~~~~~~~~~~~~~~
./d-tree-root-9.c:35:5: warning - expression result not used
      (float)(u = 0);
      ^~~~~~~~~~~~~~
./d-tree-root-9.c:36:5: warning - expression result not used
      (double)(u = 0);
      ^~~~~~~~~~~~~~~
./d-tree-root-9.c:37:5: warning - expression result not used
      (long double)(u = 0);
      ^~~~~~~~~~~~~~~~~~~~
./d-tree-root-9.c:39:5: warning - expression result not used
      (float)((u = 0) + (u = 0));
      ^~~~~~~~~~~~~~~~~~~~~~~~~~
./d-tree-root-9.c:40:5: warning - expression result not used
      (double)((u = 0) + (u = 0));
      ^~~~~~~~~~~~~~~~~~~~~~~~~~~
./d-tree-root-9.c:41:5: warning - expression result not used
      (long double)((u = 0) + (u = 0));
      ^~~~~~~~~~~~~~~~~~~~~~~~~~~~~~~~
./d-tree-root-9.c:43:5: warning - expression result not used
      (float)((unsigned)(float)(u = 0));
      ^~~~~~~~~~~~~~~~~~~~~~~~~~~~~~~~~
./d-tree-root-9.c:44:5: warning - expression result not used
      (double)((unsigned)(long)(u = 0));
      ^~~~~~~~~~~~~~~~~~~~~~~~~~~~~~~~~
./d-tree-root-9.c:45:5: warning - expression result not used
      (long double)((unsigned)(long double)(u = 0));
      ^~~~~~~~~~~~~~~~~~~~~~~~~~~~~~~~~~~~~~~~~~~~~
./d-tree-root-9.c:47:5: warning - expression result not used
      (float)(ul = 0);
      ^~~~~~~~~~~~~~~
./d-tree-root-9.c:48:5: warning - expression result not used
      (double)(ul = 0);
      ^~~~~~~~~~~~~~~~
./d-tree-root-9.c:49:5: warning - expression result not used
      (long double)(ul = 0);
      ^~~~~~~~~~~~~~~~~~~~~
./d-tree-root-9.c:51:5: warning - expression result not used
      (float)((ul = 0) + (ul = 0));
      ^~~~~~~~~~~~~~~~~~~~~~~~~~~~
./d-tree-root-9.c:52:5: warning - expression result not used
      (double)((ul = 0) + (ul = 0));
      ^~~~~~~~~~~~~~~~~~~~~~~~~~~~~
./d-tree-root-9.c:53:5: warning - expression result not used
      (long double)((ul = 0) + (ul = 0));
      ^~~~~~~~~~~~~~~~~~~~~~~~~~~~~~~~~~
./d-tree-root-9.c:55:5: warning - expression result not used
      (float)((unsigned long)(float)(ul = 0));
      ^~~~~~~~~~~~~~~~~~~~~~~~~~~~~~~~~~~~~~~
./d-tree-root-9.c:56:5: warning - expression result not used
      (double)((unsigned long)(long)(ul = 0));
      ^~~~~~~~~~~~~~~~~~~~~~~~~~~~~~~~~~~~~~~
./d-tree-root-9.c:57:5: warning - expression result not used
      (long double)((unsigned long)(long double)(ul = 0));
      ^~~~~~~~~~~~~~~~~~~~~~~~~~~~~~~~~~~~~~~~~~~~~~~~~~~
./d-tree-root-9.c:8:19: warning - local `ul' set but not used
      unsigned long ul;
                    ^~
./d-tree-root-9.c:7:14: warning - local `u' set but not used
      unsigned u;
               ^
./d-tree-root-9.c:5:17: warning - local `ldx' set but not used
      long double ldx;
                  ^~~
./d-tree-root-9.c:4:12: warning - local `dx' set but not used
      double dx;
             ^~
./d-tree-root-9.c:3:11: warning - local `fx' set but not used
      float fx;
            ^~
./d-tree-root-9.c:62:11: warning - missing prototype from `fy'
      float fy();
            ^~~~
./d-tree-root-9.c:63:12: warning - missing prototype from `dy'
      double dy();
             ^~~~
./d-tree-root-9.c:64:17: warning - missing prototype from `ldy'
      long double ldy();
                  ^~~~~
./d-tree-root-9.c:66:14: warning - missing prototype from `uy'
      unsigned uy();
               ^~~~
./d-tree-root-9.c:67:19: warning - missing prototype from `uly'
      unsigned long uly();
                    ^~~~~
./d-tree-root-9.c:69:5: warning - expression result not used
      (unsigned)fy();
      ^~~~~~~~~~~~~~
./d-tree-root-9.c:70:5: warning - expression result not used
      (unsigned)dy();
      ^~~~~~~~~~~~~~
./d-tree-root-9.c:71:5: warning - expression result not used
      (unsigned)ldy();
      ^~~~~~~~~~~~~~~
./d-tree-root-9.c:73:5: warning - expression result not used
      (unsigned)(fy() + fy());
      ^~~~~~~~~~~~~~~~~~~~~~~
./d-tree-root-9.c:74:5: warning - expression result not used
      (unsigned)(dy() + dy());
      ^~~~~~~~~~~~~~~~~~~~~~~
./d-tree-root-9.c:75:5: warning - expression result not used
      (unsigned)(ldy() + ldy());
      ^~~~~~~~~~~~~~~~~~~~~~~~~
./d-tree-root-9.c:77:5: warning - expression result not used
      (unsigned)((float)(unsigned)fy());
      ^~~~~~~~~~~~~~~~~~~~~~~~~~~~~~~~~
./d-tree-root-9.c:78:5: warning - expression result not used
      (unsigned)((double)(unsigned)dy());
      ^~~~~~~~~~~~~~~~~~~~~~~~~~~~~~~~~~
./d-tree-root-9.c:79:5: warning - expression result not used
      (unsigned)((long double)(unsigned)ldy());
      ^~~~~~~~~~~~~~~~~~~~~~~~~~~~~~~~~~~~~~~~
./d-tree-root-9.c:81:5: warning - expression result not used
      (unsigned long)fy();
      ^~~~~~~~~~~~~~~~~~~
./d-tree-root-9.c:82:5: warning - expression result not used
      (unsigned long)dy();
      ^~~~~~~~~~~~~~~~~~~
./d-tree-root-9.c:83:5: warning - expression result not used
      (unsigned long)ldy();
      ^~~~~~~~~~~~~~~~~~~~
./d-tree-root-9.c:85:5: warning - expression result not used
      (unsigned long)(fy() + fy());
      ^~~~~~~~~~~~~~~~~~~~~~~~~~~~
./d-tree-root-9.c:86:5: warning - expression result not used
      (unsigned long)(dy() + dy());
      ^~~~~~~~~~~~~~~~~~~~~~~~~~~~
./d-tree-root-9.c:87:5: warning - expression result not used
      (unsigned long)(ldy() + ldy());
      ^~~~~~~~~~~~~~~~~~~~~~~~~~~~~~
./d-tree-root-9.c:89:5: warning - expression result not used
      (unsigned long)((float)(unsigned long)fy());
      ^~~~~~~~~~~~~~~~~~~~~~~~~~~~~~~~~~~~~~~~~~~
./d-tree-root-9.c:90:5: warning - expression result not used
      (unsigned long)((double)(unsigned long)dy());
      ^~~~~~~~~~~~~~~~~~~~~~~~~~~~~~~~~~~~~~~~~~~~
./d-tree-root-9.c:91:5: warning - expression result not used
      (unsigned long)((long double)(unsigned long)ldy());
      ^~~~~~~~~~~~~~~~~~~~~~~~~~~~~~~~~~~~~~~~~~~~~~~~~~
./d-tree-root-9.c:94:5: warning - expression result not used
      (float)uy();
      ^~~~~~~~~~~
./d-tree-root-9.c:95:5: warning - expression result not used
      (double)uy();
      ^~~~~~~~~~~~
./d-tree-root-9.c:96:5: warning - expression result not used
      (long double)uy();
      ^~~~~~~~~~~~~~~~~
./d-tree-root-9.c:98:5: warning - expression result not used
      (float)(uy() + uy());
      ^~~~~~~~~~~~~~~~~~~~
./d-tree-root-9.c:99:5: warning - expression result not used
      (double)(uy() + uy());
      ^~~~~~~~~~~~~~~~~~~~~
./d-tree-root-9.c:100:5: warning - expression result not used
      (long double)(uy() + uy());
      ^~~~~~~~~~~~~~~~~~~~~~~~~~
./d-tree-root-9.c:102:5: warning - expression result not used
      (float)((unsigned)(float)uy());
      ^~~~~~~~~~~~~~~~~~~~~~~~~~~~~~
./d-tree-root-9.c:103:5: warning - expression result not used
      (double)((unsigned)(double)uy());
      ^~~~~~~~~~~~~~~~~~~~~~~~~~~~~~~~
./d-tree-root-9.c:104:5: warning - expression result not used
      (long double)((unsigned)(long double)uy());
      ^~~~~~~~~~~~~~~~~~~~~~~~~~~~~~~~~~~~~~~~~~
./d-tree-root-9.c:106:5: warning - expression result not used
      (float)uly();
      ^~~~~~~~~~~~
./d-tree-root-9.c:107:5: warning - expression result not used
      (double)uly();
      ^~~~~~~~~~~~~
./d-tree-root-9.c:108:5: warning - expression result not used
      (long double)uly();
      ^~~~~~~~~~~~~~~~~~
./d-tree-root-9.c:110:5: warning - expression result not used
      (float)(uly() + uly());
      ^~~~~~~~~~~~~~~~~~~~~~
./d-tree-root-9.c:111:5: warning - expression result not used
      (double)(uly() + uly());
      ^~~~~~~~~~~~~~~~~~~~~~~
./d-tree-root-9.c:112:5: warning - expression result not used
      (long double)(uly() + uly());
      ^~~~~~~~~~~~~~~~~~~~~~~~~~~~
./d-tree-root-9.c:114:5: warning - expression result not used
      (float)((unsigned long)(float)uly());
      ^~~~~~~~~~~~~~~~~~~~~~~~~~~~~~~~~~~~
./d-tree-root-9.c:115:5: warning - expression result not used
      (double)((unsigned long)(double)uly());
      ^~~~~~~~~~~~~~~~~~~~~~~~~~~~~~~~~~~~~~
./d-tree-root-9.c:116:5: warning - expression result not used
      (long double)((unsigned long)(long double)uly());
      ^~~~~~~~~~~~~~~~~~~~~~~~~~~~~~~~~~~~~~~~~~~~~~~~
