./d-tree-not.c:1:29: warning - uninitialized reference to `i'
  void f1(void) { int i; i = !i; i = !!i; }
                              ^
./d-tree-not.c:2:30: warning - uninitialized reference to `c'
  void f2(void) { char c; c = !c; c = !!c; }
                               ^
./d-tree-not.c:3:37: warning - uninitialized reference to `p'
  void f3(void) { int *p; int i; i = !p; i = !!p;
                                      ^
./d-tree-not.c:4:19: ERROR - operands of = have illegal types `pointer to int' and `int'
                  p = !p; }    /* error */
                    ^
./d-tree-not.c:3:29: warning - local `i' set but not meaningfully used
  void f3(void) { int *p; int i; i = !p; i = !!p;
                              ^
./d-tree-not.c:5:32: warning - uninitialized reference to `x'
  void f4(void) { double x; x = !x; x = !!x; }
                                 ^
./d-tree-not.c:6:49: ERROR - operand of unary ! has illegal type `struct defined at ./d-tree-not.c:6:24'
  void f5(void) { struct { int x; } x; int i; i = !x; i = !!x; }    /* error */
                                                  ^
./d-tree-not.c:6:58: ERROR - operand of unary ! has illegal type `struct defined at ./d-tree-not.c:6:24'
  void f5(void) { struct { int x; } x; int i; i = !x; i = !!x; }    /* error */
                                                           ^
