./d-tree-npce-10.c:3:9: warning - expression result not used
  int a1[(3.14, 1)];
          ^
./d-tree-npce-10.c:3:15: warning - integer constant expression requried for array size
  int a1[(3.14, 1)];
                ^
./d-tree-npce-10.c:4:14: warning - expression result not used
  int a2[(int)(1, 3.14)];
               ^
./d-tree-npce-10.c:4:9: warning - integer constant expression requried for array size
  int a2[(int)(1, 3.14)];
          ^
./d-tree-npce-10.c:5:9: warning - expression result not used
  int a3[(3.14, 1, 1)];
          ^
./d-tree-npce-10.c:5:15: warning - expression result not used
  int a3[(3.14, 1, 1)];
                ^
./d-tree-npce-10.c:5:18: warning - integer constant expression requried for array size
  int a3[(3.14, 1, 1)];
                   ^
./d-tree-npce-10.c:6:9: warning - expression result not used
  int a4[(a1, 1)];
          ^
./d-tree-npce-10.c:6:13: ERROR - integer constant expression required for array size
  int a4[(a1, 1)];
              ^
./d-tree-npce-10.c:7:9: warning - expression result not used
  int a5[(1, a1, 1)];
          ^
./d-tree-npce-10.c:7:12: warning - expression result not used
  int a5[(1, a1, 1)];
             ^
./d-tree-npce-10.c:7:16: ERROR - integer constant expression required for array size
  int a5[(1, a1, 1)];
                 ^
./d-tree-npce-10.c:8:10: warning - expression result not used
  int a6[((char)1, (unsigned char)1)];
           ^
./d-tree-npce-10.c:8:19: warning - integer constant expression requried for array size
  int a6[((char)1, (unsigned char)1)];
                    ^
./d-tree-npce-10.c:9:9: warning - expression result not used
  int a7[("abc", 1)];
          ^
./d-tree-npce-10.c:9:16: ERROR - integer constant expression required for array size
  int a7[("abc", 1)];
                 ^
./d-tree-npce-10.c:11:14: warning - expression result not used
  int a8[1 || (2, 3)];                         /* okay */
               ^
./d-tree-npce-10.c:12:14: warning - expression result not used
  int a9[1 || (3.14, 1)];
               ^
./d-tree-npce-10.c:12:10: warning - integer constant expression requried for array size
  int a9[1 || (3.14, 1)];
           ^
./d-tree-npce-10.c:13:15: warning - expression result not used
  int a10[1 || (a1, 1)];
                ^
./d-tree-npce-10.c:13:11: warning - integer constant expression requried for array size
  int a10[1 || (a1, 1)];
            ^
./d-tree-npce-10.c:14:16: warning - expression result not used
  int a11[1 || ((char)1, (unsigned char)1)];    /* okay */
                 ^
./d-tree-npce-10.c:15:15: warning - expression result not used
  int a12[1 || ("abc", 1)];
                ^
./d-tree-npce-10.c:15:11: warning - integer constant expression requried for array size
  int a12[1 || ("abc", 1)];
            ^
./d-tree-npce-10.c:17:11: warning - expression result not used
  int x1 = (3.14, 1);
            ^
./d-tree-npce-10.c:17:17: warning - non-portable constant expression for initializer
  int x1 = (3.14, 1);
                  ^
./d-tree-npce-10.c:18:11: warning - expression result not used
  int x2 = (1, 3.14);
            ^
./d-tree-npce-10.c:18:14: warning - non-portable constant expression for initializer
  int x2 = (1, 3.14);
               ^
./d-tree-npce-10.c:19:16: warning - expression result not used
  int x3 = 0 && (3.14, 1);    /* okay */
                 ^
./d-tree-npce-10.c:20:16: warning - expression result not used
  int x4 = 0 && (1, 3.14);    /* okay */
                 ^
./d-tree-npce-10.c:21:11: warning - expression result not used
  int x5 = ("abc", 1);
            ^
./d-tree-npce-10.c:21:18: ERROR - initializer must be constant
  int x5 = ("abc", 1);
                   ^
./d-tree-npce-10.c:22:11: warning - expression result not used
  int x6 = (1, "abc");
            ^
./d-tree-npce-10.c:22:14: ERROR - invalid initializer; `pointer to char' given for `int'
  int x6 = (1, "abc");
               ^
./d-tree-npce-10.c:23:16: warning - expression result not used
  int x7 = 1 || ("abc", 1);
                 ^
./d-tree-npce-10.c:23:12: warning - non-portable constant expression for initializer
  int x7 = 1 || ("abc", 1);
             ^
./d-tree-npce-10.c:24:16: warning - expression result not used
  int x8 = 1 || (1, "abc");
                 ^
./d-tree-npce-10.c:24:12: warning - non-portable constant expression for initializer
  int x8 = 1 || (1, "abc");
             ^
./d-tree-npce-10.c:25:12: warning - expression result not used
  int x9 = ((void *)0, 1);
             ^
./d-tree-npce-10.c:25:22: warning - non-portable constant expression for initializer
  int x9 = ((void *)0, 1);
                       ^
./d-tree-npce-10.c:26:12: warning - expression result not used
  int x10 = (1, (void *)0);
             ^
./d-tree-npce-10.c:26:16: ERROR - invalid initializer; `pointer to void' given for `int'
  int x10 = (1, (void *)0);
                 ^
./d-tree-npce-10.c:27:18: warning - expression result not used
  int x11 = 1 || ((void *)0, 1);
                   ^
./d-tree-npce-10.c:27:13: warning - non-portable constant expression for initializer
  int x11 = 1 || ((void *)0, 1);
              ^
./d-tree-npce-10.c:28:17: warning - expression result not used
  int x12 = 1 || (1, (void *)0);
                  ^
./d-tree-npce-10.c:28:13: warning - non-portable constant expression for initializer
  int x12 = 1 || (1, (void *)0);
              ^
