./d-tree-chkref-14.c:1:6: warning - missing prototype
  void f1() { int x; f1(x, x, x); }
       ^
./d-tree-chkref-14.c:1:23: warning - uninitialized reference to `x'
  void f1() { int x; f1(x, x, x); }
                        ^
./d-tree-chkref-14.c:2:6: warning - missing prototype
  void f2() { int x; f2(x, x, &x); }
       ^
./d-tree-chkref-14.c:2:23: warning - uninitialized reference to `x'
  void f2() { int x; f2(x, x, &x); }
                        ^
./d-tree-chkref-14.c:3:6: warning - missing prototype
  void f3() { int x; f3(x, &x, x); }
       ^
./d-tree-chkref-14.c:3:23: warning - uninitialized reference to `x'
  void f3() { int x; f3(x, &x, x); }
                        ^
./d-tree-chkref-14.c:4:6: warning - missing prototype
  void f4() { int x; f4(&x, x, x); }
       ^
./d-tree-chkref-14.c:5:6: warning - missing prototype
  void f5() { int x; f5(&x, &x, &x); }
       ^
