./d-tree-root-2.c:8:5: warning - expression result not used
      y + 0;
      ^~~~~
./d-tree-root-2.c:9:7: warning - expression always results in 0
      y * 0;
        ^ ~
./d-tree-root-2.c:9:5: warning - expression result not used
      y * 0;
      ^~~~~
./d-tree-root-2.c:10:5: warning - expression result not used
      !!x + !!(x = 0);
      ^~~~~~~~~~~~~~~
./d-tree-root-2.c:11:14: warning - expression result not used
      !!x | !!(x, x = 0);
               ^
./d-tree-root-2.c:11:5: warning - expression result not used
      !!x | !!(x, x = 0);
      ^~~~~~~~~~~~~~~~~~
./d-tree-root-2.c:12:5: warning - expression result not used
      ~!!x;
      ^~~~
./d-tree-root-2.c:14:8: warning - expression result not used
      (*(x, &x))++;
         ^
./d-tree-root-2.c:15:12: warning - expression result not used
      (void)(x, f());
             ^
./d-tree-root-2.c:16:6: warning - expression result not used
      (x, x=0);
       ^
./d-tree-root-2.c:17:15: warning - expression result not used
      !!!!x + ((x, x=0), x=0);
                ^
./d-tree-root-2.c:17:5: warning - expression result not used
      !!!!x + ((x, x=0), x=0);
      ^~~~~~~~~~~~~~~~~~~~~~~
./d-tree-root-2.c:18:5: warning - expression result not used
      x, x = 0, x = 1;
      ^
./d-tree-root-2.c:20:5: warning - expression result not used
      (char)x;
      ^~~~~~~
./d-tree-root-2.c:21:5: warning - expression result not used
      (unsigned)x;
      ^~~~~~~~~~~
./d-tree-root-2.c:22:5: warning - expression result not used
      (double)x;
      ^~~~~~~~~
./d-tree-root-2.c:23:5: warning - conversion between pointer and integer is not portable
      (int *)x;
      ^~~~~~~~
./d-tree-root-2.c:23:5: warning - expression result not used
      (int *)x;
      ^~~~~~~~
./d-tree-root-2.c:24:6: warning - conversion between pointer and integer is not portable
      *(int *)x;
       ^~~~~~~~
./d-tree-root-2.c:24:5: warning - expression result not used
      *(int *)x;
      ^~~~~~~~~
./d-tree-root-2.c:25:5: warning - expression result not used
      (int)x;
      ^~~~~~
./d-tree-root-2.c:32:1: warning - missing return value
  }
  ^
./d-tree-root-2.c:1:13: warning - object `q' referenced but cannot be defined
  extern void q, *pv;
              ^
