./d-tree-asgn-2.c:2:10: warning - signedness of plain bit-field is implementation-defined
      int x:1;
      ~~~  ^
./d-tree-asgn-2.c:7:23: warning - missing prototype from `g'
      extern struct tag *g();
                        ^~~~
./d-tree-asgn-2.c:8:17: warning - missing prototype from `h'
      extern void *h();
                  ^~~~
./d-tree-asgn-2.c:9:23: warning - missing prototype from `i'
      extern const void *i();
                        ^~~~
./d-tree-asgn-2.c:10:26: warning - missing prototype from `j'
      extern volatile void *j();
                           ^~~~
./d-tree-asgn-2.c:12:8: warning - non-lvalue array does not decay to pointer in C90
      f().a = 0;
         ^
./d-tree-asgn-2.c:12:11: ERROR - lvalue required
      f().a = 0;
            ^
./d-tree-asgn-2.c:13:9: warning - non-lvalue array does not decay to pointer in C90
      (f().a = 0) = f;
          ^
./d-tree-asgn-2.c:13:12: ERROR - lvalue required
      (f().a = 0) = f;
             ^
./d-tree-asgn-2.c:14:11: ERROR - operands of = have illegal types `int' and `pointer to function(void) returning struct defined at ./d-tree-asgn-2.c:1:8'
      f().x = f;
            ^
./d-tree-asgn-2.c:15:12: ERROR - operands of = have illegal types `int' and `pointer to function(void) returning struct defined at ./d-tree-asgn-2.c:1:8'
      (f().x = f) = f;
             ^
./d-tree-asgn-2.c:16:11: ERROR - operands of = have illegal types `unsigned int' and `pointer to function(void) returning struct defined at ./d-tree-asgn-2.c:1:8'
      f().y = f;
            ^
./d-tree-asgn-2.c:17:12: ERROR - operands of = have illegal types `unsigned int' and `pointer to function(void) returning struct defined at ./d-tree-asgn-2.c:1:8'
      (f().y = f) = f;
             ^
./d-tree-asgn-2.c:18:10: ERROR - assignment of incomplete type is not allowed
      *g() = *g();
           ^
./d-tree-asgn-2.c:19:11: ERROR - assignment of incomplete type is not allowed
      (*g() = *g()) = 0;
            ^
./d-tree-asgn-2.c:20:11: ERROR - assignment of incomplete type is not allowed
      (*h() = *h()) = 0;
            ^
./d-tree-asgn-2.c:21:11: ERROR - assignment of incomplete type is not allowed
      (*i() = *i()) = 0;
            ^
./d-tree-asgn-2.c:22:11: ERROR - assignment of incomplete type is not allowed
      (*j() = *j()) = 0;
            ^
./d-tree-asgn-2.c:23:1: warning - missing return value
  }
  ^
