./d-tree-dot.c:1:39: ERROR - member name expected
  void f1(void) { union { int a; } x; x.int; x->double; }
                                        ^
./d-tree-dot.c:1:39: ERROR - syntax error; expected `;' before `int'
  void f1(void) { union { int a; } x; x.int; x->double; }
                                        ^
./d-tree-dot.c:1:39: ERROR - mixing declarations and statements is not allowed in C90
  void f1(void) { union { int a; } x; x.int; x->double; }
                                        ^
./d-tree-dot.c:1:42: ERROR - empty declaration
  void f1(void) { union { int a; } x; x.int; x->double; }
                                           ^
./d-tree-dot.c:1:47: ERROR - member name expected
  void f1(void) { union { int a; } x; x.int; x->double; }
                                                ^
./d-tree-dot.c:1:47: ERROR - syntax error; expected `;' before `double'
  void f1(void) { union { int a; } x; x.int; x->double; }
                                                ^
./d-tree-dot.c:1:53: ERROR - empty declaration
  void f1(void) { union { int a; } x; x.int; x->double; }
                                                      ^
./d-tree-dot.c:2:25: ERROR - struct or union required but `int' given
  void f2(void) { int x; x.a; x->a; }
                          ^
./d-tree-dot.c:2:30: ERROR - struct or union pointer required but `int' given
  void f2(void) { int x; x.a; x->a; }
                               ^
./d-tree-dot.c:3:72: ERROR - lvalue required
  void f3(void) { struct tag { int x; } f(void); int y; y = f().x; f().x = 0; }
                                                                         ^
./d-tree-dot.c:4:56: warning - local `y' set but not used
  void f4(void) { struct { struct { int x; } x; } x; int y; y = x.x.x; }
                                                         ^
./d-tree-dot.c:5:56: warning - local `y' set but not used
  void f5(void) { union { union { int x; } *x; } *x; int y; y = x->x->x; }
                                                         ^
./d-tree-dot.c:6:39: ERROR - unknown member name `b'
  void f6(void) { struct { int a; } x; x.b; (&x)->b; }
                                        ^
./d-tree-dot.c:6:47: ERROR - unknown member name `b'
  void f6(void) { struct { int a; } x; x.b; (&x)->b; }
                                                ^
./d-tree-dot.c:7:64: ERROR - assigning to const `x' is not allowed
  void f7(void) { const volatile struct { int a[10]; } x; x.a[0] = 0; x.a; x.a[0]; }
                                                                 ^
./d-tree-dot.c:7:70: warning - expression result not used
  void f7(void) { const volatile struct { int a[10]; } x; x.a[0] = 0; x.a; x.a[0]; }
                                                                       ^
./d-tree-dot.c:7:77: warning - reference to volatile elided
  void f7(void) { const volatile struct { int a[10]; } x; x.a[0] = 0; x.a; x.a[0]; }
                                                                              ^
./d-tree-dot.c:8:30: ERROR - size must be known for member
  void f8(void) { struct { int a[]; } x; x.a[0] = 0; x.a; x.a[0]; }
                               ^
./d-tree-dot.c:8:37: ERROR - size must be known to define `x'
  void f8(void) { struct { int a[]; } x; x.a[0] = 0; x.a; x.a[0]; }
                                      ^
./d-tree-dot.c:8:53: warning - expression result not used
  void f8(void) { struct { int a[]; } x; x.a[0] = 0; x.a; x.a[0]; }
                                                      ^
./d-tree-dot.c:8:60: warning - expression result not used
  void f8(void) { struct { int a[]; } x; x.a[0] = 0; x.a; x.a[0]; }
                                                             ^
./d-tree-dot.c:9:57: ERROR - assigning to const `x' is not allowed
  void f9(void) { const volatile struct { int a; } x; x.a = 0; x.a; }
                                                          ^
./d-tree-dot.c:9:63: warning - reference to volatile elided
  void f9(void) { const volatile struct { int a; } x; x.a = 0; x.a; }
                                                                ^
./d-tree-dot.c:10:44: ERROR - size must be known for member
  void f10(void) { const struct { struct tag x; } x; x.x = x.x; x.x; }
                                             ^
./d-tree-dot.c:10:49: ERROR - size must be known to define `x'
  void f10(void) { const struct { struct tag x; } x; x.x = x.x; x.x; }
                                                  ^
./d-tree-dot.c:10:56: ERROR - assignment of incomplete type is not allowed
  void f10(void) { const struct { struct tag x; } x; x.x = x.x; x.x; }
                                                         ^
./d-tree-dot.c:10:64: warning - reference to incomplete type elided
  void f10(void) { const struct { struct tag x; } x; x.x = x.x; x.x; }
                                                                 ^
