./d-tree-npce-11.c:6:11: warning - expression result not used
  int i1 = (s, 1);
            ^
./d-tree-npce-11.c:6:10: ERROR - initializer must be constant
  int i1 = (s, 1);
           ^~~~~~
./d-tree-npce-11.c:7:16: warning - expression result not used
  int i2 = 1 || (s, 1);
                 ^
./d-tree-npce-11.c:7:10: warning - non-portable constant expression for initializer
  int i2 = 1 || (s, 1);
           ^~~~~~~~~~~
./d-tree-npce-11.c:9:10: ERROR - initializer must be constant
  int i3 = ((void)1, 1);
           ^~~~~~~~~~~~
./d-tree-npce-11.c:10:10: warning - non-portable constant expression for initializer
  int i4 = 0 && ((void)1, 1);
           ^~~~~~~~~~~~~~~~~
./d-tree-npce-11.c:12:17: warning - non-portable constant expression for initializer
  struct t s1 = { (int *)0-(int *)0,
                  ^~~~~~~~~~~~~~~~~
./d-tree-npce-11.c:13:17: warning - non-portable constant expression for initializer
                  &i1+(int)(3.14+3),
                  ^~~~~~~~~~~~~~~~~
./d-tree-npce-11.c:14:23: warning - expression result not used
                  1 || ("abc", 1),
                        ^~~~~
./d-tree-npce-11.c:14:17: warning - non-portable constant expression for initializer
                  1 || ("abc", 1),
                  ^~~~~~~~~~~~~~~
./d-tree-npce-11.c:15:23: warning - expression result not used
                  0 && ((void *)0, 1) };
                        ^~~~~~~~~
./d-tree-npce-11.c:15:17: warning - non-portable constant expression for initializer
                  0 && ((void *)0, 1) };
                  ^~~~~~~~~~~~~~~~~~~
./d-tree-npce-11.c:17:17: warning - non-portable constant expression for initializer
  int a1[] = { 0, (int *)0-(int *)0, 3.14,
                  ^~~~~~~~~~~~~~~~~
./d-tree-npce-11.c:18:17: warning - non-portable constant expression for initializer
                  (1)? 1: ((void)1, 1) };
                  ^~~~~~~~~~~~~~~~~~~~
./d-tree-npce-11.c:19:15: warning - non-portable constant expression for initializer
  int *a2[] = { &i1+(int)(3.14+3),
                ^~~~~~~~~~~~~~~~~
./d-tree-npce-11.c:20:22: warning - conversion between pointer and integer is not portable
                (int *)(int)(void *)0 };
                       ^~~~~~~~~~~~~~
./d-tree-npce-11.c:20:15: warning - conversion between pointer and integer is not portable
                (int *)(int)(void *)0 };
                ^~~~~~~~~~~~~~~~~~~~~
./d-tree-npce-11.c:20:15: warning - non-portable constant expression for initializer
                (int *)(int)(void *)0 };
                ^~~~~~~~~~~~~~~~~~~~~
./d-tree-npce-11.c:21:24: warning - expression result not used
  char a3[] = { (1)? 1: ((void *)0, 1) };
                         ^~~~~~~~~
./d-tree-npce-11.c:21:15: warning - non-portable constant expression for initializer
  char a3[] = { (1)? 1: ((void *)0, 1) };
                ^~~~~~~~~~~~~~~~~~~~~~
