./d-tree-npce-15.c:3:8: warning - integer constant expression requried for array size
  int x1[((void *)0)? 1: 2];
         ^~~~~~~~~~~~~~~~~
./d-tree-npce-15.c:4:10: warning - non-portable constant expression for initializer
  int x2 = ((void *)0)? 1: 0;
           ^~~~~~~~~~~~~~~~~
./d-tree-npce-15.c:5:11: warning - non-portable constant expression for initializer
  int *x3 = ((void *)0)? (void *)0: (void *)0;
            ^~~~~~~~~~~~~~~~~~~~~~~~~~~~~~~~~
./d-tree-npce-15.c:6:8: warning - address of `x2' always results in true
  int x4[(&x2)? 1: 2];
         ^~~~~
./d-tree-npce-15.c:6:8: ERROR - integer constant expression required for array size
  int x4[(&x2)? 1: 2];
         ^~~~~~~~~~~
./d-tree-npce-15.c:7:10: warning - address of `x2' always results in true
  int x5 = (&x2)? 1: 0;
           ^~~~~
./d-tree-npce-15.c:7:10: ERROR - initializer must be constant
  int x5 = (&x2)? 1: 0;
           ^~~~~~~~~~~
./d-tree-npce-15.c:8:11: warning - address of `x2' always results in true
  int *x6 = (&x2)? (void *)0: (void *)0;
            ^~~~~
./d-tree-npce-15.c:8:11: ERROR - initializer must be constant
  int *x6 = (&x2)? (void *)0: (void *)0;
            ^~~~~~~~~~~~~~~~~~~~~~~~~~~
./d-tree-npce-15.c:10:17: warning - expression result not used
  int x7 = (0 && (1.0, 2))? 1: 0;          /* okay */
                  ^~~
./d-tree-npce-15.c:11:17: warning - expression result not used
  int x8 = (0 && ((void *)0, 2))? 1: 0;
                  ^~~~~~~~~
./d-tree-npce-15.c:11:10: warning - non-portable constant expression for initializer
  int x8 = (0 && ((void *)0, 2))? 1: 0;
           ^~~~~~~~~~~~~~~~~~~~~~~~~~~
./d-tree-npce-15.c:13:8: warning - integer constant expression requried for array size
  int x9[(3.14)? 1: 2];
         ^~~~~~~~~~~~
./d-tree-npce-15.c:15:20: warning - expression result not used
  int x11 = (1)? 1: (1, 0);                                   /* okay */
                     ^
./d-tree-npce-15.c:16:29: warning - conversion between pointer and integer is not portable
  int *x12 = (int *)((1)? 1: ((int)&x8, 0));                  /* okay */
                              ^~~~~~~~
./d-tree-npce-15.c:16:29: warning - expression result not used
  int *x12 = (int *)((1)? 1: ((int)&x8, 0));                  /* okay */
                              ^~~~~~~~
./d-tree-npce-15.c:16:12: warning - conversion between pointer and integer is not portable
  int *x12 = (int *)((1)? 1: ((int)&x8, 0));                  /* okay */
             ^~~~~~~~~~~~~~~~~~~~~~~~~~~~~~
./d-tree-npce-15.c:17:27: warning - missing prototype from type name
  int x13 = (1)? 1: (((void (*)())0)(), 1);
                            ^~~~~
./d-tree-npce-15.c:17:11: warning - non-portable constant expression for initializer
  int x13 = (1)? 1: (((void (*)())0)(), 1);
            ^~~~~~~~~~~~~~~~~~~~~~~~~~~~~~
./d-tree-npce-15.c:18:34: warning - missing prototype from type name
  int *x14 = (1)? (int *)0: (((int *(*)())0)(), (int *)0);    /* okay */
                                   ^~~~~~
./d-tree-npce-15.c:19:29: warning - expression result not used
  int x15 = (1)? 1: ((1)? 1: ((void *)0, 1));
                              ^~~~~~~~~
./d-tree-npce-15.c:19:11: warning - non-portable constant expression for initializer
  int x15 = (1)? 1: ((1)? 1: ((void *)0, 1));
            ^~~~~~~~~~~~~~~~~~~~~~~~~~~~~~~~
./d-tree-npce-15.c:20:26: warning - expression result not used
  int x16 = (1)? ((1)? 1: ((void *)0, 1)): 1;
                           ^~~~~~~~~
./d-tree-npce-15.c:20:11: warning - non-portable constant expression for initializer
  int x16 = (1)? ((1)? 1: ((void *)0, 1)): 1;
            ^~~~~~~~~~~~~~~~~~~~~~~~~~~~~~~~
./d-tree-npce-15.c:21:9: warning - integer constant expression requried for array size
  int x17[(int)((1)? 1: 3.14)];
          ^~~~~~~~~~~~~~~~~~~
./d-tree-npce-15.c:22:11: warning - conversion between pointer and integer is not portable
  int x18 = (int)((1)? 0: (void *)0);
            ^~~~~~~~~~~~~~~~~~~~~~~~
./d-tree-npce-15.c:22:11: warning - non-portable constant expression for initializer
  int x18 = (int)((1)? 0: (void *)0);
            ^~~~~~~~~~~~~~~~~~~~~~~~
./d-tree-npce-15.c:23:11: warning - non-portable constant expression for initializer
  int x19 = (1)? 1: x7;
            ^~~~~~~~~~
./d-tree-npce-15.c:24:29: warning - conversion between pointer and integer is not portable
  int *x20 = (1)? &x7: (int *)(int)(void *)0;                 /* okay */
                              ^~~~~~~~~~~~~~
./d-tree-npce-15.c:24:22: warning - conversion between pointer and integer is not portable
  int *x20 = (1)? &x7: (int *)(int)(void *)0;                 /* okay */
                       ^~~~~~~~~~~~~~~~~~~~~
./d-tree-npce-15.c:25:12: warning - non-portable constant expression for initializer
  int *x21 = (1)? &x7+(int)(3.14+0): &x7;
             ^~~~~~~~~~~~~~~~~~~~~~~~~~~
./d-tree-npce-15.c:26:12: warning - non-portable constant expression for initializer
  int *x22 = (!(void *)0)? &x7: 0;
             ^~~~~~~~~~~~~~~~~~~~
./d-tree-npce-15.c:28:12: warning - non-portable constant expression for initializer
  int *x23 = &x7 + ((void *)0 == (void *)0);
             ^~~~~~~~~~~~~~~~~~~~~~~~~~~~~~
./d-tree-npce-15.c:29:12: warning - non-portable constant expression for initializer
  int *x24 = &x7 + ((int *)0 != (int *)0);
             ^~~~~~~~~~~~~~~~~~~~~~~~~~~~
./d-tree-npce-15.c:31:12: warning - non-portable constant expression for initializer
  int *x25 = &x7 - (int)(3.14+0);
             ^~~~~~~~~~~~~~~~~~~
