./d-tree-root-4.c:10:5: warning - expression result not used
      uc;                         /* warning */
      ^
./d-tree-root-4.c:11:6: warning - expression result not used
      (int)uc;                    /* warning */
       ^
./d-tree-root-4.c:12:6: warning - expression result not used
      (unsigned)uc;               /* warning */
       ^
./d-tree-root-4.c:13:6: warning - expression result not used
      (unsigned char)uc;          /* warning */
       ^
./d-tree-root-4.c:14:6: warning - expression result not used
      (const int)uc;              /* warning */
       ^
./d-tree-root-4.c:15:6: warning - expression result not used
      (const unsigned char)uc;    /* warning */
       ^
./d-tree-root-4.c:18:6: warning - expression result not used
      (int)g();              /* warning */
       ^
./d-tree-root-4.c:19:6: warning - expression result not used
      (const int)g();        /* warning */
       ^
./d-tree-root-4.c:20:6: warning - expression result not used
      (double)g();           /* warning */
       ^
./d-tree-root-4.c:21:6: warning - expression result not used
      (short)g();            /* warning */
       ^
./d-tree-root-4.c:22:6: warning - expression result not used
      (unsigned char)g();    /* warning */
       ^
./d-tree-root-4.c:28:6: warning - expression result not used
      (int *)h();       /* warning */
       ^
./d-tree-root-4.c:29:6: warning - conversion between pointer and integer is not portable
      (int)h();         /* warning */
       ^
./d-tree-root-4.c:29:6: warning - expression result not used
      (int)h();         /* warning */
       ^
./d-tree-root-4.c:30:6: warning - expression result not used
      (void *)h();      /* warning */
       ^
./d-tree-root-4.c:31:6: warning - expression result not used
      (double *)h();    /* warning */
       ^
./d-tree-root-4.c:35:6: warning - expression result not used
      (double)d();      /* warning */
       ^
./d-tree-root-4.c:36:6: warning - expression result not used
      (unsigned)d();    /* warning */
       ^
./d-tree-root-4.c:40:6: warning - expression result not used
      (unsigned)u();    /* warning */
       ^
./d-tree-root-4.c:41:6: warning - expression result not used
      (float)u();       /* warning */
       ^
