./d-tree-root-3.c:22:5: warning - expression result not used
      f;          /* warning */
      ^
./d-tree-root-3.c:25:5: warning - expression result not used
      x, x, x, x, x,, x;
      ^
./d-tree-root-3.c:25:8: warning - expression result not used
      x, x, x, x, x,, x;
         ^
./d-tree-root-3.c:25:11: warning - expression result not used
      x, x, x, x, x,, x;
            ^
./d-tree-root-3.c:25:14: warning - expression result not used
      x, x, x, x, x,, x;
               ^
./d-tree-root-3.c:25:18: ERROR - extra comma or missing expression
      x, x, x, x, x,, x;
                   ^
./d-tree-root-3.c:25:17: warning - expression result not used
      x, x, x, x, x,, x;
                  ^
./d-tree-root-3.c:25:21: warning - expression result not used
      x, x, x, x, x,, x;
                      ^
./d-tree-root-3.c:29:6: warning - expression result not used
      (pv, pv = 0);          /* warning */
       ^
./d-tree-root-3.c:3:22: warning - object `vv' referenced but cannot be defined
  extern volatile void vv;
                       ^
./d-tree-root-3.c:2:19: warning - object `cv' referenced but cannot be defined
  extern const void cv;
                    ^
./d-tree-root-3.c:1:13: warning - object `v' referenced but cannot be defined
  extern void v;
              ^
