./d-tree-chkref-3.c:4:28: warning - signedness of plain bit-field is implementation-defined
      struct t { int l; int m: 2; } x4, x5, x6, x7;
                        ~~~  ^
./d-tree-chkref-3.c:5:51: warning - missing prototype from `f1'
      struct { struct t m; } x8, x9, x10, x11, x12, f1();
                                                    ^~~~
./d-tree-chkref-3.c:9:6: warning - expression result not used
      (x1, &x2, &x2)[&x1-&x2] = 0;
       ^~
./d-tree-chkref-3.c:9:10: warning - expression result not used
      (x1, &x2, &x2)[&x1-&x2] = 0;
           ^~~
./d-tree-chkref-3.c:4:47: warning - local `x7' set but not used
      struct t { int l; int m: 2; } x4, x5, x6, x7;
                                                ^~
./d-tree-chkref-3.c:32:1: warning - missing return value
  }
  ^
./d-tree-chkref-3.c:37:28: warning - signedness of plain bit-field is implementation-defined
      struct t { int l; int m: 2; };
                        ~~~  ^
./d-tree-chkref-3.c:38:28: warning - missing prototype from `f1'
      struct { struct t m; } f1();
                             ^~~~
./d-tree-chkref-3.c:38:28: warning - inconsistent declaration of `f1': `function() returning struct defined at ./d-tree-chkref-3.c:38:12' vs `function() returning struct defined at ./d-tree-chkref-3.c:5:12'
      struct { struct t m; } f1();
                             ^~
./d-tree-chkref-3.c:5:51: note - previous declaration was here
      struct { struct t m; } x8, x9, x10, x11, x12, f1();
                                                    ^~
./d-tree-chkref-3.c:40:14: ERROR - lvalue required
      f1().m.m = y;
      ~~~~~~~~ ^
