./d-tree-sub.c:1:44: ERROR - operands of - have illegal types `struct defined at ./d-tree-sub.c:1:24' and `struct defined at ./d-tree-sub.c:1:24'
  void f1(void) { struct { int x; } x; x = x - x; }    /* error */
                                             ^
./d-tree-sub.c:2:39: warning - uninitialized reference to `x'
  void f2(void) { double x; char c; c = x - c; }
                                        ^
./d-tree-sub.c:2:43: warning - uninitialized reference to `c'
  void f2(void) { double x; char c; c = x - c; }
                                            ^
./d-tree-sub.c:3:36: ERROR - unknown size for type `incomplete struct tag'
  void f3(void) { struct tag *x; x = x - x; x = x - 0; }    /* error */
                                     ^
./d-tree-sub.c:3:34: ERROR - operands of = have illegal types `pointer to incomplete struct tag' and `long int'
  void f3(void) { struct tag *x; x = x - x; x = x - 0; }    /* error */
                                   ^
./d-tree-sub.c:3:47: ERROR - unknown size for type `incomplete struct tag'
  void f3(void) { struct tag *x; x = x - x; x = x - 0; }    /* error */
                                                ^
./d-tree-sub.c:3:47: warning - uninitialized reference to `x'
  void f3(void) { struct tag *x; x = x - x; x = x - 0; }    /* error */
                                                ^
./d-tree-sub.c:4:41: warning - uninitialized reference to `x'
  void f4(void) { int *x; unsigned u; x = x - 1; x = x - u; }
                                          ^
./d-tree-sub.c:4:56: warning - uninitialized reference to `u'
  void f4(void) { int *x; unsigned u; x = x - 1; x = x - u; }
                                                         ^
