./d-tree-npce-9.c:3:8: ERROR - integer constant expression required for array size
  int a1[(3.14, 1)];
         ^~~~~~~~~
./d-tree-npce-9.c:4:8: ERROR - integer constant expression required for array size
  int a2[(int)(1, 3.14)];
         ^~~~~~~~~~~~~~
./d-tree-npce-9.c:5:8: ERROR - integer constant expression required for array size
  int a3[(3.14, 1, 1)];
         ^~~~~~~~~~~~
./d-tree-npce-9.c:6:8: ERROR - integer constant expression required for array size
  int a4[(a1, 1)];
         ^~~~~~~
./d-tree-npce-9.c:7:8: ERROR - integer constant expression required for array size
  int a5[(1, a1, 1)];
         ^~~~~~~~~~
./d-tree-npce-9.c:8:9: warning - expression result not used
  int a6[((char)1, (unsigned char)1)];
          ^~~~~~~
./d-tree-npce-9.c:8:8: ERROR - integer constant expression required for array size
  int a6[((char)1, (unsigned char)1)];
         ^~~~~~~~~~~~~~~~~~~~~~~~~~~
./d-tree-npce-9.c:9:8: ERROR - integer constant expression required for array size
  int a7[("abc", 1)];
         ^~~~~~~~~~
./d-tree-npce-9.c:11:8: warning - integer constant expression requried for array size
  int a8[1 || (2, 3)];
         ^~~~~~~~~~~
./d-tree-npce-9.c:12:8: warning - integer constant expression requried for array size
  int a9[1 || (3.14, 1)];
         ^~~~~~~~~~~~~~
./d-tree-npce-9.c:13:9: warning - integer constant expression requried for array size
  int a10[1 || (a1, 1)];
          ^~~~~~~~~~~~
./d-tree-npce-9.c:14:15: warning - expression result not used
  int a11[1 || ((char)1, (unsigned char)1)];
                ^~~~~~~
./d-tree-npce-9.c:14:9: warning - integer constant expression requried for array size
  int a11[1 || ((char)1, (unsigned char)1)];
          ^~~~~~~~~~~~~~~~~~~~~~~~~~~~~~~~
./d-tree-npce-9.c:15:9: warning - integer constant expression requried for array size
  int a12[1 || ("abc", 1)];
          ^~~~~~~~~~~~~~~
./d-tree-npce-9.c:17:10: ERROR - initializer must be constant
  int x1 = (3.14, 1);
           ^~~~~~~~~
./d-tree-npce-9.c:18:10: ERROR - initializer must be constant
  int x2 = (1, 3.14);
           ^~~~~~~~~
./d-tree-npce-9.c:19:10: warning - non-portable constant expression for initializer
  int x3 = 0 && (3.14, 1);
           ^~~~~~~~~~~~~~
./d-tree-npce-9.c:20:10: warning - non-portable constant expression for initializer
  int x4 = 0 && (1, 3.14);
           ^~~~~~~~~~~~~~
./d-tree-npce-9.c:21:10: ERROR - initializer must be constant
  int x5 = ("abc", 1);
           ^~~~~~~~~~
./d-tree-npce-9.c:22:10: ERROR - invalid initializer; `pointer to char' given for `int'
  int x6 = (1, "abc");
           ^~~~~~~~~~
./d-tree-npce-9.c:23:10: warning - non-portable constant expression for initializer
  int x7 = 1 || ("abc", 1);
           ^~~~~~~~~~~~~~~
./d-tree-npce-9.c:24:10: warning - non-portable constant expression for initializer
  int x8 = 1 || (1, "abc");
           ^~~~~~~~~~~~~~~
./d-tree-npce-9.c:25:11: warning - expression result not used
  int x9 = ((void *)0, 1);
            ^~~~~~~~~
./d-tree-npce-9.c:25:10: ERROR - initializer must be constant
  int x9 = ((void *)0, 1);
           ^~~~~~~~~~~~~~
./d-tree-npce-9.c:26:11: ERROR - invalid initializer; `pointer to void' given for `int'
  int x10 = (1, (void *)0);
            ^~~~~~~~~~~~~~
./d-tree-npce-9.c:27:17: warning - expression result not used
  int x11 = 1 || ((void *)0, 1);
                  ^~~~~~~~~
./d-tree-npce-9.c:27:11: warning - non-portable constant expression for initializer
  int x11 = 1 || ((void *)0, 1);
            ^~~~~~~~~~~~~~~~~~~
./d-tree-npce-9.c:28:11: warning - non-portable constant expression for initializer
  int x12 = 1 || (1, (void *)0);
            ^~~~~~~~~~~~~~~~~~~
