./d-tree-npce-12.c:5:10: warning - non-portable constant expression for initializer
  int i1 = 0 && (1, 2);
           ^~~~~~~~~~~
./d-tree-npce-12.c:6:25: warning - expression result not used
  int *i2 = (int *)(1 || (i1, i2));                    /* okay */
                          ^~
./d-tree-npce-12.c:6:11: warning - conversion between pointer and integer is not portable
  int *i2 = (int *)(1 || (i1, i2));                    /* okay */
            ^~~~~~~~~~~~~~~~~~~~~~
./d-tree-npce-12.c:7:25: warning - expression result not used
  int *i3 = (int *)(0 && (&i1+(int)(3.14+3), &i1));    /* okay */
                          ^~~~~~~~~~~~~~~~~
./d-tree-npce-12.c:7:11: warning - conversion between pointer and integer is not portable
  int *i3 = (int *)(0 && (&i1+(int)(3.14+3), &i1));    /* okay */
            ^~~~~~~~~~~~~~~~~~~~~~~~~~~~~~~~~~~~~~
./d-tree-npce-12.c:9:21: warning - missing prototype from type name
  int i4 = 0 && ((int (*)())0)();
                      ^~~~~
./d-tree-npce-12.c:9:10: warning - non-portable constant expression for initializer
  int i4 = 0 && ((int (*)())0)();
           ^~~~~~~~~~~~~~~~~~~~~
./d-tree-npce-12.c:10:10: warning - non-portable constant expression for initializer
  int i5 = 0 && f();
           ^~~~~~~~
./d-tree-npce-12.c:11:10: warning - non-portable constant expression for initializer
  int i6 = 1 || ++*((int *)0);
           ^~~~~~~~~~~~~~~~~~
./d-tree-npce-12.c:12:10: warning - non-portable constant expression for initializer
  int i7 = 1 || i6++;
           ^~~~~~~~~
./d-tree-npce-12.c:13:10: warning - non-portable constant expression for initializer
  int i8 = (1)? 0: (*((int *)0) = 0);
           ^~~~~~~~~~~~~~~~~~~~~~~~~
./d-tree-npce-12.c:14:10: warning - non-portable constant expression for initializer
  int i9 = (1)? 0: (i6 = 0);
           ^~~~~~~~~~~~~~~~
./d-tree-npce-12.c:15:11: warning - non-portable constant expression for initializer
  int i10 = 0 && (*((int *)0) += 0);
            ^~~~~~~~~~~~~~~~~~~~~~~
./d-tree-npce-12.c:16:11: warning - non-portable constant expression for initializer
  int i11 = 0 && (i6 += 0);
            ^~~~~~~~~~~~~~
./d-tree-npce-12.c:17:31: warning - missing prototype from type name
  int *i12 = (int *)(0 && ((int (*)())0)());
                                ^~~~~
./d-tree-npce-12.c:17:12: warning - conversion between pointer and integer is not portable
  int *i12 = (int *)(0 && ((int (*)())0)());
             ^~~~~~~~~~~~~~~~~~~~~~~~~~~~~~
./d-tree-npce-12.c:17:12: warning - non-portable constant expression for initializer
  int *i12 = (int *)(0 && ((int (*)())0)());
             ^~~~~~~~~~~~~~~~~~~~~~~~~~~~~~
./d-tree-npce-12.c:18:12: warning - conversion between pointer and integer is not portable
  int *i13 = (int *)(1 || ++*((int *)0));
             ^~~~~~~~~~~~~~~~~~~~~~~~~~~
./d-tree-npce-12.c:18:12: warning - non-portable constant expression for initializer
  int *i13 = (int *)(1 || ++*((int *)0));
             ^~~~~~~~~~~~~~~~~~~~~~~~~~~
./d-tree-npce-12.c:19:12: warning - conversion between pointer and integer is not portable
  int *i14 = (int *)((1)? 0: (*((int *)0) = 0));
             ^~~~~~~~~~~~~~~~~~~~~~~~~~~~~~~~~~
./d-tree-npce-12.c:19:12: warning - non-portable constant expression for initializer
  int *i14 = (int *)((1)? 0: (*((int *)0) = 0));
             ^~~~~~~~~~~~~~~~~~~~~~~~~~~~~~~~~~
./d-tree-npce-12.c:20:12: warning - conversion between pointer and integer is not portable
  int *i15 = (int *)(0 && (*((int *)0) += 0));
             ^~~~~~~~~~~~~~~~~~~~~~~~~~~~~~~~
./d-tree-npce-12.c:20:12: warning - non-portable constant expression for initializer
  int *i15 = (int *)(0 && (*((int *)0) += 0));
             ^~~~~~~~~~~~~~~~~~~~~~~~~~~~~~~~
./d-tree-npce-12.c:21:29: warning - missing prototype from type name
  int i16 = sizeof(0 && ((int (*)())0)());          /* okay */
                              ^~~~~
./d-tree-npce-12.c:26:20: warning - address of `i1' always results in true
  int i20 = 1 || &i1 == 0;
                  ~~ ^~
./d-tree-npce-12.c:26:11: warning - non-portable constant expression for initializer
  int i20 = 1 || &i1 == 0;
            ^~~~~~~~~~~~~
./d-tree-npce-12.c:27:17: warning - expression result not used
  int i21 = 1 || ((void *)0, 1);
                  ^~~~~~~~~
./d-tree-npce-12.c:27:11: warning - non-portable constant expression for initializer
  int i21 = 1 || ((void *)0, 1);
            ^~~~~~~~~~~~~~~~~~~
./d-tree-npce-12.c:28:17: warning - conversion between pointer and integer is not portable
  int i22 = 0 && ((int)(void *)0 + 3.14);
                  ^~~~~~~~~~~~~~
./d-tree-npce-12.c:28:11: warning - non-portable constant expression for initializer
  int i22 = 0 && ((int)(void *)0 + 3.14);
            ^~~~~~~~~~~~~~~~~~~~~~~~~~~~
./d-tree-npce-12.c:30:11: ERROR - initializer must be constant
  int i23 = (1, 2) || 0;
            ^~~~~~~~~~~
./d-tree-npce-12.c:31:21: warning - expression result not used
  int *i24 = (int *)((i1, i2) || 1);
                      ^~
./d-tree-npce-12.c:31:12: warning - conversion between pointer and integer is not portable
  int *i24 = (int *)((i1, i2) || 1);
             ^~~~~~~~~~~~~~~~~~~~~~
./d-tree-npce-12.c:31:12: ERROR - initializer must be constant
  int *i24 = (int *)((i1, i2) || 1);
             ^~~~~~~~~~~~~~~~~~~~~~
./d-tree-npce-12.c:32:20: warning - address of `i1' always results in true
  int *i25 = (int *)((&i1+(int)(3.14+3)) && 0);
                     ^~~~~~~~~~~~~~~~~~~
./d-tree-npce-12.c:32:12: warning - conversion between pointer and integer is not portable
  int *i25 = (int *)((&i1+(int)(3.14+3)) && 0);
             ^~~~~~~~~~~~~~~~~~~~~~~~~~~~~~~~~
./d-tree-npce-12.c:32:12: warning - non-portable constant expression for initializer
  int *i25 = (int *)((&i1+(int)(3.14+3)) && 0);
             ^~~~~~~~~~~~~~~~~~~~~~~~~~~~~~~~~
./d-tree-npce-12.c:33:17: warning - missing prototype from type name
  int i26 = ((int (*)())0)() && 0;
                  ^~~~~
./d-tree-npce-12.c:33:11: ERROR - initializer must be constant
  int i26 = ((int (*)())0)() && 0;
            ^~~~~~~~~~~~~~~~~~~~~
./d-tree-npce-12.c:34:11: ERROR - initializer must be constant
  int i27 = ++*((int *)0) && 0;
            ^~~~~~~~~~~~~~~~~~
./d-tree-npce-12.c:35:11: ERROR - initializer must be constant
  int i28 = (*((int *)0) = 0) || 1;
            ^~~~~~~~~~~~~~~~~~~~~~
./d-tree-npce-12.c:36:11: ERROR - initializer must be constant
  int i29 = (*((int *)0) += 0) || 1;
            ^~~~~~~~~~~~~~~~~~~~~~~
./d-tree-npce-12.c:38:23: warning - address of `i1' always results in true
  int *i30 = &i1 + (&i1 == 0);
                     ~~ ^~
./d-tree-npce-12.c:38:12: warning - non-portable constant expression for initializer
  int *i30 = &i1 + (&i1 == 0);
             ^~~~~~~~~~~~~~~~
./d-tree-npce-12.c:39:27: warning - address of `i1' always results in true
  int i31 = 3.14 * 2 + (&i1 != 0);
                         ~~ ^~
./d-tree-npce-12.c:39:11: warning - non-portable constant expression for initializer
  int i31 = 3.14 * 2 + (&i1 != 0);
            ^~~~~~~~~~~~~~~~~~~~~
