./d-tree-npce-14.c:3:19: warning - integer constant expression reqruied for array size
  int x1[((void *)0)? 1: 2];
                    ^
./d-tree-npce-14.c:4:21: warning - non-portable constant expression for initializer
  int x2 = ((void *)0)? 1: 0;
                      ^
./d-tree-npce-14.c:5:22: warning - non-portable constant expression for initializer
  int *x3 = ((void *)0)? (void *)0: (void *)0;
                       ^
./d-tree-npce-14.c:6:10: warning - address of `x2' always results in true
  int x4[(&x2)? 1: 2];
           ^
./d-tree-npce-14.c:6:13: ERROR - integer constant expression reqruied for array size
  int x4[(&x2)? 1: 2];
              ^
./d-tree-npce-14.c:7:12: warning - address of `x2' always results in true
  int x5 = (&x2)? 1: 0;
             ^
./d-tree-npce-14.c:7:15: ERROR - initializer must be constant
  int x5 = (&x2)? 1: 0;
                ^
./d-tree-npce-14.c:8:13: warning - address of `x2' always results in true
  int *x6 = (&x2)? (void *)0: (void *)0;
              ^
./d-tree-npce-14.c:8:16: ERROR - initializer must be constant
  int *x6 = (&x2)? (void *)0: (void *)0;
                 ^
./d-tree-npce-14.c:10:25: warning - non-portable constant expression for initializer
  int x7 = (0 && (1.0, 2))? 1: 0;
                          ^
./d-tree-npce-14.c:11:31: warning - non-portable constant expression for initializer
  int x8 = (0 && ((void *)0, 2))? 1: 0;
                                ^
./d-tree-npce-14.c:13:14: warning - integer constant expression reqruied for array size
  int x9[(3.14)? 1: 2];
               ^
./d-tree-npce-14.c:15:14: warning - non-portable constant expression for initializer
  int x11 = (1)? 1: (1, 0);
               ^
./d-tree-npce-14.c:16:30: warning - conversion between pointer and integer is not portable
  int *x12 = (int *)((1)? 1: ((int)&x8, 0));                  /* okay */
                               ^
./d-tree-npce-14.c:16:30: warning - expression result not used
  int *x12 = (int *)((1)? 1: ((int)&x8, 0));                  /* okay */
                               ^
./d-tree-npce-14.c:16:13: warning - conversion between pointer and integer is not portable
  int *x12 = (int *)((1)? 1: ((int)&x8, 0));                  /* okay */
              ^
./d-tree-npce-14.c:17:27: warning - missing prototype
  int x13 = (1)? 1: (((void (*)())0)(), 1);
                            ^
./d-tree-npce-14.c:17:14: warning - non-portable constant expression for initializer
  int x13 = (1)? 1: (((void (*)())0)(), 1);
               ^
./d-tree-npce-14.c:18:34: warning - missing prototype
  int *x14 = (1)? (int *)0: (((int *(*)())0)(), (int *)0);
                                   ^
./d-tree-npce-14.c:18:15: warning - non-portable constant expression for initializer
  int *x14 = (1)? (int *)0: (((int *(*)())0)(), (int *)0);
                ^
./d-tree-npce-14.c:19:14: warning - non-portable constant expression for initializer
  int x15 = (1)? 1: ((1)? 1: ((void *)0, 1));
               ^
./d-tree-npce-14.c:20:14: warning - non-portable constant expression for initializer
  int x16 = (1)? ((1)? 1: ((void *)0, 1)): 1;
               ^
./d-tree-npce-14.c:21:10: warning - integer constant expression reqruied for array size
  int x17[(int)((1)? 1: 3.14)];
           ^
./d-tree-npce-14.c:22:12: warning - conversion between pointer and integer is not portable
  int x18 = (int)((1)? 0: (void *)0);
             ^
./d-tree-npce-14.c:22:12: warning - non-portable constant expression for initializer
  int x18 = (int)((1)? 0: (void *)0);
             ^
./d-tree-npce-14.c:23:14: warning - non-portable constant expression for initializer
  int x19 = (1)? 1: x7;
               ^
./d-tree-npce-14.c:24:30: warning - conversion between pointer and integer is not portable
  int *x20 = (1)? &x7: (int *)(int)(void *)0;                 /* okay */
                               ^
./d-tree-npce-14.c:24:23: warning - conversion between pointer and integer is not portable
  int *x20 = (1)? &x7: (int *)(int)(void *)0;                 /* okay */
                        ^
./d-tree-npce-14.c:25:15: warning - non-portable constant expression for initializer
  int *x21 = (1)? &x7+(int)(3.14+0): &x7;
                ^
./d-tree-npce-14.c:26:24: warning - non-portable constant expression for initializer
  int *x22 = (!(void *)0)? &x7: 0;
                         ^
./d-tree-npce-14.c:28:16: warning - non-portable constant expression for initializer
  int *x23 = &x7 + ((void *)0 == (void *)0);
                 ^
./d-tree-npce-14.c:29:16: warning - non-portable constant expression for initializer
  int *x24 = &x7 + ((int *)0 != (int *)0);
                 ^
./d-tree-npce-14.c:31:16: warning - non-portable constant expression for initializer
  int *x25 = &x7 - (int)(3.14+0);
                 ^
