./d-xtra-ttype-3.c:8:7: ERROR - operands of = have illegal types `vint' (aka `volatile int') and `void'
      x = f1();
      ~ ^ ~~~~
./d-xtra-ttype-3.c:9:9: ERROR - operands of = have illegal types `vint' (aka `volatile int') and `void'
      *px = f1();
      ~~~ ^ ~~~~
./d-xtra-ttype-3.c:18:5: warning - expression result not used
      sizeof(x1);
      ^~~~~~~~~~
./d-xtra-ttype-3.c:25:5: ERROR - incomplete type given to sizeof
      sizeof(x2);
      ^~~~~~ ~~
./d-xtra-ttype-3.c:34:7: ERROR - `incomplete incstr' (aka `incomplete struct tag') dereferenced for member
      x3.m;
      ~~^
./d-xtra-ttype-3.c:35:5: ERROR - incomplete type given to sizeof
      sizeof(x3);
      ^~~~~~ ~~
./d-xtra-ttype-3.c:43:5: warning - expression result not used
      x4.m;
      ^~~~
./d-xtra-ttype-3.c:44:5: warning - expression result not used
      sizeof(x4);
      ^~~~~~~~~~
