./d-xtra-invcast-9.c:5:12: warning - missing prototype
  struct tag g();
             ^
./d-xtra-invcast-9.c:6:6: warning - missing prototype
  void (*fp)();
       ^
./d-xtra-invcast-9.c:11:10: ERROR - conversion from `struct tag' to `int' is not allowed
      z = (int)x + 1;
           ^
./d-xtra-invcast-9.c:12:10: ERROR - conversion from `struct tag' to `int' is not allowed
      z = (int)x % (int)x;
           ^
./d-xtra-invcast-9.c:12:19: ERROR - conversion from `struct tag' to `int' is not allowed
      z = (int)x % (int)x;
                    ^
./d-xtra-invcast-9.c:13:11: ERROR - conversion from `struct tag' to `pointer to int' is not allowed
      z = ((int *)x)[(int)x];
            ^
./d-xtra-invcast-9.c:13:21: ERROR - conversion from `struct tag' to `int' is not allowed
      z = ((int *)x)[(int)x];
                      ^
./d-xtra-invcast-9.c:14:10: ERROR - conversion from `struct tag' to `int' is not allowed
      z = (int)x > (int)x;
           ^
./d-xtra-invcast-9.c:14:19: ERROR - conversion from `struct tag' to `int' is not allowed
      z = (int)x > (int)x;
                    ^
./d-xtra-invcast-9.c:15:11: ERROR - conversion from `struct tag' to `int' is not allowed
      z = +(int)x;
            ^
./d-xtra-invcast-9.c:16:10: ERROR - conversion from `struct tag' to `int' is not allowed
      z = (int)g() + 1;
           ^
./d-xtra-invcast-9.c:17:10: ERROR - conversion from `struct tag' to `int' is not allowed
      z = (int)g() % (int)g();
           ^
./d-xtra-invcast-9.c:17:21: ERROR - conversion from `struct tag' to `int' is not allowed
      z = (int)g() % (int)g();
                      ^
./d-xtra-invcast-9.c:18:11: ERROR - conversion from `struct tag' to `pointer to int' is not allowed
      z = ((int *)g())[(int)g()];
            ^
./d-xtra-invcast-9.c:18:23: ERROR - conversion from `struct tag' to `int' is not allowed
      z = ((int *)g())[(int)g()];
                        ^
./d-xtra-invcast-9.c:19:10: ERROR - conversion from `struct tag' to `int' is not allowed
      z = (int)g() > (int)g();
           ^
./d-xtra-invcast-9.c:19:21: ERROR - conversion from `struct tag' to `int' is not allowed
      z = (int)g() > (int)g();
                      ^
./d-xtra-invcast-9.c:20:11: ERROR - conversion from `struct tag' to `int' is not allowed
      z = +(int)g();
            ^
./d-xtra-invcast-9.c:21:15: ERROR - conversion from `int' to `struct tag' is not allowed
      z = (int)(struct tag)1 + 1;
                ^
./d-xtra-invcast-9.c:21:10: ERROR - conversion from `struct tag' to `int' is not allowed
      z = (int)(struct tag)1 + 1;
           ^
./d-xtra-invcast-9.c:22:15: ERROR - conversion from `int' to `struct tag' is not allowed
      z = (int)(struct tag)1 % (int)(struct tag)1;
                ^
./d-xtra-invcast-9.c:22:10: ERROR - conversion from `struct tag' to `int' is not allowed
      z = (int)(struct tag)1 % (int)(struct tag)1;
           ^
./d-xtra-invcast-9.c:22:36: ERROR - conversion from `int' to `struct tag' is not allowed
      z = (int)(struct tag)1 % (int)(struct tag)1;
                                     ^
./d-xtra-invcast-9.c:22:31: ERROR - conversion from `struct tag' to `int' is not allowed
      z = (int)(struct tag)1 % (int)(struct tag)1;
                                ^
./d-xtra-invcast-9.c:23:18: ERROR - conversion from `int' to `struct tag' is not allowed
      z = ((int *)(struct tag)1)[(int)(struct tag)1];
                   ^
./d-xtra-invcast-9.c:23:11: ERROR - conversion from `struct tag' to `pointer to int' is not allowed
      z = ((int *)(struct tag)1)[(int)(struct tag)1];
            ^
./d-xtra-invcast-9.c:23:38: ERROR - conversion from `int' to `struct tag' is not allowed
      z = ((int *)(struct tag)1)[(int)(struct tag)1];
                                       ^
./d-xtra-invcast-9.c:23:33: ERROR - conversion from `struct tag' to `int' is not allowed
      z = ((int *)(struct tag)1)[(int)(struct tag)1];
                                  ^
./d-xtra-invcast-9.c:24:15: ERROR - conversion from `int' to `struct tag' is not allowed
      z = (int)(struct tag)1 > (int)(struct tag)1;
                ^
./d-xtra-invcast-9.c:24:10: ERROR - conversion from `struct tag' to `int' is not allowed
      z = (int)(struct tag)1 > (int)(struct tag)1;
           ^
./d-xtra-invcast-9.c:24:36: ERROR - conversion from `int' to `struct tag' is not allowed
      z = (int)(struct tag)1 > (int)(struct tag)1;
                                     ^
./d-xtra-invcast-9.c:24:31: ERROR - conversion from `struct tag' to `int' is not allowed
      z = (int)(struct tag)1 > (int)(struct tag)1;
                                ^
./d-xtra-invcast-9.c:25:16: ERROR - conversion from `int' to `struct tag' is not allowed
      z = +(int)(struct tag)1;
                 ^
./d-xtra-invcast-9.c:25:11: ERROR - conversion from `struct tag' to `int' is not allowed
      z = +(int)(struct tag)1;
            ^
./d-xtra-invcast-9.c:28:10: ERROR - conversion from `struct tag' to `float' is not allowed
      z = (float)x + 0.1;
           ^
./d-xtra-invcast-9.c:29:10: ERROR - conversion from `struct tag' to `float' is not allowed
      z = (float)x + (float)x;
           ^
./d-xtra-invcast-9.c:29:21: ERROR - conversion from `struct tag' to `float' is not allowed
      z = (float)x + (float)x;
                      ^
./d-xtra-invcast-9.c:30:10: ERROR - conversion from `struct tag' to `float' is not allowed
      z = (float)x > (float)x;
           ^
./d-xtra-invcast-9.c:30:21: ERROR - conversion from `struct tag' to `float' is not allowed
      z = (float)x > (float)x;
                      ^
./d-xtra-invcast-9.c:31:11: ERROR - conversion from `struct tag' to `float' is not allowed
      z = -(float)x;
            ^
./d-xtra-invcast-9.c:32:10: ERROR - conversion from `struct tag' to `float' is not allowed
      z = (float)g() + 0.1;
           ^
./d-xtra-invcast-9.c:33:10: ERROR - conversion from `struct tag' to `float' is not allowed
      z = (float)g() + (float)g();
           ^
./d-xtra-invcast-9.c:33:23: ERROR - conversion from `struct tag' to `float' is not allowed
      z = (float)g() + (float)g();
                        ^
./d-xtra-invcast-9.c:34:10: ERROR - conversion from `struct tag' to `float' is not allowed
      z = (float)g() > (float)g();
           ^
./d-xtra-invcast-9.c:34:23: ERROR - conversion from `struct tag' to `float' is not allowed
      z = (float)g() > (float)g();
                        ^
./d-xtra-invcast-9.c:35:11: ERROR - conversion from `struct tag' to `float' is not allowed
      z = -(float)g();
            ^
./d-xtra-invcast-9.c:36:17: ERROR - conversion from `int' to `struct tag' is not allowed
      z = (float)(struct tag)1 + 0.1;
                  ^
./d-xtra-invcast-9.c:36:10: ERROR - conversion from `struct tag' to `float' is not allowed
      z = (float)(struct tag)1 + 0.1;
           ^
./d-xtra-invcast-9.c:37:17: ERROR - conversion from `int' to `struct tag' is not allowed
      z = (float)(struct tag)1 + (float)(struct tag)1;
                  ^
./d-xtra-invcast-9.c:37:10: ERROR - conversion from `struct tag' to `float' is not allowed
      z = (float)(struct tag)1 + (float)(struct tag)1;
           ^
./d-xtra-invcast-9.c:37:40: ERROR - conversion from `int' to `struct tag' is not allowed
      z = (float)(struct tag)1 + (float)(struct tag)1;
                                         ^
./d-xtra-invcast-9.c:37:33: ERROR - conversion from `struct tag' to `float' is not allowed
      z = (float)(struct tag)1 + (float)(struct tag)1;
                                  ^
./d-xtra-invcast-9.c:38:17: ERROR - conversion from `int' to `struct tag' is not allowed
      z = (float)(struct tag)1 > (float)(struct tag)1;
                  ^
./d-xtra-invcast-9.c:38:10: ERROR - conversion from `struct tag' to `float' is not allowed
      z = (float)(struct tag)1 > (float)(struct tag)1;
           ^
./d-xtra-invcast-9.c:38:40: ERROR - conversion from `int' to `struct tag' is not allowed
      z = (float)(struct tag)1 > (float)(struct tag)1;
                                         ^
./d-xtra-invcast-9.c:38:33: ERROR - conversion from `struct tag' to `float' is not allowed
      z = (float)(struct tag)1 > (float)(struct tag)1;
                                  ^
./d-xtra-invcast-9.c:39:18: ERROR - conversion from `int' to `struct tag' is not allowed
      z = -(float)(struct tag)1;
                   ^
./d-xtra-invcast-9.c:39:11: ERROR - conversion from `struct tag' to `float' is not allowed
      z = -(float)(struct tag)1;
            ^
./d-xtra-invcast-9.c:42:11: ERROR - conversion from `struct tag' to `pointer to int' is not allowed
      z = ((int *)x)[1];
            ^
./d-xtra-invcast-9.c:43:7: ERROR - conversion from `struct tag' to `pointer to int' is not allowed
      ((int *)x)[1] = 1;
        ^
./d-xtra-invcast-9.c:44:11: ERROR - conversion from `struct tag' to `pointer to int' is not allowed
      z = ((int *)x) - ((int *)x);
            ^
./d-xtra-invcast-9.c:44:24: ERROR - conversion from `struct tag' to `pointer to int' is not allowed
      z = ((int *)x) - ((int *)x);
                         ^
./d-xtra-invcast-9.c:45:9: ERROR - conversion from `struct tag' to `pointer to int' is not allowed
      (*((int *)x))++;
          ^
./d-xtra-invcast-9.c:46:11: ERROR - conversion from `struct tag' to `pointer to int' is not allowed
      z = ((int *)g())[1];
            ^
./d-xtra-invcast-9.c:47:7: ERROR - conversion from `struct tag' to `pointer to int' is not allowed
      ((int *)g())[1] = 1;
        ^
./d-xtra-invcast-9.c:48:11: ERROR - conversion from `struct tag' to `pointer to int' is not allowed
      z = ((int *)g()) - ((int *)g());
            ^
./d-xtra-invcast-9.c:48:26: ERROR - conversion from `struct tag' to `pointer to int' is not allowed
      z = ((int *)g()) - ((int *)g());
                           ^
./d-xtra-invcast-9.c:49:9: ERROR - conversion from `struct tag' to `pointer to int' is not allowed
      (*((int *)g()))++;
          ^
./d-xtra-invcast-9.c:50:18: ERROR - conversion from `int' to `struct tag' is not allowed
      z = ((int *)(struct tag)1)[1];
                   ^
./d-xtra-invcast-9.c:50:11: ERROR - conversion from `struct tag' to `pointer to int' is not allowed
      z = ((int *)(struct tag)1)[1];
            ^
./d-xtra-invcast-9.c:51:14: ERROR - conversion from `int' to `struct tag' is not allowed
      ((int *)(struct tag)1)[1] = 1;
               ^
./d-xtra-invcast-9.c:51:7: ERROR - conversion from `struct tag' to `pointer to int' is not allowed
      ((int *)(struct tag)1)[1] = 1;
        ^
./d-xtra-invcast-9.c:52:18: ERROR - conversion from `int' to `struct tag' is not allowed
      z = ((int *)(struct tag)1) - ((int *)(struct tag)1);
                   ^
./d-xtra-invcast-9.c:52:11: ERROR - conversion from `struct tag' to `pointer to int' is not allowed
      z = ((int *)(struct tag)1) - ((int *)(struct tag)1);
            ^
./d-xtra-invcast-9.c:52:43: ERROR - conversion from `int' to `struct tag' is not allowed
      z = ((int *)(struct tag)1) - ((int *)(struct tag)1);
                                            ^
./d-xtra-invcast-9.c:52:36: ERROR - conversion from `struct tag' to `pointer to int' is not allowed
      z = ((int *)(struct tag)1) - ((int *)(struct tag)1);
                                     ^
./d-xtra-invcast-9.c:53:16: ERROR - conversion from `int' to `struct tag' is not allowed
      (*((int *)(struct tag)1))++;
                 ^
./d-xtra-invcast-9.c:53:9: ERROR - conversion from `struct tag' to `pointer to int' is not allowed
      (*((int *)(struct tag)1))++;
          ^
./d-xtra-invcast-9.c:56:12: warning - missing prototype
      ((void ())x)(0, 1);
             ^
./d-xtra-invcast-9.c:56:7: ERROR - conversion from `struct tag' to `function() returning void' is not allowed
      ((void ())x)(0, 1);
        ^
./d-xtra-invcast-9.c:57:12: warning - missing prototype
      ((void ())g())(0, 1);
             ^
./d-xtra-invcast-9.c:57:7: ERROR - conversion from `struct tag' to `function() returning void' is not allowed
      ((void ())g())(0, 1);
        ^
./d-xtra-invcast-9.c:58:12: warning - missing prototype
      ((void ())(struct tag)1)(0, 1);
             ^
./d-xtra-invcast-9.c:58:16: ERROR - conversion from `int' to `struct tag' is not allowed
      ((void ())(struct tag)1)(0, 1);
                 ^
./d-xtra-invcast-9.c:58:7: ERROR - conversion from `struct tag' to `function() returning void' is not allowed
      ((void ())(struct tag)1)(0, 1);
        ^
./d-xtra-invcast-9.c:59:17: warning - missing prototype
      fp = ((void ())x);
                  ^
./d-xtra-invcast-9.c:59:12: ERROR - conversion from `struct tag' to `function() returning void' is not allowed
      fp = ((void ())x);
             ^
./d-xtra-invcast-9.c:60:17: warning - missing prototype
      fp = ((void ())g());
                  ^
./d-xtra-invcast-9.c:60:12: ERROR - conversion from `struct tag' to `function() returning void' is not allowed
      fp = ((void ())g());
             ^
./d-xtra-invcast-9.c:61:17: warning - missing prototype
      fp = ((void ())(struct tag)1);
                  ^
./d-xtra-invcast-9.c:61:21: ERROR - conversion from `int' to `struct tag' is not allowed
      fp = ((void ())(struct tag)1);
                      ^
./d-xtra-invcast-9.c:61:12: ERROR - conversion from `struct tag' to `function() returning void' is not allowed
      fp = ((void ())(struct tag)1);
             ^
./d-xtra-invcast-9.c:64:11: ERROR - conversion from `struct tag' to `array [10] of int' is not allowed
      z = ((int [10])x)[0];
            ^
./d-xtra-invcast-9.c:65:7: ERROR - conversion from `struct tag' to `array [10] of int' is not allowed
      ((int [10])x)[0] = 1;
        ^
./d-xtra-invcast-9.c:66:21: ERROR - conversion from `int' to `struct tag' is not allowed
      z = ((int [10])(struct tag)1)[1];
                      ^
./d-xtra-invcast-9.c:66:11: ERROR - conversion from `struct tag' to `array [10] of int' is not allowed
      z = ((int [10])(struct tag)1)[1];
            ^
./d-xtra-invcast-9.c:67:17: ERROR - conversion from `int' to `struct tag' is not allowed
      ((int [10])(struct tag)1)[1] = 1;
                  ^
./d-xtra-invcast-9.c:67:7: ERROR - conversion from `struct tag' to `array [10] of int' is not allowed
      ((int [10])(struct tag)1)[1] = 1;
        ^
./d-xtra-invcast-9.c:68:11: ERROR - conversion from `struct tag' to `array [10] of int' is not allowed
      z = ((int [10])g())[2];
            ^
./d-xtra-invcast-9.c:69:7: ERROR - conversion from `struct tag' to `array [10] of int' is not allowed
      ((int [10])g())[2] = 1;
        ^
