./d-xtra-invcast-5.c:3:26: warning - signedness of plain bit-field is implementation-defined
  struct tag { int x; int y:1; double z[5]; struct t w; };
                      ~~~  ^
./d-xtra-invcast-5.c:4:10: warning - missing prototype from `g'
  void *x, *g();
           ^~~~
./d-xtra-invcast-5.c:5:6: warning - missing prototype from `fp'
  void (*fp)();
       ^~~~~~~
./d-xtra-invcast-5.c:10:9: ERROR - conversion from `pointer' to `float' is not allowed
      z = (float)x + 0.1;
          ^~~~~~~~
./d-xtra-invcast-5.c:11:9: ERROR - conversion from `pointer' to `float' is not allowed
      z = (float)x + (float)x;
          ^~~~~~~~
./d-xtra-invcast-5.c:11:20: ERROR - conversion from `pointer' to `float' is not allowed
      z = (float)x + (float)x;
                     ^~~~~~~~
./d-xtra-invcast-5.c:12:9: ERROR - conversion from `pointer' to `float' is not allowed
      z = (float)x > (float)x;
          ^~~~~~~~
./d-xtra-invcast-5.c:12:20: ERROR - conversion from `pointer' to `float' is not allowed
      z = (float)x > (float)x;
                     ^~~~~~~~
./d-xtra-invcast-5.c:13:10: ERROR - conversion from `pointer' to `float' is not allowed
      z = -(float)x;
           ^~~~~~~~
./d-xtra-invcast-5.c:14:9: ERROR - conversion from `pointer' to `float' is not allowed
      z = (float)g() + 0.1;
          ^~~~~~~~~~
./d-xtra-invcast-5.c:15:9: ERROR - conversion from `pointer' to `float' is not allowed
      z = (float)g() + (float)g();
          ^~~~~~~~~~
./d-xtra-invcast-5.c:15:22: ERROR - conversion from `pointer' to `float' is not allowed
      z = (float)g() + (float)g();
                       ^~~~~~~~~~
./d-xtra-invcast-5.c:16:9: ERROR - conversion from `pointer' to `float' is not allowed
      z = (float)g() > (float)g();
          ^~~~~~~~~~
./d-xtra-invcast-5.c:16:22: ERROR - conversion from `pointer' to `float' is not allowed
      z = (float)g() > (float)g();
                       ^~~~~~~~~~
./d-xtra-invcast-5.c:17:10: ERROR - conversion from `pointer' to `float' is not allowed
      z = -(float)g();
           ^~~~~~~~~~
./d-xtra-invcast-5.c:18:16: warning - conversion between pointer and integer is not portable
      z = (float)(void *)1 + 0.1;
                 ^~~~~~~~~
./d-xtra-invcast-5.c:18:9: ERROR - conversion from `pointer' to `float' is not allowed
      z = (float)(void *)1 + 0.1;
          ^~~~~~~~~~~~~~~~
./d-xtra-invcast-5.c:19:16: warning - conversion between pointer and integer is not portable
      z = (float)(void *)1 + (float)(void *)1;
                 ^~~~~~~~~
./d-xtra-invcast-5.c:19:9: ERROR - conversion from `pointer' to `float' is not allowed
      z = (float)(void *)1 + (float)(void *)1;
          ^~~~~~~~~~~~~~~~
./d-xtra-invcast-5.c:19:35: warning - conversion between pointer and integer is not portable
      z = (float)(void *)1 + (float)(void *)1;
                                    ^~~~~~~~~
./d-xtra-invcast-5.c:19:28: ERROR - conversion from `pointer' to `float' is not allowed
      z = (float)(void *)1 + (float)(void *)1;
                             ^~~~~~~~~~~~~~~~
./d-xtra-invcast-5.c:20:16: warning - conversion between pointer and integer is not portable
      z = (float)(void *)1 > (float)(void *)1;
                 ^~~~~~~~~
./d-xtra-invcast-5.c:20:9: ERROR - conversion from `pointer' to `float' is not allowed
      z = (float)(void *)1 > (float)(void *)1;
          ^~~~~~~~~~~~~~~~
./d-xtra-invcast-5.c:20:35: warning - conversion between pointer and integer is not portable
      z = (float)(void *)1 > (float)(void *)1;
                                    ^~~~~~~~~
./d-xtra-invcast-5.c:20:28: ERROR - conversion from `pointer' to `float' is not allowed
      z = (float)(void *)1 > (float)(void *)1;
                             ^~~~~~~~~~~~~~~~
./d-xtra-invcast-5.c:21:17: warning - conversion between pointer and integer is not portable
      z = -(float)(void *)1;
                  ^~~~~~~~~
./d-xtra-invcast-5.c:21:10: ERROR - conversion from `pointer' to `float' is not allowed
      z = -(float)(void *)1;
           ^~~~~~~~~~~~~~~~
./d-xtra-invcast-5.c:24:10: ERROR - conversion to `struct' is not allowed
      z = ((struct tag)x).x;
           ^~~~~~~~~~~~~
./d-xtra-invcast-5.c:25:6: ERROR - conversion to `struct' is not allowed
      ((struct tag)x).x = 0;
       ^~~~~~~~~~~~~
./d-xtra-invcast-5.c:26:22: warning - conversion between pointer and integer is not portable
      z = ((struct tag)(void *)1).x;
                       ^~~~~~~~~
./d-xtra-invcast-5.c:26:10: ERROR - conversion to `struct' is not allowed
      z = ((struct tag)(void *)1).x;
           ^~~~~~~~~~~~~~~~~~~~~
./d-xtra-invcast-5.c:27:18: warning - conversion between pointer and integer is not portable
      ((struct tag)(void *)1).x = 0;
                   ^~~~~~~~~
./d-xtra-invcast-5.c:27:6: ERROR - conversion to `struct' is not allowed
      ((struct tag)(void *)1).x = 0;
       ^~~~~~~~~~~~~~~~~~~~~
./d-xtra-invcast-5.c:28:10: ERROR - conversion to `struct' is not allowed
      z = ((struct tag)g()).x;
           ^~~~~~~~~~~~~~~
./d-xtra-invcast-5.c:29:6: ERROR - conversion to `struct' is not allowed
      ((struct tag)g()).x = 0;
       ^~~~~~~~~~~~~~~
./d-xtra-invcast-5.c:30:10: ERROR - conversion to `struct' is not allowed
      z = ((struct tag)(x? x: x)).x;
           ^~~~~~~~~~~~~~~~~~~~~
./d-xtra-invcast-5.c:31:6: ERROR - conversion to `struct' is not allowed
      ((struct tag)(x? x: x)).x = 0;
       ^~~~~~~~~~~~~~~~~~~~~
./d-xtra-invcast-5.c:32:26: warning - conversion between pointer and integer is not portable
      z = ((struct tag)(x? (void *)1: (void *)1)).x;
                           ^~~~~~~~~
./d-xtra-invcast-5.c:32:37: warning - conversion between pointer and integer is not portable
      z = ((struct tag)(x? (void *)1: (void *)1)).x;
                                      ^~~~~~~~~
./d-xtra-invcast-5.c:32:10: ERROR - conversion to `struct' is not allowed
      z = ((struct tag)(x? (void *)1: (void *)1)).x;
           ^~~~~~~~~~~~~~~~~~~~~~~~~~~~~~~~~~~~~
./d-xtra-invcast-5.c:33:22: warning - conversion between pointer and integer is not portable
      ((struct tag)(x? (void *)1: (void *)1)).x = 0;
                       ^~~~~~~~~
./d-xtra-invcast-5.c:33:33: warning - conversion between pointer and integer is not portable
      ((struct tag)(x? (void *)1: (void *)1)).x = 0;
                                  ^~~~~~~~~
./d-xtra-invcast-5.c:33:6: ERROR - conversion to `struct' is not allowed
      ((struct tag)(x? (void *)1: (void *)1)).x = 0;
       ^~~~~~~~~~~~~~~~~~~~~~~~~~~~~~~~~~~~~
./d-xtra-invcast-5.c:34:10: ERROR - conversion to `struct' is not allowed
      z = ((struct tag)(x? g(): g())).x;
           ^~~~~~~~~~~~~~~~~~~~~~~~~
./d-xtra-invcast-5.c:35:6: ERROR - conversion to `struct' is not allowed
      ((struct tag)(x? g(): g())).x = 0;
       ^~~~~~~~~~~~~~~~~~~~~~~~~
./d-xtra-invcast-5.c:37:10: ERROR - conversion to `struct' is not allowed
      z = ((struct tag)x).y;
           ^~~~~~~~~~~~~
./d-xtra-invcast-5.c:38:6: ERROR - conversion to `struct' is not allowed
      ((struct tag)x).y = 0;
       ^~~~~~~~~~~~~
./d-xtra-invcast-5.c:39:22: warning - conversion between pointer and integer is not portable
      z = ((struct tag)(void *)1).y;
                       ^~~~~~~~~
./d-xtra-invcast-5.c:39:10: ERROR - conversion to `struct' is not allowed
      z = ((struct tag)(void *)1).y;
           ^~~~~~~~~~~~~~~~~~~~~
./d-xtra-invcast-5.c:40:18: warning - conversion between pointer and integer is not portable
      ((struct tag)(void *)1).y = 0;
                   ^~~~~~~~~
./d-xtra-invcast-5.c:40:6: ERROR - conversion to `struct' is not allowed
      ((struct tag)(void *)1).y = 0;
       ^~~~~~~~~~~~~~~~~~~~~
./d-xtra-invcast-5.c:41:10: ERROR - conversion to `struct' is not allowed
      z = ((struct tag)g()).y;
           ^~~~~~~~~~~~~~~
./d-xtra-invcast-5.c:42:6: ERROR - conversion to `struct' is not allowed
      ((struct tag)g()).y = 0;
       ^~~~~~~~~~~~~~~
./d-xtra-invcast-5.c:43:10: ERROR - conversion to `struct' is not allowed
      z = ((struct tag)(x? x: x)).y;
           ^~~~~~~~~~~~~~~~~~~~~
./d-xtra-invcast-5.c:44:6: ERROR - conversion to `struct' is not allowed
      ((struct tag)(x? x: x)).y = 0;
       ^~~~~~~~~~~~~~~~~~~~~
./d-xtra-invcast-5.c:45:26: warning - conversion between pointer and integer is not portable
      z = ((struct tag)(x? (void *)1: (void *)1)).y;
                           ^~~~~~~~~
./d-xtra-invcast-5.c:45:37: warning - conversion between pointer and integer is not portable
      z = ((struct tag)(x? (void *)1: (void *)1)).y;
                                      ^~~~~~~~~
./d-xtra-invcast-5.c:45:10: ERROR - conversion to `struct' is not allowed
      z = ((struct tag)(x? (void *)1: (void *)1)).y;
           ^~~~~~~~~~~~~~~~~~~~~~~~~~~~~~~~~~~~~
./d-xtra-invcast-5.c:46:22: warning - conversion between pointer and integer is not portable
      ((struct tag)(x? (void *)1: (void *)1)).y = 0;
                       ^~~~~~~~~
./d-xtra-invcast-5.c:46:33: warning - conversion between pointer and integer is not portable
      ((struct tag)(x? (void *)1: (void *)1)).y = 0;
                                  ^~~~~~~~~
./d-xtra-invcast-5.c:46:6: ERROR - conversion to `struct' is not allowed
      ((struct tag)(x? (void *)1: (void *)1)).y = 0;
       ^~~~~~~~~~~~~~~~~~~~~~~~~~~~~~~~~~~~~
./d-xtra-invcast-5.c:47:10: ERROR - conversion to `struct' is not allowed
      z = ((struct tag)(x? g(): g())).y;
           ^~~~~~~~~~~~~~~~~~~~~~~~~
./d-xtra-invcast-5.c:48:6: ERROR - conversion to `struct' is not allowed
      ((struct tag)(x? g(): g())).y = 0;
       ^~~~~~~~~~~~~~~~~~~~~~~~~
./d-xtra-invcast-5.c:50:10: ERROR - conversion to `struct' is not allowed
      z = ((struct tag)x).z[1];
           ^~~~~~~~~~~~~
./d-xtra-invcast-5.c:51:6: ERROR - conversion to `struct' is not allowed
      ((struct tag)x).z[1] = 0;
       ^~~~~~~~~~~~~
./d-xtra-invcast-5.c:52:22: warning - conversion between pointer and integer is not portable
      z = ((struct tag)(void *)1).z[1];
                       ^~~~~~~~~
./d-xtra-invcast-5.c:52:10: ERROR - conversion to `struct' is not allowed
      z = ((struct tag)(void *)1).z[1];
           ^~~~~~~~~~~~~~~~~~~~~
./d-xtra-invcast-5.c:53:18: warning - conversion between pointer and integer is not portable
      ((struct tag)(void *)1).z[1] = 0;
                   ^~~~~~~~~
./d-xtra-invcast-5.c:53:6: ERROR - conversion to `struct' is not allowed
      ((struct tag)(void *)1).z[1] = 0;
       ^~~~~~~~~~~~~~~~~~~~~
./d-xtra-invcast-5.c:54:10: ERROR - conversion to `struct' is not allowed
      z = ((struct tag)g()).z[1];
           ^~~~~~~~~~~~~~~
./d-xtra-invcast-5.c:55:6: ERROR - conversion to `struct' is not allowed
      ((struct tag)g()).z[1] = 0;
       ^~~~~~~~~~~~~~~
./d-xtra-invcast-5.c:56:10: ERROR - conversion to `struct' is not allowed
      z = ((struct tag)(x? x: x)).z[1];
           ^~~~~~~~~~~~~~~~~~~~~
./d-xtra-invcast-5.c:57:6: ERROR - conversion to `struct' is not allowed
      ((struct tag)(x? x: x)).z[1] = 0;
       ^~~~~~~~~~~~~~~~~~~~~
./d-xtra-invcast-5.c:58:26: warning - conversion between pointer and integer is not portable
      z = ((struct tag)(x? (void *)1: (void *)1)).z[1];
                           ^~~~~~~~~
./d-xtra-invcast-5.c:58:37: warning - conversion between pointer and integer is not portable
      z = ((struct tag)(x? (void *)1: (void *)1)).z[1];
                                      ^~~~~~~~~
./d-xtra-invcast-5.c:58:10: ERROR - conversion to `struct' is not allowed
      z = ((struct tag)(x? (void *)1: (void *)1)).z[1];
           ^~~~~~~~~~~~~~~~~~~~~~~~~~~~~~~~~~~~~
./d-xtra-invcast-5.c:59:22: warning - conversion between pointer and integer is not portable
      ((struct tag)(x? (void *)1: (void *)1)).z[1] = 0;
                       ^~~~~~~~~
./d-xtra-invcast-5.c:59:33: warning - conversion between pointer and integer is not portable
      ((struct tag)(x? (void *)1: (void *)1)).z[1] = 0;
                                  ^~~~~~~~~
./d-xtra-invcast-5.c:59:6: ERROR - conversion to `struct' is not allowed
      ((struct tag)(x? (void *)1: (void *)1)).z[1] = 0;
       ^~~~~~~~~~~~~~~~~~~~~~~~~~~~~~~~~~~~~
./d-xtra-invcast-5.c:60:10: ERROR - conversion to `struct' is not allowed
      z = ((struct tag)(x? g(): g())).z[1];
           ^~~~~~~~~~~~~~~~~~~~~~~~~
./d-xtra-invcast-5.c:61:6: ERROR - conversion to `struct' is not allowed
      ((struct tag)(x? g(): g())).z[1] = 0;
       ^~~~~~~~~~~~~~~~~~~~~~~~~
./d-xtra-invcast-5.c:63:10: ERROR - conversion to `struct' is not allowed
      w = ((struct tag)x).w;
           ^~~~~~~~~~~~~
./d-xtra-invcast-5.c:64:6: ERROR - conversion to `struct' is not allowed
      ((struct tag)x).w = w;
       ^~~~~~~~~~~~~
./d-xtra-invcast-5.c:65:22: warning - conversion between pointer and integer is not portable
      w = ((struct tag)(void *)1).w;
                       ^~~~~~~~~
./d-xtra-invcast-5.c:65:10: ERROR - conversion to `struct' is not allowed
      w = ((struct tag)(void *)1).w;
           ^~~~~~~~~~~~~~~~~~~~~
./d-xtra-invcast-5.c:66:18: warning - conversion between pointer and integer is not portable
      ((struct tag)(void *)1).w = w;
                   ^~~~~~~~~
./d-xtra-invcast-5.c:66:6: ERROR - conversion to `struct' is not allowed
      ((struct tag)(void *)1).w = w;
       ^~~~~~~~~~~~~~~~~~~~~
./d-xtra-invcast-5.c:67:10: ERROR - conversion to `struct' is not allowed
      w = ((struct tag)g()).w;
           ^~~~~~~~~~~~~~~
./d-xtra-invcast-5.c:68:6: ERROR - conversion to `struct' is not allowed
      ((struct tag)g()).w = w;
       ^~~~~~~~~~~~~~~
./d-xtra-invcast-5.c:69:10: ERROR - conversion to `struct' is not allowed
      w = ((struct tag)(x? x: x)).w;
           ^~~~~~~~~~~~~~~~~~~~~
./d-xtra-invcast-5.c:70:6: ERROR - conversion to `struct' is not allowed
      ((struct tag)(x? x: x)).w = w;
       ^~~~~~~~~~~~~~~~~~~~~
./d-xtra-invcast-5.c:71:26: warning - conversion between pointer and integer is not portable
      w = ((struct tag)(x? (void *)1: (void *)1)).w;
                           ^~~~~~~~~
./d-xtra-invcast-5.c:71:37: warning - conversion between pointer and integer is not portable
      w = ((struct tag)(x? (void *)1: (void *)1)).w;
                                      ^~~~~~~~~
./d-xtra-invcast-5.c:71:10: ERROR - conversion to `struct' is not allowed
      w = ((struct tag)(x? (void *)1: (void *)1)).w;
           ^~~~~~~~~~~~~~~~~~~~~~~~~~~~~~~~~~~~~
./d-xtra-invcast-5.c:72:22: warning - conversion between pointer and integer is not portable
      ((struct tag)(x? (void *)1: (void *)1)).w = w;
                       ^~~~~~~~~
./d-xtra-invcast-5.c:72:33: warning - conversion between pointer and integer is not portable
      ((struct tag)(x? (void *)1: (void *)1)).w = w;
                                  ^~~~~~~~~
./d-xtra-invcast-5.c:72:6: ERROR - conversion to `struct' is not allowed
      ((struct tag)(x? (void *)1: (void *)1)).w = w;
       ^~~~~~~~~~~~~~~~~~~~~~~~~~~~~~~~~~~~~
./d-xtra-invcast-5.c:73:10: ERROR - conversion to `struct' is not allowed
      w = ((struct tag)(x? g(): g())).w;
           ^~~~~~~~~~~~~~~~~~~~~~~~~
./d-xtra-invcast-5.c:74:6: ERROR - conversion to `struct' is not allowed
      ((struct tag)(x? g(): g())).w = w;
       ^~~~~~~~~~~~~~~~~~~~~~~~~
./d-xtra-invcast-5.c:77:12: warning - missing prototype from type name
      ((void ())x)(0, 1);
             ^~
./d-xtra-invcast-5.c:77:6: ERROR - conversion to `function' is not allowed
      ((void ())x)(0, 1);
       ^~~~~~~~~~
./d-xtra-invcast-5.c:78:12: warning - missing prototype from type name
      ((void ())g())(0, 1);
             ^~
./d-xtra-invcast-5.c:78:6: ERROR - conversion to `function' is not allowed
      ((void ())g())(0, 1);
       ^~~~~~~~~~~~
./d-xtra-invcast-5.c:79:12: warning - missing prototype from type name
      ((void ())(void *)1)(0, 1);
             ^~
./d-xtra-invcast-5.c:79:15: warning - conversion between pointer and integer is not portable
      ((void ())(void *)1)(0, 1);
                ^~~~~~~~~
./d-xtra-invcast-5.c:79:6: ERROR - conversion to `function' is not allowed
      ((void ())(void *)1)(0, 1);
       ^~~~~~~~~~~~~~~~~~
./d-xtra-invcast-5.c:80:17: warning - missing prototype from type name
      fp = ((void ())x);
                  ^~
./d-xtra-invcast-5.c:80:11: ERROR - conversion to `function' is not allowed
      fp = ((void ())x);
            ^~~~~~~~~~
./d-xtra-invcast-5.c:81:17: warning - missing prototype from type name
      fp = ((void ())g());
                  ^~
./d-xtra-invcast-5.c:81:11: ERROR - conversion to `function' is not allowed
      fp = ((void ())g());
            ^~~~~~~~~~~~
./d-xtra-invcast-5.c:82:17: warning - missing prototype from type name
      fp = ((void ())(void *)1);
                  ^~
./d-xtra-invcast-5.c:82:20: warning - conversion between pointer and integer is not portable
      fp = ((void ())(void *)1);
                     ^~~~~~~~~
./d-xtra-invcast-5.c:82:11: ERROR - conversion to `function' is not allowed
      fp = ((void ())(void *)1);
            ^~~~~~~~~~~~~~~~~~
./d-xtra-invcast-5.c:85:10: ERROR - conversion to `array' is not allowed
      z = ((int [10])x)[0];
           ^~~~~~~~~~~
./d-xtra-invcast-5.c:86:6: ERROR - conversion to `array' is not allowed
      ((int [10])x)[0] = 1;
       ^~~~~~~~~~~
./d-xtra-invcast-5.c:87:20: warning - conversion between pointer and integer is not portable
      z = ((int [10])(void *)1)[1];
                     ^~~~~~~~~
./d-xtra-invcast-5.c:87:10: ERROR - conversion to `array' is not allowed
      z = ((int [10])(void *)1)[1];
           ^~~~~~~~~~~~~~~~~~~
./d-xtra-invcast-5.c:88:16: warning - conversion between pointer and integer is not portable
      ((int [10])(void *)1)[1] = 1;
                 ^~~~~~~~~
./d-xtra-invcast-5.c:88:6: ERROR - conversion to `array' is not allowed
      ((int [10])(void *)1)[1] = 1;
       ^~~~~~~~~~~~~~~~~~~
./d-xtra-invcast-5.c:89:10: ERROR - conversion to `array' is not allowed
      z = ((int [10])g())[2];
           ^~~~~~~~~~~~~
./d-xtra-invcast-5.c:90:6: ERROR - conversion to `array' is not allowed
      ((int [10])g())[2] = 1;
       ^~~~~~~~~~~~~
