./d-xtra-invcast-6.c:5:26: warning - signedness of plain bit-field is implementation-defined
  struct tag { int x; int y:1; double z[5]; struct t w; };
                           ^
./d-xtra-invcast-6.c:7:6: warning - missing prototype
  void (*fp)();
       ^
./d-xtra-invcast-6.c:11:11: ERROR - conversion from `void' to `struct tag' is not allowed
      z = ((struct tag)x).x;
            ^
./d-xtra-invcast-6.c:12:7: ERROR - conversion from `void' to `struct tag' is not allowed
      ((struct tag)x).x = 0;
        ^
./d-xtra-invcast-6.c:13:11: ERROR - conversion from `void' to `struct tag' is not allowed
      z = ((struct tag)(void)1).x;
            ^
./d-xtra-invcast-6.c:13:30: ERROR - addressable object required
      z = ((struct tag)(void)1).x;
                               ^
./d-xtra-invcast-6.c:14:7: ERROR - conversion from `void' to `struct tag' is not allowed
      ((struct tag)(void)1).x = 0;
        ^
./d-xtra-invcast-6.c:14:26: ERROR - addressable object required
      ((struct tag)(void)1).x = 0;
                           ^
./d-xtra-invcast-6.c:15:11: ERROR - conversion from `void' to `struct tag' is not allowed
      z = ((struct tag)f1()).x;
            ^
./d-xtra-invcast-6.c:15:27: ERROR - addressable object required
      z = ((struct tag)f1()).x;
                            ^
./d-xtra-invcast-6.c:16:7: ERROR - conversion from `void' to `struct tag' is not allowed
      ((struct tag)f1()).x = 0;
        ^
./d-xtra-invcast-6.c:16:23: ERROR - addressable object required
      ((struct tag)f1()).x = 0;
                        ^
./d-xtra-invcast-6.c:17:11: ERROR - conversion from `void' to `struct tag' is not allowed
      z = ((struct tag)(z? x: x)).x;
            ^
./d-xtra-invcast-6.c:17:32: ERROR - addressable object required
      z = ((struct tag)(z? x: x)).x;
                                 ^
./d-xtra-invcast-6.c:18:7: ERROR - conversion from `void' to `struct tag' is not allowed
      ((struct tag)(z? x: x)).x = 0;
        ^
./d-xtra-invcast-6.c:18:28: ERROR - addressable object required
      ((struct tag)(z? x: x)).x = 0;
                             ^
./d-xtra-invcast-6.c:19:11: ERROR - conversion from `void' to `struct tag' is not allowed
      z = ((struct tag)(z? (void)1: (void)1)).x;
            ^
./d-xtra-invcast-6.c:19:44: ERROR - addressable object required
      z = ((struct tag)(z? (void)1: (void)1)).x;
                                             ^
./d-xtra-invcast-6.c:20:7: ERROR - conversion from `void' to `struct tag' is not allowed
      ((struct tag)(z? (void)1: (void)1)).x = 0;
        ^
./d-xtra-invcast-6.c:20:40: ERROR - addressable object required
      ((struct tag)(z? (void)1: (void)1)).x = 0;
                                         ^
./d-xtra-invcast-6.c:21:11: ERROR - conversion from `void' to `struct tag' is not allowed
      z = ((struct tag)(z? f1(): f1())).x;
            ^
./d-xtra-invcast-6.c:21:38: ERROR - addressable object required
      z = ((struct tag)(z? f1(): f1())).x;
                                       ^
./d-xtra-invcast-6.c:22:7: ERROR - conversion from `void' to `struct tag' is not allowed
      ((struct tag)(z? f1(): f1())).x = 0;
        ^
./d-xtra-invcast-6.c:22:34: ERROR - addressable object required
      ((struct tag)(z? f1(): f1())).x = 0;
                                   ^
./d-xtra-invcast-6.c:24:11: ERROR - conversion from `void' to `struct tag' is not allowed
      z = ((struct tag)x).y;
            ^
./d-xtra-invcast-6.c:25:7: ERROR - conversion from `void' to `struct tag' is not allowed
      ((struct tag)x).y = 0;
        ^
./d-xtra-invcast-6.c:26:11: ERROR - conversion from `void' to `struct tag' is not allowed
      z = ((struct tag)(void)1).y;
            ^
./d-xtra-invcast-6.c:26:30: ERROR - addressable object required
      z = ((struct tag)(void)1).y;
                               ^
./d-xtra-invcast-6.c:27:7: ERROR - conversion from `void' to `struct tag' is not allowed
      ((struct tag)(void)1).y = 0;
        ^
./d-xtra-invcast-6.c:27:26: ERROR - addressable object required
      ((struct tag)(void)1).y = 0;
                           ^
./d-xtra-invcast-6.c:28:11: ERROR - conversion from `void' to `struct tag' is not allowed
      z = ((struct tag)f1()).y;
            ^
./d-xtra-invcast-6.c:28:27: ERROR - addressable object required
      z = ((struct tag)f1()).y;
                            ^
./d-xtra-invcast-6.c:29:7: ERROR - conversion from `void' to `struct tag' is not allowed
      ((struct tag)f1()).y = 0;
        ^
./d-xtra-invcast-6.c:29:23: ERROR - addressable object required
      ((struct tag)f1()).y = 0;
                        ^
./d-xtra-invcast-6.c:30:11: ERROR - conversion from `void' to `struct tag' is not allowed
      z = ((struct tag)(z? x: x)).y;
            ^
./d-xtra-invcast-6.c:30:32: ERROR - addressable object required
      z = ((struct tag)(z? x: x)).y;
                                 ^
./d-xtra-invcast-6.c:31:7: ERROR - conversion from `void' to `struct tag' is not allowed
      ((struct tag)(z? x: x)).y = 0;
        ^
./d-xtra-invcast-6.c:31:28: ERROR - addressable object required
      ((struct tag)(z? x: x)).y = 0;
                             ^
./d-xtra-invcast-6.c:32:11: ERROR - conversion from `void' to `struct tag' is not allowed
      z = ((struct tag)(z? (void)1: (void)1)).y;
            ^
./d-xtra-invcast-6.c:32:44: ERROR - addressable object required
      z = ((struct tag)(z? (void)1: (void)1)).y;
                                             ^
./d-xtra-invcast-6.c:33:7: ERROR - conversion from `void' to `struct tag' is not allowed
      ((struct tag)(z? (void)1: (void)1)).y = 0;
        ^
./d-xtra-invcast-6.c:33:40: ERROR - addressable object required
      ((struct tag)(z? (void)1: (void)1)).y = 0;
                                         ^
./d-xtra-invcast-6.c:34:11: ERROR - conversion from `void' to `struct tag' is not allowed
      z = ((struct tag)(z? f1(): f1())).y;
            ^
./d-xtra-invcast-6.c:34:38: ERROR - addressable object required
      z = ((struct tag)(z? f1(): f1())).y;
                                       ^
./d-xtra-invcast-6.c:35:7: ERROR - conversion from `void' to `struct tag' is not allowed
      ((struct tag)(z? f1(): f1())).y = 0;
        ^
./d-xtra-invcast-6.c:35:34: ERROR - addressable object required
      ((struct tag)(z? f1(): f1())).y = 0;
                                   ^
./d-xtra-invcast-6.c:37:11: ERROR - conversion from `void' to `struct tag' is not allowed
      z = ((struct tag)x).z[1];
            ^
./d-xtra-invcast-6.c:38:7: ERROR - conversion from `void' to `struct tag' is not allowed
      ((struct tag)x).z[1] = 0;
        ^
./d-xtra-invcast-6.c:39:11: ERROR - conversion from `void' to `struct tag' is not allowed
      z = ((struct tag)(void)1).z[1];
            ^
./d-xtra-invcast-6.c:39:30: ERROR - addressable object required
      z = ((struct tag)(void)1).z[1];
                               ^
./d-xtra-invcast-6.c:40:7: ERROR - conversion from `void' to `struct tag' is not allowed
      ((struct tag)(void)1).z[1] = 0;
        ^
./d-xtra-invcast-6.c:40:26: ERROR - addressable object required
      ((struct tag)(void)1).z[1] = 0;
                           ^
./d-xtra-invcast-6.c:41:11: ERROR - conversion from `void' to `struct tag' is not allowed
      z = ((struct tag)f1()).z[1];
            ^
./d-xtra-invcast-6.c:41:27: ERROR - addressable object required
      z = ((struct tag)f1()).z[1];
                            ^
./d-xtra-invcast-6.c:42:7: ERROR - conversion from `void' to `struct tag' is not allowed
      ((struct tag)f1()).z[1] = 0;
        ^
./d-xtra-invcast-6.c:42:23: ERROR - addressable object required
      ((struct tag)f1()).z[1] = 0;
                        ^
./d-xtra-invcast-6.c:43:11: ERROR - conversion from `void' to `struct tag' is not allowed
      z = ((struct tag)(z? x: x)).z[1];
            ^
./d-xtra-invcast-6.c:43:32: ERROR - addressable object required
      z = ((struct tag)(z? x: x)).z[1];
                                 ^
./d-xtra-invcast-6.c:44:7: ERROR - conversion from `void' to `struct tag' is not allowed
      ((struct tag)(z? x: x)).z[1] = 0;
        ^
./d-xtra-invcast-6.c:44:28: ERROR - addressable object required
      ((struct tag)(z? x: x)).z[1] = 0;
                             ^
./d-xtra-invcast-6.c:45:11: ERROR - conversion from `void' to `struct tag' is not allowed
      z = ((struct tag)(z? (void)1: (void)1)).z[1];
            ^
./d-xtra-invcast-6.c:45:44: ERROR - addressable object required
      z = ((struct tag)(z? (void)1: (void)1)).z[1];
                                             ^
./d-xtra-invcast-6.c:46:7: ERROR - conversion from `void' to `struct tag' is not allowed
      ((struct tag)(z? (void)1: (void)1)).z[1] = 0;
        ^
./d-xtra-invcast-6.c:46:40: ERROR - addressable object required
      ((struct tag)(z? (void)1: (void)1)).z[1] = 0;
                                         ^
./d-xtra-invcast-6.c:47:11: ERROR - conversion from `void' to `struct tag' is not allowed
      z = ((struct tag)(z? f1(): f1())).z[1];
            ^
./d-xtra-invcast-6.c:47:38: ERROR - addressable object required
      z = ((struct tag)(z? f1(): f1())).z[1];
                                       ^
./d-xtra-invcast-6.c:48:7: ERROR - conversion from `void' to `struct tag' is not allowed
      ((struct tag)(z? f1(): f1())).z[1] = 0;
        ^
./d-xtra-invcast-6.c:48:34: ERROR - addressable object required
      ((struct tag)(z? f1(): f1())).z[1] = 0;
                                   ^
./d-xtra-invcast-6.c:50:11: ERROR - conversion from `void' to `struct tag' is not allowed
      w = ((struct tag)x).w;
            ^
./d-xtra-invcast-6.c:51:7: ERROR - conversion from `void' to `struct tag' is not allowed
      ((struct tag)x).w = w;
        ^
./d-xtra-invcast-6.c:52:11: ERROR - conversion from `void' to `struct tag' is not allowed
      w = ((struct tag)(void)1).w;
            ^
./d-xtra-invcast-6.c:52:30: ERROR - addressable object required
      w = ((struct tag)(void)1).w;
                               ^
./d-xtra-invcast-6.c:53:7: ERROR - conversion from `void' to `struct tag' is not allowed
      ((struct tag)(void)1).w = w;
        ^
./d-xtra-invcast-6.c:53:26: ERROR - addressable object required
      ((struct tag)(void)1).w = w;
                           ^
./d-xtra-invcast-6.c:54:11: ERROR - conversion from `void' to `struct tag' is not allowed
      w = ((struct tag)f1()).w;
            ^
./d-xtra-invcast-6.c:54:27: ERROR - addressable object required
      w = ((struct tag)f1()).w;
                            ^
./d-xtra-invcast-6.c:55:7: ERROR - conversion from `void' to `struct tag' is not allowed
      ((struct tag)f1()).w = w;
        ^
./d-xtra-invcast-6.c:55:23: ERROR - addressable object required
      ((struct tag)f1()).w = w;
                        ^
./d-xtra-invcast-6.c:56:11: ERROR - conversion from `void' to `struct tag' is not allowed
      w = ((struct tag)(z? x: x)).w;
            ^
./d-xtra-invcast-6.c:56:32: ERROR - addressable object required
      w = ((struct tag)(z? x: x)).w;
                                 ^
./d-xtra-invcast-6.c:57:7: ERROR - conversion from `void' to `struct tag' is not allowed
      ((struct tag)(z? x: x)).w = w;
        ^
./d-xtra-invcast-6.c:57:28: ERROR - addressable object required
      ((struct tag)(z? x: x)).w = w;
                             ^
./d-xtra-invcast-6.c:58:11: ERROR - conversion from `void' to `struct tag' is not allowed
      w = ((struct tag)(z? (void)1: (void)1)).w;
            ^
./d-xtra-invcast-6.c:58:44: ERROR - addressable object required
      w = ((struct tag)(z? (void)1: (void)1)).w;
                                             ^
./d-xtra-invcast-6.c:59:7: ERROR - conversion from `void' to `struct tag' is not allowed
      ((struct tag)(z? (void)1: (void)1)).w = w;
        ^
./d-xtra-invcast-6.c:59:40: ERROR - addressable object required
      ((struct tag)(z? (void)1: (void)1)).w = w;
                                         ^
./d-xtra-invcast-6.c:60:11: ERROR - conversion from `void' to `struct tag' is not allowed
      w = ((struct tag)(z? f1(): f1())).w;
            ^
./d-xtra-invcast-6.c:60:38: ERROR - addressable object required
      w = ((struct tag)(z? f1(): f1())).w;
                                       ^
./d-xtra-invcast-6.c:61:7: ERROR - conversion from `void' to `struct tag' is not allowed
      ((struct tag)(z? f1(): f1())).w = w;
        ^
./d-xtra-invcast-6.c:61:34: ERROR - addressable object required
      ((struct tag)(z? f1(): f1())).w = w;
                                   ^
./d-xtra-invcast-6.c:66:12: warning - missing prototype
      ((void ())x)(0, 1);
             ^
./d-xtra-invcast-6.c:66:7: ERROR - conversion from `void' to `function() returning void' is not allowed
      ((void ())x)(0, 1);
        ^
./d-xtra-invcast-6.c:67:12: warning - missing prototype
      ((void ())(void)1)(0, 1);
             ^
./d-xtra-invcast-6.c:67:7: ERROR - conversion from `void' to `function() returning void' is not allowed
      ((void ())(void)1)(0, 1);
        ^
./d-xtra-invcast-6.c:68:12: warning - missing prototype
      ((void ())f2())(0, 1);
             ^
./d-xtra-invcast-6.c:68:7: ERROR - conversion from `void' to `function() returning void' is not allowed
      ((void ())f2())(0, 1);
        ^
./d-xtra-invcast-6.c:69:17: warning - missing prototype
      fp = ((void ())x);
                  ^
./d-xtra-invcast-6.c:69:12: ERROR - conversion from `void' to `function() returning void' is not allowed
      fp = ((void ())x);
             ^
./d-xtra-invcast-6.c:70:17: warning - missing prototype
      fp = ((void ())(void)1);
                  ^
./d-xtra-invcast-6.c:70:12: ERROR - conversion from `void' to `function() returning void' is not allowed
      fp = ((void ())(void)1);
             ^
./d-xtra-invcast-6.c:71:17: warning - missing prototype
      fp = ((void ())f2());
                  ^
./d-xtra-invcast-6.c:71:12: ERROR - conversion from `void' to `function() returning void' is not allowed
      fp = ((void ())f2());
             ^
./d-xtra-invcast-6.c:76:11: ERROR - conversion from `void' to `array [10] of int' is not allowed
      z = ((int [10])x)[0];
            ^
./d-xtra-invcast-6.c:77:7: ERROR - conversion from `void' to `array [10] of int' is not allowed
      ((int [10])x)[0] = 1;
        ^
./d-xtra-invcast-6.c:78:11: ERROR - conversion from `void' to `array [10] of int' is not allowed
      z = ((int [10])(void)1)[1];
            ^
./d-xtra-invcast-6.c:79:7: ERROR - conversion from `void' to `array [10] of int' is not allowed
      ((int [10])(void)1)[1] = 1;
        ^
./d-xtra-invcast-6.c:80:11: ERROR - conversion from `void' to `array [10] of int' is not allowed
      z = ((int [10])f3())[2];
            ^
./d-xtra-invcast-6.c:81:7: ERROR - conversion from `void' to `array [10] of int' is not allowed
      ((int [10])f3())[2] = 1;
        ^
./d-xtra-invcast-6.c:86:11: ERROR - conversion from `void' to `pointer to double' is not allowed
      z = ((double *)x)[0];
            ^
./d-xtra-invcast-6.c:87:7: ERROR - conversion from `void' to `pointer to double' is not allowed
      ((double *)x)[0] = 1;
        ^
./d-xtra-invcast-6.c:88:11: ERROR - conversion from `void' to `pointer to double' is not allowed
      z = ((double *)(void)1)[1];
            ^
./d-xtra-invcast-6.c:89:7: ERROR - conversion from `void' to `pointer to double' is not allowed
      ((double *)(void)1)[1] = 1;
        ^
./d-xtra-invcast-6.c:90:11: ERROR - conversion from `void' to `pointer to double' is not allowed
      z = ((double *)f4())[1];
            ^
./d-xtra-invcast-6.c:91:7: ERROR - conversion from `void' to `pointer to double' is not allowed
      ((double *)f4())[1] = 1;
        ^
./d-xtra-invcast-6.c:92:9: ERROR - conversion from `void' to `pointer to double' is not allowed
      (*((double *)x))++;
          ^
./d-xtra-invcast-6.c:93:9: ERROR - conversion from `void' to `pointer to double' is not allowed
      (*((double *)(void)1))++;
          ^
./d-xtra-invcast-6.c:94:9: ERROR - conversion from `void' to `pointer to double' is not allowed
      (*((double *)f4()))++;
          ^
./d-xtra-invcast-6.c:99:11: ERROR - conversion from `void' to `unsigned int' is not allowed
      z = ((unsigned)x)+1;
            ^
./d-xtra-invcast-6.c:100:12: ERROR - conversion from `void' to `unsigned int' is not allowed
      z = ~((unsigned)(void)1);
             ^
./d-xtra-invcast-6.c:101:11: ERROR - conversion from `void' to `unsigned int' is not allowed
      z = ((unsigned)f5()) % 1;
            ^
./d-xtra-invcast-6.c:101:26: warning - expression always results in 0
      z = ((unsigned)f5()) % 1;
                           ^
./d-xtra-invcast-6.c:102:12: ERROR - conversion from `void' to `unsigned int' is not allowed
      z = +((unsigned)x);
             ^
./d-xtra-invcast-6.c:103:12: ERROR - conversion from `void' to `unsigned int' is not allowed
      z = +((unsigned)(void)1);
             ^
./d-xtra-invcast-6.c:104:12: ERROR - conversion from `void' to `unsigned int' is not allowed
      z = +((unsigned)f5());
             ^
./d-xtra-invcast-6.c:109:11: ERROR - conversion from `void' to `double' is not allowed
      z = ((double)x)+0.1;
            ^
./d-xtra-invcast-6.c:110:11: ERROR - conversion from `void' to `double' is not allowed
      z = ((double)(void)0.1)+0.1;
            ^
./d-xtra-invcast-6.c:111:11: ERROR - conversion from `void' to `double' is not allowed
      z = ((double)f6())+0.1;
            ^
./d-xtra-invcast-6.c:112:12: ERROR - conversion from `void' to `double' is not allowed
      z = -((double)x);
             ^
./d-xtra-invcast-6.c:113:12: ERROR - conversion from `void' to `double' is not allowed
      z = -((double)(void)0.1);
             ^
./d-xtra-invcast-6.c:114:12: ERROR - conversion from `void' to `double' is not allowed
      z = -((double)f6());
             ^
./d-xtra-invcast-6.c:3:13: warning - object `x' referenced but cannot be defined
  extern void x;
              ^
