./d-xtra-invcast-3.c:3:26: warning - signedness of plain bit-field is implementation-defined
  struct tag { int x; int y:1; double z[5]; struct t w; };
                      ~~~  ^
./d-xtra-invcast-3.c:6:6: warning - missing prototype from `fp'
  void (*fp)();
       ^~~~~~~
./d-xtra-invcast-3.c:10:10: ERROR - conversion to `struct' is not allowed
      z = ((struct tag)x).x;
           ^~~~~~~~~~~~~
./d-xtra-invcast-3.c:11:6: ERROR - conversion to `struct' is not allowed
      ((struct tag)x).x = 0;
       ^~~~~~~~~~~~~
./d-xtra-invcast-3.c:12:10: ERROR - conversion to `struct' is not allowed
      z = ((struct tag)1).x;
           ^~~~~~~~~~~~~
./d-xtra-invcast-3.c:13:6: ERROR - conversion to `struct' is not allowed
      ((struct tag)1).x = 0;
       ^~~~~~~~~~~~~
./d-xtra-invcast-3.c:14:10: ERROR - conversion to `struct' is not allowed
      z = ((struct tag)f()).x;
           ^~~~~~~~~~~~~~~
./d-xtra-invcast-3.c:15:6: ERROR - conversion to `struct' is not allowed
      ((struct tag)f()).x = 0;
       ^~~~~~~~~~~~~~~
./d-xtra-invcast-3.c:16:10: ERROR - conversion to `struct' is not allowed
      z = ((struct tag)(x? x: x)).x;
           ^~~~~~~~~~~~~~~~~~~~~
./d-xtra-invcast-3.c:17:6: ERROR - conversion to `struct' is not allowed
      ((struct tag)(x? x: x)).x = 0;
       ^~~~~~~~~~~~~~~~~~~~~
./d-xtra-invcast-3.c:18:10: ERROR - conversion to `struct' is not allowed
      z = ((struct tag)(x? 1: 1)).x;
           ^~~~~~~~~~~~~~~~~~~~~
./d-xtra-invcast-3.c:19:6: ERROR - conversion to `struct' is not allowed
      ((struct tag)(x? 1: 1)).x = 0;
       ^~~~~~~~~~~~~~~~~~~~~
./d-xtra-invcast-3.c:20:10: ERROR - conversion to `struct' is not allowed
      z = ((struct tag)(x? f(): f())).x;
           ^~~~~~~~~~~~~~~~~~~~~~~~~
./d-xtra-invcast-3.c:21:6: ERROR - conversion to `struct' is not allowed
      ((struct tag)(x? f(): f())).x = 0;
       ^~~~~~~~~~~~~~~~~~~~~~~~~
./d-xtra-invcast-3.c:23:10: ERROR - conversion to `struct' is not allowed
      z = ((struct tag)x).y;
           ^~~~~~~~~~~~~
./d-xtra-invcast-3.c:24:6: ERROR - conversion to `struct' is not allowed
      ((struct tag)x).y = 0;
       ^~~~~~~~~~~~~
./d-xtra-invcast-3.c:25:10: ERROR - conversion to `struct' is not allowed
      z = ((struct tag)1).y;
           ^~~~~~~~~~~~~
./d-xtra-invcast-3.c:26:6: ERROR - conversion to `struct' is not allowed
      ((struct tag)1).y = 0;
       ^~~~~~~~~~~~~
./d-xtra-invcast-3.c:27:10: ERROR - conversion to `struct' is not allowed
      z = ((struct tag)f()).y;
           ^~~~~~~~~~~~~~~
./d-xtra-invcast-3.c:28:6: ERROR - conversion to `struct' is not allowed
      ((struct tag)f()).y = 0;
       ^~~~~~~~~~~~~~~
./d-xtra-invcast-3.c:29:10: ERROR - conversion to `struct' is not allowed
      z = ((struct tag)(x? x: x)).y;
           ^~~~~~~~~~~~~~~~~~~~~
./d-xtra-invcast-3.c:30:6: ERROR - conversion to `struct' is not allowed
      ((struct tag)(x? x: x)).y = 0;
       ^~~~~~~~~~~~~~~~~~~~~
./d-xtra-invcast-3.c:31:10: ERROR - conversion to `struct' is not allowed
      z = ((struct tag)(x? 1: 1)).y;
           ^~~~~~~~~~~~~~~~~~~~~
./d-xtra-invcast-3.c:32:6: ERROR - conversion to `struct' is not allowed
      ((struct tag)(x? 1: 1)).y = 0;
       ^~~~~~~~~~~~~~~~~~~~~
./d-xtra-invcast-3.c:33:10: ERROR - conversion to `struct' is not allowed
      z = ((struct tag)(x? f(): f())).y;
           ^~~~~~~~~~~~~~~~~~~~~~~~~
./d-xtra-invcast-3.c:34:6: ERROR - conversion to `struct' is not allowed
      ((struct tag)(x? f(): f())).y = 0;
       ^~~~~~~~~~~~~~~~~~~~~~~~~
./d-xtra-invcast-3.c:36:10: ERROR - conversion to `struct' is not allowed
      z = ((struct tag)x).z[1];
           ^~~~~~~~~~~~~
./d-xtra-invcast-3.c:37:6: ERROR - conversion to `struct' is not allowed
      ((struct tag)x).z[1] = 0;
       ^~~~~~~~~~~~~
./d-xtra-invcast-3.c:38:10: ERROR - conversion to `struct' is not allowed
      z = ((struct tag)1).z[1];
           ^~~~~~~~~~~~~
./d-xtra-invcast-3.c:39:6: ERROR - conversion to `struct' is not allowed
      ((struct tag)1).z[1] = 0;
       ^~~~~~~~~~~~~
./d-xtra-invcast-3.c:40:10: ERROR - conversion to `struct' is not allowed
      z = ((struct tag)f()).z[1];
           ^~~~~~~~~~~~~~~
./d-xtra-invcast-3.c:41:6: ERROR - conversion to `struct' is not allowed
      ((struct tag)f()).z[1] = 0;
       ^~~~~~~~~~~~~~~
./d-xtra-invcast-3.c:42:10: ERROR - conversion to `struct' is not allowed
      z = ((struct tag)(x? x: x)).z[1];
           ^~~~~~~~~~~~~~~~~~~~~
./d-xtra-invcast-3.c:43:6: ERROR - conversion to `struct' is not allowed
      ((struct tag)(x? x: x)).z[1] = 0;
       ^~~~~~~~~~~~~~~~~~~~~
./d-xtra-invcast-3.c:44:10: ERROR - conversion to `struct' is not allowed
      z = ((struct tag)(x? 1: 1)).z[1];
           ^~~~~~~~~~~~~~~~~~~~~
./d-xtra-invcast-3.c:45:6: ERROR - conversion to `struct' is not allowed
      ((struct tag)(x? 1: 1)).z[1] = 0;
       ^~~~~~~~~~~~~~~~~~~~~
./d-xtra-invcast-3.c:46:10: ERROR - conversion to `struct' is not allowed
      z = ((struct tag)(x? f(): f())).z[1];
           ^~~~~~~~~~~~~~~~~~~~~~~~~
./d-xtra-invcast-3.c:47:6: ERROR - conversion to `struct' is not allowed
      ((struct tag)(x? f(): f())).z[1] = 0;
       ^~~~~~~~~~~~~~~~~~~~~~~~~
./d-xtra-invcast-3.c:49:10: ERROR - conversion to `struct' is not allowed
      w = ((struct tag)x).w;
           ^~~~~~~~~~~~~
./d-xtra-invcast-3.c:50:6: ERROR - conversion to `struct' is not allowed
      ((struct tag)x).w = w;
       ^~~~~~~~~~~~~
./d-xtra-invcast-3.c:51:10: ERROR - conversion to `struct' is not allowed
      w = ((struct tag)1).w;
           ^~~~~~~~~~~~~
./d-xtra-invcast-3.c:52:6: ERROR - conversion to `struct' is not allowed
      ((struct tag)1).w = w;
       ^~~~~~~~~~~~~
./d-xtra-invcast-3.c:53:10: ERROR - conversion to `struct' is not allowed
      w = ((struct tag)f()).w;
           ^~~~~~~~~~~~~~~
./d-xtra-invcast-3.c:54:6: ERROR - conversion to `struct' is not allowed
      ((struct tag)f()).w = w;
       ^~~~~~~~~~~~~~~
./d-xtra-invcast-3.c:55:10: ERROR - conversion to `struct' is not allowed
      w = ((struct tag)(x? x: x)).w;
           ^~~~~~~~~~~~~~~~~~~~~
./d-xtra-invcast-3.c:56:6: ERROR - conversion to `struct' is not allowed
      ((struct tag)(x? x: x)).w = w;
       ^~~~~~~~~~~~~~~~~~~~~
./d-xtra-invcast-3.c:57:10: ERROR - conversion to `struct' is not allowed
      w = ((struct tag)(x? 1: 1)).w;
           ^~~~~~~~~~~~~~~~~~~~~
./d-xtra-invcast-3.c:58:6: ERROR - conversion to `struct' is not allowed
      ((struct tag)(x? 1: 1)).w = w;
       ^~~~~~~~~~~~~~~~~~~~~
./d-xtra-invcast-3.c:59:10: ERROR - conversion to `struct' is not allowed
      w = ((struct tag)(x? f(): f())).w;
           ^~~~~~~~~~~~~~~~~~~~~~~~~
./d-xtra-invcast-3.c:60:6: ERROR - conversion to `struct' is not allowed
      ((struct tag)(x? f(): f())).w = w;
       ^~~~~~~~~~~~~~~~~~~~~~~~~
./d-xtra-invcast-3.c:65:12: warning - missing prototype from type name
      ((void ())x)(0, 1);
             ^~
./d-xtra-invcast-3.c:65:6: ERROR - conversion to `function' is not allowed
      ((void ())x)(0, 1);
       ^~~~~~~~~~
./d-xtra-invcast-3.c:66:12: warning - missing prototype from type name
      ((void ())1)(0, 1);
             ^~
./d-xtra-invcast-3.c:66:6: ERROR - conversion to `function' is not allowed
      ((void ())1)(0, 1);
       ^~~~~~~~~~
./d-xtra-invcast-3.c:67:12: warning - missing prototype from type name
      ((void ())f())(0, 1);
             ^~
./d-xtra-invcast-3.c:67:6: ERROR - conversion to `function' is not allowed
      ((void ())f())(0, 1);
       ^~~~~~~~~~~~
./d-xtra-invcast-3.c:68:17: warning - missing prototype from type name
      fp = ((void ())x);
                  ^~
./d-xtra-invcast-3.c:68:11: ERROR - conversion to `function' is not allowed
      fp = ((void ())x);
            ^~~~~~~~~~
./d-xtra-invcast-3.c:69:17: warning - missing prototype from type name
      fp = ((void ())1);
                  ^~
./d-xtra-invcast-3.c:69:11: ERROR - conversion to `function' is not allowed
      fp = ((void ())1);
            ^~~~~~~~~~
./d-xtra-invcast-3.c:70:17: warning - missing prototype from type name
      fp = ((void ())f());
                  ^~
./d-xtra-invcast-3.c:70:11: ERROR - conversion to `function' is not allowed
      fp = ((void ())f());
            ^~~~~~~~~~~~
./d-xtra-invcast-3.c:75:10: ERROR - conversion to `array' is not allowed
      z = ((int [10])x)[0];
           ^~~~~~~~~~~
./d-xtra-invcast-3.c:76:6: ERROR - conversion to `array' is not allowed
      ((int [10])x)[0] = 0;
       ^~~~~~~~~~~
./d-xtra-invcast-3.c:77:10: ERROR - conversion to `array' is not allowed
      z = ((int [10])1)[1];
           ^~~~~~~~~~~
./d-xtra-invcast-3.c:78:6: ERROR - conversion to `array' is not allowed
      ((int [10])1)[1] = 0;
       ^~~~~~~~~~~
./d-xtra-invcast-3.c:79:10: ERROR - conversion to `array' is not allowed
      z = ((int [10])f())[2];
           ^~~~~~~~~~~~~
./d-xtra-invcast-3.c:80:6: ERROR - conversion to `array' is not allowed
      ((int [10])f())[2] = 0;
       ^~~~~~~~~~~~~
