./d-xtra-diag-34.c:3:10: ERROR - extra arguments to `f'
      f(1, 2, 3, 4);
           ^~~~~~~
./d-xtra-diag-34.c:1:6: note - see this declaration
  void f(int a)
       ^~~~~~~~
./d-xtra-diag-34.c:4:18: ERROR - expression required
      f(1, 2, 3, 4+);
                   ^
./d-xtra-diag-34.c:4:10: ERROR - extra arguments to `f'
      f(1, 2, 3, 4+);
           ^~~~~~~~
./d-xtra-diag-34.c:1:6: note - see this declaration
  void f(int a)
       ^~~~~~~~
./d-xtra-diag-34.c:5:10: ERROR - extra arguments to `f'
      f(1, 2, 3, 4;
           ^~~~~~~
./d-xtra-diag-34.c:1:6: note - see this declaration
  void f(int a)
       ^~~~~~~~
./d-xtra-diag-34.c:5:17: ERROR - syntax error; expected `)' before `;'
      f(1, 2, 3, 4;
                  ^
./d-xtra-diag-34.c:5:6: note - to match this `('
      f(1, 2, 3, 4;
       ^
./d-xtra-diag-34.c:6:18: ERROR - expression required
      f(1, 2, 3, 4+if
                   ^
./d-xtra-diag-34.c:6:10: ERROR - extra arguments to `f'
      f(1, 2, 3, 4+if
           ^~~~~~~~~~
./d-xtra-diag-34.c:1:6: note - see this declaration
  void f(int a)
       ^~~~~~~~
./d-xtra-diag-34.c:6:20: ERROR - syntax error; expected `)' before `identifier'
      f(1, 2, 3, 4+if
                     ^
./d-xtra-diag-34.c:6:6: note - to match this `('
      f(1, 2, 3, 4+if
       ^
./d-xtra-diag-34.c:6:20: ERROR - syntax error; expected `;' before `identifier'
      f(1, 2, 3, 4+if
                     ^
./d-xtra-diag-34.c:7:18: ERROR - expression required
      f(1, 2, 3, 4*int
                   ^
./d-xtra-diag-34.c:7:10: ERROR - extra arguments to `f'
      f(1, 2, 3, 4*int
           ^~~~~~~~~~~
./d-xtra-diag-34.c:1:6: note - see this declaration
  void f(int a)
       ^~~~~~~~
./d-xtra-diag-34.c:7:21: ERROR - syntax error; expected `)' before `identifier'
      f(1, 2, 3, 4*int
                      ^
./d-xtra-diag-34.c:7:6: note - to match this `('
      f(1, 2, 3, 4*int
       ^
./d-xtra-diag-34.c:7:21: ERROR - syntax error; expected `;' before `identifier'
      f(1, 2, 3, 4*int
                      ^
./d-xtra-diag-34.c:8:10: ERROR - extra arguments to `f'
      f(1, 2, 3, 4
           ^~~~~~~
./d-xtra-diag-34.c:1:6: note - see this declaration
  void f(int a)
       ^~~~~~~~
./d-xtra-diag-34.c:8:17: ERROR - syntax error; expected `)' before `}'
      f(1, 2, 3, 4
                  ^
./d-xtra-diag-34.c:8:6: note - to match this `('
      f(1, 2, 3, 4
       ^
./d-xtra-diag-34.c:8:17: ERROR - syntax error; expected `;' before `}'
      f(1, 2, 3, 4
                  ^
