./d-xtra-invcast-10.c:5:26: warning - signedness of plain bit-field is implementation-defined
  struct tag { int x; int y:1; double z[5]; struct t w; };
                           ^
./d-xtra-invcast-10.c:6:10: warning - missing prototype
  void *x, *g();
           ^
./d-xtra-invcast-10.c:7:6: warning - missing prototype
  void (*fp)();
       ^
./d-xtra-invcast-10.c:12:10: ERROR - conversion from `pointer to void' to `float' is not allowed
      z = (float)x + 0.1;
           ^
./d-xtra-invcast-10.c:13:10: ERROR - conversion from `pointer to void' to `float' is not allowed
      z = (float)x + (float)x;
           ^
./d-xtra-invcast-10.c:13:21: ERROR - conversion from `pointer to void' to `float' is not allowed
      z = (float)x + (float)x;
                      ^
./d-xtra-invcast-10.c:14:10: ERROR - conversion from `pointer to void' to `float' is not allowed
      z = (float)x > (float)x;
           ^
./d-xtra-invcast-10.c:14:21: ERROR - conversion from `pointer to void' to `float' is not allowed
      z = (float)x > (float)x;
                      ^
./d-xtra-invcast-10.c:15:11: ERROR - conversion from `pointer to void' to `float' is not allowed
      z = -(float)x;
            ^
./d-xtra-invcast-10.c:16:10: ERROR - conversion from `pointer to void' to `float' is not allowed
      z = (float)g() + 0.1;
           ^
./d-xtra-invcast-10.c:17:10: ERROR - conversion from `pointer to void' to `float' is not allowed
      z = (float)g() + (float)g();
           ^
./d-xtra-invcast-10.c:17:23: ERROR - conversion from `pointer to void' to `float' is not allowed
      z = (float)g() + (float)g();
                        ^
./d-xtra-invcast-10.c:18:10: ERROR - conversion from `pointer to void' to `float' is not allowed
      z = (float)g() > (float)g();
           ^
./d-xtra-invcast-10.c:18:23: ERROR - conversion from `pointer to void' to `float' is not allowed
      z = (float)g() > (float)g();
                        ^
./d-xtra-invcast-10.c:19:11: ERROR - conversion from `pointer to void' to `float' is not allowed
      z = -(float)g();
            ^
./d-xtra-invcast-10.c:20:10: ERROR - conversion from `pointer to void' to `float' is not allowed
      z = (float)(void *)1 + 0.1;
           ^
./d-xtra-invcast-10.c:21:10: ERROR - conversion from `pointer to void' to `float' is not allowed
      z = (float)(void *)1 + (float)(void *)1;
           ^
./d-xtra-invcast-10.c:21:29: ERROR - conversion from `pointer to void' to `float' is not allowed
      z = (float)(void *)1 + (float)(void *)1;
                              ^
./d-xtra-invcast-10.c:22:10: ERROR - conversion from `pointer to void' to `float' is not allowed
      z = (float)(void *)1 > (float)(void *)1;
           ^
./d-xtra-invcast-10.c:22:29: ERROR - conversion from `pointer to void' to `float' is not allowed
      z = (float)(void *)1 > (float)(void *)1;
                              ^
./d-xtra-invcast-10.c:23:11: ERROR - conversion from `pointer to void' to `float' is not allowed
      z = -(float)(void *)1;
            ^
./d-xtra-invcast-10.c:26:11: ERROR - conversion from `pointer to void' to `struct tag' is not allowed
      z = ((struct tag)x).x;
            ^
./d-xtra-invcast-10.c:27:7: ERROR - conversion from `pointer to void' to `struct tag' is not allowed
      ((struct tag)x).x = 0;
        ^
./d-xtra-invcast-10.c:28:11: ERROR - conversion from `pointer to void' to `struct tag' is not allowed
      z = ((struct tag)(void *)1).x;
            ^
./d-xtra-invcast-10.c:28:32: ERROR - addressable object required
      z = ((struct tag)(void *)1).x;
                                 ^
./d-xtra-invcast-10.c:29:7: ERROR - conversion from `pointer to void' to `struct tag' is not allowed
      ((struct tag)(void *)1).x = 0;
        ^
./d-xtra-invcast-10.c:29:28: ERROR - addressable object required
      ((struct tag)(void *)1).x = 0;
                             ^
./d-xtra-invcast-10.c:30:11: ERROR - conversion from `pointer to void' to `struct tag' is not allowed
      z = ((struct tag)g()).x;
            ^
./d-xtra-invcast-10.c:30:26: ERROR - addressable object required
      z = ((struct tag)g()).x;
                           ^
./d-xtra-invcast-10.c:31:7: ERROR - conversion from `pointer to void' to `struct tag' is not allowed
      ((struct tag)g()).x = 0;
        ^
./d-xtra-invcast-10.c:31:22: ERROR - addressable object required
      ((struct tag)g()).x = 0;
                       ^
./d-xtra-invcast-10.c:32:11: ERROR - conversion from `pointer to void' to `struct tag' is not allowed
      z = ((struct tag)(x? x: x)).x;
            ^
./d-xtra-invcast-10.c:33:7: ERROR - conversion from `pointer to void' to `struct tag' is not allowed
      ((struct tag)(x? x: x)).x = 0;
        ^
./d-xtra-invcast-10.c:33:31: ERROR - lvalue required
      ((struct tag)(x? x: x)).x = 0;
                                ^
./d-xtra-invcast-10.c:34:11: ERROR - conversion from `pointer to void' to `struct tag' is not allowed
      z = ((struct tag)(x? (void *)1: (void *)1)).x;
            ^
./d-xtra-invcast-10.c:35:7: ERROR - conversion from `pointer to void' to `struct tag' is not allowed
      ((struct tag)(x? (void *)1: (void *)1)).x = 0;
        ^
./d-xtra-invcast-10.c:35:47: ERROR - lvalue required
      ((struct tag)(x? (void *)1: (void *)1)).x = 0;
                                                ^
./d-xtra-invcast-10.c:36:11: ERROR - conversion from `pointer to void' to `struct tag' is not allowed
      z = ((struct tag)(g()? g(): g())).x;
            ^
./d-xtra-invcast-10.c:37:7: ERROR - conversion from `pointer to void' to `struct tag' is not allowed
      ((struct tag)(g()? g(): g())).x = 0;
        ^
./d-xtra-invcast-10.c:37:37: ERROR - lvalue required
      ((struct tag)(g()? g(): g())).x = 0;
                                      ^
./d-xtra-invcast-10.c:39:11: ERROR - conversion from `pointer to void' to `struct tag' is not allowed
      z = ((struct tag)x).y;
            ^
./d-xtra-invcast-10.c:40:7: ERROR - conversion from `pointer to void' to `struct tag' is not allowed
      ((struct tag)x).y = 0;
        ^
./d-xtra-invcast-10.c:41:11: ERROR - conversion from `pointer to void' to `struct tag' is not allowed
      z = ((struct tag)(void *)1).y;
            ^
./d-xtra-invcast-10.c:41:32: ERROR - addressable object required
      z = ((struct tag)(void *)1).y;
                                 ^
./d-xtra-invcast-10.c:42:7: ERROR - conversion from `pointer to void' to `struct tag' is not allowed
      ((struct tag)(void *)1).y = 0;
        ^
./d-xtra-invcast-10.c:42:28: ERROR - addressable object required
      ((struct tag)(void *)1).y = 0;
                             ^
./d-xtra-invcast-10.c:43:11: ERROR - conversion from `pointer to void' to `struct tag' is not allowed
      z = ((struct tag)g()).y;
            ^
./d-xtra-invcast-10.c:43:26: ERROR - addressable object required
      z = ((struct tag)g()).y;
                           ^
./d-xtra-invcast-10.c:44:7: ERROR - conversion from `pointer to void' to `struct tag' is not allowed
      ((struct tag)g()).y = 0;
        ^
./d-xtra-invcast-10.c:44:22: ERROR - addressable object required
      ((struct tag)g()).y = 0;
                       ^
./d-xtra-invcast-10.c:45:11: ERROR - conversion from `pointer to void' to `struct tag' is not allowed
      z = ((struct tag)(x? x: x)).y;
            ^
./d-xtra-invcast-10.c:46:7: ERROR - conversion from `pointer to void' to `struct tag' is not allowed
      ((struct tag)(x? x: x)).y = 0;
        ^
./d-xtra-invcast-10.c:46:31: ERROR - lvalue required
      ((struct tag)(x? x: x)).y = 0;
                                ^
./d-xtra-invcast-10.c:47:11: ERROR - conversion from `pointer to void' to `struct tag' is not allowed
      z = ((struct tag)(x? (void *)1: (void *)1)).y;
            ^
./d-xtra-invcast-10.c:48:7: ERROR - conversion from `pointer to void' to `struct tag' is not allowed
      ((struct tag)(x? (void *)1: (void *)1)).y = 0;
        ^
./d-xtra-invcast-10.c:48:47: ERROR - lvalue required
      ((struct tag)(x? (void *)1: (void *)1)).y = 0;
                                                ^
./d-xtra-invcast-10.c:49:11: ERROR - conversion from `pointer to void' to `struct tag' is not allowed
      z = ((struct tag)(g()? g(): g())).y;
            ^
./d-xtra-invcast-10.c:50:7: ERROR - conversion from `pointer to void' to `struct tag' is not allowed
      ((struct tag)(g()? g(): g())).y = 0;
        ^
./d-xtra-invcast-10.c:50:37: ERROR - lvalue required
      ((struct tag)(g()? g(): g())).y = 0;
                                      ^
./d-xtra-invcast-10.c:52:11: ERROR - conversion from `pointer to void' to `struct tag' is not allowed
      z = ((struct tag)x).z[1];
            ^
./d-xtra-invcast-10.c:53:7: ERROR - conversion from `pointer to void' to `struct tag' is not allowed
      ((struct tag)x).z[1] = 0;
        ^
./d-xtra-invcast-10.c:54:11: ERROR - conversion from `pointer to void' to `struct tag' is not allowed
      z = ((struct tag)(void *)1).z[1];
            ^
./d-xtra-invcast-10.c:54:32: ERROR - addressable object required
      z = ((struct tag)(void *)1).z[1];
                                 ^
./d-xtra-invcast-10.c:55:7: ERROR - conversion from `pointer to void' to `struct tag' is not allowed
      ((struct tag)(void *)1).z[1] = 0;
        ^
./d-xtra-invcast-10.c:55:28: ERROR - addressable object required
      ((struct tag)(void *)1).z[1] = 0;
                             ^
./d-xtra-invcast-10.c:56:11: ERROR - conversion from `pointer to void' to `struct tag' is not allowed
      z = ((struct tag)g()).z[1];
            ^
./d-xtra-invcast-10.c:56:26: ERROR - addressable object required
      z = ((struct tag)g()).z[1];
                           ^
./d-xtra-invcast-10.c:57:7: ERROR - conversion from `pointer to void' to `struct tag' is not allowed
      ((struct tag)g()).z[1] = 0;
        ^
./d-xtra-invcast-10.c:57:22: ERROR - addressable object required
      ((struct tag)g()).z[1] = 0;
                       ^
./d-xtra-invcast-10.c:58:11: ERROR - conversion from `pointer to void' to `struct tag' is not allowed
      z = ((struct tag)(x? x: x)).z[1];
            ^
./d-xtra-invcast-10.c:59:7: ERROR - conversion from `pointer to void' to `struct tag' is not allowed
      ((struct tag)(x? x: x)).z[1] = 0;
        ^
./d-xtra-invcast-10.c:60:11: ERROR - conversion from `pointer to void' to `struct tag' is not allowed
      z = ((struct tag)(x? (void *)1: (void *)1)).z[1];
            ^
./d-xtra-invcast-10.c:61:7: ERROR - conversion from `pointer to void' to `struct tag' is not allowed
      ((struct tag)(x? (void *)1: (void *)1)).z[1] = 0;
        ^
./d-xtra-invcast-10.c:62:11: ERROR - conversion from `pointer to void' to `struct tag' is not allowed
      z = ((struct tag)(g()? g(): g())).z[1];
            ^
./d-xtra-invcast-10.c:63:7: ERROR - conversion from `pointer to void' to `struct tag' is not allowed
      ((struct tag)(g()? g(): g())).z[1] = 0;
        ^
./d-xtra-invcast-10.c:65:11: ERROR - conversion from `pointer to void' to `struct tag' is not allowed
      w = ((struct tag)x).w;
            ^
./d-xtra-invcast-10.c:66:7: ERROR - conversion from `pointer to void' to `struct tag' is not allowed
      ((struct tag)x).w = w;
        ^
./d-xtra-invcast-10.c:67:11: ERROR - conversion from `pointer to void' to `struct tag' is not allowed
      w = ((struct tag)(void *)1).w;
            ^
./d-xtra-invcast-10.c:67:32: ERROR - addressable object required
      w = ((struct tag)(void *)1).w;
                                 ^
./d-xtra-invcast-10.c:68:7: ERROR - conversion from `pointer to void' to `struct tag' is not allowed
      ((struct tag)(void *)1).w = w;
        ^
./d-xtra-invcast-10.c:68:28: ERROR - addressable object required
      ((struct tag)(void *)1).w = w;
                             ^
./d-xtra-invcast-10.c:69:11: ERROR - conversion from `pointer to void' to `struct tag' is not allowed
      w = ((struct tag)g()).w;
            ^
./d-xtra-invcast-10.c:69:26: ERROR - addressable object required
      w = ((struct tag)g()).w;
                           ^
./d-xtra-invcast-10.c:70:7: ERROR - conversion from `pointer to void' to `struct tag' is not allowed
      ((struct tag)g()).w = w;
        ^
./d-xtra-invcast-10.c:70:22: ERROR - addressable object required
      ((struct tag)g()).w = w;
                       ^
./d-xtra-invcast-10.c:71:11: ERROR - conversion from `pointer to void' to `struct tag' is not allowed
      w = ((struct tag)(x? x: x)).w;
            ^
./d-xtra-invcast-10.c:72:7: ERROR - conversion from `pointer to void' to `struct tag' is not allowed
      ((struct tag)(x? x: x)).w = w;
        ^
./d-xtra-invcast-10.c:72:31: ERROR - lvalue required
      ((struct tag)(x? x: x)).w = w;
                                ^
./d-xtra-invcast-10.c:73:11: ERROR - conversion from `pointer to void' to `struct tag' is not allowed
      w = ((struct tag)(x? (void *)1: (void *)1)).w;
            ^
./d-xtra-invcast-10.c:74:7: ERROR - conversion from `pointer to void' to `struct tag' is not allowed
      ((struct tag)(x? (void *)1: (void *)1)).w = w;
        ^
./d-xtra-invcast-10.c:74:47: ERROR - lvalue required
      ((struct tag)(x? (void *)1: (void *)1)).w = w;
                                                ^
./d-xtra-invcast-10.c:75:11: ERROR - conversion from `pointer to void' to `struct tag' is not allowed
      w = ((struct tag)(g()? g(): g())).w;
            ^
./d-xtra-invcast-10.c:76:7: ERROR - conversion from `pointer to void' to `struct tag' is not allowed
      ((struct tag)(g()? g(): g())).w = w;
        ^
./d-xtra-invcast-10.c:76:37: ERROR - lvalue required
      ((struct tag)(g()? g(): g())).w = w;
                                      ^
./d-xtra-invcast-10.c:79:12: warning - missing prototype
      ((void ())x)(0, 1);
             ^
./d-xtra-invcast-10.c:79:7: ERROR - conversion from `pointer to void' to `function() returning void' is not allowed
      ((void ())x)(0, 1);
        ^
./d-xtra-invcast-10.c:80:12: warning - missing prototype
      ((void ())g())(0, 1);
             ^
./d-xtra-invcast-10.c:80:7: ERROR - conversion from `pointer to void' to `function() returning void' is not allowed
      ((void ())g())(0, 1);
        ^
./d-xtra-invcast-10.c:81:12: warning - missing prototype
      ((void ())(void *)1)(0, 1);
             ^
./d-xtra-invcast-10.c:81:7: ERROR - conversion from `pointer to void' to `function() returning void' is not allowed
      ((void ())(void *)1)(0, 1);
        ^
./d-xtra-invcast-10.c:82:17: warning - missing prototype
      fp = ((void ())x);
                  ^
./d-xtra-invcast-10.c:82:12: ERROR - conversion from `pointer to void' to `function() returning void' is not allowed
      fp = ((void ())x);
             ^
./d-xtra-invcast-10.c:83:17: warning - missing prototype
      fp = ((void ())g());
                  ^
./d-xtra-invcast-10.c:83:12: ERROR - conversion from `pointer to void' to `function() returning void' is not allowed
      fp = ((void ())g());
             ^
./d-xtra-invcast-10.c:84:17: warning - missing prototype
      fp = ((void ())(void *)1);
                  ^
./d-xtra-invcast-10.c:84:12: ERROR - conversion from `pointer to void' to `function() returning void' is not allowed
      fp = ((void ())(void *)1);
             ^
./d-xtra-invcast-10.c:87:11: ERROR - conversion from `pointer to void' to `array [10] of int' is not allowed
      z = ((int [10])x)[0];
            ^
./d-xtra-invcast-10.c:88:7: ERROR - conversion from `pointer to void' to `array [10] of int' is not allowed
      ((int [10])x)[0] = 1;
        ^
./d-xtra-invcast-10.c:89:11: ERROR - conversion from `pointer to void' to `array [10] of int' is not allowed
      z = ((int [10])(void *)1)[1];
            ^
./d-xtra-invcast-10.c:90:7: ERROR - conversion from `pointer to void' to `array [10] of int' is not allowed
      ((int [10])(void *)1)[1] = 1;
        ^
./d-xtra-invcast-10.c:91:11: ERROR - conversion from `pointer to void' to `array [10] of int' is not allowed
      z = ((int [10])g())[2];
            ^
./d-xtra-invcast-10.c:92:7: ERROR - conversion from `pointer to void' to `array [10] of int' is not allowed
      ((int [10])g())[2] = 1;
        ^
