./d-xtra-invcast-1.c:3:26: warning - signedness of plain bit-field is implementation-defined
  struct tag { int x; int y:1; double z[5]; struct t w; };
                      ~~~  ^
./d-xtra-invcast-1.c:5:6: warning - missing prototype from `fp'
  void (*fp)();
       ^~~~~~~
./d-xtra-invcast-1.c:9:22: ERROR - conversion from `void' is not allowed
      z = ((struct tag)x).x;
           ~~~~~~~~~~~~^
./d-xtra-invcast-1.c:10:18: ERROR - conversion from `void' is not allowed
      ((struct tag)x).x = 0;
       ~~~~~~~~~~~~^
./d-xtra-invcast-1.c:11:22: ERROR - conversion from `void' is not allowed
      z = ((struct tag)(void)1).x;
           ~~~~~~~~~~~~^~~~~~~
./d-xtra-invcast-1.c:12:18: ERROR - conversion from `void' is not allowed
      ((struct tag)(void)1).x = 0;
       ~~~~~~~~~~~~^~~~~~~
./d-xtra-invcast-1.c:13:22: ERROR - conversion from `void' is not allowed
      z = ((struct tag)f1()).x;
           ~~~~~~~~~~~~^~~~
./d-xtra-invcast-1.c:14:18: ERROR - conversion from `void' is not allowed
      ((struct tag)f1()).x = 0;
       ~~~~~~~~~~~~^~~~
./d-xtra-invcast-1.c:15:22: ERROR - conversion from `void' is not allowed
      z = ((struct tag)(z? x: x)).x;
           ~~~~~~~~~~~~^~~~~~~~~
./d-xtra-invcast-1.c:16:18: ERROR - conversion from `void' is not allowed
      ((struct tag)(z? x: x)).x = 0;
       ~~~~~~~~~~~~^~~~~~~~~
./d-xtra-invcast-1.c:17:22: ERROR - conversion from `void' is not allowed
      z = ((struct tag)(z? (void)1: (void)1)).x;
           ~~~~~~~~~~~~^~~~~~~~~~~~~~~~~~~~~
./d-xtra-invcast-1.c:18:18: ERROR - conversion from `void' is not allowed
      ((struct tag)(z? (void)1: (void)1)).x = 0;
       ~~~~~~~~~~~~^~~~~~~~~~~~~~~~~~~~~
./d-xtra-invcast-1.c:19:22: ERROR - conversion from `void' is not allowed
      z = ((struct tag)(z? f1(): f1())).x;
           ~~~~~~~~~~~~^~~~~~~~~~~~~~~
./d-xtra-invcast-1.c:20:18: ERROR - conversion from `void' is not allowed
      ((struct tag)(z? f1(): f1())).x = 0;
       ~~~~~~~~~~~~^~~~~~~~~~~~~~~
./d-xtra-invcast-1.c:22:22: ERROR - conversion from `void' is not allowed
      z = ((struct tag)x).y;
           ~~~~~~~~~~~~^
./d-xtra-invcast-1.c:23:18: ERROR - conversion from `void' is not allowed
      ((struct tag)x).y = 0;
       ~~~~~~~~~~~~^
./d-xtra-invcast-1.c:24:22: ERROR - conversion from `void' is not allowed
      z = ((struct tag)(void)1).y;
           ~~~~~~~~~~~~^~~~~~~
./d-xtra-invcast-1.c:25:18: ERROR - conversion from `void' is not allowed
      ((struct tag)(void)1).y = 0;
       ~~~~~~~~~~~~^~~~~~~
./d-xtra-invcast-1.c:26:22: ERROR - conversion from `void' is not allowed
      z = ((struct tag)f1()).y;
           ~~~~~~~~~~~~^~~~
./d-xtra-invcast-1.c:27:18: ERROR - conversion from `void' is not allowed
      ((struct tag)f1()).y = 0;
       ~~~~~~~~~~~~^~~~
./d-xtra-invcast-1.c:28:22: ERROR - conversion from `void' is not allowed
      z = ((struct tag)(z? x: x)).y;
           ~~~~~~~~~~~~^~~~~~~~~
./d-xtra-invcast-1.c:29:18: ERROR - conversion from `void' is not allowed
      ((struct tag)(z? x: x)).y = 0;
       ~~~~~~~~~~~~^~~~~~~~~
./d-xtra-invcast-1.c:30:22: ERROR - conversion from `void' is not allowed
      z = ((struct tag)(z? (void)1: (void)1)).y;
           ~~~~~~~~~~~~^~~~~~~~~~~~~~~~~~~~~
./d-xtra-invcast-1.c:31:18: ERROR - conversion from `void' is not allowed
      ((struct tag)(z? (void)1: (void)1)).y = 0;
       ~~~~~~~~~~~~^~~~~~~~~~~~~~~~~~~~~
./d-xtra-invcast-1.c:32:22: ERROR - conversion from `void' is not allowed
      z = ((struct tag)(z? f1(): f1())).y;
           ~~~~~~~~~~~~^~~~~~~~~~~~~~~
./d-xtra-invcast-1.c:33:18: ERROR - conversion from `void' is not allowed
      ((struct tag)(z? f1(): f1())).y = 0;
       ~~~~~~~~~~~~^~~~~~~~~~~~~~~
./d-xtra-invcast-1.c:35:22: ERROR - conversion from `void' is not allowed
      z = ((struct tag)x).z[1];
           ~~~~~~~~~~~~^
./d-xtra-invcast-1.c:36:18: ERROR - conversion from `void' is not allowed
      ((struct tag)x).z[1] = 0;
       ~~~~~~~~~~~~^
./d-xtra-invcast-1.c:37:22: ERROR - conversion from `void' is not allowed
      z = ((struct tag)(void)1).z[1];
           ~~~~~~~~~~~~^~~~~~~
./d-xtra-invcast-1.c:38:18: ERROR - conversion from `void' is not allowed
      ((struct tag)(void)1).z[1] = 0;
       ~~~~~~~~~~~~^~~~~~~
./d-xtra-invcast-1.c:39:22: ERROR - conversion from `void' is not allowed
      z = ((struct tag)f1()).z[1];
           ~~~~~~~~~~~~^~~~
./d-xtra-invcast-1.c:40:18: ERROR - conversion from `void' is not allowed
      ((struct tag)f1()).z[1] = 0;
       ~~~~~~~~~~~~^~~~
./d-xtra-invcast-1.c:41:22: ERROR - conversion from `void' is not allowed
      z = ((struct tag)(z? x: x)).z[1];
           ~~~~~~~~~~~~^~~~~~~~~
./d-xtra-invcast-1.c:42:18: ERROR - conversion from `void' is not allowed
      ((struct tag)(z? x: x)).z[1] = 0;
       ~~~~~~~~~~~~^~~~~~~~~
./d-xtra-invcast-1.c:43:22: ERROR - conversion from `void' is not allowed
      z = ((struct tag)(z? (void)1: (void)1)).z[1];
           ~~~~~~~~~~~~^~~~~~~~~~~~~~~~~~~~~
./d-xtra-invcast-1.c:44:18: ERROR - conversion from `void' is not allowed
      ((struct tag)(z? (void)1: (void)1)).z[1] = 0;
       ~~~~~~~~~~~~^~~~~~~~~~~~~~~~~~~~~
./d-xtra-invcast-1.c:45:22: ERROR - conversion from `void' is not allowed
      z = ((struct tag)(z? f1(): f1())).z[1];
           ~~~~~~~~~~~~^~~~~~~~~~~~~~~
./d-xtra-invcast-1.c:46:18: ERROR - conversion from `void' is not allowed
      ((struct tag)(z? f1(): f1())).z[1] = 0;
       ~~~~~~~~~~~~^~~~~~~~~~~~~~~
./d-xtra-invcast-1.c:48:22: ERROR - conversion from `void' is not allowed
      w = ((struct tag)x).w;
           ~~~~~~~~~~~~^
./d-xtra-invcast-1.c:49:18: ERROR - conversion from `void' is not allowed
      ((struct tag)x).w = w;
       ~~~~~~~~~~~~^
./d-xtra-invcast-1.c:50:22: ERROR - conversion from `void' is not allowed
      w = ((struct tag)(void)1).w;
           ~~~~~~~~~~~~^~~~~~~
./d-xtra-invcast-1.c:51:18: ERROR - conversion from `void' is not allowed
      ((struct tag)(void)1).w = w;
       ~~~~~~~~~~~~^~~~~~~
./d-xtra-invcast-1.c:52:22: ERROR - conversion from `void' is not allowed
      w = ((struct tag)f1()).w;
           ~~~~~~~~~~~~^~~~
./d-xtra-invcast-1.c:53:18: ERROR - conversion from `void' is not allowed
      ((struct tag)f1()).w = w;
       ~~~~~~~~~~~~^~~~
./d-xtra-invcast-1.c:54:22: ERROR - conversion from `void' is not allowed
      w = ((struct tag)(z? x: x)).w;
           ~~~~~~~~~~~~^~~~~~~~~
./d-xtra-invcast-1.c:55:18: ERROR - conversion from `void' is not allowed
      ((struct tag)(z? x: x)).w = w;
       ~~~~~~~~~~~~^~~~~~~~~
./d-xtra-invcast-1.c:56:22: ERROR - conversion from `void' is not allowed
      w = ((struct tag)(z? (void)1: (void)1)).w;
           ~~~~~~~~~~~~^~~~~~~~~~~~~~~~~~~~~
./d-xtra-invcast-1.c:57:18: ERROR - conversion from `void' is not allowed
      ((struct tag)(z? (void)1: (void)1)).w = w;
       ~~~~~~~~~~~~^~~~~~~~~~~~~~~~~~~~~
./d-xtra-invcast-1.c:58:22: ERROR - conversion from `void' is not allowed
      w = ((struct tag)(z? f1(): f1())).w;
           ~~~~~~~~~~~~^~~~~~~~~~~~~~~
./d-xtra-invcast-1.c:59:18: ERROR - conversion from `void' is not allowed
      ((struct tag)(z? f1(): f1())).w = w;
       ~~~~~~~~~~~~^~~~~~~~~~~~~~~
./d-xtra-invcast-1.c:64:12: warning - missing prototype from type name
      ((void ())x)(0, 1);
             ^~
./d-xtra-invcast-1.c:64:15: ERROR - conversion from `void' is not allowed
      ((void ())x)(0, 1);
       ~~~~~~~~~^
./d-xtra-invcast-1.c:65:12: warning - missing prototype from type name
      ((void ())(void)1)(0, 1);
             ^~
./d-xtra-invcast-1.c:65:15: ERROR - conversion from `void' is not allowed
      ((void ())(void)1)(0, 1);
       ~~~~~~~~~^~~~~~~
./d-xtra-invcast-1.c:66:12: warning - missing prototype from type name
      ((void ())f2())(0, 1);
             ^~
./d-xtra-invcast-1.c:66:15: ERROR - conversion from `void' is not allowed
      ((void ())f2())(0, 1);
       ~~~~~~~~~^~~~
./d-xtra-invcast-1.c:67:17: warning - missing prototype from type name
      fp = ((void ())x);
                  ^~
./d-xtra-invcast-1.c:67:20: ERROR - conversion from `void' is not allowed
      fp = ((void ())x);
            ~~~~~~~~~^
./d-xtra-invcast-1.c:68:17: warning - missing prototype from type name
      fp = ((void ())(void)1);
                  ^~
./d-xtra-invcast-1.c:68:20: ERROR - conversion from `void' is not allowed
      fp = ((void ())(void)1);
            ~~~~~~~~~^~~~~~~
./d-xtra-invcast-1.c:69:17: warning - missing prototype from type name
      fp = ((void ())f2());
                  ^~
./d-xtra-invcast-1.c:69:20: ERROR - conversion from `void' is not allowed
      fp = ((void ())f2());
            ~~~~~~~~~^~~~
./d-xtra-invcast-1.c:74:20: ERROR - conversion from `void' is not allowed
      z = ((int [10])x)[0];
           ~~~~~~~~~~^
./d-xtra-invcast-1.c:75:16: ERROR - conversion from `void' is not allowed
      ((int [10])x)[0] = 1;
       ~~~~~~~~~~^
./d-xtra-invcast-1.c:76:20: ERROR - conversion from `void' is not allowed
      z = ((int [10])(void)1)[1];
           ~~~~~~~~~~^~~~~~~
./d-xtra-invcast-1.c:77:16: ERROR - conversion from `void' is not allowed
      ((int [10])(void)1)[1] = 1;
       ~~~~~~~~~~^~~~~~~
./d-xtra-invcast-1.c:78:20: ERROR - conversion from `void' is not allowed
      z = ((int [10])f3())[2];
           ~~~~~~~~~~^~~~
./d-xtra-invcast-1.c:79:16: ERROR - conversion from `void' is not allowed
      ((int [10])f3())[2] = 1;
       ~~~~~~~~~~^~~~
./d-xtra-invcast-1.c:84:20: ERROR - conversion from `void' is not allowed
      z = ((double *)x)[0];
           ~~~~~~~~~~^
./d-xtra-invcast-1.c:85:16: ERROR - conversion from `void' is not allowed
      ((double *)x)[0] = 1;
       ~~~~~~~~~~^
./d-xtra-invcast-1.c:86:20: ERROR - conversion from `void' is not allowed
      z = ((double *)(void)1)[1];
           ~~~~~~~~~~^~~~~~~
./d-xtra-invcast-1.c:87:16: ERROR - conversion from `void' is not allowed
      ((double *)(void)1)[1] = 1;
       ~~~~~~~~~~^~~~~~~
./d-xtra-invcast-1.c:88:20: ERROR - conversion from `void' is not allowed
      z = ((double *)f4())[1];
           ~~~~~~~~~~^~~~
./d-xtra-invcast-1.c:89:16: ERROR - conversion from `void' is not allowed
      ((double *)f4())[1] = 1;
       ~~~~~~~~~~^~~~
./d-xtra-invcast-1.c:90:18: ERROR - conversion from `void' is not allowed
      (*((double *)x))++;
         ~~~~~~~~~~^
./d-xtra-invcast-1.c:91:18: ERROR - conversion from `void' is not allowed
      (*((double *)(void)1))++;
         ~~~~~~~~~~^~~~~~~
./d-xtra-invcast-1.c:92:18: ERROR - conversion from `void' is not allowed
      (*((double *)f4()))++;
         ~~~~~~~~~~^~~~
./d-xtra-invcast-1.c:97:20: ERROR - conversion from `void' is not allowed
      z = ((unsigned)x)+1;
           ~~~~~~~~~~^
./d-xtra-invcast-1.c:98:21: ERROR - conversion from `void' is not allowed
      z = ~((unsigned)(void)1);
            ~~~~~~~~~~^~~~~~~
./d-xtra-invcast-1.c:99:20: ERROR - conversion from `void' is not allowed
      z = ((unsigned)f5()) % 1;
           ~~~~~~~~~~^~~~
./d-xtra-invcast-1.c:100:21: ERROR - conversion from `void' is not allowed
      z = +((unsigned)x);
            ~~~~~~~~~~^
./d-xtra-invcast-1.c:101:21: ERROR - conversion from `void' is not allowed
      z = +((unsigned)(void)1);
            ~~~~~~~~~~^~~~~~~
./d-xtra-invcast-1.c:102:21: ERROR - conversion from `void' is not allowed
      z = +((unsigned)f5());
            ~~~~~~~~~~^~~~
./d-xtra-invcast-1.c:107:18: ERROR - conversion from `void' is not allowed
      z = ((double)x)+0.1;
           ~~~~~~~~^
./d-xtra-invcast-1.c:108:18: ERROR - conversion from `void' is not allowed
      z = ((double)(void)0.1)+0.1;
           ~~~~~~~~^~~~~~~~~
./d-xtra-invcast-1.c:109:18: ERROR - conversion from `void' is not allowed
      z = ((double)f6())+0.1;
           ~~~~~~~~^~~~
./d-xtra-invcast-1.c:110:19: ERROR - conversion from `void' is not allowed
      z = -((double)x);
            ~~~~~~~~^
./d-xtra-invcast-1.c:111:19: ERROR - conversion from `void' is not allowed
      z = -((double)(void)0.1);
            ~~~~~~~~^~~~~~~~~
./d-xtra-invcast-1.c:112:19: ERROR - conversion from `void' is not allowed
      z = -((double)f6());
            ~~~~~~~~^~~~
./d-xtra-invcast-1.c:1:13: warning - object `x' referenced but cannot be defined
  extern void x;
              ^
