./d-xtra-typedef-1.c:2:16: ERROR - illegal use of type name `foo'
  extern int arr[foo];
                 ^~~
./d-xtra-typedef-1.c:9:8: ERROR - missing name for 1st parameter
  void f(foo)
         ^~~
./d-xtra-typedef-1.c:12:6: warning - missing prototype from `g'
  void g(a)
       ^~~~
./d-xtra-typedef-1.c:14:3: warning - expression result not used
  { a; }
    ^
./d-xtra-typedef-1.c:17:4: ERROR - empty declaration
  foo:
     ^
./d-xtra-typedef-1.c:17:4: ERROR - syntax error; expected `;' before `:'
  foo:
     ^
./d-xtra-typedef-1.c:16:6: warning - missing prototype from `h'
  void h(a)
       ^~~~
./d-xtra-typedef-1.c:19:5: warning - expression result not used
      a;
      ^
./d-xtra-typedef-1.c:20:5: ERROR - mixing declarations and statements is not allowed in C90
      foo b;
      ^
./d-xtra-typedef-1.c:22:9: ERROR - label must have a statement follow it
      foo:
          ^
./d-xtra-typedef-1.c:24:5: warning - expression result not used
      c;
      ^
./d-xtra-typedef-1.c:22:5: warning - label `foo' defined but not used
      foo:
      ^~~
./d-xtra-typedef-1.c:27:4: ERROR - empty declaration
  foo:
     ^
./d-xtra-typedef-1.c:27:4: ERROR - syntax error; expected `;' before `:'
  foo:
     ^
./d-xtra-typedef-1.c:32:16: ERROR - label must have a statement follow it
          case 0:
                 ^
./d-xtra-typedef-1.c:33:13: ERROR - mixing declarations and statements is not allowed in C90
              foo x;
              ^
./d-xtra-typedef-1.c:35:13: ERROR - label must have a statement follow it
          foo:
              ^
./d-xtra-typedef-1.c:38:9: ERROR - redefinition of label `foo'
          foo:
          ^~~
./d-xtra-typedef-1.c:35:9: note - previous declaration was here
          foo:
          ^~~
./d-xtra-typedef-1.c:38:13: ERROR - label must have a statement follow it
          foo:
              ^
./d-xtra-typedef-1.c:39:17: warning - local `z' defined but not referenced
              foo z;
                  ^
./d-xtra-typedef-1.c:36:17: warning - local `y' defined but not referenced
              foo y;
                  ^
./d-xtra-typedef-1.c:33:17: warning - local `x' defined but not referenced
              foo x;
                  ^
./d-xtra-typedef-1.c:41:5: ERROR - redefinition of label `foo'
      foo:
      ^~~
./d-xtra-typedef-1.c:35:9: note - previous declaration was here
          foo:
          ^~~
./d-xtra-typedef-1.c:41:9: ERROR - label must have a statement follow it
      foo:
          ^
./d-xtra-typedef-1.c:42:9: ERROR - mixing declarations and statements is not allowed in C90
          foo w;
          ^
./d-xtra-typedef-1.c:43:12: ERROR - illegal use of type name `foo'
      return foo;
             ^~~
./d-xtra-typedef-1.c:35:9: warning - label `foo' defined but not used
          foo:
          ^~~
