./d-xtra-invcast-4.c:3:12: warning - missing prototype
  struct tag g();
             ^
./d-xtra-invcast-4.c:4:6: warning - missing prototype
  void (*fp)();
       ^
./d-xtra-invcast-4.c:9:10: ERROR - conversion from `struct tag' to `int' is not allowed
      z = (int)x + 1;
           ^
./d-xtra-invcast-4.c:10:10: ERROR - conversion from `struct tag' to `int' is not allowed
      z = (int)x % (int)x;
           ^
./d-xtra-invcast-4.c:10:19: ERROR - conversion from `struct tag' to `int' is not allowed
      z = (int)x % (int)x;
                    ^
./d-xtra-invcast-4.c:11:11: ERROR - conversion from `struct tag' to `pointer to int' is not allowed
      z = ((int *)x)[(int)x];
            ^
./d-xtra-invcast-4.c:11:21: ERROR - conversion from `struct tag' to `int' is not allowed
      z = ((int *)x)[(int)x];
                      ^
./d-xtra-invcast-4.c:12:10: ERROR - conversion from `struct tag' to `int' is not allowed
      z = (int)x > (int)x;
           ^
./d-xtra-invcast-4.c:12:19: ERROR - conversion from `struct tag' to `int' is not allowed
      z = (int)x > (int)x;
                    ^
./d-xtra-invcast-4.c:13:11: ERROR - conversion from `struct tag' to `int' is not allowed
      z = +(int)x;
            ^
./d-xtra-invcast-4.c:14:10: ERROR - conversion from `struct tag' to `int' is not allowed
      z = (int)g() + 1;
           ^
./d-xtra-invcast-4.c:15:10: ERROR - conversion from `struct tag' to `int' is not allowed
      z = (int)g() % (int)g();
           ^
./d-xtra-invcast-4.c:15:21: ERROR - conversion from `struct tag' to `int' is not allowed
      z = (int)g() % (int)g();
                      ^
./d-xtra-invcast-4.c:16:11: ERROR - conversion from `struct tag' to `pointer to int' is not allowed
      z = ((int *)g())[(int)g()];
            ^
./d-xtra-invcast-4.c:16:23: ERROR - conversion from `struct tag' to `int' is not allowed
      z = ((int *)g())[(int)g()];
                        ^
./d-xtra-invcast-4.c:17:10: ERROR - conversion from `struct tag' to `int' is not allowed
      z = (int)g() > (int)g();
           ^
./d-xtra-invcast-4.c:17:21: ERROR - conversion from `struct tag' to `int' is not allowed
      z = (int)g() > (int)g();
                      ^
./d-xtra-invcast-4.c:18:11: ERROR - conversion from `struct tag' to `int' is not allowed
      z = +(int)g();
            ^
./d-xtra-invcast-4.c:19:15: ERROR - conversion from `int' to `struct tag' is not allowed
      z = (int)(struct tag)1 + 1;
                ^
./d-xtra-invcast-4.c:20:15: ERROR - conversion from `int' to `struct tag' is not allowed
      z = (int)(struct tag)1 % (int)(struct tag)1;
                ^
./d-xtra-invcast-4.c:20:36: ERROR - conversion from `int' to `struct tag' is not allowed
      z = (int)(struct tag)1 % (int)(struct tag)1;
                                     ^
./d-xtra-invcast-4.c:21:18: ERROR - conversion from `int' to `struct tag' is not allowed
      z = ((int *)(struct tag)1)[(int)(struct tag)1];
                   ^
./d-xtra-invcast-4.c:21:38: ERROR - conversion from `int' to `struct tag' is not allowed
      z = ((int *)(struct tag)1)[(int)(struct tag)1];
                                       ^
./d-xtra-invcast-4.c:22:15: ERROR - conversion from `int' to `struct tag' is not allowed
      z = (int)(struct tag)1 > (int)(struct tag)1;
                ^
./d-xtra-invcast-4.c:22:36: ERROR - conversion from `int' to `struct tag' is not allowed
      z = (int)(struct tag)1 > (int)(struct tag)1;
                                     ^
./d-xtra-invcast-4.c:23:16: ERROR - conversion from `int' to `struct tag' is not allowed
      z = +(int)(struct tag)1;
                 ^
./d-xtra-invcast-4.c:26:10: ERROR - conversion from `struct tag' to `float' is not allowed
      z = (float)x + 0.1;
           ^
./d-xtra-invcast-4.c:27:10: ERROR - conversion from `struct tag' to `float' is not allowed
      z = (float)x + (float)x;
           ^
./d-xtra-invcast-4.c:27:21: ERROR - conversion from `struct tag' to `float' is not allowed
      z = (float)x + (float)x;
                      ^
./d-xtra-invcast-4.c:28:10: ERROR - conversion from `struct tag' to `float' is not allowed
      z = (float)x > (float)x;
           ^
./d-xtra-invcast-4.c:28:21: ERROR - conversion from `struct tag' to `float' is not allowed
      z = (float)x > (float)x;
                      ^
./d-xtra-invcast-4.c:29:11: ERROR - conversion from `struct tag' to `float' is not allowed
      z = -(float)x;
            ^
./d-xtra-invcast-4.c:30:10: ERROR - conversion from `struct tag' to `float' is not allowed
      z = (float)g() + 0.1;
           ^
./d-xtra-invcast-4.c:31:10: ERROR - conversion from `struct tag' to `float' is not allowed
      z = (float)g() + (float)g();
           ^
./d-xtra-invcast-4.c:31:23: ERROR - conversion from `struct tag' to `float' is not allowed
      z = (float)g() + (float)g();
                        ^
./d-xtra-invcast-4.c:32:10: ERROR - conversion from `struct tag' to `float' is not allowed
      z = (float)g() > (float)g();
           ^
./d-xtra-invcast-4.c:32:23: ERROR - conversion from `struct tag' to `float' is not allowed
      z = (float)g() > (float)g();
                        ^
./d-xtra-invcast-4.c:33:11: ERROR - conversion from `struct tag' to `float' is not allowed
      z = -(float)g();
            ^
./d-xtra-invcast-4.c:34:17: ERROR - conversion from `int' to `struct tag' is not allowed
      z = (float)(struct tag)1 + 0.1;
                  ^
./d-xtra-invcast-4.c:35:17: ERROR - conversion from `int' to `struct tag' is not allowed
      z = (float)(struct tag)1 + (float)(struct tag)1;
                  ^
./d-xtra-invcast-4.c:35:40: ERROR - conversion from `int' to `struct tag' is not allowed
      z = (float)(struct tag)1 + (float)(struct tag)1;
                                         ^
./d-xtra-invcast-4.c:36:17: ERROR - conversion from `int' to `struct tag' is not allowed
      z = (float)(struct tag)1 > (float)(struct tag)1;
                  ^
./d-xtra-invcast-4.c:36:40: ERROR - conversion from `int' to `struct tag' is not allowed
      z = (float)(struct tag)1 > (float)(struct tag)1;
                                         ^
./d-xtra-invcast-4.c:37:18: ERROR - conversion from `int' to `struct tag' is not allowed
      z = -(float)(struct tag)1;
                   ^
./d-xtra-invcast-4.c:40:11: ERROR - conversion from `struct tag' to `pointer to int' is not allowed
      z = ((int *)x)[1];
            ^
./d-xtra-invcast-4.c:41:7: ERROR - conversion from `struct tag' to `pointer to int' is not allowed
      ((int *)x)[1] = 1;
        ^
./d-xtra-invcast-4.c:42:11: ERROR - conversion from `struct tag' to `pointer to int' is not allowed
      z = ((int *)x) - ((int *)x);
            ^
./d-xtra-invcast-4.c:42:24: ERROR - conversion from `struct tag' to `pointer to int' is not allowed
      z = ((int *)x) - ((int *)x);
                         ^
./d-xtra-invcast-4.c:43:9: ERROR - conversion from `struct tag' to `pointer to int' is not allowed
      (*((int *)x))++;
          ^
./d-xtra-invcast-4.c:44:11: ERROR - conversion from `struct tag' to `pointer to int' is not allowed
      z = ((int *)g())[1];
            ^
./d-xtra-invcast-4.c:45:7: ERROR - conversion from `struct tag' to `pointer to int' is not allowed
      ((int *)g())[1] = 1;
        ^
./d-xtra-invcast-4.c:46:11: ERROR - conversion from `struct tag' to `pointer to int' is not allowed
      z = ((int *)g()) - ((int *)g());
            ^
./d-xtra-invcast-4.c:46:26: ERROR - conversion from `struct tag' to `pointer to int' is not allowed
      z = ((int *)g()) - ((int *)g());
                           ^
./d-xtra-invcast-4.c:47:9: ERROR - conversion from `struct tag' to `pointer to int' is not allowed
      (*((int *)g()))++;
          ^
./d-xtra-invcast-4.c:48:18: ERROR - conversion from `int' to `struct tag' is not allowed
      z = ((int *)(struct tag)1)[1];
                   ^
./d-xtra-invcast-4.c:49:14: ERROR - conversion from `int' to `struct tag' is not allowed
      ((int *)(struct tag)1)[1] = 1;
               ^
./d-xtra-invcast-4.c:50:18: ERROR - conversion from `int' to `struct tag' is not allowed
      z = ((int *)(struct tag)1) - ((int *)(struct tag)1);
                   ^
./d-xtra-invcast-4.c:50:43: ERROR - conversion from `int' to `struct tag' is not allowed
      z = ((int *)(struct tag)1) - ((int *)(struct tag)1);
                                            ^
./d-xtra-invcast-4.c:51:16: ERROR - conversion from `int' to `struct tag' is not allowed
      (*((int *)(struct tag)1))++;
                 ^
./d-xtra-invcast-4.c:54:12: warning - missing prototype
      ((void ())x)(0, 1);
             ^
./d-xtra-invcast-4.c:54:7: ERROR - conversion from `struct tag' to `function() returning void' is not allowed
      ((void ())x)(0, 1);
        ^
./d-xtra-invcast-4.c:55:12: warning - missing prototype
      ((void ())g())(0, 1);
             ^
./d-xtra-invcast-4.c:55:7: ERROR - conversion from `struct tag' to `function() returning void' is not allowed
      ((void ())g())(0, 1);
        ^
./d-xtra-invcast-4.c:56:12: warning - missing prototype
      ((void ())(struct tag)1)(0, 1);
             ^
./d-xtra-invcast-4.c:56:16: ERROR - conversion from `int' to `struct tag' is not allowed
      ((void ())(struct tag)1)(0, 1);
                 ^
./d-xtra-invcast-4.c:57:17: warning - missing prototype
      fp = ((void ())x);
                  ^
./d-xtra-invcast-4.c:57:12: ERROR - conversion from `struct tag' to `function() returning void' is not allowed
      fp = ((void ())x);
             ^
./d-xtra-invcast-4.c:58:17: warning - missing prototype
      fp = ((void ())g());
                  ^
./d-xtra-invcast-4.c:58:12: ERROR - conversion from `struct tag' to `function() returning void' is not allowed
      fp = ((void ())g());
             ^
./d-xtra-invcast-4.c:59:17: warning - missing prototype
      fp = ((void ())(struct tag)1);
                  ^
./d-xtra-invcast-4.c:59:21: ERROR - conversion from `int' to `struct tag' is not allowed
      fp = ((void ())(struct tag)1);
                      ^
./d-xtra-invcast-4.c:62:11: ERROR - conversion from `struct tag' to `array [10] of int' is not allowed
      z = ((int [10])x)[0];
            ^
./d-xtra-invcast-4.c:63:7: ERROR - conversion from `struct tag' to `array [10] of int' is not allowed
      ((int [10])x)[0] = 1;
        ^
./d-xtra-invcast-4.c:64:21: ERROR - conversion from `int' to `struct tag' is not allowed
      z = ((int [10])(struct tag)1)[1];
                      ^
./d-xtra-invcast-4.c:65:17: ERROR - conversion from `int' to `struct tag' is not allowed
      ((int [10])(struct tag)1)[1] = 1;
                  ^
./d-xtra-invcast-4.c:66:11: ERROR - conversion from `struct tag' to `array [10] of int' is not allowed
      z = ((int [10])g())[2];
            ^
./d-xtra-invcast-4.c:67:7: ERROR - conversion from `struct tag' to `array [10] of int' is not allowed
      ((int [10])g())[2] = 1;
        ^
