./d-xtra-nlvalarr-1.c:6:21: warning - signedness of plain bit-field is implementation-defined
          int x[10], y:10;
                      ^
./d-xtra-nlvalarr-1.c:12:23: warning - missing prototype
      extern struct tag f();
                        ^
./d-xtra-nlvalarr-1.c:14:8: warning - non-lvalue array does not decay to pointer in C90
      f().x;
         ^
./d-xtra-nlvalarr-1.c:14:8: warning - expression result not used
      f().x;
         ^
./d-xtra-nlvalarr-1.c:15:8: warning - non-lvalue array does not decay to pointer in C90
      f().x[0];
         ^
./d-xtra-nlvalarr-1.c:15:10: ERROR - pointer required but `array' given
      f().x[0];
           ^
./d-xtra-nlvalarr-1.c:16:8: warning - non-lvalue array does not decay to pointer in C90
      f().x[1];
         ^
./d-xtra-nlvalarr-1.c:16:10: ERROR - pointer required but `array' given
      f().x[1];
           ^
./d-xtra-nlvalarr-1.c:17:9: warning - non-lvalue array does not decay to pointer in C90
      &f().x;
          ^
./d-xtra-nlvalarr-1.c:17:5: ERROR - lvalue required
      &f().x;
      ^
./d-xtra-nlvalarr-1.c:18:9: warning - non-lvalue array does not decay to pointer in C90
      &f().x[0];
          ^
./d-xtra-nlvalarr-1.c:18:11: ERROR - pointer required but `array' given
      &f().x[0];
            ^
./d-xtra-nlvalarr-1.c:19:9: warning - non-lvalue array does not decay to pointer in C90
      &f().x[1];
          ^
./d-xtra-nlvalarr-1.c:19:11: ERROR - pointer required but `array' given
      &f().x[1];
            ^
./d-xtra-nlvalarr-1.c:20:15: warning - non-lvalue array does not decay to pointer in C90
      sizeof(f().x);
                ^
./d-xtra-nlvalarr-1.c:20:5: warning - expression result not used
      sizeof(f().x);
      ^
./d-xtra-nlvalarr-1.c:21:15: warning - non-lvalue array does not decay to pointer in C90
      sizeof(f().x[0]);
                ^
./d-xtra-nlvalarr-1.c:21:17: ERROR - pointer required but `array' given
      sizeof(f().x[0]);
                  ^
./d-xtra-nlvalarr-1.c:21:5: warning - expression result not used
      sizeof(f().x[0]);
      ^
./d-xtra-nlvalarr-1.c:22:15: warning - non-lvalue array does not decay to pointer in C90
      sizeof(f().x[1]);
                ^
./d-xtra-nlvalarr-1.c:22:17: ERROR - pointer required but `array' given
      sizeof(f().x[1]);
                  ^
./d-xtra-nlvalarr-1.c:22:5: warning - expression result not used
      sizeof(f().x[1]);
      ^
./d-xtra-nlvalarr-1.c:23:8: warning - non-lvalue array does not decay to pointer in C90
      f().x = 0;
         ^
./d-xtra-nlvalarr-1.c:23:11: ERROR - lvalue required
      f().x = 0;
            ^
./d-xtra-nlvalarr-1.c:24:8: warning - non-lvalue array does not decay to pointer in C90
      f().x[1] = 0;
         ^
./d-xtra-nlvalarr-1.c:24:10: ERROR - pointer required but `array' given
      f().x[1] = 0;
           ^
./d-xtra-nlvalarr-1.c:25:8: warning - non-lvalue array does not decay to pointer in C90
      f().x++;
         ^
./d-xtra-nlvalarr-1.c:25:10: ERROR - lvalue required
      f().x++;
           ^
./d-xtra-nlvalarr-1.c:26:8: warning - non-lvalue array does not decay to pointer in C90
      f().x--;
         ^
./d-xtra-nlvalarr-1.c:26:10: ERROR - lvalue required
      f().x--;
           ^
./d-xtra-nlvalarr-1.c:27:8: warning - non-lvalue array does not decay to pointer in C90
      f().x = f().x;
         ^
./d-xtra-nlvalarr-1.c:27:16: warning - non-lvalue array does not decay to pointer in C90
      f().x = f().x;
                 ^
./d-xtra-nlvalarr-1.c:27:11: ERROR - lvalue required
      f().x = f().x;
            ^
./d-xtra-nlvalarr-1.c:28:8: warning - non-lvalue array does not decay to pointer in C90
      f().x < 0;
         ^
./d-xtra-nlvalarr-1.c:28:11: ERROR - operands of < have illegal types `array [10] of int' and `int'
      f().x < 0;
            ^
./d-xtra-nlvalarr-1.c:29:8: warning - non-lvalue array does not decay to pointer in C90
      f().x | 0;
         ^
./d-xtra-nlvalarr-1.c:29:11: ERROR - operands of | have illegal types `array [10] of int' and `int'
      f().x | 0;
            ^
./d-xtra-nlvalarr-1.c:30:8: warning - non-lvalue array does not decay to pointer in C90
      f().x == 0;
         ^
./d-xtra-nlvalarr-1.c:30:11: ERROR - operands of == have illegal types `array [10] of int' and `int'
      f().x == 0;
            ^
./d-xtra-nlvalarr-1.c:31:8: warning - non-lvalue array does not decay to pointer in C90
      f().x % 1;
         ^
./d-xtra-nlvalarr-1.c:31:11: ERROR - operands of % have illegal types `array [10] of int' and `int'
      f().x % 1;
            ^
./d-xtra-nlvalarr-1.c:32:8: warning - non-lvalue array does not decay to pointer in C90
      f().x+2 - f().x;
         ^
./d-xtra-nlvalarr-1.c:32:10: ERROR - operands of + have illegal types `array [10] of int' and `int'
      f().x+2 - f().x;
           ^
./d-xtra-nlvalarr-1.c:32:18: warning - non-lvalue array does not decay to pointer in C90
      f().x+2 - f().x;
                   ^
./d-xtra-nlvalarr-1.c:33:8: warning - non-lvalue array does not decay to pointer in C90
      f().x * 10;
         ^
./d-xtra-nlvalarr-1.c:33:11: ERROR - operands of * have illegal types `array [10] of int' and `int'
      f().x * 10;
            ^
./d-xtra-nlvalarr-1.c:34:8: warning - non-lvalue array does not decay to pointer in C90
      f().x / 10;
         ^
./d-xtra-nlvalarr-1.c:34:11: ERROR - operands of / have illegal types `array [10] of int' and `int'
      f().x / 10;
            ^
./d-xtra-nlvalarr-1.c:35:9: warning - non-lvalue array does not decay to pointer in C90
      +f().x;
          ^
./d-xtra-nlvalarr-1.c:35:5: ERROR - operand of unary + has illegal type `array [10] of int'
      +f().x;
      ^
./d-xtra-nlvalarr-1.c:36:9: warning - non-lvalue array does not decay to pointer in C90
      -f().x;
          ^
./d-xtra-nlvalarr-1.c:36:5: ERROR - operand of unary - has illegal type `array [10] of int'
      -f().x;
      ^
./d-xtra-nlvalarr-1.c:37:9: warning - non-lvalue array does not decay to pointer in C90
      ~f().x;
          ^
./d-xtra-nlvalarr-1.c:37:5: ERROR - operand of unary ~ has illegal type `array [10] of int'
      ~f().x;
      ^
./d-xtra-nlvalarr-1.c:38:9: warning - non-lvalue array does not decay to pointer in C90
      !f().x;
          ^
./d-xtra-nlvalarr-1.c:38:5: ERROR - operand of unary ! has illegal type `array [10] of int'
      !f().x;
      ^
./d-xtra-nlvalarr-1.c:39:8: warning - non-lvalue array does not decay to pointer in C90
      f().x();
         ^
./d-xtra-nlvalarr-1.c:39:8: ERROR - function or function pointer required
      f().x();
         ^
./d-xtra-nlvalarr-1.c:40:8: warning - non-lvalue array does not decay to pointer in C90
      f().x->x;
         ^
./d-xtra-nlvalarr-1.c:40:10: ERROR - struct or union pointer required but `array' given
      f().x->x;
           ^
./d-xtra-nlvalarr-1.c:42:7: ERROR - conversion from `int' to `struct tag' is not allowed
      ((struct tag)1).x;
        ^
./d-xtra-nlvalarr-1.c:43:7: ERROR - conversion from `int' to `struct tag' is not allowed
      ((struct tag)1).x[0];
        ^
./d-xtra-nlvalarr-1.c:44:7: ERROR - conversion from `int' to `struct tag' is not allowed
      ((struct tag)1).x[1];
        ^
./d-xtra-nlvalarr-1.c:45:8: ERROR - conversion from `int' to `struct tag' is not allowed
      &((struct tag)1).x;
         ^
./d-xtra-nlvalarr-1.c:46:8: ERROR - conversion from `int' to `struct tag' is not allowed
      &((struct tag)1).x[0];
         ^
./d-xtra-nlvalarr-1.c:47:8: ERROR - conversion from `int' to `struct tag' is not allowed
      &((struct tag)1).x[1];
         ^
./d-xtra-nlvalarr-1.c:48:14: ERROR - conversion from `int' to `struct tag' is not allowed
      sizeof(((struct tag)1).x);
               ^
./d-xtra-nlvalarr-1.c:48:5: warning - expression result not used
      sizeof(((struct tag)1).x);
      ^
./d-xtra-nlvalarr-1.c:49:14: ERROR - conversion from `int' to `struct tag' is not allowed
      sizeof(((struct tag)1).x[0]);
               ^
./d-xtra-nlvalarr-1.c:49:5: warning - expression result not used
      sizeof(((struct tag)1).x[0]);
      ^
./d-xtra-nlvalarr-1.c:50:14: ERROR - conversion from `int' to `struct tag' is not allowed
      sizeof(((struct tag)1).x[1]);
               ^
./d-xtra-nlvalarr-1.c:50:5: warning - expression result not used
      sizeof(((struct tag)1).x[1]);
      ^
./d-xtra-nlvalarr-1.c:51:7: ERROR - conversion from `int' to `struct tag' is not allowed
      ((struct tag)1).x = 0;
        ^
./d-xtra-nlvalarr-1.c:52:7: ERROR - conversion from `int' to `struct tag' is not allowed
      ((struct tag)1).x[1] = 0;
        ^
./d-xtra-nlvalarr-1.c:53:7: ERROR - conversion from `int' to `struct tag' is not allowed
      ((struct tag)1).x++;
        ^
./d-xtra-nlvalarr-1.c:54:7: ERROR - conversion from `int' to `struct tag' is not allowed
      ((struct tag)1).x--;
        ^
./d-xtra-nlvalarr-1.c:55:7: ERROR - conversion from `int' to `struct tag' is not allowed
      ((struct tag)1).x = ((struct tag)1).x;
        ^
./d-xtra-nlvalarr-1.c:55:27: ERROR - conversion from `int' to `struct tag' is not allowed
      ((struct tag)1).x = ((struct tag)1).x;
                            ^
./d-xtra-nlvalarr-1.c:56:7: ERROR - conversion from `int' to `struct tag' is not allowed
      ((struct tag)1).x < 0;
        ^
./d-xtra-nlvalarr-1.c:57:7: ERROR - conversion from `int' to `struct tag' is not allowed
      ((struct tag)1).x | 0;
        ^
./d-xtra-nlvalarr-1.c:58:7: ERROR - conversion from `int' to `struct tag' is not allowed
      ((struct tag)1).x == 0;
        ^
./d-xtra-nlvalarr-1.c:59:7: ERROR - conversion from `int' to `struct tag' is not allowed
      ((struct tag)1).x % 1;
        ^
./d-xtra-nlvalarr-1.c:60:7: ERROR - conversion from `int' to `struct tag' is not allowed
      ((struct tag)1).x+2 - f()((struct tag)1).x;
        ^
./d-xtra-nlvalarr-1.c:60:28: ERROR - function or function pointer required
      ((struct tag)1).x+2 - f()((struct tag)1).x;
                             ^
./d-xtra-nlvalarr-1.c:60:32: ERROR - conversion from `int' to `struct tag' is not allowed
      ((struct tag)1).x+2 - f()((struct tag)1).x;
                                 ^
./d-xtra-nlvalarr-1.c:61:7: ERROR - conversion from `int' to `struct tag' is not allowed
      ((struct tag)1).x * 10;
        ^
./d-xtra-nlvalarr-1.c:62:7: ERROR - conversion from `int' to `struct tag' is not allowed
      ((struct tag)1).x / 10;
        ^
./d-xtra-nlvalarr-1.c:63:8: ERROR - conversion from `int' to `struct tag' is not allowed
      +((struct tag)1).x;
         ^
./d-xtra-nlvalarr-1.c:64:8: ERROR - conversion from `int' to `struct tag' is not allowed
      -((struct tag)1).x;
         ^
./d-xtra-nlvalarr-1.c:65:8: ERROR - conversion from `int' to `struct tag' is not allowed
      ~((struct tag)1).x;
         ^
./d-xtra-nlvalarr-1.c:66:8: ERROR - conversion from `int' to `struct tag' is not allowed
      !((struct tag)1).x;
         ^
./d-xtra-nlvalarr-1.c:67:7: ERROR - conversion from `int' to `struct tag' is not allowed
      ((struct tag)1).x();
        ^
./d-xtra-nlvalarr-1.c:68:7: ERROR - conversion from `int' to `struct tag' is not allowed
      ((struct tag)1).x->x;
        ^
./d-xtra-nlvalarr-1.c:70:7: ERROR - conversion from `int' to `struct tag' is not allowed
      ((struct tag)i).x;
        ^
./d-xtra-nlvalarr-1.c:71:7: ERROR - conversion from `int' to `struct tag' is not allowed
      ((struct tag)i).x[0];
        ^
./d-xtra-nlvalarr-1.c:72:7: ERROR - conversion from `int' to `struct tag' is not allowed
      ((struct tag)i).x[1];
        ^
./d-xtra-nlvalarr-1.c:73:8: ERROR - conversion from `int' to `struct tag' is not allowed
      &((struct tag)i).x;
         ^
./d-xtra-nlvalarr-1.c:74:8: ERROR - conversion from `int' to `struct tag' is not allowed
      &((struct tag)i).x[0];
         ^
./d-xtra-nlvalarr-1.c:75:8: ERROR - conversion from `int' to `struct tag' is not allowed
      &((struct tag)i).x[1];
         ^
./d-xtra-nlvalarr-1.c:76:14: ERROR - conversion from `int' to `struct tag' is not allowed
      sizeof(((struct tag)i).x);
               ^
./d-xtra-nlvalarr-1.c:76:5: warning - expression result not used
      sizeof(((struct tag)i).x);
      ^
./d-xtra-nlvalarr-1.c:77:14: ERROR - conversion from `int' to `struct tag' is not allowed
      sizeof(((struct tag)i).x[0]);
               ^
./d-xtra-nlvalarr-1.c:77:5: warning - expression result not used
      sizeof(((struct tag)i).x[0]);
      ^
./d-xtra-nlvalarr-1.c:78:14: ERROR - conversion from `int' to `struct tag' is not allowed
      sizeof(((struct tag)i).x[1]);
               ^
./d-xtra-nlvalarr-1.c:78:5: warning - expression result not used
      sizeof(((struct tag)i).x[1]);
      ^
./d-xtra-nlvalarr-1.c:79:7: ERROR - conversion from `int' to `struct tag' is not allowed
      ((struct tag)i).x = 0;
        ^
./d-xtra-nlvalarr-1.c:80:7: ERROR - conversion from `int' to `struct tag' is not allowed
      ((struct tag)i).x[1] = 0;
        ^
./d-xtra-nlvalarr-1.c:81:7: ERROR - conversion from `int' to `struct tag' is not allowed
      ((struct tag)i).x++;
        ^
./d-xtra-nlvalarr-1.c:82:7: ERROR - conversion from `int' to `struct tag' is not allowed
      ((struct tag)i).x--;
        ^
./d-xtra-nlvalarr-1.c:83:7: ERROR - conversion from `int' to `struct tag' is not allowed
      ((struct tag)i).x = ((struct tag)i).x;
        ^
./d-xtra-nlvalarr-1.c:83:27: ERROR - conversion from `int' to `struct tag' is not allowed
      ((struct tag)i).x = ((struct tag)i).x;
                            ^
./d-xtra-nlvalarr-1.c:84:7: ERROR - conversion from `int' to `struct tag' is not allowed
      ((struct tag)i).x < 0;
        ^
./d-xtra-nlvalarr-1.c:85:7: ERROR - conversion from `int' to `struct tag' is not allowed
      ((struct tag)i).x | 0;
        ^
./d-xtra-nlvalarr-1.c:86:7: ERROR - conversion from `int' to `struct tag' is not allowed
      ((struct tag)i).x == 0;
        ^
./d-xtra-nlvalarr-1.c:87:7: ERROR - conversion from `int' to `struct tag' is not allowed
      ((struct tag)i).x % 1;
        ^
./d-xtra-nlvalarr-1.c:88:7: ERROR - conversion from `int' to `struct tag' is not allowed
      ((struct tag)i).x+2 - ((struct tag)1).x;
        ^
./d-xtra-nlvalarr-1.c:88:29: ERROR - conversion from `int' to `struct tag' is not allowed
      ((struct tag)i).x+2 - ((struct tag)1).x;
                              ^
./d-xtra-nlvalarr-1.c:89:7: ERROR - conversion from `int' to `struct tag' is not allowed
      ((struct tag)i).x * 10;
        ^
./d-xtra-nlvalarr-1.c:90:7: ERROR - conversion from `int' to `struct tag' is not allowed
      ((struct tag)i).x / 10;
        ^
./d-xtra-nlvalarr-1.c:91:8: ERROR - conversion from `int' to `struct tag' is not allowed
      +((struct tag)i).x;
         ^
./d-xtra-nlvalarr-1.c:92:8: ERROR - conversion from `int' to `struct tag' is not allowed
      -((struct tag)i).x;
         ^
./d-xtra-nlvalarr-1.c:93:8: ERROR - conversion from `int' to `struct tag' is not allowed
      ~((struct tag)i).x;
         ^
./d-xtra-nlvalarr-1.c:94:8: ERROR - conversion from `int' to `struct tag' is not allowed
      !((struct tag)i).x;
         ^
./d-xtra-nlvalarr-1.c:95:7: ERROR - conversion from `int' to `struct tag' is not allowed
      ((struct tag)i).x();
        ^
./d-xtra-nlvalarr-1.c:96:7: ERROR - conversion from `int' to `struct tag' is not allowed
      ((struct tag)i).x->x;
        ^
./d-xtra-nlvalarr-1.c:98:7: ERROR - conversion from `int' to `array [10] of int' is not allowed
      ((int [10])1);
        ^
./d-xtra-nlvalarr-1.c:99:7: ERROR - conversion from `int' to `array [10] of int' is not allowed
      ((int [10])1)[0];
        ^
./d-xtra-nlvalarr-1.c:100:7: ERROR - conversion from `int' to `array [10] of int' is not allowed
      ((int [10])1)[1];
        ^
./d-xtra-nlvalarr-1.c:101:8: ERROR - conversion from `int' to `array [10] of int' is not allowed
      &((int [10])1);
         ^
./d-xtra-nlvalarr-1.c:102:8: ERROR - conversion from `int' to `array [10] of int' is not allowed
      &((int [10])1)[0];
         ^
./d-xtra-nlvalarr-1.c:103:8: ERROR - conversion from `int' to `array [10] of int' is not allowed
      &((int [10])1)[1];
         ^
./d-xtra-nlvalarr-1.c:104:14: ERROR - conversion from `int' to `array [10] of int' is not allowed
      sizeof(((int [10])1));
               ^
./d-xtra-nlvalarr-1.c:104:5: warning - expression result not used
      sizeof(((int [10])1));
      ^
./d-xtra-nlvalarr-1.c:105:14: ERROR - conversion from `int' to `array [10] of int' is not allowed
      sizeof(((int [10])1)[0]);
               ^
./d-xtra-nlvalarr-1.c:105:5: warning - expression result not used
      sizeof(((int [10])1)[0]);
      ^
./d-xtra-nlvalarr-1.c:106:14: ERROR - conversion from `int' to `array [10] of int' is not allowed
      sizeof(((int [10])1)[1]);
               ^
./d-xtra-nlvalarr-1.c:106:5: warning - expression result not used
      sizeof(((int [10])1)[1]);
      ^
./d-xtra-nlvalarr-1.c:107:7: ERROR - conversion from `int' to `array [10] of int' is not allowed
      ((int [10])1) = 0;
        ^
./d-xtra-nlvalarr-1.c:108:7: ERROR - conversion from `int' to `array [10] of int' is not allowed
      ((int [10])1)[1] = 0;
        ^
./d-xtra-nlvalarr-1.c:109:7: ERROR - conversion from `int' to `array [10] of int' is not allowed
      ((int [10])1)++;
        ^
./d-xtra-nlvalarr-1.c:110:7: ERROR - conversion from `int' to `array [10] of int' is not allowed
      ((int [10])1)--;
        ^
./d-xtra-nlvalarr-1.c:111:7: ERROR - conversion from `int' to `array [10] of int' is not allowed
      ((int [10])1) = ((int [10])1);
        ^
./d-xtra-nlvalarr-1.c:111:23: ERROR - conversion from `int' to `array [10] of int' is not allowed
      ((int [10])1) = ((int [10])1);
                        ^
./d-xtra-nlvalarr-1.c:112:7: ERROR - conversion from `int' to `array [10] of int' is not allowed
      ((int [10])1) < 0;
        ^
./d-xtra-nlvalarr-1.c:113:7: ERROR - conversion from `int' to `array [10] of int' is not allowed
      ((int [10])1) | 0;
        ^
./d-xtra-nlvalarr-1.c:114:7: ERROR - conversion from `int' to `array [10] of int' is not allowed
      ((int [10])1) == 0;
        ^
./d-xtra-nlvalarr-1.c:115:7: ERROR - conversion from `int' to `array [10] of int' is not allowed
      ((int [10])1) % 1;
        ^
./d-xtra-nlvalarr-1.c:116:7: ERROR - conversion from `int' to `array [10] of int' is not allowed
      ((int [10])1)+2 - ((int [10])1);
        ^
./d-xtra-nlvalarr-1.c:116:25: ERROR - conversion from `int' to `array [10] of int' is not allowed
      ((int [10])1)+2 - ((int [10])1);
                          ^
./d-xtra-nlvalarr-1.c:117:7: ERROR - conversion from `int' to `array [10] of int' is not allowed
      ((int [10])1) * 10;
        ^
./d-xtra-nlvalarr-1.c:118:7: ERROR - conversion from `int' to `array [10] of int' is not allowed
      ((int [10])1) / 10;
        ^
./d-xtra-nlvalarr-1.c:119:8: ERROR - conversion from `int' to `array [10] of int' is not allowed
      +((int [10])1);
         ^
./d-xtra-nlvalarr-1.c:120:8: ERROR - conversion from `int' to `array [10] of int' is not allowed
      -((int [10])1);
         ^
./d-xtra-nlvalarr-1.c:121:8: ERROR - conversion from `int' to `array [10] of int' is not allowed
      ~((int [10])1);
         ^
./d-xtra-nlvalarr-1.c:122:8: ERROR - conversion from `int' to `array [10] of int' is not allowed
      !((int [10])1);
         ^
./d-xtra-nlvalarr-1.c:123:7: ERROR - conversion from `int' to `array [10] of int' is not allowed
      ((int [10])1)();
        ^
./d-xtra-nlvalarr-1.c:124:7: ERROR - conversion from `int' to `array [10] of int' is not allowed
      ((int [10])1)->x;
        ^
./d-xtra-nlvalarr-1.c:126:7: ERROR - conversion from `int' to `incomplete array of int' is not allowed
      ((int [])1);
        ^
./d-xtra-nlvalarr-1.c:127:7: ERROR - conversion from `int' to `incomplete array of int' is not allowed
      ((int [])1)[0];
        ^
./d-xtra-nlvalarr-1.c:128:7: ERROR - conversion from `int' to `incomplete array of int' is not allowed
      ((int [])1)[1];
        ^
./d-xtra-nlvalarr-1.c:129:8: ERROR - conversion from `int' to `incomplete array of int' is not allowed
      &((int [])1);
         ^
./d-xtra-nlvalarr-1.c:130:8: ERROR - conversion from `int' to `incomplete array of int' is not allowed
      &((int [])1)[0];
         ^
./d-xtra-nlvalarr-1.c:131:8: ERROR - conversion from `int' to `incomplete array of int' is not allowed
      &((int [])1)[1];
         ^
./d-xtra-nlvalarr-1.c:132:14: ERROR - conversion from `int' to `incomplete array of int' is not allowed
      sizeof(((int [])1));
               ^
./d-xtra-nlvalarr-1.c:132:5: warning - expression result not used
      sizeof(((int [])1));
      ^
./d-xtra-nlvalarr-1.c:133:14: ERROR - conversion from `int' to `incomplete array of int' is not allowed
      sizeof(((int [])1)[0]);
               ^
./d-xtra-nlvalarr-1.c:133:5: warning - expression result not used
      sizeof(((int [])1)[0]);
      ^
./d-xtra-nlvalarr-1.c:134:14: ERROR - conversion from `int' to `incomplete array of int' is not allowed
      sizeof(((int [])1)[1]);
               ^
./d-xtra-nlvalarr-1.c:134:5: warning - expression result not used
      sizeof(((int [])1)[1]);
      ^
./d-xtra-nlvalarr-1.c:135:7: ERROR - conversion from `int' to `incomplete array of int' is not allowed
      ((int [])1) = 0;
        ^
./d-xtra-nlvalarr-1.c:136:7: ERROR - conversion from `int' to `incomplete array of int' is not allowed
      ((int [])1)[1] = 0;
        ^
./d-xtra-nlvalarr-1.c:137:7: ERROR - conversion from `int' to `incomplete array of int' is not allowed
      ((int [])1)++;
        ^
./d-xtra-nlvalarr-1.c:138:7: ERROR - conversion from `int' to `incomplete array of int' is not allowed
      ((int [])1)--;
        ^
./d-xtra-nlvalarr-1.c:139:7: ERROR - conversion from `int' to `incomplete array of int' is not allowed
      ((int [])1) = ((int [])1);
        ^
./d-xtra-nlvalarr-1.c:139:21: ERROR - conversion from `int' to `incomplete array of int' is not allowed
      ((int [])1) = ((int [])1);
                      ^
./d-xtra-nlvalarr-1.c:140:7: ERROR - conversion from `int' to `incomplete array of int' is not allowed
      ((int [])1) < 0;
        ^
./d-xtra-nlvalarr-1.c:141:7: ERROR - conversion from `int' to `incomplete array of int' is not allowed
      ((int [])1) | 0;
        ^
./d-xtra-nlvalarr-1.c:142:7: ERROR - conversion from `int' to `incomplete array of int' is not allowed
      ((int [])1) == 0;
        ^
./d-xtra-nlvalarr-1.c:143:7: ERROR - conversion from `int' to `incomplete array of int' is not allowed
      ((int [])1) % 1;
        ^
./d-xtra-nlvalarr-1.c:144:7: ERROR - conversion from `int' to `incomplete array of int' is not allowed
      ((int [])1)+2 - ((int [])1);
        ^
./d-xtra-nlvalarr-1.c:144:23: ERROR - conversion from `int' to `incomplete array of int' is not allowed
      ((int [])1)+2 - ((int [])1);
                        ^
./d-xtra-nlvalarr-1.c:145:7: ERROR - conversion from `int' to `incomplete array of int' is not allowed
      ((int [])1) * 10;
        ^
./d-xtra-nlvalarr-1.c:146:7: ERROR - conversion from `int' to `incomplete array of int' is not allowed
      ((int [])1) / 10;
        ^
./d-xtra-nlvalarr-1.c:147:8: ERROR - conversion from `int' to `incomplete array of int' is not allowed
      +((int [])1);
         ^
./d-xtra-nlvalarr-1.c:148:8: ERROR - conversion from `int' to `incomplete array of int' is not allowed
      -((int [])1);
         ^
./d-xtra-nlvalarr-1.c:149:8: ERROR - conversion from `int' to `incomplete array of int' is not allowed
      ~((int [])1);
         ^
./d-xtra-nlvalarr-1.c:150:8: ERROR - conversion from `int' to `incomplete array of int' is not allowed
      !((int [])1);
         ^
./d-xtra-nlvalarr-1.c:151:7: ERROR - conversion from `int' to `incomplete array of int' is not allowed
      ((int [])1)();
        ^
./d-xtra-nlvalarr-1.c:152:7: ERROR - conversion from `int' to `incomplete array of int' is not allowed
      ((int [])1)->x;
        ^
./d-xtra-nlvalarr-1.c:154:7: ERROR - conversion from `int' to `array [10] of int' is not allowed
      ((int [10])i);
        ^
./d-xtra-nlvalarr-1.c:155:7: ERROR - conversion from `int' to `array [10] of int' is not allowed
      ((int [10])i)[0];
        ^
./d-xtra-nlvalarr-1.c:156:7: ERROR - conversion from `int' to `array [10] of int' is not allowed
      ((int [10])i)[1];
        ^
./d-xtra-nlvalarr-1.c:157:8: ERROR - conversion from `int' to `array [10] of int' is not allowed
      &((int [10])i);
         ^
./d-xtra-nlvalarr-1.c:158:8: ERROR - conversion from `int' to `array [10] of int' is not allowed
      &((int [10])i)[0];
         ^
./d-xtra-nlvalarr-1.c:159:8: ERROR - conversion from `int' to `array [10] of int' is not allowed
      &((int [10])i)[1];
         ^
./d-xtra-nlvalarr-1.c:160:14: ERROR - conversion from `int' to `array [10] of int' is not allowed
      sizeof(((int [10])i));
               ^
./d-xtra-nlvalarr-1.c:160:5: warning - expression result not used
      sizeof(((int [10])i));
      ^
./d-xtra-nlvalarr-1.c:161:14: ERROR - conversion from `int' to `array [10] of int' is not allowed
      sizeof(((int [10])i)[0]);
               ^
./d-xtra-nlvalarr-1.c:161:5: warning - expression result not used
      sizeof(((int [10])i)[0]);
      ^
./d-xtra-nlvalarr-1.c:162:14: ERROR - conversion from `int' to `array [10] of int' is not allowed
      sizeof(((int [10])i)[1]);
               ^
./d-xtra-nlvalarr-1.c:162:5: warning - expression result not used
      sizeof(((int [10])i)[1]);
      ^
./d-xtra-nlvalarr-1.c:163:7: ERROR - conversion from `int' to `array [10] of int' is not allowed
      ((int [10])i) = 0;
        ^
./d-xtra-nlvalarr-1.c:164:7: ERROR - conversion from `int' to `array [10] of int' is not allowed
      ((int [10])i)[1] = 0;
        ^
./d-xtra-nlvalarr-1.c:165:7: ERROR - conversion from `int' to `array [10] of int' is not allowed
      ((int [10])i)++;
        ^
./d-xtra-nlvalarr-1.c:166:7: ERROR - conversion from `int' to `array [10] of int' is not allowed
      ((int [10])i)--;
        ^
./d-xtra-nlvalarr-1.c:167:7: ERROR - conversion from `int' to `array [10] of int' is not allowed
      ((int [10])i) = ((int [10])i);
        ^
./d-xtra-nlvalarr-1.c:167:23: ERROR - conversion from `int' to `array [10] of int' is not allowed
      ((int [10])i) = ((int [10])i);
                        ^
./d-xtra-nlvalarr-1.c:168:7: ERROR - conversion from `int' to `array [10] of int' is not allowed
      ((int [10])i) < 0;
        ^
./d-xtra-nlvalarr-1.c:169:7: ERROR - conversion from `int' to `array [10] of int' is not allowed
      ((int [10])i) | 0;
        ^
./d-xtra-nlvalarr-1.c:170:7: ERROR - conversion from `int' to `array [10] of int' is not allowed
      ((int [10])i) == 0;
        ^
./d-xtra-nlvalarr-1.c:171:7: ERROR - conversion from `int' to `array [10] of int' is not allowed
      ((int [10])i) % 1;
        ^
./d-xtra-nlvalarr-1.c:172:7: ERROR - conversion from `int' to `array [10] of int' is not allowed
      ((int [10])i)+2 - ((int [10])i);
        ^
./d-xtra-nlvalarr-1.c:172:25: ERROR - conversion from `int' to `array [10] of int' is not allowed
      ((int [10])i)+2 - ((int [10])i);
                          ^
./d-xtra-nlvalarr-1.c:173:7: ERROR - conversion from `int' to `array [10] of int' is not allowed
      ((int [10])i) * 10;
        ^
./d-xtra-nlvalarr-1.c:174:7: ERROR - conversion from `int' to `array [10] of int' is not allowed
      ((int [10])i) / 10;
        ^
./d-xtra-nlvalarr-1.c:175:8: ERROR - conversion from `int' to `array [10] of int' is not allowed
      +((int [10])i);
         ^
./d-xtra-nlvalarr-1.c:176:8: ERROR - conversion from `int' to `array [10] of int' is not allowed
      -((int [10])i);
         ^
./d-xtra-nlvalarr-1.c:177:8: ERROR - conversion from `int' to `array [10] of int' is not allowed
      ~((int [10])i);
         ^
./d-xtra-nlvalarr-1.c:178:8: ERROR - conversion from `int' to `array [10] of int' is not allowed
      !((int [10])i);
         ^
./d-xtra-nlvalarr-1.c:179:7: ERROR - conversion from `int' to `array [10] of int' is not allowed
      ((int [10])i)();
        ^
./d-xtra-nlvalarr-1.c:180:7: ERROR - conversion from `int' to `array [10] of int' is not allowed
      ((int [10])i)->x;
        ^
./d-xtra-nlvalarr-1.c:182:7: ERROR - conversion from `int' to `incomplete array of int' is not allowed
      ((int [])i);
        ^
./d-xtra-nlvalarr-1.c:183:7: ERROR - conversion from `int' to `incomplete array of int' is not allowed
      ((int [])i)[0];
        ^
./d-xtra-nlvalarr-1.c:184:7: ERROR - conversion from `int' to `incomplete array of int' is not allowed
      ((int [])i)[1];
        ^
./d-xtra-nlvalarr-1.c:185:8: ERROR - conversion from `int' to `incomplete array of int' is not allowed
      &((int [])i);
         ^
./d-xtra-nlvalarr-1.c:186:8: ERROR - conversion from `int' to `incomplete array of int' is not allowed
      &((int [])i)[0];
         ^
./d-xtra-nlvalarr-1.c:187:8: ERROR - conversion from `int' to `incomplete array of int' is not allowed
      &((int [])i)[1];
         ^
./d-xtra-nlvalarr-1.c:188:14: ERROR - conversion from `int' to `incomplete array of int' is not allowed
      sizeof(((int [])i));
               ^
./d-xtra-nlvalarr-1.c:188:5: warning - expression result not used
      sizeof(((int [])i));
      ^
./d-xtra-nlvalarr-1.c:189:14: ERROR - conversion from `int' to `incomplete array of int' is not allowed
      sizeof(((int [])i)[0]);
               ^
./d-xtra-nlvalarr-1.c:189:5: warning - expression result not used
      sizeof(((int [])i)[0]);
      ^
./d-xtra-nlvalarr-1.c:190:14: ERROR - conversion from `int' to `incomplete array of int' is not allowed
      sizeof(((int [])i)[1]);
               ^
./d-xtra-nlvalarr-1.c:190:5: warning - expression result not used
      sizeof(((int [])i)[1]);
      ^
./d-xtra-nlvalarr-1.c:191:7: ERROR - conversion from `int' to `incomplete array of int' is not allowed
      ((int [])i) = 0;
        ^
./d-xtra-nlvalarr-1.c:192:7: ERROR - conversion from `int' to `incomplete array of int' is not allowed
      ((int [])i)[1] = 0;
        ^
./d-xtra-nlvalarr-1.c:193:7: ERROR - conversion from `int' to `incomplete array of int' is not allowed
      ((int [])i)++;
        ^
./d-xtra-nlvalarr-1.c:194:7: ERROR - conversion from `int' to `incomplete array of int' is not allowed
      ((int [])i)--;
        ^
./d-xtra-nlvalarr-1.c:195:7: ERROR - conversion from `int' to `incomplete array of int' is not allowed
      ((int [])i) = ((int [])i);
        ^
./d-xtra-nlvalarr-1.c:195:21: ERROR - conversion from `int' to `incomplete array of int' is not allowed
      ((int [])i) = ((int [])i);
                      ^
./d-xtra-nlvalarr-1.c:196:7: ERROR - conversion from `int' to `incomplete array of int' is not allowed
      ((int [])i) < 0;
        ^
./d-xtra-nlvalarr-1.c:197:7: ERROR - conversion from `int' to `incomplete array of int' is not allowed
      ((int [])i) | 0;
        ^
./d-xtra-nlvalarr-1.c:198:7: ERROR - conversion from `int' to `incomplete array of int' is not allowed
      ((int [])i) == 0;
        ^
./d-xtra-nlvalarr-1.c:199:7: ERROR - conversion from `int' to `incomplete array of int' is not allowed
      ((int [])i) % 1;
        ^
./d-xtra-nlvalarr-1.c:200:7: ERROR - conversion from `int' to `incomplete array of int' is not allowed
      ((int [])i)+2 - ((int [])i);
        ^
./d-xtra-nlvalarr-1.c:200:23: ERROR - conversion from `int' to `incomplete array of int' is not allowed
      ((int [])i)+2 - ((int [])i);
                        ^
./d-xtra-nlvalarr-1.c:201:7: ERROR - conversion from `int' to `incomplete array of int' is not allowed
      ((int [])i) * 10;
        ^
./d-xtra-nlvalarr-1.c:202:7: ERROR - conversion from `int' to `incomplete array of int' is not allowed
      ((int [])i) / 10;
        ^
./d-xtra-nlvalarr-1.c:203:8: ERROR - conversion from `int' to `incomplete array of int' is not allowed
      +((int [])i);
         ^
./d-xtra-nlvalarr-1.c:204:8: ERROR - conversion from `int' to `incomplete array of int' is not allowed
      -((int [])i);
         ^
./d-xtra-nlvalarr-1.c:205:8: ERROR - conversion from `int' to `incomplete array of int' is not allowed
      ~((int [])i);
         ^
./d-xtra-nlvalarr-1.c:206:8: ERROR - conversion from `int' to `incomplete array of int' is not allowed
      !((int [])i);
         ^
./d-xtra-nlvalarr-1.c:207:7: ERROR - conversion from `int' to `incomplete array of int' is not allowed
      ((int [])i)();
        ^
./d-xtra-nlvalarr-1.c:208:7: ERROR - conversion from `int' to `incomplete array of int' is not allowed
      ((int [])i)->x;
        ^
