./d-xtra-invcast-13.c:12:8: ERROR - conversion from `void' to `struct tag' is not allowed
      f((struct tag)x);
         ^
./d-xtra-invcast-13.c:13:8: ERROR - conversion from `void' to `struct tag' is not allowed
      f((struct tag)(void)1);
         ^
./d-xtra-invcast-13.c:14:8: ERROR - conversion from `void' to `struct tag' is not allowed
      f((struct tag)f1());
         ^
./d-xtra-invcast-13.c:15:8: ERROR - conversion from `void' to `struct tag' is not allowed
      f((struct tag)(z? x: x));
         ^
./d-xtra-invcast-13.c:16:8: ERROR - conversion from `void' to `struct tag' is not allowed
      f((struct tag)(z? (void)1: (void)1));
         ^
./d-xtra-invcast-13.c:17:8: ERROR - conversion from `void' to `struct tag' is not allowed
      f((struct tag)(z? f1(): f1()));
         ^
./d-xtra-invcast-13.c:10:17: warning - object `x' referenced but cannot be defined
      extern void x;
                  ^
./d-xtra-invcast-13.c:26:8: ERROR - conversion from `double' to `struct tag' is not allowed
      f((struct tag)x);
         ^
./d-xtra-invcast-13.c:27:8: ERROR - conversion from `double' to `struct tag' is not allowed
      f((struct tag)1.0);
         ^
./d-xtra-invcast-13.c:28:8: ERROR - conversion from `double' to `struct tag' is not allowed
      f((struct tag)ff());
         ^
./d-xtra-invcast-13.c:29:8: ERROR - conversion from `double' to `struct tag' is not allowed
      f((struct tag)(x? x: x));
         ^
./d-xtra-invcast-13.c:30:8: ERROR - conversion from `double' to `struct tag' is not allowed
      f((struct tag)(x? 1.0: 1.0));
         ^
./d-xtra-invcast-13.c:31:8: ERROR - conversion from `double' to `struct tag' is not allowed
      f((struct tag)(x? ff(): ff()));
         ^
./d-xtra-invcast-13.c:40:8: ERROR - conversion from `int' to `struct tag' is not allowed
      f((struct tag)x);
         ^
./d-xtra-invcast-13.c:41:8: ERROR - conversion from `int' to `struct tag' is not allowed
      f((struct tag)1);
         ^
./d-xtra-invcast-13.c:42:8: ERROR - conversion from `int' to `struct tag' is not allowed
      f((struct tag)fi());
         ^
./d-xtra-invcast-13.c:43:8: ERROR - conversion from `int' to `struct tag' is not allowed
      f((struct tag)(x? x: x));
         ^
./d-xtra-invcast-13.c:44:8: ERROR - conversion from `int' to `struct tag' is not allowed
      f((struct tag)(x? 1: 1));
         ^
./d-xtra-invcast-13.c:45:8: ERROR - conversion from `int' to `struct tag' is not allowed
      f((struct tag)(x? fi(): fi()));
         ^
./d-xtra-invcast-13.c:54:8: ERROR - conversion from `pointer to int' to `struct tag' is not allowed
      f((struct tag)x);
         ^
./d-xtra-invcast-13.c:55:8: ERROR - conversion from `pointer to void' to `struct tag' is not allowed
      f((struct tag)(void *)1);
         ^
./d-xtra-invcast-13.c:56:8: ERROR - conversion from `pointer to void' to `struct tag' is not allowed
      f((struct tag)fp());
         ^
./d-xtra-invcast-13.c:57:8: ERROR - conversion from `pointer to int' to `struct tag' is not allowed
      f((struct tag)(x? x: x));
         ^
./d-xtra-invcast-13.c:58:8: ERROR - conversion from `pointer to void' to `struct tag' is not allowed
      f((struct tag)(x? (void *)1: (void *)1));
         ^
./d-xtra-invcast-13.c:59:8: ERROR - conversion from `pointer to void' to `struct tag' is not allowed
      f((struct tag)(x? fp(): fp()));
         ^
