./d-xtra-diag-2.c:4:8: ERROR - redeclaration of `foo'
  enum { foo };
         ^~~
./d-xtra-diag-2.c:3:5: note - previous declaration was here
  int foo;
      ^~~
./d-xtra-diag-2.c:8:16: ERROR - integer constant expression required for enum constant
      bar = fred >> 2,
                 ^~
./d-xtra-diag-2.c:9:15: warning - integer constant expression requried for enum constant
      barbar = (int)(3.14 - 3.14),
                ^~~
./d-xtra-diag-2.c:10:25: warning - overflow in constant expression
      foobar = 0x7fffffff + 1,
                          ^
./d-xtra-diag-2.c:12:5: ERROR - overflow in value for enum constant `over'
      over,
      ^~~~
./d-xtra-diag-2.c:12:9: warning - C90 disallows extraneous comma at enumerator list
      over,
          ^
./d-xtra-diag-2.c:13:2: ERROR - syntax error; expected `;' before `enum'
  }
   ^
./d-xtra-diag-2.c:15:7: ERROR - empty declaration
  enum x;
        ^
./d-xtra-diag-2.c:17:5: ERROR - missing enum tag
  enum *p;
      ^
./d-xtra-diag-2.c:20:7: warning - identifier is too long
  union a234567891123456789212345678931235 { int x; };
        ^~~~~~~~~~~~~~~~~~~~~~~~~~~~~~~~~~
./d-xtra-diag-2.c: note - ISO C guarantees only 31 significant characters
./d-xtra-diag-2.c:19:6: note - see `a234567891123456789212345678931234' declared here
  enum a234567891123456789212345678931234 { A };
       ^~~~~~~~~~~~~~~~~~~~~~~~~~~~~~~~~~
