./d-xtra-experr-1.c:11:6: warning - implicit declaration of a function
      (x11() + f) * f;
       ^
./d-xtra-experr-1.c:11:6: warning - missing prototype
      (x11() + f) * f;
       ^
./d-xtra-experr-1.c:11:12: ERROR - operands of + have illegal types `int' and `pointer to function(void) returning void'
      (x11() + f) * f;
             ^
./d-xtra-experr-1.c:11:17: ERROR - operands of * have illegal types `pointer to function(void) returning void' and `pointer to function(void) returning void'
      (x11() + f) * f;
                  ^
./d-xtra-experr-1.c:11:12: warning - expression result not used
      (x11() + f) * f;
             ^
./d-xtra-experr-1.c:12:8: ERROR - operands of + have illegal types `pointer to function(void) returning void' and `pointer to function(void) returning void'
      (f + f) * x12();
         ^
./d-xtra-experr-1.c:12:15: warning - implicit declaration of a function
      (f + f) * x12();
                ^
./d-xtra-experr-1.c:12:15: warning - missing prototype
      (f + f) * x12();
                ^
./d-xtra-experr-1.c:12:13: ERROR - operands of * have illegal types `pointer to function(void) returning void' and `int'
      (f + f) * x12();
              ^
./d-xtra-experr-1.c:12:8: warning - expression result not used
      (f + f) * x12();
         ^
./d-xtra-experr-1.c:14:6: ERROR - undeclared identifier `x14'
      (x14 + f) / f;
       ^
./d-xtra-experr-1.c:14:10: ERROR - operands of + have illegal types `int' and `pointer to function(void) returning void'
      (x14 + f) / f;
           ^
./d-xtra-experr-1.c:14:15: ERROR - operands of / have illegal types `pointer to function(void) returning void' and `pointer to function(void) returning void'
      (x14 + f) / f;
                ^
./d-xtra-experr-1.c:14:10: warning - expression result not used
      (x14 + f) / f;
           ^
./d-xtra-experr-1.c:15:8: ERROR - operands of + have illegal types `pointer to function(void) returning void' and `pointer to function(void) returning void'
      (f + f) / x15;
         ^
./d-xtra-experr-1.c:15:15: ERROR - undeclared identifier `x15'
      (f + f) / x15;
                ^
./d-xtra-experr-1.c:15:13: ERROR - operands of / have illegal types `pointer to function(void) returning void' and `int'
      (f + f) / x15;
              ^
./d-xtra-experr-1.c:15:8: warning - expression result not used
      (f + f) / x15;
         ^
./d-xtra-experr-1.c:17:7: ERROR - illegal use of type name `x6'
      (*x6 + f) % f;
        ^
./d-xtra-experr-1.c:17:6: ERROR - pointer required but `double' given
      (*x6 + f) % f;
       ^
./d-xtra-experr-1.c:17:10: ERROR - operands of + have illegal types `x6' (aka `double') and `pointer to function(void) returning void'
      (*x6 + f) % f;
           ^
./d-xtra-experr-1.c:17:15: ERROR - operands of % have illegal types `pointer to function(void) returning void' and `pointer to function(void) returning void'
      (*x6 + f) % f;
                ^
./d-xtra-experr-1.c:17:10: warning - expression result not used
      (*x6 + f) % f;
           ^
./d-xtra-experr-1.c:18:8: ERROR - operands of + have illegal types `pointer to function(void) returning void' and `pointer to function(void) returning void'
      (f + f) % *x6;
         ^
./d-xtra-experr-1.c:18:16: ERROR - illegal use of type name `x6'
      (f + f) % *x6;
                 ^
./d-xtra-experr-1.c:18:15: ERROR - pointer required but `double' given
      (f + f) % *x6;
                ^
./d-xtra-experr-1.c:18:13: ERROR - operands of % have illegal types `pointer to function(void) returning void' and `x6' (aka `double')
      (f + f) % *x6;
              ^
./d-xtra-experr-1.c:18:8: warning - expression result not used
      (f + f) % *x6;
         ^
./d-xtra-experr-1.c:20:11: ERROR - invalid expression
      (x5 + []) - f;
            ^
./d-xtra-experr-1.c:20:12: ERROR - invalid expression
      (x5 + []) - f;
             ^
./d-xtra-experr-1.c:20:11: ERROR - pointer required but `int' given
      (x5 + []) - f;
            ^
./d-xtra-experr-1.c:20:15: ERROR - operands of - have illegal types `int' and `pointer to function(void) returning void'
      (x5 + []) - f;
                ^
./d-xtra-experr-1.c:20:15: warning - expression result not used
      (x5 + []) - f;
                ^
./d-xtra-experr-1.c:21:9: ERROR - operands of + have illegal types `short' and `pointer to function(void) returning void'
      (x5 + f) - [];
          ^
./d-xtra-experr-1.c:21:16: ERROR - invalid expression
      (x5 + f) - [];
                 ^
./d-xtra-experr-1.c:21:17: ERROR - invalid expression
      (x5 + f) - [];
                  ^
./d-xtra-experr-1.c:21:16: ERROR - pointer required but `int' given
      (x5 + f) - [];
                 ^
./d-xtra-experr-1.c:21:14: ERROR - operands of - have illegal types `pointer to function(void) returning void' and `int'
      (x5 + f) - [];
               ^
./d-xtra-experr-1.c:21:9: warning - expression result not used
      (x5 + f) - [];
          ^
./d-xtra-experr-1.c:23:7: ERROR - operand of unary ++ has illegal type `pointer to function(void) returning void'
      (f++)++;
        ^
./d-xtra-experr-1.c:23:7: ERROR - lvalue required
      (f++)++;
        ^
./d-xtra-experr-1.c:23:10: ERROR - operand of unary ++ has illegal type `pointer to function(void) returning void'
      (f++)++;
           ^
./d-xtra-experr-1.c:23:10: ERROR - lvalue required
      (f++)++;
           ^
./d-xtra-experr-1.c:24:8: ERROR - operands of + have illegal types `pointer to function(void) returning void' and `pointer to function(void) returning void'
      (f + f)++;
         ^
./d-xtra-experr-1.c:24:12: ERROR - operand of unary ++ has illegal type `pointer to function(void) returning void'
      (f + f)++;
             ^
./d-xtra-experr-1.c:24:12: ERROR - lvalue required
      (f + f)++;
             ^
./d-xtra-experr-1.c:25:7: ERROR - operand of unary -- has illegal type `pointer to function(void) returning void'
      (f--)--;
        ^
./d-xtra-experr-1.c:25:7: ERROR - lvalue required
      (f--)--;
        ^
./d-xtra-experr-1.c:25:10: ERROR - operand of unary -- has illegal type `pointer to function(void) returning void'
      (f--)--;
           ^
./d-xtra-experr-1.c:25:10: ERROR - lvalue required
      (f--)--;
           ^
./d-xtra-experr-1.c:26:8: ERROR - operands of / have illegal types `pointer to function(void) returning void' and `pointer to function(void) returning void'
      (f / f)--;
         ^
./d-xtra-experr-1.c:26:12: ERROR - operand of unary -- has illegal type `pointer to function(void) returning void'
      (f / f)--;
             ^
./d-xtra-experr-1.c:26:12: ERROR - lvalue required
      (f / f)--;
             ^
./d-xtra-experr-1.c:28:7: ERROR - pointer required but `int' given
      x5[x5][x5];
        ^
./d-xtra-experr-1.c:28:11: ERROR - pointer required but `int' given
      x5[x5][x5];
            ^
./d-xtra-experr-1.c:28:11: warning - expression result not used
      x5[x5][x5];
            ^
./d-xtra-experr-1.c:29:8: ERROR - operands of + have illegal types `pointer to function(void) returning void' and `pointer to function(void) returning void'
      (f + f)[x5];
         ^
./d-xtra-experr-1.c:29:12: ERROR - operands of [] have illegal types `short' and `pointer to function(void) returning void'
      (f + f)[x5];
             ^
./d-xtra-experr-1.c:29:8: warning - expression result not used
      (f + f)[x5];
         ^
./d-xtra-experr-1.c:31:5: ERROR - function or function pointer required
      x5() - p;
      ^
./d-xtra-experr-1.c:31:10: ERROR - operands of - have illegal types `void' and `pointer to short'
      x5() - p;
           ^
./d-xtra-experr-1.c:31:12: warning - expression result not used
      x5() - p;
             ^
./d-xtra-experr-1.c:32:9: ERROR - operands of - have illegal types `short' and `pointer to short'
      (x5 - p)();
          ^
./d-xtra-experr-1.c:32:9: ERROR - function or function pointer required
      (x5 - p)();
          ^
./d-xtra-experr-1.c:34:7: ERROR - struct or union required but `short' given
      x5.m + f;
        ^
./d-xtra-experr-1.c:34:10: ERROR - operands of + have illegal types `short' and `pointer to function(void) returning void'
      x5.m + f;
           ^
./d-xtra-experr-1.c:34:10: warning - expression result not used
      x5.m + f;
           ^
./d-xtra-experr-1.c:35:9: ERROR - operands of + have illegal types `short' and `pointer to function(void) returning void'
      (x5 + f).m;
          ^
./d-xtra-experr-1.c:35:13: ERROR - struct or union required but `pointer' given
      (x5 + f).m;
              ^
./d-xtra-experr-1.c:35:9: warning - expression result not used
      (x5 + f).m;
          ^
./d-xtra-experr-1.c:37:7: ERROR - struct or union pointer required but `short' given
      x5->m - f;
        ^
./d-xtra-experr-1.c:37:11: ERROR - operands of - have illegal types `short' and `pointer to function(void) returning void'
      x5->m - f;
            ^
./d-xtra-experr-1.c:37:11: warning - expression result not used
      x5->m - f;
            ^
./d-xtra-experr-1.c:38:9: ERROR - operands of | have illegal types `short' and `pointer to function(void) returning void'
      (x5 | f)->m;
          ^
./d-xtra-experr-1.c:38:13: ERROR - struct or union pointer required but `pointer' given
      (x5 | f)->m;
              ^
./d-xtra-experr-1.c:38:9: warning - expression result not used
      (x5 | f)->m;
          ^
./d-xtra-experr-1.c:40:6: ERROR - pointer required but `float' given
      ~*x7;
       ^
./d-xtra-experr-1.c:40:5: ERROR - operand of unary ~ has illegal type `float'
      ~*x7;
      ^
./d-xtra-experr-1.c:40:6: warning - expression result not used
      ~*x7;
       ^
./d-xtra-experr-1.c:41:6: ERROR - operand of unary ~ has illegal type `float'
      *~x7;
       ^
./d-xtra-experr-1.c:41:5: ERROR - pointer required but `float' given
      *~x7;
      ^
./d-xtra-experr-1.c:41:5: warning - expression result not used
      *~x7;
      ^
./d-xtra-experr-1.c:43:6: ERROR - lvalue required
      (&1)();
       ^
./d-xtra-experr-1.c:43:6: ERROR - function or function pointer required
      (&1)();
       ^
./d-xtra-experr-1.c:44:6: ERROR - operand of unary ~ has illegal type `float'
      &~x7;
       ^
./d-xtra-experr-1.c:44:5: ERROR - lvalue required
      &~x7;
      ^
./d-xtra-experr-1.c:44:7: warning - expression result not used
      &~x7;
        ^
./d-xtra-experr-1.c:46:6: ERROR - operand of unary + has illegal type `pointer to function(void) returning void'
      (+f)++;
       ^
./d-xtra-experr-1.c:46:9: ERROR - operand of unary ++ has illegal type `pointer to function(void) returning void'
      (+f)++;
          ^
./d-xtra-experr-1.c:46:9: ERROR - lvalue required
      (+f)++;
          ^
./d-xtra-experr-1.c:47:7: ERROR - operand of unary ++ has illegal type `pointer to function(void) returning void'
      +(++f);
        ^
./d-xtra-experr-1.c:47:7: ERROR - lvalue required
      +(++f);
        ^
./d-xtra-experr-1.c:47:5: ERROR - operand of unary + has illegal type `pointer to function(void) returning void'
      +(++f);
      ^
./d-xtra-experr-1.c:49:6: ERROR - operand of unary - has illegal type `pointer to function(void) returning void'
      (-f)--;
       ^
./d-xtra-experr-1.c:49:9: ERROR - operand of unary -- has illegal type `pointer to function(void) returning void'
      (-f)--;
          ^
./d-xtra-experr-1.c:49:9: ERROR - lvalue required
      (-f)--;
          ^
./d-xtra-experr-1.c:50:7: ERROR - operand of unary -- has illegal type `pointer to function(void) returning void'
      -(--f);
        ^
./d-xtra-experr-1.c:50:7: ERROR - lvalue required
      -(--f);
        ^
./d-xtra-experr-1.c:50:5: ERROR - operand of unary - has illegal type `pointer to function(void) returning void'
      -(--f);
      ^
./d-xtra-experr-1.c:52:6: ERROR - operand of unary ! has illegal type `struct defined at ./d-xtra-experr-1.c:8:12'
      (!s).m;
       ^
./d-xtra-experr-1.c:52:9: ERROR - struct or union required but `int' given
      (!s).m;
          ^
./d-xtra-experr-1.c:52:7: warning - expression result not used
      (!s).m;
        ^
./d-xtra-experr-1.c:53:9: ERROR - operands of + have illegal types `struct defined at ./d-xtra-experr-1.c:8:12' and `struct defined at ./d-xtra-experr-1.c:8:12'
      !(s + s);
          ^
./d-xtra-experr-1.c:53:5: ERROR - operand of unary ! has illegal type `struct defined at ./d-xtra-experr-1.c:8:12'
      !(s + s);
      ^
./d-xtra-experr-1.c:53:7: warning - expression result not used
      !(s + s);
        ^
./d-xtra-experr-1.c:55:8: ERROR - operand of unary ++ has illegal type `pointer to function(void) returning void'
      ++(++f);
         ^
./d-xtra-experr-1.c:55:8: ERROR - lvalue required
      ++(++f);
         ^
./d-xtra-experr-1.c:55:5: ERROR - operand of unary ++ has illegal type `pointer to function(void) returning void'
      ++(++f);
      ^
./d-xtra-experr-1.c:55:5: ERROR - lvalue required
      ++(++f);
      ^
./d-xtra-experr-1.c:56:8: ERROR - operand of unary -- has illegal type `pointer to function(void) returning void'
      --(--f);
         ^
./d-xtra-experr-1.c:56:8: ERROR - lvalue required
      --(--f);
         ^
./d-xtra-experr-1.c:56:5: ERROR - operand of unary -- has illegal type `pointer to function(void) returning void'
      --(--f);
      ^
./d-xtra-experr-1.c:56:5: ERROR - lvalue required
      --(--f);
      ^
./d-xtra-experr-1.c:58:12: ERROR - invalid operand given to sizeof
      sizeof(f) + f;
             ^
./d-xtra-experr-1.c:58:15: ERROR - operands of + have illegal types `unsigned long' and `pointer to function(void) returning void'
      sizeof(f) + f;
                ^
./d-xtra-experr-1.c:58:15: warning - expression result not used
      sizeof(f) + f;
                ^
./d-xtra-experr-1.c:59:16: ERROR - operands of + have illegal types `incomplete struct tag' and `incomplete struct tag'
      sizeof(*ps + *ps);
                 ^
./d-xtra-experr-1.c:59:16: ERROR - invalid operand given to sizeof
      sizeof(*ps + *ps);
                 ^
./d-xtra-experr-1.c:59:5: warning - expression result not used
      sizeof(*ps + *ps);
      ^
./d-xtra-experr-1.c:61:7: ERROR - conversion from `int' to `array [10] of int' is not allowed
      ((int [10])0)[x7];
        ^
./d-xtra-experr-1.c:61:18: ERROR - operands of [] have illegal types `pointer to int' and `float'
      ((int [10])0)[x7];
                   ^
./d-xtra-experr-1.c:61:18: warning - expression result not used
      ((int [10])0)[x7];
                   ^
./d-xtra-experr-1.c:62:17: ERROR - operands of [] have illegal types `pointer to short' and `float'
      (int [10])(p[x7]);
                  ^
./d-xtra-experr-1.c:62:6: ERROR - conversion from `short' to `array [10] of int' is not allowed
      (int [10])(p[x7]);
       ^
./d-xtra-experr-1.c:62:17: warning - expression result not used
      (int [10])(p[x7]);
                  ^
./d-xtra-experr-1.c:64:8: ERROR - operands of ^ have illegal types `pointer to function(void) returning void' and `pointer to function(void) returning void'
      (f ^ f) + 1;
         ^
./d-xtra-experr-1.c:64:13: ERROR - operands of + have illegal types `int' and `pointer to function(void) returning void'
      (f ^ f) + 1;
              ^
./d-xtra-experr-1.c:64:8: warning - expression result not used
      (f ^ f) + 1;
         ^
./d-xtra-experr-1.c:65:8: ERROR - operands of + have illegal types `int' and `pointer to function(void) returning void'
      (f + 1) ^ f;
         ^
./d-xtra-experr-1.c:65:13: ERROR - operands of ^ have illegal types `pointer to function(void) returning void' and `pointer to function(void) returning void'
      (f + 1) ^ f;
              ^
./d-xtra-experr-1.c:65:8: warning - expression result not used
      (f + 1) ^ f;
         ^
./d-xtra-experr-1.c:67:8: ERROR - operands of / have illegal types `pointer to function(void) returning void' and `pointer to function(void) returning void'
      (f / f) + 1;
         ^
./d-xtra-experr-1.c:67:13: ERROR - operands of + have illegal types `int' and `pointer to function(void) returning void'
      (f / f) + 1;
              ^
./d-xtra-experr-1.c:67:8: warning - expression result not used
      (f / f) + 1;
         ^
./d-xtra-experr-1.c:68:8: ERROR - operands of + have illegal types `int' and `pointer to function(void) returning void'
      (f + 1) / f;
         ^
./d-xtra-experr-1.c:68:13: ERROR - operands of / have illegal types `pointer to function(void) returning void' and `pointer to function(void) returning void'
      (f + 1) / f;
              ^
./d-xtra-experr-1.c:68:8: warning - expression result not used
      (f + 1) / f;
         ^
./d-xtra-experr-1.c:70:6: ERROR - left operand of && has illegal type `struct defined at ./d-xtra-experr-1.c:8:12'; assumed true
      (s && f) || s;
       ^
./d-xtra-experr-1.c:70:11: warning - address of `f' always results in true
      (s && f) || s;
            ^
./d-xtra-experr-1.c:70:17: ERROR - right operand of || has illegal type `struct defined at ./d-xtra-experr-1.c:8:12'; assumed true
      (s && f) || s;
                  ^
./d-xtra-experr-1.c:70:14: warning - expression result not used
      (s && f) || s;
               ^
./d-xtra-experr-1.c:71:8: ERROR - operands of + have illegal types `int' and `pointer to function(void) returning void'
      (f + 1) || s;
         ^
./d-xtra-experr-1.c:71:16: ERROR - right operand of || has illegal type `struct defined at ./d-xtra-experr-1.c:8:12'; assumed true
      (f + 1) || s;
                 ^
./d-xtra-experr-1.c:71:13: warning - expression result not used
      (f + 1) || s;
              ^
./d-xtra-experr-1.c:73:8: ERROR - operands of < have illegal types `pointer to function(void) returning void' and `int'
      (f < 0) << f;
         ^
./d-xtra-experr-1.c:73:13: ERROR - operands of << have illegal types `int' and `pointer to function(void) returning void'
      (f < 0) << f;
              ^
./d-xtra-experr-1.c:73:8: warning - expression result not used
      (f < 0) << f;
         ^
./d-xtra-experr-1.c:73:10: warning - expression result not used
      (f < 0) << f;
           ^
./d-xtra-experr-1.c:74:8: ERROR - operands of << have illegal types `pointer to function(void) returning void' and `int'
      (f << 0) < 0;
         ^
./d-xtra-experr-1.c:74:14: ERROR - operands of < have illegal types `pointer to function(void) returning void' and `int'
      (f << 0) < 0;
               ^
./d-xtra-experr-1.c:74:8: warning - expression result not used
      (f << 0) < 0;
         ^
./d-xtra-experr-1.c:74:16: warning - expression result not used
      (f << 0) < 0;
                 ^
./d-xtra-experr-1.c:76:8: ERROR - operands of = have illegal types `struct defined at ./d-xtra-experr-1.c:8:12' and `int'
      (s = 0) > 0;
         ^
./d-xtra-experr-1.c:76:13: ERROR - operands of > have illegal types `struct defined at ./d-xtra-experr-1.c:8:12' and `int'
      (s = 0) > 0;
              ^
./d-xtra-experr-1.c:76:6: warning - expression result not used
      (s = 0) > 0;
       ^
./d-xtra-experr-1.c:76:15: warning - expression result not used
      (s = 0) > 0;
                ^
./d-xtra-experr-1.c:77:9: ERROR - operands of > have illegal types `struct defined at ./d-xtra-experr-1.c:8:12' and `int'
      *(s > 0) = f;
          ^
./d-xtra-experr-1.c:77:5: ERROR - pointer required but `int' given
      *(s > 0) = f;
      ^
./d-xtra-experr-1.c:77:14: ERROR - operands of = have illegal types `int' and `pointer to function(void) returning void'
      *(s > 0) = f;
               ^
./d-xtra-experr-1.c:77:5: warning - expression result not used
      *(s > 0) = f;
      ^
./d-xtra-experr-1.c:77:7: warning - expression result not used
      *(s > 0) = f;
        ^
./d-xtra-experr-1.c:78:10: ERROR - assignment of incomplete type is not allowed
      (*ps = *ps)[0];
           ^
./d-xtra-experr-1.c:78:16: ERROR - operands of [] have illegal types `incomplete struct tag' and `int'
      (*ps = *ps)[0];
                 ^
./d-xtra-experr-1.c:78:16: ERROR - pointer required but `struct' given
      (*ps = *ps)[0];
                 ^
./d-xtra-experr-1.c:78:16: warning - reference to incomplete type elided
      (*ps = *ps)[0];
                 ^
./d-xtra-experr-1.c:79:9: ERROR - operands of + have illegal types `pointer to incomplete struct tag' and `pointer to incomplete struct tag'
      *(ps+ps) = *ps;
          ^
./d-xtra-experr-1.c:79:14: ERROR - assignment of incomplete type is not allowed
      *(ps+ps) = *ps;
               ^
./d-xtra-experr-1.c:81:9: ERROR - operands of ?: have illegal types `struct defined at ./d-xtra-experr-1.c:8:12' and `pointer to function(void) returning void'
      ((f)? s: f) + f;
          ^
./d-xtra-experr-1.c:81:17: ERROR - operands of + have illegal types `pointer to function(void) returning void' and `pointer to function(void) returning void'
      ((f)? s: f) + f;
                  ^
./d-xtra-experr-1.c:81:9: warning - expression result not used
      ((f)? s: f) + f;
          ^
./d-xtra-experr-1.c:82:13: ERROR - operands of + have illegal types `pointer to function(void) returning void' and `pointer to function(void) returning void'
      ((f)? f + f: s) + f;
              ^
./d-xtra-experr-1.c:82:9: ERROR - operands of ?: have illegal types `pointer to function(void) returning void' and `struct defined at ./d-xtra-experr-1.c:8:12'
      ((f)? f + f: s) + f;
          ^
./d-xtra-experr-1.c:82:21: ERROR - operands of + have illegal types `pointer to function(void) returning void' and `pointer to function(void) returning void'
      ((f)? f + f: s) + f;
                      ^
./d-xtra-experr-1.c:82:13: warning - expression result not used
      ((f)? f + f: s) + f;
              ^
./d-xtra-experr-1.c:83:7: ERROR - first operand of ?: has illegal type `struct defined at ./d-xtra-experr-1.c:8:12'; assumed true
      ((s)? s: f) + f;
        ^
./d-xtra-experr-1.c:83:9: ERROR - operands of ?: have illegal types `struct defined at ./d-xtra-experr-1.c:8:12' and `pointer to function(void) returning void'
      ((s)? s: f) + f;
          ^
./d-xtra-experr-1.c:83:17: ERROR - operands of + have illegal types `pointer to function(void) returning void' and `pointer to function(void) returning void'
      ((s)? s: f) + f;
                  ^
./d-xtra-experr-1.c:83:9: warning - expression result not used
      ((s)? s: f) + f;
          ^
./d-xtra-experr-1.c:85:6: ERROR - operands of + have illegal types `pointer to function(void) returning void' and `pointer to function(void) returning void'
      f+f, *s, s+f;
       ^
./d-xtra-experr-1.c:85:10: ERROR - pointer required but `struct' given
      f+f, *s, s+f;
           ^
./d-xtra-experr-1.c:85:6: warning - expression result not used
      f+f, *s, s+f;
       ^
./d-xtra-experr-1.c:85:15: ERROR - operands of + have illegal types `struct defined at ./d-xtra-experr-1.c:8:12' and `pointer to function(void) returning void'
      f+f, *s, s+f;
                ^
./d-xtra-experr-1.c:85:10: warning - expression result not used
      f+f, *s, s+f;
           ^
./d-xtra-experr-1.c:85:15: warning - expression result not used
      f+f, *s, s+f;
                ^
