./pp-111.c:6:2: warning - space between backslash and newline
  \    
   ^~~~
./pp-111.c:7:2: warning - space between backslash and newline
  \ 
   ^
./pp-111.c:11:5: warning - trigraph `??/' recognized as `\'
      ??/
      ^~~
./pp-111.c: note - this is reported only once per file
./pp-111.c:15:4: warning - space between backslash and newline
  ??/    
     ^~~~
./pp-111.c:16:4: warning - space between backslash and newline
  ??/ 
     ^
./pp-111.c:20:3: warning - stray whitespace character `\v'
       \
    ^
./pp-111.c:20:4: warning - stray whitespace character `\f'
       \
     ^
./pp-111.c:20:5: warning - stray whitespace character `\r'
       \
      ^
./pp-111.c:22:3: warning - stray whitespace character `\v'
       \     \
    ^
./pp-111.c:22:4: warning - stray whitespace character `\f'
       \     \
     ^
./pp-111.c:22:5: warning - stray whitespace character `\r'
       \     \
      ^
./pp-111.c:22:9: warning - stray whitespace character `\v'
       \     \
          ^
./pp-111.c:22:10: warning - stray whitespace character `\f'
       \     \
           ^
./pp-111.c:22:11: warning - stray whitespace character `\r'
       \     \
            ^
./pp-111.c:24:2: warning - space between backslash and newline
  \     
   ^~~~~
./pp-111.c:24:4: warning - stray whitespace character `\v'
  \     
     ^
./pp-111.c:24:5: warning - stray whitespace character `\f'
  \     
      ^
./pp-111.c:24:6: warning - stray whitespace character `\r'
  \     
       ^
./pp-111.c:25:2: warning - space between backslash and newline
  \ 
   ^
