./pp-33-2.c:4:13: warning - missing space between macro `afoo' and replacement list
  #define afoo$before
              ^
In file included from ./pp-33-2.c:5:
pp-33-1-b.c:4:9: ERROR - redefinition of macro `bfoo'
  #define bfoo$after
          ^~~~
pp-33-1-b.c:2:9: note - previous definition was here
  #define bfoo$before
          ^~~~
./pp-33-2.c:6:13: warning - missing space between macro `afoo' and replacement list
  #define afoo$after
              ^
./pp-33-2.c:6:9: ERROR - redefinition of macro `afoo'
  #define afoo$after
          ^~~~
./pp-33-2.c:4:9: note - previous definition was here
  #define afoo$before
          ^~~~
./pp-33-2.c:4:9: warning - macro `afoo' defined but not used
  #define afoo$before
          ^~~~
