./pp-49-3.c:1:5: warning - parenthesize subexpression for clarification
  #if 1 && 2 && 3 || 4
      ^~~~~~~~~~~
./pp-49-3.c:3:10: warning - parenthesize subexpression for clarification
  #if 1 || 2 && 3 && 4
           ^~~~~~~~~~~
./pp-49-3.c:6:5: warning - parenthesize subexpression for clarification
  #if 1 && (2 && 3) || 4
      ^~~~~~~~~~~~~
./pp-49-3.c:8:10: warning - parenthesize subexpression for clarification
  #if 1 || (2 && 3) && 4
           ^~~~~~~~~~~~~
./pp-49-3.c:11:5: warning - parenthesize subexpression for clarification
  #if 1 && 2 || 3 && 4 || 5 && 6
      ^~~~~~
./pp-49-3.c:11:15: warning - parenthesize subexpression for clarification
  #if 1 && 2 || 3 && 4 || 5 && 6
                ^~~~~~
./pp-49-3.c:11:25: warning - parenthesize subexpression for clarification
  #if 1 && 2 || 3 && 4 || 5 && 6
                          ^~~~~~
