./pp-49-1.c:1:12: warning - parenthesize subexpression for clarification
  #if 2 || 3 && 1    /* no paren */
             ^
./pp-49-1.c:3:7: warning - parenthesize subexpression for clarification
  #if 1 && 2 || 3    /* no paren */
        ^
./pp-49-1.c:16:19: warning - parenthesize subexpression for clarification
  #if 2 || (3 && 1) && 1    /* no paren */
                    ^
./pp-49-1.c:18:19: warning - parenthesize subexpression for clarification
  #if (1 && 2) || 3 && 1    /* no paren */
                    ^
./pp-49-1.c:27:20: warning - parenthesize subexpression for clarification
  #if 1 + 2 || 2 * 3 && 3 >> 4    /* no paren */
                     ^
./pp-49-1.c:29:11: warning - parenthesize subexpression for clarification
  #if 1 + 2 && 2 * 3 || 3 >> 4    /* no paren */
            ^
./pp-49-1.c:42:32: warning - parenthesize subexpression for clarification
  #if 2 + 2 || (3 * 3 && 1 << 1) && 1 / 1    /* no paren */
                                 ^
./pp-49-1.c:44:31: warning - parenthesize subexpression for clarification
  #if (1 * 1 && 2 * 2) || 3 / 3 && 1 - 1    /* no paren */
                                ^
