./pp-expr-postfix.c:1:5: warning - undefined identifier `foo' evaluated to 0
  #if foo++
      ^~~
./pp-expr-postfix.c:1:8: ERROR - `++' is not allowed in preprocessing expression
  #if foo++
         ^~
./pp-expr-postfix.c:3:5: warning - undefined identifier `foo' evaluated to 0
  #if foo--
      ^~~
./pp-expr-postfix.c:3:8: ERROR - `--' is not allowed in preprocessing expression
  #if foo--
         ^~
./pp-expr-postfix.c:5:6: ERROR - `++' is not allowed in preprocessing expression
  #if 0++
       ^~
./pp-expr-postfix.c:7:6: ERROR - `--' is not allowed in preprocessing expression
  #if 0--
       ^~
./pp-expr-postfix.c:9:13: ERROR - `++' is not allowed in preprocessing expression
  #if (1 / -1)++
              ^~
./pp-expr-postfix.c:11:13: ERROR - `--' is not allowed in preprocessing expression
  #if (1 * -1)--
              ^~
./pp-expr-postfix.c:13:5: warning - undefined identifier `foo' evaluated to 0
  #if foo[1]
      ^~~
./pp-expr-postfix.c:13:8: ERROR - `[' is not allowed in preprocessing expression
  #if foo[1]
         ^
./pp-expr-postfix.c:15:6: ERROR - `[' is not allowed in preprocessing expression
  #if 1[foo]
       ^
./pp-expr-postfix.c:17:12: ERROR - `[' is not allowed in preprocessing expression
  #if (1 + 1)[1 - 1]
             ^
./pp-expr-postfix.c:19:5: warning - undefined identifier `f' evaluated to 0
  #if f(arg)
      ^
./pp-expr-postfix.c:19:6: ERROR - `(' is not allowed in preprocessing expression
  #if f(arg)
       ^
./pp-expr-postfix.c:21:6: ERROR - `(' is not allowed in preprocessing expression
  #if 0(arg)
       ^
./pp-expr-postfix.c:23:5: warning - undefined identifier `f' evaluated to 0
  #if f(1, 2, 3)
      ^
./pp-expr-postfix.c:23:6: ERROR - `(' is not allowed in preprocessing expression
  #if f(1, 2, 3)
       ^
./pp-expr-postfix.c:25:6: ERROR - `(' is not allowed in preprocessing expression
  #if 0(1, 2, 3)
       ^
./pp-expr-postfix.c:27:5: warning - undefined identifier `foo' evaluated to 0
  #if foo.mem
      ^~~
./pp-expr-postfix.c:27:8: ERROR - `.' is not allowed in preprocessing expression
  #if foo.mem
         ^
./pp-expr-postfix.c:29:5: warning - undefined identifier `foo' evaluated to 0
  #if foo.1
      ^~~
./pp-expr-postfix.c:29:8: ERROR - operator expected before `.1'
  #if foo.1
         ^
./pp-expr-postfix.c:31:5: ERROR - `floating-point constant' is not allowed in preprocessing expression
  #if 0.bar
      ^~~~~
./pp-expr-postfix.c:33:8: ERROR - `.' is not allowed in preprocessing expression
  #if (0).(1)
         ^
./pp-expr-postfix.c:35:5: ERROR - `floating-point constant' is not allowed in preprocessing expression
  #if 0.(bar)
      ^~
./pp-expr-postfix.c:37:5: warning - undefined identifier `foo' evaluated to 0
  #if foo->mem
      ^~~
./pp-expr-postfix.c:37:8: ERROR - `->' is not allowed in preprocessing expression
  #if foo->mem
         ^~
./pp-expr-postfix.c:39:5: warning - undefined identifier `foo' evaluated to 0
  #if foo->1
      ^~~
./pp-expr-postfix.c:39:8: ERROR - `->' is not allowed in preprocessing expression
  #if foo->1
         ^~
./pp-expr-postfix.c:41:6: ERROR - `->' is not allowed in preprocessing expression
  #if 0->bar
       ^~
./pp-expr-postfix.c:43:8: ERROR - `->' is not allowed in preprocessing expression
  #if (0)->(1)
         ^~
./pp-expr-postfix.c:45:6: ERROR - `->' is not allowed in preprocessing expression
  #if 0->(bar)
       ^~
