./pp-expr-expr-3.c:6:15: warning - `,' is not allowed in preprocessing expression
  #if (0)? 1: (1,2)    /* warning */
                ^
./pp-expr-expr-3.c:12:12: warning - `,' is not allowed in preprocessing expression
  #if 0 || (1,2)    /* warning */
             ^
./pp-expr-expr-3.c:18:12: warning - `,' is not allowed in preprocessing expression
  #if 1 && (1,2)    /* warning */
             ^
./pp-expr-expr-3.c:22:10: ERROR - invalid preprocessing expression
  #if 0? 1,: 1
           ^
./pp-expr-expr-3.c:25:12: warning - `,' is not allowed in preprocessing expression
  #if 1? 0: 1,
             ^
./pp-expr-expr-3.c:28:14: ERROR - `)' expected before `end of line'
  #if 1? 0: (1,
               ^
./pp-expr-expr-3.c:31:14: ERROR - invalid preprocessing expression
  #if 1? 0: (1,)
               ^
./pp-expr-expr-3.c:34:11: warning - `,' is not allowed in preprocessing expression
  #if 1 || 1,
            ^
./pp-expr-expr-3.c:37:11: warning - `,' is not allowed in preprocessing expression
  #if 0 && 1,
            ^
