./pp-expr-start-2.c:1:5: warning - undefined identifier `a' evaluated to 0
  #if a + b / 12 )                   /* error */
      ^
./pp-expr-start-2.c:1:9: warning - undefined identifier `b' evaluated to 0
  #if a + b / 12 )                   /* error */
          ^
./pp-expr-start-2.c:1:16: ERROR - missing `(' in preprocessing expression
  #if a + b / 12 )                   /* error */
                 ^
./pp-expr-start-2.c:3:27: ERROR - `string literal' is not allowed in preprocessing expression
  #if defined(x) / 1 + '\0' "abc"    /* error */
                            ^
./pp-expr-start-2.c:7:27: ERROR - `string literal' is not allowed in preprocessing expression
  #if defined(x) / 1 + '\0' STR      /* error */
                            ^
./pp-expr-start-2.c:9:5: warning - undefined identifier `a' evaluated to 0
  #if a + b +                        /* error */
      ^
./pp-expr-start-2.c:9:9: warning - undefined identifier `b' evaluated to 0
  #if a + b +                        /* error */
          ^
./pp-expr-start-2.c:9:47: ERROR - operand expected before `end of line'
  #if a + b +                        /* error */
                                                ^
./pp-expr-start-2.c:11:5: warning - undefined identifier `a' evaluated to 0
  #if a + b C                        /* error */
      ^
./pp-expr-start-2.c:11:9: warning - undefined identifier `b' evaluated to 0
  #if a + b C                        /* error */
          ^
./pp-expr-start-2.c:11:11: ERROR - operator expected before `C'
  #if a + b C                        /* error */
            ^
./pp-expr-start-2.c:15:5: warning - undefined identifier `a' evaluated to 0
  #if a + b X
      ^
./pp-expr-start-2.c:15:9: warning - undefined identifier `b' evaluated to 0
  #if a + b X
          ^
./pp-expr-start-2.c:18:5: warning - undefined identifier `a' evaluated to 0
  #if a + b 0b11                     /* error */
      ^
./pp-expr-start-2.c:18:9: warning - undefined identifier `b' evaluated to 0
  #if a + b 0b11                     /* error */
          ^
./pp-expr-start-2.c:18:11: ERROR - operator expected before `0b11'
  #if a + b 0b11                     /* error */
            ^
./pp-expr-start-2.c:20:5: warning - undefined identifier `a' evaluated to 0
  #if a + b 0                        /* error */
      ^
./pp-expr-start-2.c:20:9: warning - undefined identifier `b' evaluated to 0
  #if a + b 0                        /* error */
          ^
./pp-expr-start-2.c:20:11: ERROR - operator expected before `0'
  #if a + b 0                        /* error */
            ^
./pp-expr-start-2.c:22:5: warning - undefined identifier `a' evaluated to 0
  #if a + b #                        /* error */
      ^
./pp-expr-start-2.c:22:9: warning - undefined identifier `b' evaluated to 0
  #if a + b #                        /* error */
          ^
./pp-expr-start-2.c:22:11: ERROR - invalid preprocessing expression
  #if a + b #                        /* error */
            ^
./pp-expr-start-2.c:24:5: warning - undefined identifier `a' evaluated to 0
  #if a + b ##                       /* error */
      ^
./pp-expr-start-2.c:24:9: warning - undefined identifier `b' evaluated to 0
  #if a + b ##                       /* error */
          ^
./pp-expr-start-2.c:24:11: ERROR - invalid preprocessing expression
  #if a + b ##                       /* error */
            ^
