./pp-expr-silent-4.c:1:13: warning - `defined' generated from macro expansion
  #define DEF defined
              ^~~~~~~
./pp-expr-silent-4.c:3:10: note - expanded from here
  #if 0 && DEF DEF
           ^~~
./pp-expr-silent-4.c:17:10: ERROR - `floating-point constant' is not allowed in preprocessing expression
  #if 0 && 3.14
           ^~~~
./pp-expr-silent-4.c:19:14: ERROR - invalid suffix `z' on integer constant
  #if 0 && 0xffz
               ^
./pp-expr-silent-4.c:21:10: warning - overflow in preprocessing expression
  #if 0 && 0xfffffffff
           ^~~~~~~~~~~
./pp-expr-silent-4.c:23:11: ERROR - invalid escape sequence `\xz' in character constant
  #if 0 && '\xz'
            ^~~
./pp-expr-silent-4.c:23:13: ERROR - excess characters in character constant
  #if 0 && '\xz'
              ^
./pp-expr-silent-4.c:25:11: ERROR - the value of hexadecimal escape sequence is too large
  #if 0 && '\xffffffff'
            ^~~~~~~~~~
./pp-expr-silent-4.c:27:13: warning - 8 and 9 are not allowed in octal escape sequence
  #if 0 && '\189'
              ^
./pp-expr-silent-4.c:27:13: ERROR - excess characters in character constant
  #if 0 && '\189'
              ^~
./pp-expr-silent-4.c:29:11: warning - octal escape sequence takes at most 3 digits
  #if 0 && '\0123'
            ^~~~
./pp-expr-silent-4.c:29:15: ERROR - excess characters in character constant
  #if 0 && '\0123'
                ^
./pp-expr-silent-4.c:31:11: ERROR - the value of octal escape sequence is too large
  #if 0 && '\777'
            ^~~~
./pp-expr-silent-4.c:33:11: ERROR - invalid escape sequence `\z' in character constant
  #if 0 && '\z'
            ^~
./pp-expr-silent-4.c:35:10: ERROR - empty character constant is not allowed
  #if 0 && ''
           ^~
./pp-expr-silent-4.c:37:12: ERROR - excess characters in character constant
  #if 0 && 'ab'
             ^
./pp-expr-silent-4.c:39:10: ERROR - `string literal' is not allowed in preprocessing expression
  #if 0 && "abc"
           ^~~~~
./pp-expr-silent-4.c:41:12: ERROR - operand expected before `end of line'
  #if 0 && 1+
             ^
./pp-expr-silent-4.c:43:11: ERROR - invalid preprocessing expression
  #if 0 && 1;
            ^
./pp-expr-silent-4.c:45:21: ERROR - missing `)' for `defined'
  #if 0 && defined(DEF
           ~~~~~~~    ^
./pp-expr-silent-4.c:45:17: note - to match this `('
  #if 0 && defined(DEF
                  ^
./pp-expr-silent-4.c:47:17: ERROR - missing identifier for `defined'
  #if 0 && defined
           ~~~~~~~^
./pp-expr-silent-4.c:49:18: ERROR - missing identifier for `defined'
  #if 0 && defined()
           ~~~~~~~ ^
./pp-expr-silent-4.c:51:10: warning - undefined identifier `a' evaluated to 0
  #if 0 && a[0]
           ^
./pp-expr-silent-4.c:51:11: ERROR - `[' is not allowed in preprocessing expression
  #if 0 && a[0]
            ^
./pp-expr-silent-4.c:53:10: warning - undefined identifier `a' evaluated to 0
  #if 0 && a++
           ^
./pp-expr-silent-4.c:53:11: ERROR - `++' is not allowed in preprocessing expression
  #if 0 && a++
            ^~
./pp-expr-silent-4.c:79:11: warning - undefined identifier `a' evaluated to 0
  #if 0 && (a = 0)
            ^
./pp-expr-silent-4.c:79:13: ERROR - `=' is not allowed in preprocessing expression
  #if 0 && (a = 0)
              ^
./pp-expr-silent-4.c:81:11: warning - undefined identifier `a' evaluated to 0
  #if 0 && (a += 0)
            ^
./pp-expr-silent-4.c:81:13: ERROR - `+=' is not allowed in preprocessing expression
  #if 0 && (a += 0)
              ^~
./pp-expr-silent-4.c:83:12: warning - `,' is not allowed in preprocessing expression
  #if 0 && (0, 1)
             ^
./pp-expr-silent-4.c:85:15: ERROR - `:' expected before `)'
  #if 0 && (1? 0)
                ^
./pp-expr-silent-4.c:85:12: note - to match this `?'
  #if 0 && (1? 0)
             ^
./pp-expr-silent-4.c:87:11: ERROR - missing `(' in preprocessing expression
  #if 0 && 1)
            ^
./pp-expr-silent-4.c:89:12: ERROR - `string literal' is not allowed in preprocessing expression
  #if 0 && 1 "abc"
             ^~~~~
./pp-expr-silent-4.c:91:11: ERROR - operator expected before `abc'
  #if 0 && 1 abc
            ^~~~
./pp-expr-silent-4.c:93:12: ERROR - invalid preprocessing expression
  #if 0 && 1 @
             ^
