./pp-expr-icon.c:10:5: warning - overflow in preprocessing expression
  #if 0x100000000
      ^
./pp-expr-icon.c:17:5: warning - overflow in preprocessing expression
  #if 37777777777
      ^
./pp-expr-icon.c:20:5: warning - overflow in preprocessing expression
  #if 40000000000
      ^
./pp-expr-icon.c:23:5: warning - overflow in preprocessing expression
  #if 040000000000
      ^
./pp-expr-icon.c:29:5: warning - overflow in preprocessing expression
  #if 4294967296
      ^
./pp-expr-icon.c:37:5: warning - overflow in preprocessing expression
  #if M1(test)
      ^
./pp-expr-icon.c:40:5: warning - overflow in preprocessing expression
  #if M2
      ^
./pp-expr-icon.c:43:5: warning - overflow in preprocessing expression
  #if M4
      ^
./pp-expr-icon.c:57:7: warning - negative value converted to unsigned type
  #if -1+0U > 0
        ^
./pp-expr-icon.c:60:7: warning - negative value converted to unsigned type
  #if 0u+-1 > 0
        ^
./pp-expr-icon.c:63:7: warning - negative value converted to unsigned type
  #if -1+0ul > 0
        ^
./pp-expr-icon.c:66:8: warning - negative value converted to unsigned type
  #if 0UL+-1 > 0
         ^
./pp-expr-icon.c:69:8: warning - negative value converted to unsigned type
  #if 0uL+-1 > 0
         ^
./pp-expr-icon.c:72:8: warning - negative value converted to unsigned type
  #if -1 + 0Ul > 0
         ^
./pp-expr-icon.c:75:5: ERROR - `floating-point constant' is not allowed in preprocessing expression
  #if 3.
      ^
./pp-expr-icon.c:77:5: ERROR - `floating-point constant' is not allowed in preprocessing expression
  #if 3e-1
      ^
./pp-expr-icon.c:79:5: ERROR - `floating-point constant' is not allowed in preprocessing expression
  #if .14 + 0l
      ^
./pp-expr-icon.c:81:5: ERROR - `floating-point constant' is not allowed in preprocessing expression
  #if 3.14.0
      ^
./pp-expr-icon.c:83:5: ERROR - `floating-point constant' is not allowed in preprocessing expression
  #if 3e
      ^
./pp-expr-icon.c:85:5: ERROR - invalid pp-number `0xfue-1'
  #if 0xfue-1
      ^
./pp-expr-icon.c:87:5: ERROR - invalid pp-number `0b111'
  #if 0b111
      ^
./pp-expr-icon.c:89:5: ERROR - invalid pp-number `0x1ffz'
  #if 0x1ffz
      ^
./pp-expr-icon.c:91:5: ERROR - `floating-point constant' is not allowed in preprocessing expression
  #if M3(.,14)
      ^
./pp-expr-icon.c:93:5: ERROR - `floating-point constant' is not allowed in preprocessing expression
  #if M3(314, e)
      ^
./pp-expr-icon.c:95:5: ERROR - invalid pp-number `0xfue'
  #if M3(0x, fue)
      ^
