./pp-expr-expr-1.c:2:8: warning - `,' is not allowed in preprocessing expression
  #if 3+2,0    /* warning */
         ^
./pp-expr-expr-1.c:6:10: warning - `,' is not allowed in preprocessing expression
  #if 3+2  ,        /* warning */
           ^
./pp-expr-expr-1.c:7:10: warning - negative value converted to unsigned type
  #if (3UL + -2L         /* error */
           ^ ~~~
./pp-expr-expr-1.c:7:15: ERROR - `)' expected before `end of line'
  #if (3UL + -2L         /* error */
                ^
./pp-expr-expr-1.c:7:5: note - to match this `('
  #if (3UL + -2L         /* error */
      ^
./pp-expr-expr-1.c:9:10: warning - negative value converted to unsigned type
  #if (3UL + -2L         // error
           ^ ~~~
./pp-expr-expr-1.c:9:15: ERROR - `)' expected before `end of line'
  #if (3UL + -2L         // error
                ^
./pp-expr-expr-1.c:9:5: note - to match this `('
  #if (3UL + -2L         // error
      ^
./pp-expr-expr-1.c:12:12: ERROR - missing `(' in preprocessing expression
  #if 3L / 2L)           /* error */
             ^
./pp-expr-expr-1.c:14:19: ERROR - missing `(' in preprocessing expression
  #if (3L / 2L) + 3 )    /* error */
                    ^
./pp-expr-expr-1.c:16:6: warning - undefined identifier `FOO' evaluated to 0
  #if (FOO)? 1 32L       /* error */
       ^~~
./pp-expr-expr-1.c:16:13: ERROR - `:' expected before `32L'
  #if (FOO)? 1 32L       /* error */
              ^
./pp-expr-expr-1.c:16:10: note - to match this `?'
  #if (FOO)? 1 32L       /* error */
           ^
./pp-expr-expr-1.c:16:2: ERROR - unterminated `#if'
  #if (FOO)? 1 32L       /* error */
   ^~
./pp-expr-expr-1.c:6:2: ERROR - unterminated `#if'
  #if 3+2  ,        /* warning */
   ^~
