./pp-expr-expr-4.c:3:15: warning - `,' is not allowed in preprocessing expression
  #if (1)? 0: (1,2)
                ^
./pp-expr-expr-4.c:6:15: warning - `,' is not allowed in preprocessing expression
  #if (0)? 1: (1,2)
                ^
./pp-expr-expr-4.c:9:12: warning - `,' is not allowed in preprocessing expression
  #if 1 || (1,2)
             ^
./pp-expr-expr-4.c:12:12: warning - `,' is not allowed in preprocessing expression
  #if 0 || (1,2)
             ^
./pp-expr-expr-4.c:15:12: warning - `,' is not allowed in preprocessing expression
  #if 0 && (1,2)
             ^
./pp-expr-expr-4.c:18:12: warning - `,' is not allowed in preprocessing expression
  #if 1 && (1,2)
             ^
./pp-expr-expr-4.c:22:9: warning - `,' is not allowed in preprocessing expression
  #if 0? 1,: 1
          ^
./pp-expr-expr-4.c:22:10: ERROR - invalid preprocessing expression
  #if 0? 1,: 1
           ^
./pp-expr-expr-4.c:25:12: warning - `,' is not allowed in preprocessing expression
  #if 1? 0: 1,
             ^
./pp-expr-expr-4.c:28:13: warning - `,' is not allowed in preprocessing expression
  #if 1? 0: (1,
              ^
./pp-expr-expr-4.c:28:13: ERROR - `)' expected before `end of line'
  #if 1? 0: (1,
              ^
./pp-expr-expr-4.c:28:11: note - to match this `('
  #if 1? 0: (1,
            ^
./pp-expr-expr-4.c:31:13: warning - `,' is not allowed in preprocessing expression
  #if 1? 0: (1,)
              ^
./pp-expr-expr-4.c:31:14: ERROR - invalid preprocessing expression
  #if 1? 0: (1,)
               ^
./pp-expr-expr-4.c:34:11: warning - `,' is not allowed in preprocessing expression
  #if 1 || 1,
            ^
./pp-expr-expr-4.c:37:11: warning - `,' is not allowed in preprocessing expression
  #if 0 && 1,
            ^
