# 1 "./pp-ioccc-zsmall.c"
# 132 "./pp-ioccc-zsmall.c"
main(){
# 135 "./pp-ioccc-zsmall.c"
# 135 "pp-ioccc-zsmall.c" 1
# 135 "pp-ioccc-zsmall.c" 1
# 160 "pp-ioccc-zsmall.c" 1
# 136 "pp-ioccc-zsmall.c" 2
# 160 "pp-ioccc-zsmall.c" 1
# 137 "pp-ioccc-zsmall.c" 2
# 160 "pp-ioccc-zsmall.c" 1
# 138 "pp-ioccc-zsmall.c" 2
# 106 "pp-ioccc-zsmall.c" 1
printf("%d\n", 2);
# 139 "pp-ioccc-zsmall.c" 2
# 160 "pp-ioccc-zsmall.c" 1
# 140 "pp-ioccc-zsmall.c" 2
# 160 "pp-ioccc-zsmall.c" 1
# 141 "pp-ioccc-zsmall.c" 2
# 160 "pp-ioccc-zsmall.c" 1
# 142 "pp-ioccc-zsmall.c" 2
# 160 "pp-ioccc-zsmall.c" 1
# 143 "pp-ioccc-zsmall.c" 2
# 136 "pp-ioccc-zsmall.c" 2
# 135 "pp-ioccc-zsmall.c" 1
# 160 "pp-ioccc-zsmall.c" 1
# 136 "pp-ioccc-zsmall.c" 2
# 160 "pp-ioccc-zsmall.c" 1
# 137 "pp-ioccc-zsmall.c" 2
# 106 "pp-ioccc-zsmall.c" 1
printf("%d\n", (0 + 0 + 0 + 0 + 0 + 0 +(1<<1)+1));
# 138 "pp-ioccc-zsmall.c" 2
# 160 "pp-ioccc-zsmall.c" 1
# 139 "pp-ioccc-zsmall.c" 2
# 160 "pp-ioccc-zsmall.c" 1
# 140 "pp-ioccc-zsmall.c" 2
# 160 "pp-ioccc-zsmall.c" 1
# 141 "pp-ioccc-zsmall.c" 2
# 160 "pp-ioccc-zsmall.c" 1
# 142 "pp-ioccc-zsmall.c" 2
# 160 "pp-ioccc-zsmall.c" 1
# 143 "pp-ioccc-zsmall.c" 2
# 137 "pp-ioccc-zsmall.c" 2
# 135 "pp-ioccc-zsmall.c" 1
# 160 "pp-ioccc-zsmall.c" 1
# 136 "pp-ioccc-zsmall.c" 2
# 106 "pp-ioccc-zsmall.c" 1
printf("%d\n", (0 + 0 + 0 + 0 + 0 +(1<<2)+ 0 +1));
# 137 "pp-ioccc-zsmall.c" 2
# 160 "pp-ioccc-zsmall.c" 1
# 138 "pp-ioccc-zsmall.c" 2
# 160 "pp-ioccc-zsmall.c" 1
# 139 "pp-ioccc-zsmall.c" 2
# 160 "pp-ioccc-zsmall.c" 1
# 140 "pp-ioccc-zsmall.c" 2
# 160 "pp-ioccc-zsmall.c" 1
# 141 "pp-ioccc-zsmall.c" 2
# 160 "pp-ioccc-zsmall.c" 1
# 142 "pp-ioccc-zsmall.c" 2
# 160 "pp-ioccc-zsmall.c" 1
# 143 "pp-ioccc-zsmall.c" 2
# 138 "pp-ioccc-zsmall.c" 2
# 135 "pp-ioccc-zsmall.c" 1
# 106 "pp-ioccc-zsmall.c" 1
printf("%d\n", (0 + 0 + 0 + 0 + 0 +(1<<2)+(1<<1)+1));
# 136 "pp-ioccc-zsmall.c" 2
# 160 "pp-ioccc-zsmall.c" 1
# 137 "pp-ioccc-zsmall.c" 2
# 160 "pp-ioccc-zsmall.c" 1
# 138 "pp-ioccc-zsmall.c" 2
# 160 "pp-ioccc-zsmall.c" 1
# 139 "pp-ioccc-zsmall.c" 2
# 160 "pp-ioccc-zsmall.c" 1
# 140 "pp-ioccc-zsmall.c" 2
# 160 "pp-ioccc-zsmall.c" 1
# 141 "pp-ioccc-zsmall.c" 2
# 160 "pp-ioccc-zsmall.c" 1
# 142 "pp-ioccc-zsmall.c" 2
# 160 "pp-ioccc-zsmall.c" 1
# 143 "pp-ioccc-zsmall.c" 2
# 139 "pp-ioccc-zsmall.c" 2
# 135 "pp-ioccc-zsmall.c" 1
# 160 "pp-ioccc-zsmall.c" 1
# 136 "pp-ioccc-zsmall.c" 2
# 160 "pp-ioccc-zsmall.c" 1
# 137 "pp-ioccc-zsmall.c" 2
# 160 "pp-ioccc-zsmall.c" 1
# 138 "pp-ioccc-zsmall.c" 2
# 160 "pp-ioccc-zsmall.c" 1
# 139 "pp-ioccc-zsmall.c" 2
# 160 "pp-ioccc-zsmall.c" 1
# 140 "pp-ioccc-zsmall.c" 2
# 160 "pp-ioccc-zsmall.c" 1
# 141 "pp-ioccc-zsmall.c" 2
# 160 "pp-ioccc-zsmall.c" 1
# 142 "pp-ioccc-zsmall.c" 2
# 106 "pp-ioccc-zsmall.c" 1
printf("%d\n", (0 + 0 + 0 + 0 +(1<<3)+ 0 +(1<<1)+1));
# 143 "pp-ioccc-zsmall.c" 2
# 140 "pp-ioccc-zsmall.c" 2
# 135 "pp-ioccc-zsmall.c" 1
# 160 "pp-ioccc-zsmall.c" 1
# 136 "pp-ioccc-zsmall.c" 2
# 160 "pp-ioccc-zsmall.c" 1
# 137 "pp-ioccc-zsmall.c" 2
# 160 "pp-ioccc-zsmall.c" 1
# 138 "pp-ioccc-zsmall.c" 2
# 160 "pp-ioccc-zsmall.c" 1
# 139 "pp-ioccc-zsmall.c" 2
# 160 "pp-ioccc-zsmall.c" 1
# 140 "pp-ioccc-zsmall.c" 2
# 160 "pp-ioccc-zsmall.c" 1
# 141 "pp-ioccc-zsmall.c" 2
# 106 "pp-ioccc-zsmall.c" 1
printf("%d\n", (0 + 0 + 0 + 0 +(1<<3)+(1<<2)+ 0 +1));
# 142 "pp-ioccc-zsmall.c" 2
# 160 "pp-ioccc-zsmall.c" 1
# 143 "pp-ioccc-zsmall.c" 2
# 141 "pp-ioccc-zsmall.c" 2
# 135 "pp-ioccc-zsmall.c" 1
# 160 "pp-ioccc-zsmall.c" 1
# 136 "pp-ioccc-zsmall.c" 2
# 160 "pp-ioccc-zsmall.c" 1
# 137 "pp-ioccc-zsmall.c" 2
# 160 "pp-ioccc-zsmall.c" 1
# 138 "pp-ioccc-zsmall.c" 2
# 160 "pp-ioccc-zsmall.c" 1
# 139 "pp-ioccc-zsmall.c" 2
# 160 "pp-ioccc-zsmall.c" 1
# 140 "pp-ioccc-zsmall.c" 2
# 160 "pp-ioccc-zsmall.c" 1
# 141 "pp-ioccc-zsmall.c" 2
# 160 "pp-ioccc-zsmall.c" 1
# 142 "pp-ioccc-zsmall.c" 2
# 160 "pp-ioccc-zsmall.c" 1
# 143 "pp-ioccc-zsmall.c" 2
# 142 "pp-ioccc-zsmall.c" 2
# 135 "pp-ioccc-zsmall.c" 1
# 160 "pp-ioccc-zsmall.c" 1
# 136 "pp-ioccc-zsmall.c" 2
# 160 "pp-ioccc-zsmall.c" 1
# 137 "pp-ioccc-zsmall.c" 2
# 160 "pp-ioccc-zsmall.c" 1
# 138 "pp-ioccc-zsmall.c" 2
# 160 "pp-ioccc-zsmall.c" 1
# 139 "pp-ioccc-zsmall.c" 2
# 106 "pp-ioccc-zsmall.c" 1
printf("%d\n", (0 + 0 + 0 +(1<<4)+ 0 + 0 + 0 +1));
# 140 "pp-ioccc-zsmall.c" 2
# 160 "pp-ioccc-zsmall.c" 1
# 141 "pp-ioccc-zsmall.c" 2
# 160 "pp-ioccc-zsmall.c" 1
# 142 "pp-ioccc-zsmall.c" 2
# 160 "pp-ioccc-zsmall.c" 1
# 143 "pp-ioccc-zsmall.c" 2
# 143 "pp-ioccc-zsmall.c" 2
# 136 "./pp-ioccc-zsmall.c" 2
# 135 "pp-ioccc-zsmall.c" 1
# 135 "pp-ioccc-zsmall.c" 1
# 160 "pp-ioccc-zsmall.c" 1
# 136 "pp-ioccc-zsmall.c" 2
# 160 "pp-ioccc-zsmall.c" 1
# 137 "pp-ioccc-zsmall.c" 2
# 106 "pp-ioccc-zsmall.c" 1
printf("%d\n", (0 + 0 + 0 +(1<<4)+ 0 + 0 +(1<<1)+1));
# 138 "pp-ioccc-zsmall.c" 2
# 160 "pp-ioccc-zsmall.c" 1
# 139 "pp-ioccc-zsmall.c" 2
# 160 "pp-ioccc-zsmall.c" 1
# 140 "pp-ioccc-zsmall.c" 2
# 160 "pp-ioccc-zsmall.c" 1
# 141 "pp-ioccc-zsmall.c" 2
# 160 "pp-ioccc-zsmall.c" 1
# 142 "pp-ioccc-zsmall.c" 2
# 160 "pp-ioccc-zsmall.c" 1
# 143 "pp-ioccc-zsmall.c" 2
# 136 "pp-ioccc-zsmall.c" 2
# 135 "pp-ioccc-zsmall.c" 1
# 160 "pp-ioccc-zsmall.c" 1
# 136 "pp-ioccc-zsmall.c" 2
# 160 "pp-ioccc-zsmall.c" 1
# 137 "pp-ioccc-zsmall.c" 2
# 160 "pp-ioccc-zsmall.c" 1
# 138 "pp-ioccc-zsmall.c" 2
# 160 "pp-ioccc-zsmall.c" 1
# 139 "pp-ioccc-zsmall.c" 2
# 160 "pp-ioccc-zsmall.c" 1
# 140 "pp-ioccc-zsmall.c" 2
# 160 "pp-ioccc-zsmall.c" 1
# 141 "pp-ioccc-zsmall.c" 2
# 160 "pp-ioccc-zsmall.c" 1
# 142 "pp-ioccc-zsmall.c" 2
# 160 "pp-ioccc-zsmall.c" 1
# 143 "pp-ioccc-zsmall.c" 2
# 137 "pp-ioccc-zsmall.c" 2
# 135 "pp-ioccc-zsmall.c" 1
# 106 "pp-ioccc-zsmall.c" 1
printf("%d\n", (0 + 0 + 0 +(1<<4)+ 0 +(1<<2)+(1<<1)+1));
# 136 "pp-ioccc-zsmall.c" 2
# 160 "pp-ioccc-zsmall.c" 1
# 137 "pp-ioccc-zsmall.c" 2
# 160 "pp-ioccc-zsmall.c" 1
# 138 "pp-ioccc-zsmall.c" 2
# 160 "pp-ioccc-zsmall.c" 1
# 139 "pp-ioccc-zsmall.c" 2
# 160 "pp-ioccc-zsmall.c" 1
# 140 "pp-ioccc-zsmall.c" 2
# 160 "pp-ioccc-zsmall.c" 1
# 141 "pp-ioccc-zsmall.c" 2
# 160 "pp-ioccc-zsmall.c" 1
# 142 "pp-ioccc-zsmall.c" 2
# 160 "pp-ioccc-zsmall.c" 1
# 143 "pp-ioccc-zsmall.c" 2
# 138 "pp-ioccc-zsmall.c" 2
# 135 "pp-ioccc-zsmall.c" 1
# 160 "pp-ioccc-zsmall.c" 1
# 136 "pp-ioccc-zsmall.c" 2
# 160 "pp-ioccc-zsmall.c" 1
# 137 "pp-ioccc-zsmall.c" 2
# 160 "pp-ioccc-zsmall.c" 1
# 138 "pp-ioccc-zsmall.c" 2
# 160 "pp-ioccc-zsmall.c" 1
# 139 "pp-ioccc-zsmall.c" 2
# 160 "pp-ioccc-zsmall.c" 1
# 140 "pp-ioccc-zsmall.c" 2
# 160 "pp-ioccc-zsmall.c" 1
# 141 "pp-ioccc-zsmall.c" 2
# 160 "pp-ioccc-zsmall.c" 1
# 142 "pp-ioccc-zsmall.c" 2
# 160 "pp-ioccc-zsmall.c" 1
# 143 "pp-ioccc-zsmall.c" 2
# 139 "pp-ioccc-zsmall.c" 2
# 135 "pp-ioccc-zsmall.c" 1
# 160 "pp-ioccc-zsmall.c" 1
# 136 "pp-ioccc-zsmall.c" 2
# 160 "pp-ioccc-zsmall.c" 1
# 137 "pp-ioccc-zsmall.c" 2
# 160 "pp-ioccc-zsmall.c" 1
# 138 "pp-ioccc-zsmall.c" 2
# 160 "pp-ioccc-zsmall.c" 1
# 139 "pp-ioccc-zsmall.c" 2
# 160 "pp-ioccc-zsmall.c" 1
# 140 "pp-ioccc-zsmall.c" 2
# 160 "pp-ioccc-zsmall.c" 1
# 141 "pp-ioccc-zsmall.c" 2
# 106 "pp-ioccc-zsmall.c" 1
printf("%d\n", (0 + 0 + 0 +(1<<4)+(1<<3)+(1<<2)+ 0 +1));
# 142 "pp-ioccc-zsmall.c" 2
# 160 "pp-ioccc-zsmall.c" 1
# 143 "pp-ioccc-zsmall.c" 2
# 140 "pp-ioccc-zsmall.c" 2
# 135 "pp-ioccc-zsmall.c" 1
# 160 "pp-ioccc-zsmall.c" 1
# 136 "pp-ioccc-zsmall.c" 2
# 160 "pp-ioccc-zsmall.c" 1
# 137 "pp-ioccc-zsmall.c" 2
# 160 "pp-ioccc-zsmall.c" 1
# 138 "pp-ioccc-zsmall.c" 2
# 160 "pp-ioccc-zsmall.c" 1
# 139 "pp-ioccc-zsmall.c" 2
# 160 "pp-ioccc-zsmall.c" 1
# 140 "pp-ioccc-zsmall.c" 2
# 106 "pp-ioccc-zsmall.c" 1
printf("%d\n", (0 + 0 + 0 +(1<<4)+(1<<3)+(1<<2)+(1<<1)+1));
# 141 "pp-ioccc-zsmall.c" 2
# 160 "pp-ioccc-zsmall.c" 1
# 142 "pp-ioccc-zsmall.c" 2
# 160 "pp-ioccc-zsmall.c" 1
# 143 "pp-ioccc-zsmall.c" 2
# 141 "pp-ioccc-zsmall.c" 2
# 135 "pp-ioccc-zsmall.c" 1
# 160 "pp-ioccc-zsmall.c" 1
# 136 "pp-ioccc-zsmall.c" 2
# 160 "pp-ioccc-zsmall.c" 1
# 137 "pp-ioccc-zsmall.c" 2
# 160 "pp-ioccc-zsmall.c" 1
# 138 "pp-ioccc-zsmall.c" 2
# 160 "pp-ioccc-zsmall.c" 1
# 139 "pp-ioccc-zsmall.c" 2
# 160 "pp-ioccc-zsmall.c" 1
# 140 "pp-ioccc-zsmall.c" 2
# 160 "pp-ioccc-zsmall.c" 1
# 141 "pp-ioccc-zsmall.c" 2
# 160 "pp-ioccc-zsmall.c" 1
# 142 "pp-ioccc-zsmall.c" 2
# 160 "pp-ioccc-zsmall.c" 1
# 143 "pp-ioccc-zsmall.c" 2
# 142 "pp-ioccc-zsmall.c" 2
# 135 "pp-ioccc-zsmall.c" 1
# 160 "pp-ioccc-zsmall.c" 1
# 136 "pp-ioccc-zsmall.c" 2
# 160 "pp-ioccc-zsmall.c" 1
# 137 "pp-ioccc-zsmall.c" 2
# 160 "pp-ioccc-zsmall.c" 1
# 138 "pp-ioccc-zsmall.c" 2
# 160 "pp-ioccc-zsmall.c" 1
# 139 "pp-ioccc-zsmall.c" 2
# 160 "pp-ioccc-zsmall.c" 1
# 140 "pp-ioccc-zsmall.c" 2
# 160 "pp-ioccc-zsmall.c" 1
# 141 "pp-ioccc-zsmall.c" 2
# 160 "pp-ioccc-zsmall.c" 1
# 142 "pp-ioccc-zsmall.c" 2
# 160 "pp-ioccc-zsmall.c" 1
# 143 "pp-ioccc-zsmall.c" 2
# 143 "pp-ioccc-zsmall.c" 2
# 137 "./pp-ioccc-zsmall.c" 2
# 135 "pp-ioccc-zsmall.c" 1
# 135 "pp-ioccc-zsmall.c" 1
# 160 "pp-ioccc-zsmall.c" 1
# 136 "pp-ioccc-zsmall.c" 2
# 106 "pp-ioccc-zsmall.c" 1
printf("%d\n", (0 + 0 +(1<<5)+ 0 + 0 +(1<<2)+ 0 +1));
# 137 "pp-ioccc-zsmall.c" 2
# 160 "pp-ioccc-zsmall.c" 1
# 138 "pp-ioccc-zsmall.c" 2
# 160 "pp-ioccc-zsmall.c" 1
# 139 "pp-ioccc-zsmall.c" 2
# 160 "pp-ioccc-zsmall.c" 1
# 140 "pp-ioccc-zsmall.c" 2
# 160 "pp-ioccc-zsmall.c" 1
# 141 "pp-ioccc-zsmall.c" 2
# 160 "pp-ioccc-zsmall.c" 1
# 142 "pp-ioccc-zsmall.c" 2
# 160 "pp-ioccc-zsmall.c" 1
# 143 "pp-ioccc-zsmall.c" 2
# 136 "pp-ioccc-zsmall.c" 2
# 135 "pp-ioccc-zsmall.c" 1
# 160 "pp-ioccc-zsmall.c" 1
# 136 "pp-ioccc-zsmall.c" 2
# 160 "pp-ioccc-zsmall.c" 1
# 137 "pp-ioccc-zsmall.c" 2
# 160 "pp-ioccc-zsmall.c" 1
# 138 "pp-ioccc-zsmall.c" 2
# 160 "pp-ioccc-zsmall.c" 1
# 139 "pp-ioccc-zsmall.c" 2
# 160 "pp-ioccc-zsmall.c" 1
# 140 "pp-ioccc-zsmall.c" 2
# 160 "pp-ioccc-zsmall.c" 1
# 141 "pp-ioccc-zsmall.c" 2
# 160 "pp-ioccc-zsmall.c" 1
# 142 "pp-ioccc-zsmall.c" 2
# 160 "pp-ioccc-zsmall.c" 1
# 143 "pp-ioccc-zsmall.c" 2
# 137 "pp-ioccc-zsmall.c" 2
# 106 "pp-ioccc-zsmall.c" 1
printf("%d\n", (0 + 0 +(1<<5)+ 0 +(1<<3)+ 0 + 0 +1));
# 135 "pp-ioccc-zsmall.c"
# 160 "pp-ioccc-zsmall.c" 1
# 136 "pp-ioccc-zsmall.c" 2
# 160 "pp-ioccc-zsmall.c" 1
# 137 "pp-ioccc-zsmall.c" 2
# 160 "pp-ioccc-zsmall.c" 1
# 138 "pp-ioccc-zsmall.c" 2
# 160 "pp-ioccc-zsmall.c" 1
# 139 "pp-ioccc-zsmall.c" 2
# 160 "pp-ioccc-zsmall.c" 1
# 140 "pp-ioccc-zsmall.c" 2
# 160 "pp-ioccc-zsmall.c" 1
# 141 "pp-ioccc-zsmall.c" 2
# 160 "pp-ioccc-zsmall.c" 1
# 142 "pp-ioccc-zsmall.c" 2
# 106 "pp-ioccc-zsmall.c" 1
printf("%d\n", (0 + 0 +(1<<5)+ 0 +(1<<3)+ 0 +(1<<1)+1));
# 143 "pp-ioccc-zsmall.c" 2
# 138 "pp-ioccc-zsmall.c" 2
# 135 "pp-ioccc-zsmall.c" 1
# 160 "pp-ioccc-zsmall.c" 1
# 136 "pp-ioccc-zsmall.c" 2
# 160 "pp-ioccc-zsmall.c" 1
# 137 "pp-ioccc-zsmall.c" 2
# 160 "pp-ioccc-zsmall.c" 1
# 138 "pp-ioccc-zsmall.c" 2
# 160 "pp-ioccc-zsmall.c" 1
# 139 "pp-ioccc-zsmall.c" 2
# 160 "pp-ioccc-zsmall.c" 1
# 140 "pp-ioccc-zsmall.c" 2
# 160 "pp-ioccc-zsmall.c" 1
# 141 "pp-ioccc-zsmall.c" 2
# 160 "pp-ioccc-zsmall.c" 1
# 142 "pp-ioccc-zsmall.c" 2
# 160 "pp-ioccc-zsmall.c" 1
# 143 "pp-ioccc-zsmall.c" 2
# 139 "pp-ioccc-zsmall.c" 2
# 135 "pp-ioccc-zsmall.c" 1
# 160 "pp-ioccc-zsmall.c" 1
# 136 "pp-ioccc-zsmall.c" 2
# 160 "pp-ioccc-zsmall.c" 1
# 137 "pp-ioccc-zsmall.c" 2
# 160 "pp-ioccc-zsmall.c" 1
# 138 "pp-ioccc-zsmall.c" 2
# 160 "pp-ioccc-zsmall.c" 1
# 139 "pp-ioccc-zsmall.c" 2
# 160 "pp-ioccc-zsmall.c" 1
# 140 "pp-ioccc-zsmall.c" 2
# 106 "pp-ioccc-zsmall.c" 1
printf("%d\n", (0 + 0 +(1<<5)+ 0 +(1<<3)+(1<<2)+(1<<1)+1));
# 141 "pp-ioccc-zsmall.c" 2
# 160 "pp-ioccc-zsmall.c" 1
# 142 "pp-ioccc-zsmall.c" 2
# 160 "pp-ioccc-zsmall.c" 1
# 143 "pp-ioccc-zsmall.c" 2
# 140 "pp-ioccc-zsmall.c" 2
# 135 "pp-ioccc-zsmall.c" 1
# 160 "pp-ioccc-zsmall.c" 1
# 136 "pp-ioccc-zsmall.c" 2
# 160 "pp-ioccc-zsmall.c" 1
# 137 "pp-ioccc-zsmall.c" 2
# 160 "pp-ioccc-zsmall.c" 1
# 138 "pp-ioccc-zsmall.c" 2
# 160 "pp-ioccc-zsmall.c" 1
# 139 "pp-ioccc-zsmall.c" 2
# 160 "pp-ioccc-zsmall.c" 1
# 140 "pp-ioccc-zsmall.c" 2
# 160 "pp-ioccc-zsmall.c" 1
# 141 "pp-ioccc-zsmall.c" 2
# 160 "pp-ioccc-zsmall.c" 1
# 142 "pp-ioccc-zsmall.c" 2
# 160 "pp-ioccc-zsmall.c" 1
# 143 "pp-ioccc-zsmall.c" 2
# 141 "pp-ioccc-zsmall.c" 2
# 135 "pp-ioccc-zsmall.c" 1
# 160 "pp-ioccc-zsmall.c" 1
# 136 "pp-ioccc-zsmall.c" 2
# 160 "pp-ioccc-zsmall.c" 1
# 137 "pp-ioccc-zsmall.c" 2
# 160 "pp-ioccc-zsmall.c" 1
# 138 "pp-ioccc-zsmall.c" 2
# 160 "pp-ioccc-zsmall.c" 1
# 139 "pp-ioccc-zsmall.c" 2
# 160 "pp-ioccc-zsmall.c" 1
# 140 "pp-ioccc-zsmall.c" 2
# 160 "pp-ioccc-zsmall.c" 1
# 141 "pp-ioccc-zsmall.c" 2
# 160 "pp-ioccc-zsmall.c" 1
# 142 "pp-ioccc-zsmall.c" 2
# 160 "pp-ioccc-zsmall.c" 1
# 143 "pp-ioccc-zsmall.c" 2
# 142 "pp-ioccc-zsmall.c" 2
# 135 "pp-ioccc-zsmall.c" 1
# 160 "pp-ioccc-zsmall.c" 1
# 136 "pp-ioccc-zsmall.c" 2
# 160 "pp-ioccc-zsmall.c" 1
# 137 "pp-ioccc-zsmall.c" 2
# 106 "pp-ioccc-zsmall.c" 1
printf("%d\n", (0 + 0 +(1<<5)+(1<<4)+ 0 +(1<<2)+ 0 +1));
# 138 "pp-ioccc-zsmall.c" 2
# 160 "pp-ioccc-zsmall.c" 1
# 139 "pp-ioccc-zsmall.c" 2
# 160 "pp-ioccc-zsmall.c" 1
# 140 "pp-ioccc-zsmall.c" 2
# 160 "pp-ioccc-zsmall.c" 1
# 141 "pp-ioccc-zsmall.c" 2
# 160 "pp-ioccc-zsmall.c" 1
# 142 "pp-ioccc-zsmall.c" 2
# 160 "pp-ioccc-zsmall.c" 1
# 143 "pp-ioccc-zsmall.c" 2
# 143 "pp-ioccc-zsmall.c" 2
# 138 "./pp-ioccc-zsmall.c" 2
# 135 "pp-ioccc-zsmall.c" 1
# 135 "pp-ioccc-zsmall.c" 1
# 160 "pp-ioccc-zsmall.c" 1
# 136 "pp-ioccc-zsmall.c" 2
# 160 "pp-ioccc-zsmall.c" 1
# 137 "pp-ioccc-zsmall.c" 2
# 160 "pp-ioccc-zsmall.c" 1
# 138 "pp-ioccc-zsmall.c" 2
# 160 "pp-ioccc-zsmall.c" 1
# 139 "pp-ioccc-zsmall.c" 2
# 160 "pp-ioccc-zsmall.c" 1
# 140 "pp-ioccc-zsmall.c" 2
# 160 "pp-ioccc-zsmall.c" 1
# 141 "pp-ioccc-zsmall.c" 2
# 160 "pp-ioccc-zsmall.c" 1
# 142 "pp-ioccc-zsmall.c" 2
# 160 "pp-ioccc-zsmall.c" 1
# 143 "pp-ioccc-zsmall.c" 2
# 136 "pp-ioccc-zsmall.c" 2
# 135 "pp-ioccc-zsmall.c" 1
# 160 "pp-ioccc-zsmall.c" 1
# 136 "pp-ioccc-zsmall.c" 2
# 160 "pp-ioccc-zsmall.c" 1
# 137 "pp-ioccc-zsmall.c" 2
# 160 "pp-ioccc-zsmall.c" 1
# 138 "pp-ioccc-zsmall.c" 2
# 160 "pp-ioccc-zsmall.c" 1
# 139 "pp-ioccc-zsmall.c" 2
# 160 "pp-ioccc-zsmall.c" 1
# 140 "pp-ioccc-zsmall.c" 2
# 160 "pp-ioccc-zsmall.c" 1
# 141 "pp-ioccc-zsmall.c" 2
# 160 "pp-ioccc-zsmall.c" 1
# 142 "pp-ioccc-zsmall.c" 2
# 106 "pp-ioccc-zsmall.c" 1
printf("%d\n", (0 + 0 +(1<<5)+(1<<4)+(1<<3)+ 0 +(1<<1)+1));
# 143 "pp-ioccc-zsmall.c" 2
# 137 "pp-ioccc-zsmall.c" 2
# 135 "pp-ioccc-zsmall.c" 1
# 160 "pp-ioccc-zsmall.c" 1
# 136 "pp-ioccc-zsmall.c" 2
# 160 "pp-ioccc-zsmall.c" 1
# 137 "pp-ioccc-zsmall.c" 2
# 160 "pp-ioccc-zsmall.c" 1
# 138 "pp-ioccc-zsmall.c" 2
# 160 "pp-ioccc-zsmall.c" 1
# 139 "pp-ioccc-zsmall.c" 2
# 160 "pp-ioccc-zsmall.c" 1
# 140 "pp-ioccc-zsmall.c" 2
# 160 "pp-ioccc-zsmall.c" 1
# 141 "pp-ioccc-zsmall.c" 2
# 106 "pp-ioccc-zsmall.c" 1
printf("%d\n", (0 + 0 +(1<<5)+(1<<4)+(1<<3)+(1<<2)+ 0 +1));
# 142 "pp-ioccc-zsmall.c" 2
# 160 "pp-ioccc-zsmall.c" 1
# 143 "pp-ioccc-zsmall.c" 2
# 138 "pp-ioccc-zsmall.c" 2
# 135 "pp-ioccc-zsmall.c" 1
# 160 "pp-ioccc-zsmall.c" 1
# 136 "pp-ioccc-zsmall.c" 2
# 160 "pp-ioccc-zsmall.c" 1
# 137 "pp-ioccc-zsmall.c" 2
# 160 "pp-ioccc-zsmall.c" 1
# 138 "pp-ioccc-zsmall.c" 2
# 160 "pp-ioccc-zsmall.c" 1
# 139 "pp-ioccc-zsmall.c" 2
# 160 "pp-ioccc-zsmall.c" 1
# 140 "pp-ioccc-zsmall.c" 2
# 160 "pp-ioccc-zsmall.c" 1
# 141 "pp-ioccc-zsmall.c" 2
# 160 "pp-ioccc-zsmall.c" 1
# 142 "pp-ioccc-zsmall.c" 2
# 160 "pp-ioccc-zsmall.c" 1
# 143 "pp-ioccc-zsmall.c" 2
# 139 "pp-ioccc-zsmall.c" 2
# 135 "pp-ioccc-zsmall.c" 1
# 160 "pp-ioccc-zsmall.c" 1
# 136 "pp-ioccc-zsmall.c" 2
# 160 "pp-ioccc-zsmall.c" 1
# 137 "pp-ioccc-zsmall.c" 2
# 160 "pp-ioccc-zsmall.c" 1
# 138 "pp-ioccc-zsmall.c" 2
# 160 "pp-ioccc-zsmall.c" 1
# 139 "pp-ioccc-zsmall.c" 2
# 160 "pp-ioccc-zsmall.c" 1
# 140 "pp-ioccc-zsmall.c" 2
# 160 "pp-ioccc-zsmall.c" 1
# 141 "pp-ioccc-zsmall.c" 2
# 160 "pp-ioccc-zsmall.c" 1
# 142 "pp-ioccc-zsmall.c" 2
# 160 "pp-ioccc-zsmall.c" 1
# 143 "pp-ioccc-zsmall.c" 2
# 140 "pp-ioccc-zsmall.c" 2
# 135 "pp-ioccc-zsmall.c" 1
# 160 "pp-ioccc-zsmall.c" 1
# 136 "pp-ioccc-zsmall.c" 2
# 160 "pp-ioccc-zsmall.c" 1
# 137 "pp-ioccc-zsmall.c" 2
# 160 "pp-ioccc-zsmall.c" 1
# 138 "pp-ioccc-zsmall.c" 2
# 106 "pp-ioccc-zsmall.c" 1
printf("%d\n", (0 +(1<<6)+ 0 + 0 + 0 + 0 +(1<<1)+1));
# 139 "pp-ioccc-zsmall.c" 2
# 160 "pp-ioccc-zsmall.c" 1
# 140 "pp-ioccc-zsmall.c" 2
# 160 "pp-ioccc-zsmall.c" 1
# 141 "pp-ioccc-zsmall.c" 2
# 160 "pp-ioccc-zsmall.c" 1
# 142 "pp-ioccc-zsmall.c" 2
# 160 "pp-ioccc-zsmall.c" 1
# 143 "pp-ioccc-zsmall.c" 2
# 141 "pp-ioccc-zsmall.c" 2
# 135 "pp-ioccc-zsmall.c" 1
# 160 "pp-ioccc-zsmall.c" 1
# 136 "pp-ioccc-zsmall.c" 2
# 160 "pp-ioccc-zsmall.c" 1
# 137 "pp-ioccc-zsmall.c" 2
# 160 "pp-ioccc-zsmall.c" 1
# 138 "pp-ioccc-zsmall.c" 2
# 160 "pp-ioccc-zsmall.c" 1
# 139 "pp-ioccc-zsmall.c" 2
# 160 "pp-ioccc-zsmall.c" 1
# 140 "pp-ioccc-zsmall.c" 2
# 160 "pp-ioccc-zsmall.c" 1
# 141 "pp-ioccc-zsmall.c" 2
# 160 "pp-ioccc-zsmall.c" 1
# 142 "pp-ioccc-zsmall.c" 2
# 160 "pp-ioccc-zsmall.c" 1
# 143 "pp-ioccc-zsmall.c" 2
# 142 "pp-ioccc-zsmall.c" 2
# 135 "pp-ioccc-zsmall.c" 1
# 160 "pp-ioccc-zsmall.c" 1
# 136 "pp-ioccc-zsmall.c" 2
# 106 "pp-ioccc-zsmall.c" 1
printf("%d\n", (0 +(1<<6)+ 0 + 0 + 0 +(1<<2)+(1<<1)+1));
# 137 "pp-ioccc-zsmall.c" 2
# 160 "pp-ioccc-zsmall.c" 1
# 138 "pp-ioccc-zsmall.c" 2
# 160 "pp-ioccc-zsmall.c" 1
# 139 "pp-ioccc-zsmall.c" 2
# 160 "pp-ioccc-zsmall.c" 1
# 140 "pp-ioccc-zsmall.c" 2
# 160 "pp-ioccc-zsmall.c" 1
# 141 "pp-ioccc-zsmall.c" 2
# 160 "pp-ioccc-zsmall.c" 1
# 142 "pp-ioccc-zsmall.c" 2
# 160 "pp-ioccc-zsmall.c" 1
# 143 "pp-ioccc-zsmall.c" 2
# 143 "pp-ioccc-zsmall.c" 2
# 139 "./pp-ioccc-zsmall.c" 2
# 135 "pp-ioccc-zsmall.c" 1
# 106 "pp-ioccc-zsmall.c" 1
printf("%d\n", (0 +(1<<6)+ 0 + 0 +(1<<3)+ 0 + 0 +1));
# 135 "pp-ioccc-zsmall.c"
# 160 "pp-ioccc-zsmall.c" 1
# 136 "pp-ioccc-zsmall.c" 2
# 160 "pp-ioccc-zsmall.c" 1
# 137 "pp-ioccc-zsmall.c" 2
# 160 "pp-ioccc-zsmall.c" 1
# 138 "pp-ioccc-zsmall.c" 2
# 160 "pp-ioccc-zsmall.c" 1
# 139 "pp-ioccc-zsmall.c" 2
# 160 "pp-ioccc-zsmall.c" 1
# 140 "pp-ioccc-zsmall.c" 2
# 160 "pp-ioccc-zsmall.c" 1
# 141 "pp-ioccc-zsmall.c" 2
# 160 "pp-ioccc-zsmall.c" 1
# 142 "pp-ioccc-zsmall.c" 2
# 160 "pp-ioccc-zsmall.c" 1
# 143 "pp-ioccc-zsmall.c" 2
# 136 "pp-ioccc-zsmall.c" 2
# 135 "pp-ioccc-zsmall.c" 1
# 160 "pp-ioccc-zsmall.c" 1
# 136 "pp-ioccc-zsmall.c" 2
# 160 "pp-ioccc-zsmall.c" 1
# 137 "pp-ioccc-zsmall.c" 2
# 160 "pp-ioccc-zsmall.c" 1
# 138 "pp-ioccc-zsmall.c" 2
# 160 "pp-ioccc-zsmall.c" 1
# 139 "pp-ioccc-zsmall.c" 2
# 160 "pp-ioccc-zsmall.c" 1
# 140 "pp-ioccc-zsmall.c" 2
# 160 "pp-ioccc-zsmall.c" 1
# 141 "pp-ioccc-zsmall.c" 2
# 160 "pp-ioccc-zsmall.c" 1
# 142 "pp-ioccc-zsmall.c" 2
# 160 "pp-ioccc-zsmall.c" 1
# 143 "pp-ioccc-zsmall.c" 2
# 137 "pp-ioccc-zsmall.c" 2
# 135 "pp-ioccc-zsmall.c" 1
# 160 "pp-ioccc-zsmall.c" 1
# 136 "pp-ioccc-zsmall.c" 2
# 160 "pp-ioccc-zsmall.c" 1
# 137 "pp-ioccc-zsmall.c" 2
# 160 "pp-ioccc-zsmall.c" 1
# 138 "pp-ioccc-zsmall.c" 2
# 160 "pp-ioccc-zsmall.c" 1
# 139 "pp-ioccc-zsmall.c" 2
# 160 "pp-ioccc-zsmall.c" 1
# 140 "pp-ioccc-zsmall.c" 2
# 106 "pp-ioccc-zsmall.c" 1
printf("%d\n", (0 +(1<<6)+ 0 + 0 +(1<<3)+(1<<2)+(1<<1)+1));
# 141 "pp-ioccc-zsmall.c" 2
# 160 "pp-ioccc-zsmall.c" 1
# 142 "pp-ioccc-zsmall.c" 2
# 160 "pp-ioccc-zsmall.c" 1
# 143 "pp-ioccc-zsmall.c" 2
# 138 "pp-ioccc-zsmall.c" 2
# 135 "pp-ioccc-zsmall.c" 1
# 160 "pp-ioccc-zsmall.c" 1
# 136 "pp-ioccc-zsmall.c" 2
# 160 "pp-ioccc-zsmall.c" 1
# 137 "pp-ioccc-zsmall.c" 2
# 160 "pp-ioccc-zsmall.c" 1
# 138 "pp-ioccc-zsmall.c" 2
# 160 "pp-ioccc-zsmall.c" 1
# 139 "pp-ioccc-zsmall.c" 2
# 160 "pp-ioccc-zsmall.c" 1
# 140 "pp-ioccc-zsmall.c" 2
# 160 "pp-ioccc-zsmall.c" 1
# 141 "pp-ioccc-zsmall.c" 2
# 160 "pp-ioccc-zsmall.c" 1
# 142 "pp-ioccc-zsmall.c" 2
# 160 "pp-ioccc-zsmall.c" 1
# 143 "pp-ioccc-zsmall.c" 2
# 139 "pp-ioccc-zsmall.c" 2
# 135 "pp-ioccc-zsmall.c" 1
# 160 "pp-ioccc-zsmall.c" 1
# 136 "pp-ioccc-zsmall.c" 2
# 160 "pp-ioccc-zsmall.c" 1
# 137 "pp-ioccc-zsmall.c" 2
# 160 "pp-ioccc-zsmall.c" 1
# 138 "pp-ioccc-zsmall.c" 2
# 106 "pp-ioccc-zsmall.c" 1
printf("%d\n", (0 +(1<<6)+ 0 +(1<<4)+ 0 + 0 +(1<<1)+1));
# 139 "pp-ioccc-zsmall.c" 2
# 160 "pp-ioccc-zsmall.c" 1
# 140 "pp-ioccc-zsmall.c" 2
# 160 "pp-ioccc-zsmall.c" 1
# 141 "pp-ioccc-zsmall.c" 2
# 160 "pp-ioccc-zsmall.c" 1
# 142 "pp-ioccc-zsmall.c" 2
# 160 "pp-ioccc-zsmall.c" 1
# 143 "pp-ioccc-zsmall.c" 2
# 140 "pp-ioccc-zsmall.c" 2
# 135 "pp-ioccc-zsmall.c" 1
# 160 "pp-ioccc-zsmall.c" 1
# 136 "pp-ioccc-zsmall.c" 2
# 160 "pp-ioccc-zsmall.c" 1
# 137 "pp-ioccc-zsmall.c" 2
# 160 "pp-ioccc-zsmall.c" 1
# 138 "pp-ioccc-zsmall.c" 2
# 160 "pp-ioccc-zsmall.c" 1
# 139 "pp-ioccc-zsmall.c" 2
# 160 "pp-ioccc-zsmall.c" 1
# 140 "pp-ioccc-zsmall.c" 2
# 160 "pp-ioccc-zsmall.c" 1
# 141 "pp-ioccc-zsmall.c" 2
# 160 "pp-ioccc-zsmall.c" 1
# 142 "pp-ioccc-zsmall.c" 2
# 160 "pp-ioccc-zsmall.c" 1
# 143 "pp-ioccc-zsmall.c" 2
# 141 "pp-ioccc-zsmall.c" 2
# 135 "pp-ioccc-zsmall.c" 1
# 160 "pp-ioccc-zsmall.c" 1
# 136 "pp-ioccc-zsmall.c" 2
# 160 "pp-ioccc-zsmall.c" 1
# 137 "pp-ioccc-zsmall.c" 2
# 160 "pp-ioccc-zsmall.c" 1
# 138 "pp-ioccc-zsmall.c" 2
# 160 "pp-ioccc-zsmall.c" 1
# 139 "pp-ioccc-zsmall.c" 2
# 160 "pp-ioccc-zsmall.c" 1
# 140 "pp-ioccc-zsmall.c" 2
# 160 "pp-ioccc-zsmall.c" 1
# 141 "pp-ioccc-zsmall.c" 2
# 160 "pp-ioccc-zsmall.c" 1
# 142 "pp-ioccc-zsmall.c" 2
# 160 "pp-ioccc-zsmall.c" 1
# 143 "pp-ioccc-zsmall.c" 2
# 142 "pp-ioccc-zsmall.c" 2
# 135 "pp-ioccc-zsmall.c" 1
# 106 "pp-ioccc-zsmall.c" 1
printf("%d\n", (0 +(1<<6)+ 0 +(1<<4)+(1<<3)+ 0 + 0 +1));
# 136 "pp-ioccc-zsmall.c" 2
# 160 "pp-ioccc-zsmall.c" 1
# 137 "pp-ioccc-zsmall.c" 2
# 160 "pp-ioccc-zsmall.c" 1
# 138 "pp-ioccc-zsmall.c" 2
# 160 "pp-ioccc-zsmall.c" 1
# 139 "pp-ioccc-zsmall.c" 2
# 160 "pp-ioccc-zsmall.c" 1
# 140 "pp-ioccc-zsmall.c" 2
# 160 "pp-ioccc-zsmall.c" 1
# 141 "pp-ioccc-zsmall.c" 2
# 160 "pp-ioccc-zsmall.c" 1
# 142 "pp-ioccc-zsmall.c" 2
# 160 "pp-ioccc-zsmall.c" 1
# 143 "pp-ioccc-zsmall.c" 2
# 143 "pp-ioccc-zsmall.c" 2
# 140 "./pp-ioccc-zsmall.c" 2
# 135 "pp-ioccc-zsmall.c" 1
# 135 "pp-ioccc-zsmall.c" 1
# 160 "pp-ioccc-zsmall.c" 1
# 136 "pp-ioccc-zsmall.c" 2
# 160 "pp-ioccc-zsmall.c" 1
# 137 "pp-ioccc-zsmall.c" 2
# 160 "pp-ioccc-zsmall.c" 1
# 138 "pp-ioccc-zsmall.c" 2
# 160 "pp-ioccc-zsmall.c" 1
# 139 "pp-ioccc-zsmall.c" 2
# 160 "pp-ioccc-zsmall.c" 1
# 140 "pp-ioccc-zsmall.c" 2
# 160 "pp-ioccc-zsmall.c" 1
# 141 "pp-ioccc-zsmall.c" 2
# 160 "pp-ioccc-zsmall.c" 1
# 142 "pp-ioccc-zsmall.c" 2
# 160 "pp-ioccc-zsmall.c" 1
# 143 "pp-ioccc-zsmall.c" 2
# 136 "pp-ioccc-zsmall.c" 2
# 135 "pp-ioccc-zsmall.c" 1
# 160 "pp-ioccc-zsmall.c" 1
# 136 "pp-ioccc-zsmall.c" 2
# 160 "pp-ioccc-zsmall.c" 1
# 137 "pp-ioccc-zsmall.c" 2
# 160 "pp-ioccc-zsmall.c" 1
# 138 "pp-ioccc-zsmall.c" 2
# 160 "pp-ioccc-zsmall.c" 1
# 139 "pp-ioccc-zsmall.c" 2
# 160 "pp-ioccc-zsmall.c" 1
# 140 "pp-ioccc-zsmall.c" 2
# 160 "pp-ioccc-zsmall.c" 1
# 141 "pp-ioccc-zsmall.c" 2
# 160 "pp-ioccc-zsmall.c" 1
# 142 "pp-ioccc-zsmall.c" 2
# 160 "pp-ioccc-zsmall.c" 1
# 143 "pp-ioccc-zsmall.c" 2
# 137 "pp-ioccc-zsmall.c" 2
# 135 "pp-ioccc-zsmall.c" 1
# 160 "pp-ioccc-zsmall.c" 1
# 136 "pp-ioccc-zsmall.c" 2
# 160 "pp-ioccc-zsmall.c" 1
# 137 "pp-ioccc-zsmall.c" 2
# 160 "pp-ioccc-zsmall.c" 1
# 138 "pp-ioccc-zsmall.c" 2
# 160 "pp-ioccc-zsmall.c" 1
# 139 "pp-ioccc-zsmall.c" 2
# 106 "pp-ioccc-zsmall.c" 1
printf("%d\n", (0 +(1<<6)+(1<<5)+ 0 + 0 + 0 + 0 +1));
# 140 "pp-ioccc-zsmall.c" 2
# 160 "pp-ioccc-zsmall.c" 1
# 141 "pp-ioccc-zsmall.c" 2
# 160 "pp-ioccc-zsmall.c" 1
# 142 "pp-ioccc-zsmall.c" 2
# 160 "pp-ioccc-zsmall.c" 1
# 143 "pp-ioccc-zsmall.c" 2
# 138 "pp-ioccc-zsmall.c" 2
# 135 "pp-ioccc-zsmall.c" 1
# 160 "pp-ioccc-zsmall.c" 1
# 136 "pp-ioccc-zsmall.c" 2
# 160 "pp-ioccc-zsmall.c" 1
# 137 "pp-ioccc-zsmall.c" 2
# 160 "pp-ioccc-zsmall.c" 1
# 138 "pp-ioccc-zsmall.c" 2
# 160 "pp-ioccc-zsmall.c" 1
# 139 "pp-ioccc-zsmall.c" 2
# 160 "pp-ioccc-zsmall.c" 1
# 140 "pp-ioccc-zsmall.c" 2
# 160 "pp-ioccc-zsmall.c" 1
# 141 "pp-ioccc-zsmall.c" 2
# 160 "pp-ioccc-zsmall.c" 1
# 142 "pp-ioccc-zsmall.c" 2
# 160 "pp-ioccc-zsmall.c" 1
# 143 "pp-ioccc-zsmall.c" 2
# 139 "pp-ioccc-zsmall.c" 2
# 135 "pp-ioccc-zsmall.c" 1
# 160 "pp-ioccc-zsmall.c" 1
# 136 "pp-ioccc-zsmall.c" 2
# 160 "pp-ioccc-zsmall.c" 1
# 137 "pp-ioccc-zsmall.c" 2
# 106 "pp-ioccc-zsmall.c" 1
printf("%d\n", (0 +(1<<6)+(1<<5)+ 0 + 0 +(1<<2)+ 0 +1));
# 138 "pp-ioccc-zsmall.c" 2
# 160 "pp-ioccc-zsmall.c" 1
# 139 "pp-ioccc-zsmall.c" 2
# 160 "pp-ioccc-zsmall.c" 1
# 140 "pp-ioccc-zsmall.c" 2
# 160 "pp-ioccc-zsmall.c" 1
# 141 "pp-ioccc-zsmall.c" 2
# 160 "pp-ioccc-zsmall.c" 1
# 142 "pp-ioccc-zsmall.c" 2
# 160 "pp-ioccc-zsmall.c" 1
# 143 "pp-ioccc-zsmall.c" 2
# 140 "pp-ioccc-zsmall.c" 2
# 135 "pp-ioccc-zsmall.c" 1
# 160 "pp-ioccc-zsmall.c" 1
# 136 "pp-ioccc-zsmall.c" 2
# 106 "pp-ioccc-zsmall.c" 1
printf("%d\n", (0 +(1<<6)+(1<<5)+ 0 + 0 +(1<<2)+(1<<1)+1));
# 137 "pp-ioccc-zsmall.c" 2
# 160 "pp-ioccc-zsmall.c" 1
# 138 "pp-ioccc-zsmall.c" 2
# 160 "pp-ioccc-zsmall.c" 1
# 139 "pp-ioccc-zsmall.c" 2
# 160 "pp-ioccc-zsmall.c" 1
# 140 "pp-ioccc-zsmall.c" 2
# 160 "pp-ioccc-zsmall.c" 1
# 141 "pp-ioccc-zsmall.c" 2
# 160 "pp-ioccc-zsmall.c" 1
# 142 "pp-ioccc-zsmall.c" 2
# 160 "pp-ioccc-zsmall.c" 1
# 143 "pp-ioccc-zsmall.c" 2
# 141 "pp-ioccc-zsmall.c" 2
# 135 "pp-ioccc-zsmall.c" 1
# 160 "pp-ioccc-zsmall.c" 1
# 136 "pp-ioccc-zsmall.c" 2
# 160 "pp-ioccc-zsmall.c" 1
# 137 "pp-ioccc-zsmall.c" 2
# 160 "pp-ioccc-zsmall.c" 1
# 138 "pp-ioccc-zsmall.c" 2
# 160 "pp-ioccc-zsmall.c" 1
# 139 "pp-ioccc-zsmall.c" 2
# 160 "pp-ioccc-zsmall.c" 1
# 140 "pp-ioccc-zsmall.c" 2
# 160 "pp-ioccc-zsmall.c" 1
# 141 "pp-ioccc-zsmall.c" 2
# 160 "pp-ioccc-zsmall.c" 1
# 142 "pp-ioccc-zsmall.c" 2
# 160 "pp-ioccc-zsmall.c" 1
# 143 "pp-ioccc-zsmall.c" 2
# 142 "pp-ioccc-zsmall.c" 2
# 106 "pp-ioccc-zsmall.c" 1
printf("%d\n", (0 +(1<<6)+(1<<5)+ 0 +(1<<3)+ 0 +(1<<1)+1));
# 135 "pp-ioccc-zsmall.c"
# 160 "pp-ioccc-zsmall.c" 1
# 136 "pp-ioccc-zsmall.c" 2
# 160 "pp-ioccc-zsmall.c" 1
# 137 "pp-ioccc-zsmall.c" 2
# 160 "pp-ioccc-zsmall.c" 1
# 138 "pp-ioccc-zsmall.c" 2
# 160 "pp-ioccc-zsmall.c" 1
# 139 "pp-ioccc-zsmall.c" 2
# 160 "pp-ioccc-zsmall.c" 1
# 140 "pp-ioccc-zsmall.c" 2
# 160 "pp-ioccc-zsmall.c" 1
# 141 "pp-ioccc-zsmall.c" 2
# 160 "pp-ioccc-zsmall.c" 1
# 142 "pp-ioccc-zsmall.c" 2
# 106 "pp-ioccc-zsmall.c" 1
printf("%d\n", (0 +(1<<6)+(1<<5)+ 0 +(1<<3)+(1<<2)+ 0 +1));
# 143 "pp-ioccc-zsmall.c" 2
# 143 "pp-ioccc-zsmall.c" 2
# 141 "./pp-ioccc-zsmall.c" 2
# 135 "pp-ioccc-zsmall.c" 1
# 135 "pp-ioccc-zsmall.c" 1
# 160 "pp-ioccc-zsmall.c" 1
# 136 "pp-ioccc-zsmall.c" 2
# 160 "pp-ioccc-zsmall.c" 1
# 137 "pp-ioccc-zsmall.c" 2
# 160 "pp-ioccc-zsmall.c" 1
# 138 "pp-ioccc-zsmall.c" 2
# 160 "pp-ioccc-zsmall.c" 1
# 139 "pp-ioccc-zsmall.c" 2
# 160 "pp-ioccc-zsmall.c" 1
# 140 "pp-ioccc-zsmall.c" 2
# 160 "pp-ioccc-zsmall.c" 1
# 141 "pp-ioccc-zsmall.c" 2
# 160 "pp-ioccc-zsmall.c" 1
# 142 "pp-ioccc-zsmall.c" 2
# 160 "pp-ioccc-zsmall.c" 1
# 143 "pp-ioccc-zsmall.c" 2
# 136 "pp-ioccc-zsmall.c" 2
# 135 "pp-ioccc-zsmall.c" 1
# 160 "pp-ioccc-zsmall.c" 1
# 136 "pp-ioccc-zsmall.c" 2
# 160 "pp-ioccc-zsmall.c" 1
# 137 "pp-ioccc-zsmall.c" 2
# 160 "pp-ioccc-zsmall.c" 1
# 138 "pp-ioccc-zsmall.c" 2
# 160 "pp-ioccc-zsmall.c" 1
# 139 "pp-ioccc-zsmall.c" 2
# 106 "pp-ioccc-zsmall.c" 1
printf("%d\n", (0 +(1<<6)+(1<<5)+(1<<4)+ 0 + 0 + 0 +1));
# 140 "pp-ioccc-zsmall.c" 2
# 160 "pp-ioccc-zsmall.c" 1
# 141 "pp-ioccc-zsmall.c" 2
# 160 "pp-ioccc-zsmall.c" 1
# 142 "pp-ioccc-zsmall.c" 2
# 160 "pp-ioccc-zsmall.c" 1
# 143 "pp-ioccc-zsmall.c" 2
# 137 "pp-ioccc-zsmall.c" 2
# 135 "pp-ioccc-zsmall.c" 1
# 160 "pp-ioccc-zsmall.c" 1
# 136 "pp-ioccc-zsmall.c" 2
# 160 "pp-ioccc-zsmall.c" 1
# 137 "pp-ioccc-zsmall.c" 2
# 160 "pp-ioccc-zsmall.c" 1
# 138 "pp-ioccc-zsmall.c" 2
# 160 "pp-ioccc-zsmall.c" 1
# 139 "pp-ioccc-zsmall.c" 2
# 160 "pp-ioccc-zsmall.c" 1
# 140 "pp-ioccc-zsmall.c" 2
# 160 "pp-ioccc-zsmall.c" 1
# 141 "pp-ioccc-zsmall.c" 2
# 160 "pp-ioccc-zsmall.c" 1
# 142 "pp-ioccc-zsmall.c" 2
# 160 "pp-ioccc-zsmall.c" 1
# 143 "pp-ioccc-zsmall.c" 2
# 138 "pp-ioccc-zsmall.c" 2
# 135 "pp-ioccc-zsmall.c" 1
# 160 "pp-ioccc-zsmall.c" 1
# 136 "pp-ioccc-zsmall.c" 2
# 160 "pp-ioccc-zsmall.c" 1
# 137 "pp-ioccc-zsmall.c" 2
# 160 "pp-ioccc-zsmall.c" 1
# 138 "pp-ioccc-zsmall.c" 2
# 160 "pp-ioccc-zsmall.c" 1
# 139 "pp-ioccc-zsmall.c" 2
# 160 "pp-ioccc-zsmall.c" 1
# 140 "pp-ioccc-zsmall.c" 2
# 160 "pp-ioccc-zsmall.c" 1
# 141 "pp-ioccc-zsmall.c" 2
# 160 "pp-ioccc-zsmall.c" 1
# 142 "pp-ioccc-zsmall.c" 2
# 160 "pp-ioccc-zsmall.c" 1
# 143 "pp-ioccc-zsmall.c" 2
# 139 "pp-ioccc-zsmall.c" 2
# 135 "pp-ioccc-zsmall.c" 1
# 160 "pp-ioccc-zsmall.c" 1
# 136 "pp-ioccc-zsmall.c" 2
# 160 "pp-ioccc-zsmall.c" 1
# 137 "pp-ioccc-zsmall.c" 2
# 160 "pp-ioccc-zsmall.c" 1
# 138 "pp-ioccc-zsmall.c" 2
# 160 "pp-ioccc-zsmall.c" 1
# 139 "pp-ioccc-zsmall.c" 2
# 160 "pp-ioccc-zsmall.c" 1
# 140 "pp-ioccc-zsmall.c" 2
# 160 "pp-ioccc-zsmall.c" 1
# 141 "pp-ioccc-zsmall.c" 2
# 160 "pp-ioccc-zsmall.c" 1
# 142 "pp-ioccc-zsmall.c" 2
# 160 "pp-ioccc-zsmall.c" 1
# 143 "pp-ioccc-zsmall.c" 2
# 140 "pp-ioccc-zsmall.c" 2
# 135 "pp-ioccc-zsmall.c" 1
# 160 "pp-ioccc-zsmall.c" 1
# 136 "pp-ioccc-zsmall.c" 2
# 160 "pp-ioccc-zsmall.c" 1
# 137 "pp-ioccc-zsmall.c" 2
# 160 "pp-ioccc-zsmall.c" 1
# 138 "pp-ioccc-zsmall.c" 2
# 160 "pp-ioccc-zsmall.c" 1
# 139 "pp-ioccc-zsmall.c" 2
# 160 "pp-ioccc-zsmall.c" 1
# 140 "pp-ioccc-zsmall.c" 2
# 160 "pp-ioccc-zsmall.c" 1
# 141 "pp-ioccc-zsmall.c" 2
# 160 "pp-ioccc-zsmall.c" 1
# 142 "pp-ioccc-zsmall.c" 2
# 160 "pp-ioccc-zsmall.c" 1
# 143 "pp-ioccc-zsmall.c" 2
# 141 "pp-ioccc-zsmall.c" 2
# 135 "pp-ioccc-zsmall.c" 1
# 160 "pp-ioccc-zsmall.c" 1
# 136 "pp-ioccc-zsmall.c" 2
# 160 "pp-ioccc-zsmall.c" 1
# 137 "pp-ioccc-zsmall.c" 2
# 160 "pp-ioccc-zsmall.c" 1
# 138 "pp-ioccc-zsmall.c" 2
# 160 "pp-ioccc-zsmall.c" 1
# 139 "pp-ioccc-zsmall.c" 2
# 160 "pp-ioccc-zsmall.c" 1
# 140 "pp-ioccc-zsmall.c" 2
# 160 "pp-ioccc-zsmall.c" 1
# 141 "pp-ioccc-zsmall.c" 2
# 160 "pp-ioccc-zsmall.c" 1
# 142 "pp-ioccc-zsmall.c" 2
# 160 "pp-ioccc-zsmall.c" 1
# 143 "pp-ioccc-zsmall.c" 2
# 142 "pp-ioccc-zsmall.c" 2
# 135 "pp-ioccc-zsmall.c" 1
# 160 "pp-ioccc-zsmall.c" 1
# 136 "pp-ioccc-zsmall.c" 2
# 160 "pp-ioccc-zsmall.c" 1
# 137 "pp-ioccc-zsmall.c" 2
# 160 "pp-ioccc-zsmall.c" 1
# 138 "pp-ioccc-zsmall.c" 2
# 160 "pp-ioccc-zsmall.c" 1
# 139 "pp-ioccc-zsmall.c" 2
# 160 "pp-ioccc-zsmall.c" 1
# 140 "pp-ioccc-zsmall.c" 2
# 160 "pp-ioccc-zsmall.c" 1
# 141 "pp-ioccc-zsmall.c" 2
# 106 "pp-ioccc-zsmall.c" 1
printf("%d\n", (0 +(1<<6)+(1<<5)+(1<<4)+(1<<3)+(1<<2)+(1<<1)+1));
# 142 "pp-ioccc-zsmall.c" 2
# 160 "pp-ioccc-zsmall.c" 1
# 143 "pp-ioccc-zsmall.c" 2
# 143 "pp-ioccc-zsmall.c" 2
# 142 "./pp-ioccc-zsmall.c" 2
# 135 "pp-ioccc-zsmall.c" 1
# 135 "pp-ioccc-zsmall.c" 1
# 160 "pp-ioccc-zsmall.c" 1
# 136 "pp-ioccc-zsmall.c" 2
# 160 "pp-ioccc-zsmall.c" 1
# 137 "pp-ioccc-zsmall.c" 2
# 160 "pp-ioccc-zsmall.c" 1
# 138 "pp-ioccc-zsmall.c" 2
# 160 "pp-ioccc-zsmall.c" 1
# 139 "pp-ioccc-zsmall.c" 2
# 160 "pp-ioccc-zsmall.c" 1
# 140 "pp-ioccc-zsmall.c" 2
# 160 "pp-ioccc-zsmall.c" 1
# 141 "pp-ioccc-zsmall.c" 2
# 160 "pp-ioccc-zsmall.c" 1
# 142 "pp-ioccc-zsmall.c" 2
# 160 "pp-ioccc-zsmall.c" 1
# 143 "pp-ioccc-zsmall.c" 2
# 136 "pp-ioccc-zsmall.c" 2
# 135 "pp-ioccc-zsmall.c" 1
# 160 "pp-ioccc-zsmall.c" 1
# 136 "pp-ioccc-zsmall.c" 2
# 160 "pp-ioccc-zsmall.c" 1
# 137 "pp-ioccc-zsmall.c" 2
# 160 "pp-ioccc-zsmall.c" 1
# 138 "pp-ioccc-zsmall.c" 2
# 106 "pp-ioccc-zsmall.c" 1
printf("%d\n", ((1<<7)+ 0 + 0 + 0 + 0 + 0 +(1<<1)+1));
# 139 "pp-ioccc-zsmall.c" 2
# 160 "pp-ioccc-zsmall.c" 1
# 140 "pp-ioccc-zsmall.c" 2
# 160 "pp-ioccc-zsmall.c" 1
# 141 "pp-ioccc-zsmall.c" 2
# 160 "pp-ioccc-zsmall.c" 1
# 142 "pp-ioccc-zsmall.c" 2
# 160 "pp-ioccc-zsmall.c" 1
# 143 "pp-ioccc-zsmall.c" 2
# 137 "pp-ioccc-zsmall.c" 2
# 135 "pp-ioccc-zsmall.c" 1
# 160 "pp-ioccc-zsmall.c" 1
# 136 "pp-ioccc-zsmall.c" 2
# 160 "pp-ioccc-zsmall.c" 1
# 137 "pp-ioccc-zsmall.c" 2
# 160 "pp-ioccc-zsmall.c" 1
# 138 "pp-ioccc-zsmall.c" 2
# 160 "pp-ioccc-zsmall.c" 1
# 139 "pp-ioccc-zsmall.c" 2
# 160 "pp-ioccc-zsmall.c" 1
# 140 "pp-ioccc-zsmall.c" 2
# 160 "pp-ioccc-zsmall.c" 1
# 141 "pp-ioccc-zsmall.c" 2
# 160 "pp-ioccc-zsmall.c" 1
# 142 "pp-ioccc-zsmall.c" 2
# 160 "pp-ioccc-zsmall.c" 1
# 143 "pp-ioccc-zsmall.c" 2
# 138 "pp-ioccc-zsmall.c" 2
# 135 "pp-ioccc-zsmall.c" 1
# 160 "pp-ioccc-zsmall.c" 1
# 136 "pp-ioccc-zsmall.c" 2
# 160 "pp-ioccc-zsmall.c" 1
# 137 "pp-ioccc-zsmall.c" 2
# 160 "pp-ioccc-zsmall.c" 1
# 138 "pp-ioccc-zsmall.c" 2
# 160 "pp-ioccc-zsmall.c" 1
# 139 "pp-ioccc-zsmall.c" 2
# 160 "pp-ioccc-zsmall.c" 1
# 140 "pp-ioccc-zsmall.c" 2
# 160 "pp-ioccc-zsmall.c" 1
# 141 "pp-ioccc-zsmall.c" 2
# 160 "pp-ioccc-zsmall.c" 1
# 142 "pp-ioccc-zsmall.c" 2
# 160 "pp-ioccc-zsmall.c" 1
# 143 "pp-ioccc-zsmall.c" 2
# 139 "pp-ioccc-zsmall.c" 2
# 135 "pp-ioccc-zsmall.c" 1
# 106 "pp-ioccc-zsmall.c" 1
printf("%d\n", ((1<<7)+ 0 + 0 + 0 +(1<<3)+ 0 + 0 +1));
# 136 "pp-ioccc-zsmall.c" 2
# 160 "pp-ioccc-zsmall.c" 1
# 137 "pp-ioccc-zsmall.c" 2
# 160 "pp-ioccc-zsmall.c" 1
# 138 "pp-ioccc-zsmall.c" 2
# 160 "pp-ioccc-zsmall.c" 1
# 139 "pp-ioccc-zsmall.c" 2
# 160 "pp-ioccc-zsmall.c" 1
# 140 "pp-ioccc-zsmall.c" 2
# 160 "pp-ioccc-zsmall.c" 1
# 141 "pp-ioccc-zsmall.c" 2
# 160 "pp-ioccc-zsmall.c" 1
# 142 "pp-ioccc-zsmall.c" 2
# 160 "pp-ioccc-zsmall.c" 1
# 143 "pp-ioccc-zsmall.c" 2
# 140 "pp-ioccc-zsmall.c" 2
# 106 "pp-ioccc-zsmall.c" 1
printf("%d\n", ((1<<7)+ 0 + 0 + 0 +(1<<3)+ 0 +(1<<1)+1));
# 135 "pp-ioccc-zsmall.c"
# 160 "pp-ioccc-zsmall.c" 1
# 136 "pp-ioccc-zsmall.c" 2
# 160 "pp-ioccc-zsmall.c" 1
# 137 "pp-ioccc-zsmall.c" 2
# 160 "pp-ioccc-zsmall.c" 1
# 138 "pp-ioccc-zsmall.c" 2
# 160 "pp-ioccc-zsmall.c" 1
# 139 "pp-ioccc-zsmall.c" 2
# 160 "pp-ioccc-zsmall.c" 1
# 140 "pp-ioccc-zsmall.c" 2
# 160 "pp-ioccc-zsmall.c" 1
# 141 "pp-ioccc-zsmall.c" 2
# 160 "pp-ioccc-zsmall.c" 1
# 142 "pp-ioccc-zsmall.c" 2
# 160 "pp-ioccc-zsmall.c" 1
# 143 "pp-ioccc-zsmall.c" 2
# 141 "pp-ioccc-zsmall.c" 2
# 135 "pp-ioccc-zsmall.c" 1
# 160 "pp-ioccc-zsmall.c" 1
# 136 "pp-ioccc-zsmall.c" 2
# 160 "pp-ioccc-zsmall.c" 1
# 137 "pp-ioccc-zsmall.c" 2
# 160 "pp-ioccc-zsmall.c" 1
# 138 "pp-ioccc-zsmall.c" 2
# 160 "pp-ioccc-zsmall.c" 1
# 139 "pp-ioccc-zsmall.c" 2
# 160 "pp-ioccc-zsmall.c" 1
# 140 "pp-ioccc-zsmall.c" 2
# 160 "pp-ioccc-zsmall.c" 1
# 141 "pp-ioccc-zsmall.c" 2
# 160 "pp-ioccc-zsmall.c" 1
# 142 "pp-ioccc-zsmall.c" 2
# 160 "pp-ioccc-zsmall.c" 1
# 143 "pp-ioccc-zsmall.c" 2
# 142 "pp-ioccc-zsmall.c" 2
# 135 "pp-ioccc-zsmall.c" 1
# 160 "pp-ioccc-zsmall.c" 1
# 136 "pp-ioccc-zsmall.c" 2
# 160 "pp-ioccc-zsmall.c" 1
# 137 "pp-ioccc-zsmall.c" 2
# 160 "pp-ioccc-zsmall.c" 1
# 138 "pp-ioccc-zsmall.c" 2
# 160 "pp-ioccc-zsmall.c" 1
# 139 "pp-ioccc-zsmall.c" 2
# 160 "pp-ioccc-zsmall.c" 1
# 140 "pp-ioccc-zsmall.c" 2
# 160 "pp-ioccc-zsmall.c" 1
# 141 "pp-ioccc-zsmall.c" 2
# 160 "pp-ioccc-zsmall.c" 1
# 142 "pp-ioccc-zsmall.c" 2
# 160 "pp-ioccc-zsmall.c" 1
# 143 "pp-ioccc-zsmall.c" 2
# 143 "pp-ioccc-zsmall.c" 2
# 143 "./pp-ioccc-zsmall.c" 2
# 155 "./pp-ioccc-zsmall.c"
}
