# 1 "./pp-ioccc-westleyfix.c"
# 2 "./pp-ioccc-westleyfix.c"
int F=00,OO=00;main(){F_OO();printf("%1.3f\n",4.*-F/OO/OO);}F_OO()
{
            F-->00||-F-OO--;- F-->00||-F-OO--;- F-->00||-F-OO--;- F-->00||-F-OO--;
       F-->00||-F-OO--;- F-->00||-F-OO--;- F-->00||-F-OO--;- F-->00||-F-OO--;- F-->00||-F-OO--;- F-->00||-F-OO--;- F-->00||-F-OO--;- F-->00||-F-OO--;- F-->00||-F-OO--;
    F-->00||-F-OO--;- F-->00||-F-OO--;- F-->00||-F-OO--;- F-->00||-F-OO--;- F-->00||-F-OO--;- F-->00||-F-OO--;- F-->00||-F-OO--;- F-->00||-F-OO--;- F-->00||-F-OO--;- F-->00||-F-OO--;- F-->00||-F-OO--;- F-->00||-F-OO--;
  F-->00||-F-OO--;- F-->00||-F-OO--;- F-->00||-F-OO--;- F-->00||-F-OO--;- F-->00||-F-OO--;- F-->00||-F-OO--;- F-->00||-F-OO--;- F-->00||-F-OO--;- F-->00||-F-OO--;- F-->00||-F-OO--;- F-->00||-F-OO--;- F-->00||-F-OO--;- F-->00||-F-OO--;- F-->00||-F-OO--;
 F-->00||-F-OO--;- F-->00||-F-OO--;- F-->00||-F-OO--;- F-->00||-F-OO--;- F-->00||-F-OO--;- F-->00||-F-OO--;- F-->00||-F-OO--;- F-->00||-F-OO--;- F-->00||-F-OO--;- F-->00||-F-OO--;- F-->00||-F-OO--;- F-->00||-F-OO--;- F-->00||-F-OO--;- F-->00||-F-OO--;- F-->00||-F-OO--;
 F-->00||-F-OO--;- F-->00||-F-OO--;- F-->00||-F-OO--;- F-->00||-F-OO--;- F-->00||-F-OO--;- F-->00||-F-OO--;- F-->00||-F-OO--;- F-->00||-F-OO--;- F-->00||-F-OO--;- F-->00||-F-OO--;- F-->00||-F-OO--;- F-->00||-F-OO--;- F-->00||-F-OO--;- F-->00||-F-OO--;- F-->00||-F-OO--;
F-->00||-F-OO--;- F-->00||-F-OO--;- F-->00||-F-OO--;- F-->00||-F-OO--;- F-->00||-F-OO--;- F-->00||-F-OO--;- F-->00||-F-OO--;- F-->00||-F-OO--;- F-->00||-F-OO--;- F-->00||-F-OO--;- F-->00||-F-OO--;- F-->00||-F-OO--;- F-->00||-F-OO--;- F-->00||-F-OO--;- F-->00||-F-OO--;- F-->00||-F-OO--;
F-->00||-F-OO--;- F-->00||-F-OO--;- F-->00||-F-OO--;- F-->00||-F-OO--;- F-->00||-F-OO--;- F-->00||-F-OO--;- F-->00||-F-OO--;- F-->00||-F-OO--;- F-->00||-F-OO--;- F-->00||-F-OO--;- F-->00||-F-OO--;- F-->00||-F-OO--;- F-->00||-F-OO--;- F-->00||-F-OO--;- F-->00||-F-OO--;- F-->00||-F-OO--;
F-->00||-F-OO--;- F-->00||-F-OO--;- F-->00||-F-OO--;- F-->00||-F-OO--;- F-->00||-F-OO--;- F-->00||-F-OO--;- F-->00||-F-OO--;- F-->00||-F-OO--;- F-->00||-F-OO--;- F-->00||-F-OO--;- F-->00||-F-OO--;- F-->00||-F-OO--;- F-->00||-F-OO--;- F-->00||-F-OO--;- F-->00||-F-OO--;- F-->00||-F-OO--;
F-->00||-F-OO--;- F-->00||-F-OO--;- F-->00||-F-OO--;- F-->00||-F-OO--;- F-->00||-F-OO--;- F-->00||-F-OO--;- F-->00||-F-OO--;- F-->00||-F-OO--;- F-->00||-F-OO--;- F-->00||-F-OO--;- F-->00||-F-OO--;- F-->00||-F-OO--;- F-->00||-F-OO--;- F-->00||-F-OO--;- F-->00||-F-OO--;- F-->00||-F-OO--;
 F-->00||-F-OO--;- F-->00||-F-OO--;- F-->00||-F-OO--;- F-->00||-F-OO--;- F-->00||-F-OO--;- F-->00||-F-OO--;- F-->00||-F-OO--;- F-->00||-F-OO--;- F-->00||-F-OO--;- F-->00||-F-OO--;- F-->00||-F-OO--;- F-->00||-F-OO--;- F-->00||-F-OO--;- F-->00||-F-OO--;- F-->00||-F-OO--;
 F-->00||-F-OO--;- F-->00||-F-OO--;- F-->00||-F-OO--;- F-->00||-F-OO--;- F-->00||-F-OO--;- F-->00||-F-OO--;- F-->00||-F-OO--;- F-->00||-F-OO--;- F-->00||-F-OO--;- F-->00||-F-OO--;- F-->00||-F-OO--;- F-->00||-F-OO--;- F-->00||-F-OO--;- F-->00||-F-OO--;- F-->00||-F-OO--;
  F-->00||-F-OO--;- F-->00||-F-OO--;- F-->00||-F-OO--;- F-->00||-F-OO--;- F-->00||-F-OO--;- F-->00||-F-OO--;- F-->00||-F-OO--;- F-->00||-F-OO--;- F-->00||-F-OO--;- F-->00||-F-OO--;- F-->00||-F-OO--;- F-->00||-F-OO--;- F-->00||-F-OO--;- F-->00||-F-OO--;
    F-->00||-F-OO--;- F-->00||-F-OO--;- F-->00||-F-OO--;- F-->00||-F-OO--;- F-->00||-F-OO--;- F-->00||-F-OO--;- F-->00||-F-OO--;- F-->00||-F-OO--;- F-->00||-F-OO--;- F-->00||-F-OO--;- F-->00||-F-OO--;- F-->00||-F-OO--;
        F-->00||-F-OO--;- F-->00||-F-OO--;- F-->00||-F-OO--;- F-->00||-F-OO--;- F-->00||-F-OO--;- F-->00||-F-OO--;- F-->00||-F-OO--;- F-->00||-F-OO--;
            F-->00||-F-OO--;- F-->00||-F-OO--;- F-->00||-F-OO--;- F-->00||-F-OO--;
}
