# 1 "./pp-ioccc-vanschnitz.c"
# 20 "./pp-ioccc-vanschnitz.c"
main(){  
printf(  
# 61 "./pp-ioccc-vanschnitz.c" 1
# 61 "./pp-ioccc-vanschnitz.c" 1
# 61 "./pp-ioccc-vanschnitz.c" 1
# 61 "./pp-ioccc-vanschnitz.c" 1
# 61 "./pp-ioccc-vanschnitz.c" 1
# 153 "./pp-ioccc-vanschnitz.c" 1
# 62 "./pp-ioccc-vanschnitz.c" 2
# 74 "./pp-ioccc-vanschnitz.c"
     "Move disk %d from peg %d to peg %d\n"
# 130 "./pp-ioccc-vanschnitz.c"
# 153 "./pp-ioccc-vanschnitz.c" 1
# 131 "./pp-ioccc-vanschnitz.c" 2
# 62 "./pp-ioccc-vanschnitz.c" 2
# 92 "./pp-ioccc-vanschnitz.c"
     "Move disk %d from peg %d to peg %d\n"
# 130 "./pp-ioccc-vanschnitz.c"
# 61 "./pp-ioccc-vanschnitz.c" 1
# 153 "./pp-ioccc-vanschnitz.c" 1
# 62 "./pp-ioccc-vanschnitz.c" 2
# 74 "./pp-ioccc-vanschnitz.c"
     "Move disk %d from peg %d to peg %d\n"
# 130 "./pp-ioccc-vanschnitz.c"
# 153 "./pp-ioccc-vanschnitz.c" 1
# 131 "./pp-ioccc-vanschnitz.c" 2
# 131 "./pp-ioccc-vanschnitz.c" 2
# 62 "./pp-ioccc-vanschnitz.c" 2
# 92 "./pp-ioccc-vanschnitz.c"
     "Move disk %d from peg %d to peg %d\n"
# 130 "./pp-ioccc-vanschnitz.c"
# 61 "./pp-ioccc-vanschnitz.c" 1
# 61 "./pp-ioccc-vanschnitz.c" 1
# 153 "./pp-ioccc-vanschnitz.c" 1
# 62 "./pp-ioccc-vanschnitz.c" 2
# 74 "./pp-ioccc-vanschnitz.c"
     "Move disk %d from peg %d to peg %d\n"
# 130 "./pp-ioccc-vanschnitz.c"
# 153 "./pp-ioccc-vanschnitz.c" 1
# 131 "./pp-ioccc-vanschnitz.c" 2
# 62 "./pp-ioccc-vanschnitz.c" 2
# 92 "./pp-ioccc-vanschnitz.c"
     "Move disk %d from peg %d to peg %d\n"
# 130 "./pp-ioccc-vanschnitz.c"
# 61 "./pp-ioccc-vanschnitz.c" 1
# 153 "./pp-ioccc-vanschnitz.c" 1
# 62 "./pp-ioccc-vanschnitz.c" 2
# 74 "./pp-ioccc-vanschnitz.c"
     "Move disk %d from peg %d to peg %d\n"
# 130 "./pp-ioccc-vanschnitz.c"
# 153 "./pp-ioccc-vanschnitz.c" 1
# 131 "./pp-ioccc-vanschnitz.c" 2
# 131 "./pp-ioccc-vanschnitz.c" 2
# 131 "./pp-ioccc-vanschnitz.c" 2
# 62 "./pp-ioccc-vanschnitz.c" 2
# 92 "./pp-ioccc-vanschnitz.c"
     "Move disk %d from peg %d to peg %d\n"
# 130 "./pp-ioccc-vanschnitz.c"
# 61 "./pp-ioccc-vanschnitz.c" 1
# 61 "./pp-ioccc-vanschnitz.c" 1
# 61 "./pp-ioccc-vanschnitz.c" 1
# 153 "./pp-ioccc-vanschnitz.c" 1
# 62 "./pp-ioccc-vanschnitz.c" 2
# 74 "./pp-ioccc-vanschnitz.c"
     "Move disk %d from peg %d to peg %d\n"
# 130 "./pp-ioccc-vanschnitz.c"
# 153 "./pp-ioccc-vanschnitz.c" 1
# 131 "./pp-ioccc-vanschnitz.c" 2
# 62 "./pp-ioccc-vanschnitz.c" 2
# 92 "./pp-ioccc-vanschnitz.c"
     "Move disk %d from peg %d to peg %d\n"
# 130 "./pp-ioccc-vanschnitz.c"
# 61 "./pp-ioccc-vanschnitz.c" 1
# 153 "./pp-ioccc-vanschnitz.c" 1
# 62 "./pp-ioccc-vanschnitz.c" 2
# 74 "./pp-ioccc-vanschnitz.c"
     "Move disk %d from peg %d to peg %d\n"
# 130 "./pp-ioccc-vanschnitz.c"
# 153 "./pp-ioccc-vanschnitz.c" 1
# 131 "./pp-ioccc-vanschnitz.c" 2
# 131 "./pp-ioccc-vanschnitz.c" 2
# 62 "./pp-ioccc-vanschnitz.c" 2
# 92 "./pp-ioccc-vanschnitz.c"
     "Move disk %d from peg %d to peg %d\n"
# 130 "./pp-ioccc-vanschnitz.c"
# 61 "./pp-ioccc-vanschnitz.c" 1
# 61 "./pp-ioccc-vanschnitz.c" 1
# 153 "./pp-ioccc-vanschnitz.c" 1
# 62 "./pp-ioccc-vanschnitz.c" 2
# 74 "./pp-ioccc-vanschnitz.c"
     "Move disk %d from peg %d to peg %d\n"
# 130 "./pp-ioccc-vanschnitz.c"
# 153 "./pp-ioccc-vanschnitz.c" 1
# 131 "./pp-ioccc-vanschnitz.c" 2
# 62 "./pp-ioccc-vanschnitz.c" 2
# 92 "./pp-ioccc-vanschnitz.c"
     "Move disk %d from peg %d to peg %d\n"
# 130 "./pp-ioccc-vanschnitz.c"
# 61 "./pp-ioccc-vanschnitz.c" 1
# 153 "./pp-ioccc-vanschnitz.c" 1
# 62 "./pp-ioccc-vanschnitz.c" 2
# 74 "./pp-ioccc-vanschnitz.c"
     "Move disk %d from peg %d to peg %d\n"
# 130 "./pp-ioccc-vanschnitz.c"
# 153 "./pp-ioccc-vanschnitz.c" 1
# 131 "./pp-ioccc-vanschnitz.c" 2
# 131 "./pp-ioccc-vanschnitz.c" 2
# 131 "./pp-ioccc-vanschnitz.c" 2
# 131 "./pp-ioccc-vanschnitz.c" 2
# 62 "./pp-ioccc-vanschnitz.c" 2
# 92 "./pp-ioccc-vanschnitz.c"
     "Move disk %d from peg %d to peg %d\n"
# 130 "./pp-ioccc-vanschnitz.c"
# 61 "./pp-ioccc-vanschnitz.c" 1
# 61 "./pp-ioccc-vanschnitz.c" 1
# 61 "./pp-ioccc-vanschnitz.c" 1
# 61 "./pp-ioccc-vanschnitz.c" 1
# 153 "./pp-ioccc-vanschnitz.c" 1
# 62 "./pp-ioccc-vanschnitz.c" 2
# 74 "./pp-ioccc-vanschnitz.c"
     "Move disk %d from peg %d to peg %d\n"
# 130 "./pp-ioccc-vanschnitz.c"
# 153 "./pp-ioccc-vanschnitz.c" 1
# 131 "./pp-ioccc-vanschnitz.c" 2
# 62 "./pp-ioccc-vanschnitz.c" 2
# 92 "./pp-ioccc-vanschnitz.c"
     "Move disk %d from peg %d to peg %d\n"
# 130 "./pp-ioccc-vanschnitz.c"
# 61 "./pp-ioccc-vanschnitz.c" 1
# 153 "./pp-ioccc-vanschnitz.c" 1
# 62 "./pp-ioccc-vanschnitz.c" 2
# 74 "./pp-ioccc-vanschnitz.c"
     "Move disk %d from peg %d to peg %d\n"
# 130 "./pp-ioccc-vanschnitz.c"
# 153 "./pp-ioccc-vanschnitz.c" 1
# 131 "./pp-ioccc-vanschnitz.c" 2
# 131 "./pp-ioccc-vanschnitz.c" 2
# 62 "./pp-ioccc-vanschnitz.c" 2
# 92 "./pp-ioccc-vanschnitz.c"
     "Move disk %d from peg %d to peg %d\n"
# 130 "./pp-ioccc-vanschnitz.c"
# 61 "./pp-ioccc-vanschnitz.c" 1
# 61 "./pp-ioccc-vanschnitz.c" 1
# 153 "./pp-ioccc-vanschnitz.c" 1
# 62 "./pp-ioccc-vanschnitz.c" 2
# 74 "./pp-ioccc-vanschnitz.c"
     "Move disk %d from peg %d to peg %d\n"
# 130 "./pp-ioccc-vanschnitz.c"
# 153 "./pp-ioccc-vanschnitz.c" 1
# 131 "./pp-ioccc-vanschnitz.c" 2
# 62 "./pp-ioccc-vanschnitz.c" 2
# 92 "./pp-ioccc-vanschnitz.c"
     "Move disk %d from peg %d to peg %d\n"
# 130 "./pp-ioccc-vanschnitz.c"
# 61 "./pp-ioccc-vanschnitz.c" 1
# 153 "./pp-ioccc-vanschnitz.c" 1
# 62 "./pp-ioccc-vanschnitz.c" 2
# 74 "./pp-ioccc-vanschnitz.c"
     "Move disk %d from peg %d to peg %d\n"
# 130 "./pp-ioccc-vanschnitz.c"
# 153 "./pp-ioccc-vanschnitz.c" 1
# 131 "./pp-ioccc-vanschnitz.c" 2
# 131 "./pp-ioccc-vanschnitz.c" 2
# 131 "./pp-ioccc-vanschnitz.c" 2
# 62 "./pp-ioccc-vanschnitz.c" 2
# 92 "./pp-ioccc-vanschnitz.c"
     "Move disk %d from peg %d to peg %d\n"
# 130 "./pp-ioccc-vanschnitz.c"
# 61 "./pp-ioccc-vanschnitz.c" 1
# 61 "./pp-ioccc-vanschnitz.c" 1
# 61 "./pp-ioccc-vanschnitz.c" 1
# 153 "./pp-ioccc-vanschnitz.c" 1
# 62 "./pp-ioccc-vanschnitz.c" 2
# 74 "./pp-ioccc-vanschnitz.c"
     "Move disk %d from peg %d to peg %d\n"
# 130 "./pp-ioccc-vanschnitz.c"
# 153 "./pp-ioccc-vanschnitz.c" 1
# 131 "./pp-ioccc-vanschnitz.c" 2
# 62 "./pp-ioccc-vanschnitz.c" 2
# 92 "./pp-ioccc-vanschnitz.c"
     "Move disk %d from peg %d to peg %d\n"
# 130 "./pp-ioccc-vanschnitz.c"
# 61 "./pp-ioccc-vanschnitz.c" 1
# 153 "./pp-ioccc-vanschnitz.c" 1
# 62 "./pp-ioccc-vanschnitz.c" 2
# 74 "./pp-ioccc-vanschnitz.c"
     "Move disk %d from peg %d to peg %d\n"
# 130 "./pp-ioccc-vanschnitz.c"
# 153 "./pp-ioccc-vanschnitz.c" 1
# 131 "./pp-ioccc-vanschnitz.c" 2
# 131 "./pp-ioccc-vanschnitz.c" 2
# 62 "./pp-ioccc-vanschnitz.c" 2
# 92 "./pp-ioccc-vanschnitz.c"
     "Move disk %d from peg %d to peg %d\n"
# 130 "./pp-ioccc-vanschnitz.c"
# 61 "./pp-ioccc-vanschnitz.c" 1
# 61 "./pp-ioccc-vanschnitz.c" 1
# 153 "./pp-ioccc-vanschnitz.c" 1
# 62 "./pp-ioccc-vanschnitz.c" 2
# 74 "./pp-ioccc-vanschnitz.c"
     "Move disk %d from peg %d to peg %d\n"
# 130 "./pp-ioccc-vanschnitz.c"
# 153 "./pp-ioccc-vanschnitz.c" 1
# 131 "./pp-ioccc-vanschnitz.c" 2
# 62 "./pp-ioccc-vanschnitz.c" 2
# 92 "./pp-ioccc-vanschnitz.c"
     "Move disk %d from peg %d to peg %d\n"
# 130 "./pp-ioccc-vanschnitz.c"
# 61 "./pp-ioccc-vanschnitz.c" 1
# 153 "./pp-ioccc-vanschnitz.c" 1
# 62 "./pp-ioccc-vanschnitz.c" 2
# 74 "./pp-ioccc-vanschnitz.c"
     "Move disk %d from peg %d to peg %d\n"
# 130 "./pp-ioccc-vanschnitz.c"
# 153 "./pp-ioccc-vanschnitz.c" 1
# 131 "./pp-ioccc-vanschnitz.c" 2
# 131 "./pp-ioccc-vanschnitz.c" 2
# 131 "./pp-ioccc-vanschnitz.c" 2
# 131 "./pp-ioccc-vanschnitz.c" 2
# 131 "./pp-ioccc-vanschnitz.c" 2
# 23 "./pp-ioccc-vanschnitz.c" 2
# 24 "./pp-ioccc-vanschnitz.c"
# 61 "./pp-ioccc-vanschnitz.c" 1
# 61 "./pp-ioccc-vanschnitz.c" 1
# 61 "./pp-ioccc-vanschnitz.c" 1
# 61 "./pp-ioccc-vanschnitz.c" 1
# 61 "./pp-ioccc-vanschnitz.c" 1
# 153 "./pp-ioccc-vanschnitz.c" 1
# 62 "./pp-ioccc-vanschnitz.c" 2
# 85 "./pp-ioccc-vanschnitz.c"
,1,1,2   
# 130 "./pp-ioccc-vanschnitz.c"
# 153 "./pp-ioccc-vanschnitz.c" 1
# 131 "./pp-ioccc-vanschnitz.c" 2
# 62 "./pp-ioccc-vanschnitz.c" 2
# 94 "./pp-ioccc-vanschnitz.c"
,1       
# 96 "./pp-ioccc-vanschnitz.c"
+1       
# 109 "./pp-ioccc-vanschnitz.c"
,1,3     
# 130 "./pp-ioccc-vanschnitz.c"
# 61 "./pp-ioccc-vanschnitz.c" 1
# 153 "./pp-ioccc-vanschnitz.c" 1
# 62 "./pp-ioccc-vanschnitz.c" 2
# 77 "./pp-ioccc-vanschnitz.c"
,1,2,3   
# 130 "./pp-ioccc-vanschnitz.c"
# 153 "./pp-ioccc-vanschnitz.c" 1
# 131 "./pp-ioccc-vanschnitz.c" 2
# 131 "./pp-ioccc-vanschnitz.c" 2
# 62 "./pp-ioccc-vanschnitz.c" 2
# 94 "./pp-ioccc-vanschnitz.c"
,1       
# 99 "./pp-ioccc-vanschnitz.c"
+2       
# 118 "./pp-ioccc-vanschnitz.c"
,1,2     
# 130 "./pp-ioccc-vanschnitz.c"
# 61 "./pp-ioccc-vanschnitz.c" 1
# 61 "./pp-ioccc-vanschnitz.c" 1
# 153 "./pp-ioccc-vanschnitz.c" 1
# 62 "./pp-ioccc-vanschnitz.c" 2
# 82 "./pp-ioccc-vanschnitz.c"
,1,3,1   
# 130 "./pp-ioccc-vanschnitz.c"
# 153 "./pp-ioccc-vanschnitz.c" 1
# 131 "./pp-ioccc-vanschnitz.c" 2
# 62 "./pp-ioccc-vanschnitz.c" 2
# 94 "./pp-ioccc-vanschnitz.c"
,1       
# 96 "./pp-ioccc-vanschnitz.c"
+1       
# 122 "./pp-ioccc-vanschnitz.c"
,3,2     
# 130 "./pp-ioccc-vanschnitz.c"
# 61 "./pp-ioccc-vanschnitz.c" 1
# 153 "./pp-ioccc-vanschnitz.c" 1
# 62 "./pp-ioccc-vanschnitz.c" 2
# 85 "./pp-ioccc-vanschnitz.c"
,1,1,2   
# 130 "./pp-ioccc-vanschnitz.c"
# 153 "./pp-ioccc-vanschnitz.c" 1
# 131 "./pp-ioccc-vanschnitz.c" 2
# 131 "./pp-ioccc-vanschnitz.c" 2
# 131 "./pp-ioccc-vanschnitz.c" 2
# 62 "./pp-ioccc-vanschnitz.c" 2
# 94 "./pp-ioccc-vanschnitz.c"
,1       
# 96 "./pp-ioccc-vanschnitz.c"
+1       
# 99 "./pp-ioccc-vanschnitz.c"
+2       
# 109 "./pp-ioccc-vanschnitz.c"
,1,3     
# 130 "./pp-ioccc-vanschnitz.c"
# 61 "./pp-ioccc-vanschnitz.c" 1
# 61 "./pp-ioccc-vanschnitz.c" 1
# 61 "./pp-ioccc-vanschnitz.c" 1
# 153 "./pp-ioccc-vanschnitz.c" 1
# 62 "./pp-ioccc-vanschnitz.c" 2
# 77 "./pp-ioccc-vanschnitz.c"
,1,2,3   
# 130 "./pp-ioccc-vanschnitz.c"
# 153 "./pp-ioccc-vanschnitz.c" 1
# 131 "./pp-ioccc-vanschnitz.c" 2
# 62 "./pp-ioccc-vanschnitz.c" 2
# 94 "./pp-ioccc-vanschnitz.c"
,1       
# 96 "./pp-ioccc-vanschnitz.c"
+1       
# 116 "./pp-ioccc-vanschnitz.c"
,2,1     
# 130 "./pp-ioccc-vanschnitz.c"
# 61 "./pp-ioccc-vanschnitz.c" 1
# 153 "./pp-ioccc-vanschnitz.c" 1
# 62 "./pp-ioccc-vanschnitz.c" 2
# 82 "./pp-ioccc-vanschnitz.c"
,1,3,1   
# 130 "./pp-ioccc-vanschnitz.c"
# 153 "./pp-ioccc-vanschnitz.c" 1
# 131 "./pp-ioccc-vanschnitz.c" 2
# 131 "./pp-ioccc-vanschnitz.c" 2
# 62 "./pp-ioccc-vanschnitz.c" 2
# 94 "./pp-ioccc-vanschnitz.c"
,1       
# 99 "./pp-ioccc-vanschnitz.c"
+2       
# 124 "./pp-ioccc-vanschnitz.c"
,2,3     
# 130 "./pp-ioccc-vanschnitz.c"
# 61 "./pp-ioccc-vanschnitz.c" 1
# 61 "./pp-ioccc-vanschnitz.c" 1
# 153 "./pp-ioccc-vanschnitz.c" 1
# 62 "./pp-ioccc-vanschnitz.c" 2
# 85 "./pp-ioccc-vanschnitz.c"
,1,1,2   
# 130 "./pp-ioccc-vanschnitz.c"
# 153 "./pp-ioccc-vanschnitz.c" 1
# 131 "./pp-ioccc-vanschnitz.c" 2
# 62 "./pp-ioccc-vanschnitz.c" 2
# 94 "./pp-ioccc-vanschnitz.c"
,1       
# 96 "./pp-ioccc-vanschnitz.c"
+1       
# 109 "./pp-ioccc-vanschnitz.c"
,1,3     
# 130 "./pp-ioccc-vanschnitz.c"
# 61 "./pp-ioccc-vanschnitz.c" 1
# 153 "./pp-ioccc-vanschnitz.c" 1
# 62 "./pp-ioccc-vanschnitz.c" 2
# 77 "./pp-ioccc-vanschnitz.c"
,1,2,3   
# 130 "./pp-ioccc-vanschnitz.c"
# 153 "./pp-ioccc-vanschnitz.c" 1
# 131 "./pp-ioccc-vanschnitz.c" 2
# 131 "./pp-ioccc-vanschnitz.c" 2
# 131 "./pp-ioccc-vanschnitz.c" 2
# 131 "./pp-ioccc-vanschnitz.c" 2
# 62 "./pp-ioccc-vanschnitz.c" 2
# 94 "./pp-ioccc-vanschnitz.c"
,1       
# 102 "./pp-ioccc-vanschnitz.c"
+4       
# 118 "./pp-ioccc-vanschnitz.c"
,1,2     
# 130 "./pp-ioccc-vanschnitz.c"
# 61 "./pp-ioccc-vanschnitz.c" 1
# 61 "./pp-ioccc-vanschnitz.c" 1
# 61 "./pp-ioccc-vanschnitz.c" 1
# 61 "./pp-ioccc-vanschnitz.c" 1
# 153 "./pp-ioccc-vanschnitz.c" 1
# 62 "./pp-ioccc-vanschnitz.c" 2
# 82 "./pp-ioccc-vanschnitz.c"
,1,3,1   
# 130 "./pp-ioccc-vanschnitz.c"
# 153 "./pp-ioccc-vanschnitz.c" 1
# 131 "./pp-ioccc-vanschnitz.c" 2
# 62 "./pp-ioccc-vanschnitz.c" 2
# 94 "./pp-ioccc-vanschnitz.c"
,1       
# 96 "./pp-ioccc-vanschnitz.c"
+1       
# 122 "./pp-ioccc-vanschnitz.c"
,3,2     
# 130 "./pp-ioccc-vanschnitz.c"
# 61 "./pp-ioccc-vanschnitz.c" 1
# 153 "./pp-ioccc-vanschnitz.c" 1
# 62 "./pp-ioccc-vanschnitz.c" 2
# 85 "./pp-ioccc-vanschnitz.c"
,1,1,2   
# 130 "./pp-ioccc-vanschnitz.c"
# 153 "./pp-ioccc-vanschnitz.c" 1
# 131 "./pp-ioccc-vanschnitz.c" 2
# 131 "./pp-ioccc-vanschnitz.c" 2
# 62 "./pp-ioccc-vanschnitz.c" 2
# 94 "./pp-ioccc-vanschnitz.c"
,1       
# 99 "./pp-ioccc-vanschnitz.c"
+2       
# 111 "./pp-ioccc-vanschnitz.c"
,3,1     
# 130 "./pp-ioccc-vanschnitz.c"
# 61 "./pp-ioccc-vanschnitz.c" 1
# 61 "./pp-ioccc-vanschnitz.c" 1
# 153 "./pp-ioccc-vanschnitz.c" 1
# 62 "./pp-ioccc-vanschnitz.c" 2
# 77 "./pp-ioccc-vanschnitz.c"
,1,2,3   
# 130 "./pp-ioccc-vanschnitz.c"
# 153 "./pp-ioccc-vanschnitz.c" 1
# 131 "./pp-ioccc-vanschnitz.c" 2
# 62 "./pp-ioccc-vanschnitz.c" 2
# 94 "./pp-ioccc-vanschnitz.c"
,1       
# 96 "./pp-ioccc-vanschnitz.c"
+1       
# 116 "./pp-ioccc-vanschnitz.c"
,2,1     
# 130 "./pp-ioccc-vanschnitz.c"
# 61 "./pp-ioccc-vanschnitz.c" 1
# 153 "./pp-ioccc-vanschnitz.c" 1
# 62 "./pp-ioccc-vanschnitz.c" 2
# 82 "./pp-ioccc-vanschnitz.c"
,1,3,1   
# 130 "./pp-ioccc-vanschnitz.c"
# 153 "./pp-ioccc-vanschnitz.c" 1
# 131 "./pp-ioccc-vanschnitz.c" 2
# 131 "./pp-ioccc-vanschnitz.c" 2
# 131 "./pp-ioccc-vanschnitz.c" 2
# 62 "./pp-ioccc-vanschnitz.c" 2
# 94 "./pp-ioccc-vanschnitz.c"
,1       
# 96 "./pp-ioccc-vanschnitz.c"
+1       
# 99 "./pp-ioccc-vanschnitz.c"
+2       
# 122 "./pp-ioccc-vanschnitz.c"
,3,2     
# 130 "./pp-ioccc-vanschnitz.c"
# 61 "./pp-ioccc-vanschnitz.c" 1
# 61 "./pp-ioccc-vanschnitz.c" 1
# 61 "./pp-ioccc-vanschnitz.c" 1
# 153 "./pp-ioccc-vanschnitz.c" 1
# 62 "./pp-ioccc-vanschnitz.c" 2
# 85 "./pp-ioccc-vanschnitz.c"
,1,1,2   
# 130 "./pp-ioccc-vanschnitz.c"
# 153 "./pp-ioccc-vanschnitz.c" 1
# 131 "./pp-ioccc-vanschnitz.c" 2
# 62 "./pp-ioccc-vanschnitz.c" 2
# 94 "./pp-ioccc-vanschnitz.c"
,1       
# 96 "./pp-ioccc-vanschnitz.c"
+1       
# 109 "./pp-ioccc-vanschnitz.c"
,1,3     
# 130 "./pp-ioccc-vanschnitz.c"
# 61 "./pp-ioccc-vanschnitz.c" 1
# 153 "./pp-ioccc-vanschnitz.c" 1
# 62 "./pp-ioccc-vanschnitz.c" 2
# 77 "./pp-ioccc-vanschnitz.c"
,1,2,3   
# 130 "./pp-ioccc-vanschnitz.c"
# 153 "./pp-ioccc-vanschnitz.c" 1
# 131 "./pp-ioccc-vanschnitz.c" 2
# 131 "./pp-ioccc-vanschnitz.c" 2
# 62 "./pp-ioccc-vanschnitz.c" 2
# 94 "./pp-ioccc-vanschnitz.c"
,1       
# 99 "./pp-ioccc-vanschnitz.c"
+2       
# 118 "./pp-ioccc-vanschnitz.c"
,1,2     
# 130 "./pp-ioccc-vanschnitz.c"
# 61 "./pp-ioccc-vanschnitz.c" 1
# 61 "./pp-ioccc-vanschnitz.c" 1
# 153 "./pp-ioccc-vanschnitz.c" 1
# 62 "./pp-ioccc-vanschnitz.c" 2
# 82 "./pp-ioccc-vanschnitz.c"
,1,3,1   
# 130 "./pp-ioccc-vanschnitz.c"
# 153 "./pp-ioccc-vanschnitz.c" 1
# 131 "./pp-ioccc-vanschnitz.c" 2
# 62 "./pp-ioccc-vanschnitz.c" 2
# 94 "./pp-ioccc-vanschnitz.c"
,1       
# 96 "./pp-ioccc-vanschnitz.c"
+1       
# 122 "./pp-ioccc-vanschnitz.c"
,3,2     
# 130 "./pp-ioccc-vanschnitz.c"
# 61 "./pp-ioccc-vanschnitz.c" 1
# 153 "./pp-ioccc-vanschnitz.c" 1
# 62 "./pp-ioccc-vanschnitz.c" 2
# 85 "./pp-ioccc-vanschnitz.c"
,1,1,2   
# 130 "./pp-ioccc-vanschnitz.c"
# 153 "./pp-ioccc-vanschnitz.c" 1
# 131 "./pp-ioccc-vanschnitz.c" 2
# 131 "./pp-ioccc-vanschnitz.c" 2
# 131 "./pp-ioccc-vanschnitz.c" 2
# 131 "./pp-ioccc-vanschnitz.c" 2
# 131 "./pp-ioccc-vanschnitz.c" 2
# 25 "./pp-ioccc-vanschnitz.c" 2
);}      
