# 1 "./pp-ioccc-scjones.c"
 
char*a[]={
"#include<stdio.h>",
"#include<stdlib.h>",
"#define o stdout",
"#define b break;case",
"#define s(p)fputs(p,o);",
"#define c(p)fputc(p,o);",
"void t(p,f)char*p;{f&&c('\"')",
"for(;;p++){switch(*p){case 0:f&&",
"s(\"\\\",\")c('\\n')return;case",
"'#':s(\"?\\?=\")b'{':s(\"?\\?<\")",
"b'}':s(\"?\\?>\")b'[':s(\"?\\?(\")b']'",
":s(\"?\\?)\")b'\\\\':f&&s(\"?\\?/\")",
"s(\"?\\?/\")b'\\n':if(f)s(\"?\\?/n\")",
"else case'\"':if(f)s(\"?\\?/\\\"\")",
"else default:c(*p)}}}main(){char**p",
";t(\"char*a[]={\",0);for(p=a;*p",
";p++)t(*p,1);t(\"0};\",0);for(p=a",
";*p;p++)t(*p,0);exit(!ferror(o)&&",
"!fclose(o)?EXIT_SUCCESS",
":EXIT_FAILURE);",
"/*NOTREACHED*/",
"}",
0};
# 30 "./pp-ioccc-scjones.c"
void t(p,f)char*p;{f&&fputc('"',stdout);
for(;;p++){switch(*p){case 0:f&&
fputs("\",",stdout);fputc('\n',stdout);return;case
'#': fputs("?\?=",stdout);break;case '{': fputs("?\?<",stdout);
break;case '}': fputs("?\?>",stdout);break;case '[': fputs("?\?(",stdout);break;case ']'
: fputs("?\?)",stdout);break;case '\\':f&&fputs("?\?/",stdout);
fputs("?\?/",stdout);break;case '\n':if(f)fputs("?\?/n",stdout);
else case'"':if(f)fputs("?\?/\"",stdout);
else default: fputc(*p,stdout);}}}main(){char**p
;t("char*a[]={",0);for(p=a;*p
;p++)t(*p,1);t("0};",0);for(p=a
;*p;p++)t(*p,0);exit(!ferror(stdout)&&
!fclose(stdout)?EXIT_SUCCESS
:EXIT_FAILURE);
 
}
