./pp-inc-start-a.c:8:28: warning - extraneous tokens ignored
  #include <pp-inc-start-b.c>nothing
                             ^
In file included from ./pp-inc-start-a.c:8:
pp-inc-start-b.c:4:29: warning - extraneous tokens ignored
  #include <pp-inc-start-c.c> nothing
                              ^
In file included from ./pp-inc-start-a.c:8:
pp-inc-start-b.c:6:22: warning - extraneous tokens ignored
  #include lt dummy.c> nothing
                       ^
./pp-inc-start-a.c:9:29: warning - extraneous tokens ignored
  #include <pp-inc-start-c.c> nothing
                              ^
./pp-inc-start-a.c:11:45: warning - extraneous tokens ignored
  #include nothing(1, 2, 3) <pp-inc-start-b.c>nothing
                                              ^
In file included from ./pp-inc-start-a.c:11:
pp-inc-start-b.c:4:29: warning - extraneous tokens ignored
  #include <pp-inc-start-c.c> nothing
                              ^
In file included from ./pp-inc-start-a.c:11:
pp-inc-start-b.c:6:22: warning - extraneous tokens ignored
  #include lt dummy.c> nothing
                       ^
./pp-inc-start-a.c:17:49: warning - extraneous tokens ignored
  #include nothing(1, 2, 3) < pp-inc-start-c.c gt nothing
                                                  ^
./pp-inc-start-a.c:19:10: ERROR - `#include' expects a header name ("header" or <header>)
  #include nothing
           ^
./pp-inc-start-a.c:20:21: warning - extraneous tokens ignored
  #include cmt string nothing
                      ^
