# 1 "./pp-inc-start-1-a.c"
 

# 8 "./pp-inc-start-1-a.c"
# 4 "pp-inc-start-1-b.c" 1
# 1 "pp-inc-start-1-c.c" 1
okay
# 6 "pp-inc-start-1-b.c" 2
# 1 "dummy.c" 1
# 7 "pp-inc-start-1-b.c" 2
# 9 "./pp-inc-start-1-a.c" 2
# 1 "pp-inc-start-1-c.c" 1
okay
# 11 "./pp-inc-start-1-a.c" 2
# 4 "pp-inc-start-1-b.c" 1
# 1 "pp-inc-start-1-c.c" 1
okay
# 6 "pp-inc-start-1-b.c" 2
# 1 "dummy.c" 1
# 7 "pp-inc-start-1-b.c" 2
# 17 "./pp-inc-start-1-a.c" 2
# 1 "pp-inc-start-1-c.c" 1
okay
# 20 "./pp-inc-start-1-a.c" 2
# 1 "pp-inc-start-1-c.c" 1
okay
# 21 "./pp-inc-start-1-a.c" 2
