./pp-lex-bs-4-a.c:3:9: ERROR - invalid escape sequence `\o' in file name
  #line 1 "\o"
          ^
o:2:12: ERROR - missing closing "
  #line 2 "\"
             ^
:3:9: ERROR - invalid escape sequence `\@' in file name
  #line 3 "foo\@"
          ^
foo\":5:9: ERROR - invalid escape sequence in file name
  #line 5 "bar\<ED><95><9C>"
          ^
bar한:6:9: ERROR - invalid escape sequence in file name
  #line 6 "bar\x<EA><B8><80>"
          ^
ba:7:9: ERROR - invalid escape sequence `\8' in file name
  #line 7 "\7\8"
          ^
8:8:9: ERROR - invalid escape sequence `\xz' in file name
  #line 8 "\xf\xz"
          ^
:9:9: ERROR - invalid escape sequence `\x"' in file name
  #line 9 "\xFF\x"
          ^
:12:18: ERROR - missing closing "
  #define bar "\@\"
                   ^
:13:11: ERROR - invalid escape sequence `\xz' in file name
  #line 100 foo
            ^
:100:11: ERROR - invalid escape sequence `\@' in file name
  #line 101 bar
            ^
@:101:11: ERROR - invalid escape sequence `\xz' in file name
  #line 102 foo
            ^
:103:10: ERROR - cannot open #include file `pp-lex-bs-1-\@.c'
  #include "pp-lex-bs-1-\@.c"
           ^
