./pp-lex-bs-6.c:3:14: warning - trigraph `??!' recognized as `|'
  #line 100 "í…Œ??!ìŠ¤\
               ^~~
./pp-lex-bs-6.c: note - this is reported only once per file
./pp-lex-bs-6.c:6:3: warning - octal escape sequence takes at most 3 digits
  íŠ¸\0123t\x!!"
    ^~~~
./pp-lex-bs-6.c:6:9: ERROR - invalid escape sequence `\x!' in file name
  íŠ¸\0123t\x!!"
          ^~~
í…Œ|ìŠ¤íŠ¸
3:100:21: warning - octal escape sequence takes at most 3 digits
  #line 200 "í…Œ??!ìŠ¤íŠ¸\0123t\x!!"
                      ^~~~
í…Œ|ìŠ¤íŠ¸
3:100:27: ERROR - invalid escape sequence `\x!' in file name
  #line 200 "í…Œ??!ìŠ¤íŠ¸\0123t\x!!"
                            ^~~
í…Œ|ìŠ¤íŠ¸
3:201:14: ERROR - invalid escape sequence `\x!' in file name
  #define name "í…ŒìŠ¤íŠ¸\x\
               ^~~~~~~~~~
í…Œ|ìŠ¤íŠ¸
3:203:11: note - macro expansion invoked here
  #line 300 name
            ^~~~
í…ŒìŠ¤íŠ:304:2: ERROR - invalid escape sequence in file name
  !\xí‘¸!\xff\
   ^~
í…ŒìŠ¤íŠ:304:7: ERROR - the value of hexadecimal escape sequence is too large
  !\xí‘¸!\xff\
        ^~~~~
í…ŒìŠ¤íŠ¸:400:19: ERROR - invalid escape sequence in file name
  #line 500 "í…ŒìŠ¤íŠ¸!\xí‘¸!\xfff!"
                    ^~
í…ŒìŠ¤íŠ¸:400:24: ERROR - the value of hexadecimal escape sequence is too large
  #line 500 "í…ŒìŠ¤íŠ¸!\xí‘¸!\xfff!"
                         ^~~~~
í…ŒìŠ¤íŠ¸:501:14: warning - 8 and 9 are not allowed in octal escape sequence
  #line 600 "\789 \7777"
               ^
í…ŒìŠ¤íŠ¸:501:17: warning - octal escape sequence takes at most 3 digits
  #line 600 "\789 \7777"
                  ^~~~
í…ŒìŠ¤íŠ¸:501:17: ERROR - the value of octal escape sequence is too large
  #line 600 "\789 \7777"
                  ^~~~
89 ÿ7:601:1: warning - 8 and 9 are not allowed in octal escape sequence
  89 \77\
  ^
89 ÿ7:601:4: warning - octal escape sequence takes at most 3 digits
  89 \77\
     ^~~~
89 ÿ7:601:4: ERROR - the value of octal escape sequence is too large
  89 \77\
     ^~~~
89 ÿ7:701:16: ERROR - invalid escape sequence `\q' in file name
  #line 800 "test\q!\í…Œ"
                 ^~
89 ÿ7:701:19: ERROR - invalid escape sequence in file name
  #line 800 "test\q!\í…Œ"
                    ^~~
testq!í…Œ:800:16: ERROR - invalid escape sequence `\q' in file name
  #line 900 "test\q!\\
                 ^~
testq!í…Œ:800:19: ERROR - invalid escape sequence in file name
  #line 900 "test\q!\\
                    ^~
testq!í…Œ:901:18: ERROR - invalid escape sequence `\x!' in file name
  #line 1000 "test \x!"
                   ^~~
test:1000:18: ERROR - invalid escape sequence `\x!' in file name
  #line 1100 "test \\
                   ^~
