./pp-mcr-define-5.c:2:9: ERROR - redefinition of macro `FOO1'
  #define FOO1    test
          ^~~~
./pp-mcr-define-5.c:1:9: note - previous definition was here
  #define FOO1(a) test
          ^~~~
./pp-mcr-define-5.c:5:9: ERROR - redefinition of macro `FOO2'
  #define FOO2 no test
          ^~~~
./pp-mcr-define-5.c:4:9: note - previous definition was here
  #define FOO2(a) test
          ^~~~
./pp-mcr-define-5.c:8:9: ERROR - redefinition of macro `FOO3'
  #define FOO3(a) test
          ^~~~
./pp-mcr-define-5.c:7:9: note - previous definition was here
  #define FOO3    test
          ^~~~
./pp-mcr-define-5.c:11:9: ERROR - redefinition of macro `FOO4'
  #define FOO4(a) test a
          ^~~~
./pp-mcr-define-5.c:10:9: note - previous definition was here
  #define FOO4    test
          ^~~~
./pp-mcr-define-5.c:14:9: ERROR - redefinition of macro `FOO5'
  #define FOO5(b) b
          ^~~~
./pp-mcr-define-5.c:13:9: note - previous definition was here
  #define FOO5(a) a
          ^~~~
./pp-mcr-define-5.c:17:9: ERROR - redefinition of macro `FOO6'
  #define FOO6(b) a
          ^~~~
./pp-mcr-define-5.c:16:9: note - previous definition was here
  #define FOO6(a) a
          ^~~~
./pp-mcr-define-5.c:20:9: ERROR - redefinition of macro `FOO7'
  #define FOO7(a) test
          ^~~~
./pp-mcr-define-5.c:19:9: note - previous definition was here
  #define FOO7()  test
          ^~~~
./pp-mcr-define-5.c:23:9: ERROR - redefinition of macro `FOO8'
  #define FOO8(a, b) test
          ^~~~
./pp-mcr-define-5.c:22:9: note - previous definition was here
  #define FOO8(a)    test
          ^~~~
./pp-mcr-define-5.c:26:9: ERROR - redefinition of macro `FOO9'
  #define FOO9(a)    test
          ^~~~
./pp-mcr-define-5.c:25:9: note - previous definition was here
  #define FOO9(a, b) test
          ^~~~
