In file included from pp-mg-once-2.c:6,
                 from pp-mg-once-2.c:6,
                 from pp-mg-once-2.c:6,
                 from pp-mg-once-2.c:6,
                 from pp-mg-once-2.c:6,
                 from pp-mg-once-2.c:6,
                 from pp-mg-once-2.c:6,
                 from ./pp-mg-once-2.c:6:
pp-mg-once-2.c:6:10: warning - too many nesting levels of `#include'
  #include "pp-mg-once-2.c"
           ^
pp-mg-once-2.c: warning - (ISO C guarantees only 8 nesting levels)
In file included from pp-mg-once-2.c:6,
                 from pp-mg-once-2.c:6,
                 from pp-mg-once-2.c:6,
                 from pp-mg-once-2.c:6,
                 from pp-mg-once-2.c:6,
                 from pp-mg-once-2.c:6,
                 from pp-mg-once-2.c:6,
                 from pp-mg-once-2.c:6,
                 from pp-mg-once-2.c:6,
                 from pp-mg-once-2.c:6,
                 from pp-mg-once-2.c:6,
                 from pp-mg-once-2.c:6,
                 from pp-mg-once-2.c:6,
                 from pp-mg-once-2.c:6,
                 from pp-mg-once-2.c:6,
                 from pp-mg-once-2.c:6,
                 from pp-mg-once-2.c:6,
                 from pp-mg-once-2.c:6,
                 from pp-mg-once-2.c:6,
                 from pp-mg-once-2.c:6,
                 from pp-mg-once-2.c:6,
                 from pp-mg-once-2.c:6,
                 from pp-mg-once-2.c:6,
                 from pp-mg-once-2.c:6,
                 from pp-mg-once-2.c:6,
                 from pp-mg-once-2.c:6,
                 from pp-mg-once-2.c:6,
                 from pp-mg-once-2.c:6,
                 from pp-mg-once-2.c:6,
                 from pp-mg-once-2.c:6,
                 from pp-mg-once-2.c:6,
                 from pp-mg-once-2.c:6,
                 from pp-mg-once-2.c:6,
                 from pp-mg-once-2.c:6,
                 from pp-mg-once-2.c:6,
                 from pp-mg-once-2.c:6,
                 from pp-mg-once-2.c:6,
                 from pp-mg-once-2.c:6,
                 from pp-mg-once-2.c:6,
                 from pp-mg-once-2.c:6,
                 from pp-mg-once-2.c:6,
                 from pp-mg-once-2.c:6,
                 from pp-mg-once-2.c:6,
                 from pp-mg-once-2.c:6,
                 from pp-mg-once-2.c:6,
                 from pp-mg-once-2.c:6,
                 from pp-mg-once-2.c:6,
                 from pp-mg-once-2.c:6,
                 from pp-mg-once-2.c:6,
                 from pp-mg-once-2.c:6,
                 from pp-mg-once-2.c:6,
                 from pp-mg-once-2.c:6,
                 from pp-mg-once-2.c:6,
                 from pp-mg-once-2.c:6,
                 from pp-mg-once-2.c:6,
                 from pp-mg-once-2.c:6,
                 from pp-mg-once-2.c:6,
                 from pp-mg-once-2.c:6,
                 from pp-mg-once-2.c:6,
                 from pp-mg-once-2.c:6,
                 from pp-mg-once-2.c:6,
                 from pp-mg-once-2.c:6,
                 from pp-mg-once-2.c:6,
                 from pp-mg-once-2.c:6,
                 from pp-mg-once-2.c:6,
                 from pp-mg-once-2.c:6,
                 from pp-mg-once-2.c:6,
                 from pp-mg-once-2.c:6,
                 from pp-mg-once-2.c:6,
                 from pp-mg-once-2.c:6,
                 from pp-mg-once-2.c:6,
                 from pp-mg-once-2.c:6,
                 from pp-mg-once-2.c:6,
                 from pp-mg-once-2.c:6,
                 from pp-mg-once-2.c:6,
                 from pp-mg-once-2.c:6,
                 from pp-mg-once-2.c:6,
                 from pp-mg-once-2.c:6,
                 from pp-mg-once-2.c:6,
                 from pp-mg-once-2.c:6,
                 from pp-mg-once-2.c:6,
                 from pp-mg-once-2.c:6,
                 from pp-mg-once-2.c:6,
                 from pp-mg-once-2.c:6,
                 from pp-mg-once-2.c:6,
                 from pp-mg-once-2.c:6,
                 from pp-mg-once-2.c:6,
                 from pp-mg-once-2.c:6,
                 from pp-mg-once-2.c:6,
                 from pp-mg-once-2.c:6,
                 from pp-mg-once-2.c:6,
                 from pp-mg-once-2.c:6,
                 from pp-mg-once-2.c:6,
                 from pp-mg-once-2.c:6,
                 from pp-mg-once-2.c:6,
                 from pp-mg-once-2.c:6,
                 from pp-mg-once-2.c:6,
                 from pp-mg-once-2.c:6,
                 from pp-mg-once-2.c:6,
                 from pp-mg-once-2.c:6,
                 from pp-mg-once-2.c:6,
                 from pp-mg-once-2.c:6,
                 from pp-mg-once-2.c:6,
                 from pp-mg-once-2.c:6,
                 from pp-mg-once-2.c:6,
                 from pp-mg-once-2.c:6,
                 from pp-mg-once-2.c:6,
                 from pp-mg-once-2.c:6,
                 from pp-mg-once-2.c:6,
                 from pp-mg-once-2.c:6,
                 from pp-mg-once-2.c:6,
                 from pp-mg-once-2.c:6,
                 from pp-mg-once-2.c:6,
                 from pp-mg-once-2.c:6,
                 from pp-mg-once-2.c:6,
                 from pp-mg-once-2.c:6,
                 from pp-mg-once-2.c:6,
                 from pp-mg-once-2.c:6,
                 from pp-mg-once-2.c:6,
                 from pp-mg-once-2.c:6,
                 from pp-mg-once-2.c:6,
                 from pp-mg-once-2.c:6,
                 from pp-mg-once-2.c:6,
                 from pp-mg-once-2.c:6,
                 from pp-mg-once-2.c:6,
                 from pp-mg-once-2.c:6,
                 from pp-mg-once-2.c:6,
                 from pp-mg-once-2.c:6,
                 from pp-mg-once-2.c:6,
                 from pp-mg-once-2.c:6,
                 from pp-mg-once-2.c:6,
                 from pp-mg-once-2.c:6,
                 from pp-mg-once-2.c:6,
                 from pp-mg-once-2.c:6,
                 from pp-mg-once-2.c:6,
                 from pp-mg-once-2.c:6,
                 from pp-mg-once-2.c:6,
                 from pp-mg-once-2.c:6,
                 from pp-mg-once-2.c:6,
                 from pp-mg-once-2.c:6,
                 from pp-mg-once-2.c:6,
                 from pp-mg-once-2.c:6,
                 from pp-mg-once-2.c:6,
                 from pp-mg-once-2.c:6,
                 from pp-mg-once-2.c:6,
                 from pp-mg-once-2.c:6,
                 from pp-mg-once-2.c:6,
                 from pp-mg-once-2.c:6,
                 from pp-mg-once-2.c:6,
                 from pp-mg-once-2.c:6,
                 from pp-mg-once-2.c:6,
                 from pp-mg-once-2.c:6,
                 from pp-mg-once-2.c:6,
                 from pp-mg-once-2.c:6,
                 from pp-mg-once-2.c:6,
                 from pp-mg-once-2.c:6,
                 from pp-mg-once-2.c:6,
                 from pp-mg-once-2.c:6,
                 from pp-mg-once-2.c:6,
                 from pp-mg-once-2.c:6,
                 from pp-mg-once-2.c:6,
                 from pp-mg-once-2.c:6,
                 from pp-mg-once-2.c:6,
                 from pp-mg-once-2.c:6,
                 from pp-mg-once-2.c:6,
                 from pp-mg-once-2.c:6,
                 from pp-mg-once-2.c:6,
                 from pp-mg-once-2.c:6,
                 from pp-mg-once-2.c:6,
                 from pp-mg-once-2.c:6,
                 from pp-mg-once-2.c:6,
                 from pp-mg-once-2.c:6,
                 from pp-mg-once-2.c:6,
                 from pp-mg-once-2.c:6,
                 from pp-mg-once-2.c:6,
                 from pp-mg-once-2.c:6,
                 from pp-mg-once-2.c:6,
                 from pp-mg-once-2.c:6,
                 from pp-mg-once-2.c:6,
                 from pp-mg-once-2.c:6,
                 from pp-mg-once-2.c:6,
                 from pp-mg-once-2.c:6,
                 from pp-mg-once-2.c:6,
                 from pp-mg-once-2.c:6,
                 from pp-mg-once-2.c:6,
                 from pp-mg-once-2.c:6,
                 from pp-mg-once-2.c:6,
                 from pp-mg-once-2.c:6,
                 from pp-mg-once-2.c:6,
                 from pp-mg-once-2.c:6,
                 from pp-mg-once-2.c:6,
                 from pp-mg-once-2.c:6,
                 from pp-mg-once-2.c:6,
                 from pp-mg-once-2.c:6,
                 from pp-mg-once-2.c:6,
                 from pp-mg-once-2.c:6,
                 from pp-mg-once-2.c:6,
                 from pp-mg-once-2.c:6,
                 from pp-mg-once-2.c:6,
                 from pp-mg-once-2.c:6,
                 from pp-mg-once-2.c:6,
                 from pp-mg-once-2.c:6,
                 from pp-mg-once-2.c:6,
                 from pp-mg-once-2.c:6,
                 from pp-mg-once-2.c:6,
                 from pp-mg-once-2.c:6,
                 from pp-mg-once-2.c:6,
                 from pp-mg-once-2.c:6,
                 from pp-mg-once-2.c:6,
                 from pp-mg-once-2.c:6,
                 from pp-mg-once-2.c:6,
                 from pp-mg-once-2.c:6,
                 from pp-mg-once-2.c:6,
                 from pp-mg-once-2.c:6,
                 from pp-mg-once-2.c:6,
                 from pp-mg-once-2.c:6,
                 from pp-mg-once-2.c:6,
                 from pp-mg-once-2.c:6,
                 from pp-mg-once-2.c:6,
                 from pp-mg-once-2.c:6,
                 from pp-mg-once-2.c:6,
                 from pp-mg-once-2.c:6,
                 from pp-mg-once-2.c:6,
                 from pp-mg-once-2.c:6,
                 from pp-mg-once-2.c:6,
                 from pp-mg-once-2.c:6,
                 from pp-mg-once-2.c:6,
                 from pp-mg-once-2.c:6,
                 from pp-mg-once-2.c:6,
                 from pp-mg-once-2.c:6,
                 from pp-mg-once-2.c:6,
                 from pp-mg-once-2.c:6,
                 from pp-mg-once-2.c:6,
                 from pp-mg-once-2.c:6,
                 from pp-mg-once-2.c:6,
                 from pp-mg-once-2.c:6,
                 from pp-mg-once-2.c:6,
                 from pp-mg-once-2.c:6,
                 from pp-mg-once-2.c:6,
                 from pp-mg-once-2.c:6,
                 from pp-mg-once-2.c:6,
                 from pp-mg-once-2.c:6,
                 from pp-mg-once-2.c:6,
                 from pp-mg-once-2.c:6,
                 from pp-mg-once-2.c:6,
                 from pp-mg-once-2.c:6,
                 from pp-mg-once-2.c:6,
                 from pp-mg-once-2.c:6,
                 from pp-mg-once-2.c:6,
                 from pp-mg-once-2.c:6,
                 from pp-mg-once-2.c:6,
                 from pp-mg-once-2.c:6,
                 from pp-mg-once-2.c:6,
                 from pp-mg-once-2.c:6,
                 from pp-mg-once-2.c:6,
                 from ./pp-mg-once-2.c:6:
pp-mg-once-2.c:6:10: ERROR - too many nesting levels of `#include'
  #include "pp-mg-once-2.c"
           ^
