./pp-mcr-conflict.c:4:9: warning - identifier is too long
  #define A2345678911234567892123456789312    /* warning */
          ^~~~~~~~~~~~~~~~~~~~~~~~~~~~~~~~
./pp-mcr-conflict.c: note - ISO C guarantees only 31 significant characters
./pp-mcr-conflict.c:3:9: note - see `A234567891123456789212345678931' declared here
  #define A234567891123456789212345678931
          ^~~~~~~~~~~~~~~~~~~~~~~~~~~~~~~
./pp-mcr-conflict.c:5:9: warning - identifier is too long
  #define A2345678911234567892123456789313    /* warning */
          ^~~~~~~~~~~~~~~~~~~~~~~~~~~~~~~~
./pp-mcr-conflict.c: note - ISO C guarantees only 31 significant characters
./pp-mcr-conflict.c:4:9: note - see `A2345678911234567892123456789312' declared here
  #define A2345678911234567892123456789312    /* warning */
          ^~~~~~~~~~~~~~~~~~~~~~~~~~~~~~~~
./pp-mcr-conflict.c:10:9: warning - identifier is too long
  #define A2345678911234567892123456789331    /* warning */
          ^~~~~~~~~~~~~~~~~~~~~~~~~~~~~~~~
./pp-mcr-conflict.c: note - ISO C guarantees only 31 significant characters
./pp-mcr-conflict.c:9:9: note - see `A234567891123456789212345678933' declared here
  #define A234567891123456789212345678933
          ^~~~~~~~~~~~~~~~~~~~~~~~~~~~~~~
./pp-mcr-conflict.c:9:9: warning - macro `A234567891123456789212345678933' defined but not used
  #define A234567891123456789212345678933
          ^~~~~~~~~~~~~~~~~~~~~~~~~~~~~~~
./pp-mcr-conflict.c:12:9: warning - identifier is too long
  #define A2345678911234567892123456789332    /* warning; 1 */
          ^~~~~~~~~~~~~~~~~~~~~~~~~~~~~~~~
./pp-mcr-conflict.c: note - ISO C guarantees only 31 significant characters
./pp-mcr-conflict.c:10:9: note - see `A2345678911234567892123456789331' declared here
  #define A2345678911234567892123456789331    /* warning */
          ^~~~~~~~~~~~~~~~~~~~~~~~~~~~~~~~
./pp-mcr-conflict.c:10:9: warning - macro `A2345678911234567892123456789331' defined but not used
  #define A2345678911234567892123456789331    /* warning */
          ^~~~~~~~~~~~~~~~~~~~~~~~~~~~~~~~
./pp-mcr-conflict.c:14:9: warning - identifier is too long
  #define A2345678911234567892123456789333    /* warning: 2 */
          ^~~~~~~~~~~~~~~~~~~~~~~~~~~~~~~~
./pp-mcr-conflict.c: note - ISO C guarantees only 31 significant characters
./pp-mcr-conflict.c:12:9: note - see `A2345678911234567892123456789332' declared here
  #define A2345678911234567892123456789332    /* warning; 1 */
          ^~~~~~~~~~~~~~~~~~~~~~~~~~~~~~~~
./pp-mcr-conflict.c:12:9: warning - macro `A2345678911234567892123456789332' defined but not used
  #define A2345678911234567892123456789332    /* warning; 1 */
          ^~~~~~~~~~~~~~~~~~~~~~~~~~~~~~~~
./pp-mcr-conflict.c:14:9: warning - macro `A2345678911234567892123456789333' defined but not used
  #define A2345678911234567892123456789333    /* warning: 2 */
          ^~~~~~~~~~~~~~~~~~~~~~~~~~~~~~~~
./pp-mcr-conflict.c:17:9: warning - macro `A2345678911234567892123456789334' defined but not used
  #define A2345678911234567892123456789334
          ^~~~~~~~~~~~~~~~~~~~~~~~~~~~~~~~
./pp-mcr-conflict.c:3:9: warning - macro `A234567891123456789212345678931' defined but not used
  #define A234567891123456789212345678931
          ^~~~~~~~~~~~~~~~~~~~~~~~~~~~~~~
./pp-mcr-conflict.c:4:9: warning - macro `A2345678911234567892123456789312' defined but not used
  #define A2345678911234567892123456789312    /* warning */
          ^~~~~~~~~~~~~~~~~~~~~~~~~~~~~~~~
./pp-mcr-conflict.c:5:9: warning - macro `A2345678911234567892123456789313' defined but not used
  #define A2345678911234567892123456789313    /* warning */
          ^~~~~~~~~~~~~~~~~~~~~~~~~~~~~~~~
./pp-mcr-conflict.c:7:9: warning - macro `A234567891123456789212345678932' defined but not used
  #define A234567891123456789212345678932
          ^~~~~~~~~~~~~~~~~~~~~~~~~~~~~~~
