./pp-mcr-recarg-4.c:7:7: ERROR - invalid line number `xstr'
  #line xstr
        ^
./pp-mcr-recarg-4.c:12:11: ERROR - unterminated argument list to macro `xstr'
  #line xstr(
            ^
./pp-mcr-recarg-4.c:12:7: ERROR - invalid line number `"x"'
  #line xstr(
        ^
./pp-mcr-recarg-4.c:17:11: ERROR - unterminated argument list to macro `xstr'
  #line xstr(x
            ^
./pp-mcr-recarg-4.c:17:7: ERROR - invalid line number `"x"'
  #line xstr(x
        ^
./pp-mcr-recarg-4.c:23:11: ERROR - unterminated argument list to macro `xstr'
  #line xstr(glue
            ^
./pp-mcr-recarg-4.c:23:7: ERROR - invalid line number `"x"'
  #line xstr(glue
        ^
./pp-mcr-recarg-4.c:30:11: ERROR - unterminated argument list to macro `xstr'
  #line xstr(glue(
            ^
./pp-mcr-recarg-4.c:30:7: ERROR - invalid line number `"x"'
  #line xstr(glue(
        ^
./pp-mcr-recarg-4.c:37:11: ERROR - unterminated argument list to macro `xstr'
  #line xstr(glue(foo
            ^
./pp-mcr-recarg-4.c:37:7: ERROR - invalid line number `"x"'
  #line xstr(glue(foo
        ^
./pp-mcr-recarg-4.c:44:11: ERROR - unterminated argument list to macro `xstr'
  #line xstr(glue(foo,
            ^
./pp-mcr-recarg-4.c:44:7: ERROR - invalid line number `"x"'
  #line xstr(glue(foo,
        ^
./pp-mcr-recarg-4.c:50:11: ERROR - unterminated argument list to macro `xstr'
  #line xstr(glue(foo, bar
            ^
./pp-mcr-recarg-4.c:50:7: ERROR - invalid line number `"x"'
  #line xstr(glue(foo, bar
        ^
./pp-mcr-recarg-4.c:53:1: ERROR - too many arguments to macro `glue'
  xstr(glue(foo, bar,
  ^
./pp-mcr-recarg-4.c:55:11: ERROR - unterminated argument list to macro `xstr'
  #line xstr(glue(foo, bar,
            ^
./pp-mcr-recarg-4.c:55:7: ERROR - invalid line number `"x"'
  #line xstr(glue(foo, bar,
        ^
