./pp-mcr-variadic-14.c:5:37: warning - C90 does not support variadic macros
  #define ARGN(_1, _2, _3, _4, _5, N, ...) N
                                      ^~~
./pp-mcr-variadic-14.c:6:22: warning - C90 does not support variadic macros
  #define NARG_(dummy, ...) ARGN(__VA_ARGS__)
                       ^~~
./pp-mcr-variadic-14.c:7:14: warning - C90 does not support variadic macros
  #define NARG(...) NARG_(dummy, ##__VA_ARGS__, REVERSE)
               ^~~
./pp-mcr-variadic-14.c:13:17: warning - C90 does not support variadic macros
  #define FIELD_0(...)
                  ^~~
./pp-mcr-variadic-14.c:15:24: warning - C90 does not support variadic macros
  #define FIELD_1(field, ...) \
                         ^~~
./pp-mcr-variadic-14.c:18:24: warning - C90 does not support variadic macros
  #define FIELD_2(field, ...) \
                         ^~~
./pp-mcr-variadic-14.c:21:24: warning - C90 does not support variadic macros
  #define FIELD_3(field, ...) \
                         ^~~
./pp-mcr-variadic-14.c:24:24: warning - C90 does not support variadic macros
  #define FIELD_4(field, ...) \
                         ^~~
./pp-mcr-variadic-14.c:27:24: warning - C90 does not support variadic macros
  #define FIELD_5(field, ...) \
                         ^~~
./pp-mcr-variadic-14.c:30:20: warning - C90 does not support variadic macros
  #define FIELDS_(N, ...) \
                     ^~~
./pp-mcr-variadic-14.c:33:16: warning - C90 does not support variadic macros
  #define FIELDS(...) \
                 ^~~
./pp-mcr-variadic-14.c:34:30: ERROR - `##' generated multiple tokens from `,a'
    FIELDS_(NARG(__VA_ARGS__), ##__VA_ARGS__)
                               ^~
./pp-mcr-variadic-14.c:36:1: note - expanded from here
  FIELDS(a, b, c)
  ^~~~~~~~~~~~~~~
./pp-mcr-variadic-14.c:7:32: ERROR - `##' generated multiple tokens from `,a'
  #define NARG(...) NARG_(dummy, ##__VA_ARGS__, REVERSE)
                                 ^~
./pp-mcr-variadic-14.c:34:11: note - expanded from here
    FIELDS_(NARG(__VA_ARGS__), ##__VA_ARGS__)
            ^~~~~~~~~~~~~~~~~
./pp-mcr-variadic-14.c:36:1: note - expanded from here
  FIELDS(a, b, c)
  ^~~~~~~~~~~~~~~
./pp-mcr-variadic-14.c:19:46: warning - ISO C requires at least one argument for __VA_ARGS__
    somestruct.field=field; FIELD_1(__VA_ARGS__)
                                               ^
./pp-mcr-variadic-14.c:22:27: note - expanded from here
    somestruct.field=field; FIELD_2(__VA_ARGS__)
                            ^~~~~~~~~~~~~~~~~~~~
./pp-mcr-variadic-14.c:11:23: note - expanded from here
  #define SPLICE_2(a,b) a##b
                        ^~~~
./pp-mcr-variadic-14.c:10:23: note - expanded from here
  #define SPLICE_1(a,b) SPLICE_2(a,b)
                        ^~~~~~~~~~~~~
./pp-mcr-variadic-14.c:9:21: note - expanded from here
  #define SPLICE(a,b) SPLICE_1(a,b)
                      ^~~~~~~~~~~~~
./pp-mcr-variadic-14.c:31:3: note - expanded from here
    SPLICE(FIELD_, N)(__VA_ARGS__)
    ^~~~~~~~~~~~~~~~~
./pp-mcr-variadic-14.c:34:3: note - expanded from here
    FIELDS_(NARG(__VA_ARGS__), ##__VA_ARGS__)
    ^~~~~~~~~~~~~~~~~~~~~~~~~~~~~~~~~~~~~~~~~
./pp-mcr-variadic-14.c:36:1: note - expanded from here
  FIELDS(a, b, c)
  ^~~~~~~~~~~~~~~
./pp-mcr-variadic-14.c:15:9: note - see this definition
  #define FIELD_1(field, ...) \
          ^~~~~~~
