./pp-mcr-variadic-5.c:1:1: warning - __VA_ARGS__ can appear only in variadic replacement list
  __VA_ARGS__
  ^~~~~~~~~~~
./pp-mcr-variadic-5.c:3:9: warning - __VA_ARGS__ can appear only in variadic replacement list
  #define __VA_ARGS__ nothing
          ^~~~~~~~~~~
./pp-mcr-variadic-5.c:4:2: ERROR - unrecognized directive
  #nondirective __VA_ARGS__    /* error */
   ^~~~~~~~~~~~
./pp-mcr-variadic-5.c:6:10: warning - __VA_ARGS__ can appear only in variadic replacement list
  #line 10 __VA_ARGS__
           ^~~~~~~~~~~
./pp-mcr-variadic-5.c:3:21: ERROR - invalid file name `nothing'
  #define __VA_ARGS__ nothing
                      ^~~~~~~
./pp-mcr-variadic-5.c:6:10: note - expanded from here
  #line 10 __VA_ARGS__
           ^~~~~~~~~~~
./pp-mcr-variadic-5.c:8:5: warning - __VA_ARGS__ can appear only in variadic replacement list
  #if __VA_ARGS__
      ^~~~~~~~~~~
./pp-mcr-variadic-5.c:3:21: warning - undefined identifier `nothing' evaluated to 0
  #define __VA_ARGS__ nothing
                      ^~~~~~~
./pp-mcr-variadic-5.c:8:5: note - expanded from here
  #if __VA_ARGS__
      ^~~~~~~~~~~
./pp-mcr-variadic-5.c:11:8: warning - __VA_ARGS__ can appear only in variadic replacement list
  #ifdef __VA_ARGS__
         ^~~~~~~~~~~
./pp-mcr-variadic-5.c:15:7: warning - __VA_ARGS__ can appear only in variadic replacement list
  #elif __VA_ARGS__
        ^~~~~~~~~~~
./pp-mcr-variadic-5.c:3:21: warning - undefined identifier `nothing' evaluated to 0
  #define __VA_ARGS__ nothing
                      ^~~~~~~
./pp-mcr-variadic-5.c:15:7: note - expanded from here
  #elif __VA_ARGS__
        ^~~~~~~~~~~
./pp-mcr-variadic-5.c:23:7: warning - extraneous tokens ignored
  #else __VA_ARGS__     /* extra */
        ^~~~~~~~~~~
./pp-mcr-variadic-5.c:24:8: warning - extraneous tokens ignored
  #endif __VA_ARGS__    /* extra */
         ^~~~~~~~~~~
./pp-mcr-variadic-5.c:26:8: warning - __VA_ARGS__ can appear only in variadic replacement list
  #undef __VA_ARGS__
         ^~~~~~~~~~~
./pp-mcr-variadic-5.c:28:9: warning - __VA_ARGS__ can appear only in variadic replacement list
  #define __VA_ARGS__(...) #__VA_ARGS__
          ^~~~~~~~~~~
./pp-mcr-variadic-5.c:28:21: warning - C90 does not support variadic macros
  #define __VA_ARGS__(...) #__VA_ARGS__
                      ^~~
./pp-mcr-variadic-5.c:29:1: warning - __VA_ARGS__ can appear only in variadic replacement list
  __VA_ARGS__(foo, bar)
  ^~~~~~~~~~~
./pp-mcr-variadic-5.c:31:7: warning - __VA_ARGS__ can appear only in variadic replacement list
  #line __VA_ARGS__
        ^~~~~~~~~~~
./pp-mcr-variadic-5.c:31:7: ERROR - invalid line number `__VA_ARGS__'
  #line __VA_ARGS__
        ^~~~~~~~~~~
./pp-mcr-variadic-5.c:33:8: warning - __VA_ARGS__ can appear only in variadic replacement list
  #undef __VA_ARGS__
         ^~~~~~~~~~~
./pp-mcr-variadic-5.c:35:9: warning - __VA_ARGS__ can appear only in variadic replacement list
  #define __VA_ARGS__ 10
          ^~~~~~~~~~~
./pp-mcr-variadic-5.c:36:7: warning - __VA_ARGS__ can appear only in variadic replacement list
  #line __VA_ARGS__
        ^~~~~~~~~~~
./pp-mcr-variadic-5.c:11:16: warning - __VA_ARGS__ can appear only in variadic replacement list
  #error testing __VA_ARGS__
                 ^~~~~~~~~~~
./pp-mcr-variadic-5.c:11:2: ERROR - #error testing __VA_ARGS__
  #error testing __VA_ARGS__
   ^~~~~
./pp-mcr-variadic-5.c:13:2: warning - unknown `#pragma'
  #pragma __VA_ARGS__         /* unknown #pragma */
   ^~~~~~
./pp-mcr-variadic-5.c:14:2: warning - unknown `#pragma'
  #pragma stdc __VA_ARGS__    /* unknown #pragma */
   ^~~~~~
./pp-mcr-variadic-5.c:25:10: warning - __VA_ARGS__ can appear only in variadic replacement list
  #include __VA_ARGS__
           ^~~~~~~~~~~
./pp-mcr-variadic-5.c:25:9: ERROR - `#include' expects a header name ("header" or <header>)
  #include __VA_ARGS__
          ^
