./pp-mcr-ppos.c:11:1: ERROR - `#' generated an invalid string `"\\"\\\\\"\"'
  invstr(str)
  ^
./pp-mcr-ppos.c:12:1: ERROR - `##' generated multiple tokens from `abcdefghijk.'
  invpaste(paste1)
  ^
./pp-mcr-ppos.c:13:1: warning - evaluation order of `##' operators is unspecified
  deporder(paste2)
  ^
./pp-mcr-ppos.c: note - no valid token can be generated from `e+'
./pp-mcr-ppos.c:15:5: ERROR - too many arguments to macro `deporder'
      extra /* ... */
      ^
./pp-mcr-ppos.c:14:1: warning - evaluation order of `##' operators is unspecified
  deporder(paste2,
  ^
./pp-mcr-ppos.c: note - no valid token can be generated from `e+'
./pp-mcr-ppos.c:17:1: ERROR - too many arguments to macro `deporder'
  deporder(PASTE, EXTRA)
  ^
./pp-mcr-ppos.c:17:1: warning - evaluation order of `##' operators is unspecified
  deporder(PASTE, EXTRA)
  ^
./pp-mcr-ppos.c: note - no valid token can be generated from `e+'
./pp-mcr-ppos.c:18:1: ERROR - `##' generated multiple tokens from `abcdefghijk"."'
  invpaste(strp)
  ^
./pp-mcr-ppos.c:18:1: warning - evaluation order of `#' and `##' operators is unspecified
  invpaste(strp)
  ^
./pp-mcr-ppos.c:19:16: ERROR - too many arguments to macro `invpaste'
  invpaste(strp, extra)
                 ^
./pp-mcr-ppos.c:19:1: ERROR - `##' generated multiple tokens from `abcdefghijk"."'
  invpaste(strp, extra)
  ^
./pp-mcr-ppos.c:19:1: warning - evaluation order of `#' and `##' operators is unspecified
  invpaste(strp, extra)
  ^
./pp-mcr-ppos.c:27:7: warning - divide by zero
  #if (1/0) + mcr(eval, 0) + (1/0)
        ^
./pp-mcr-ppos.c:27:13: warning - divide by zero
  #if (1/0) + mcr(eval, 0) + (1/0)
              ^
./pp-mcr-ppos.c:27:30: warning - divide by zero
  #if (1/0) + mcr(eval, 0) + (1/0)
                               ^
./pp-mcr-ppos.c:31:1: ERROR - too many arguments to macro `str'
  manyarg(str)
  ^
./pp-mcr-ppos.c:35:1: ERROR - unterminated argument list to macro `str'
  unterm(eval)
  ^
./pp-mcr-ppos.c:38:1: ERROR - insufficient number of arguments to macro `paste1'
  fewarg1(paste1)
  ^
./pp-mcr-ppos.c:41:1: warning - C90 does not support empty macro argument to macro `paste2'
  fewarg2(paste2)
  ^
./pp-mcr-ppos.c:41:1: ERROR - insufficient number of arguments to macro `paste2'
  fewarg2(paste2)
  ^
./pp-mcr-ppos.c:45:5: warning - `defined' generated from macro expansion
  #if call(id) id
      ^
