In file included from foo.c:100:
foo.c:99:4: ERROR - missing controlling expression for `#if'
  #if
     ^
foo.c:100:4: ERROR - missing controlling expression for `#if'
  #if
     ^
foo.c:100:2: ERROR - unterminated `#if'
  #if
   ^
foo.c:99:2: ERROR - unterminated `#if'
  #if
   ^
In file included from foo.c:101:
foo.c:99:4: ERROR - missing controlling expression for `#if'
  #if
     ^
foo.c:100:4: ERROR - missing controlling expression for `#if'
  #if
     ^
foo.c:100:2: ERROR - unterminated `#if'
  #if
   ^
foo.c:99:2: ERROR - unterminated `#if'
  #if
   ^
foo.c:102:4: ERROR - missing controlling expression for `#if'
  #if
     ^
