./pp-prgm-start.c:1:2: warning - unknown `#pragma'
  #pragma
   ^~~~~~
./pp-prgm-start.c:3:14: warning - extraneous tokens ignored
  #pragma once 2
               ^
./pp-prgm-start.c:4:14: warning - extraneous tokens ignored
  #pragma once once
               ^~~~
./pp-prgm-start.c:7:2: warning - unknown `#pragma'
  #pragma 1
   ^~~~~~
./pp-prgm-start.c:8:2: warning - unknown `#pragma'
  #pragma "xx"
   ^~~~~~
./pp-prgm-start.c:9:2: warning - unknown `#pragma'
  #pragma test(1)
   ^~~~~~
./pp-prgm-start.c:12:2: warning - unknown `#pragma'
  #pragma foo
   ^~~~~~
./pp-prgm-start.c:11:9: warning - macro `foo' defined but not used
  #define foo once
          ^~~
./pp-prgm-start.c:14:9: warning - macro `once' defined but not used
  #define once
          ^~~~
