./pp-xtra-diag.c:1:15: warning - undefined identifier `foo' evaluated to 0
  #define check foo == 0 && bar == 0
                ^~~
./pp-xtra-diag.c:2:5: note - macro expansion invoked here
  #if check || foobar == 0
      ^~~~~
./pp-xtra-diag.c:1:27: warning - undefined identifier `bar' evaluated to 0
  #define check foo == 0 && bar == 0
                            ^~~
./pp-xtra-diag.c:2:5: note - macro expansion invoked here
  #if check || foobar == 0
      ^~~~~
./pp-xtra-diag.c:1:15: warning - parenthesize subexpression for clarification
  #define check foo == 0 && bar == 0
                ^~~~~~~~~~~~~~~~~~~~
./pp-xtra-diag.c:2:5: note - macro expansion invoked here
  #if check || foobar == 0
      ^~~~~
./pp-xtra-diag.c:2:14: warning - undefined identifier `foobar' evaluated to 0
  #if check || foobar == 0
               ^~~~~~
./pp-xtra-diag.c:6:12: warning - undefined identifier `bar' evaluated to 0
  #if foo && bar == 0 || foobar == 0
             ^~~
./pp-xtra-diag.c:6:5: warning - parenthesize subexpression for clarification
  #if foo && bar == 0 || foobar == 0
      ^~~~~~~~~~~~~~~
./pp-xtra-diag.c:6:24: warning - undefined identifier `foobar' evaluated to 0
  #if foo && bar == 0 || foobar == 0
                         ^~~~~~
./pp-xtra-diag.c:10:10: warning - undefined identifier `bar' evaluated to 0
  #if fred bar == 0 || foobar == 0
           ^~~
./pp-xtra-diag.c:10:5: warning - parenthesize subexpression for clarification
  #if fred bar == 0 || foobar == 0
      ^~~~~~~~~~~~~
./pp-xtra-diag.c:10:22: warning - undefined identifier `foobar' evaluated to 0
  #if fred bar == 0 || foobar == 0
                       ^~~~~~
./pp-xtra-diag.c:16:9: warning - parenthesize subexpression for clarification
  #if exp(aaa, bbb) || foobar == 0
          ^~~~~~~~
./pp-xtra-diag.c:16:22: warning - undefined identifier `foobar' evaluated to 0
  #if exp(aaa, bbb) || foobar == 0
                       ^~~~~~
./pp-xtra-diag.c:19:9: warning - parenthesize subexpression for clarification
  #if exp(aaa, aaa) || foobar == 0
          ^~~~~~~~
./pp-xtra-diag.c:19:22: warning - undefined identifier `foobar' evaluated to 0
  #if exp(aaa, aaa) || foobar == 0
                       ^~~~~~
./pp-xtra-diag.c:23:16: warning - undefined identifier `bar' evaluated to 0
                 bar == 0
                 ^~~
./pp-xtra-diag.c:24:5: note - macro expansion invoked here
  #if check2 || foobar == 0
      ^~~~~~
./pp-xtra-diag.c:24:5: warning - parenthesize subexpression for clarification
  #if check2 || foobar == 0
      ^~~~~~
./pp-xtra-diag.c:24:15: warning - undefined identifier `foobar' evaluated to 0
  #if check2 || foobar == 0
                ^~~~~~
