# 1 "./pp-xtra-parsable-1-a.c"
 

void 5;
# 8 "./pp-xtra-parsable-1-a.c"
# 1 "./pp-xtra-parsable-1-b.c" 1
"./pp-xtra-parsable-1-b.c" 1
# 4 "./pp-xtra-parsable-1-b.c"
"./pp-xtra-parsable-1-b.c"
5
# 9 "./pp-xtra-parsable-1-a.c" 2
# 10 "./pp-xtra-parsable-1-a.c"
# 1 "./pp-xtra-parsable-1-b.c" 1
"./pp-xtra-parsable-1-b.c" 1
# 4 "./pp-xtra-parsable-1-b.c"
"./pp-xtra-parsable-1-b.c"
5
# 11 "./pp-xtra-parsable-1-a.c" 2
# 14 "./pp-xtra-parsable-1-a.c"
"foo" 100
# 17 "./pp-xtra-parsable-1-a.c"
# 1 "./pp-xtra-parsable-1-c.c" 1
"./pp-xtra-parsable-1-c.c" 1
# 4 "./pp-xtra-parsable-1-c.c"
"bar" 900
# 18 "./pp-xtra-parsable-1-a.c" 2
"foo" 103
