./warns.c:16:14: warning - `/*' within comment
  /* w.1.1:   "/*" in comment.    */
               ^~
./warns.c:17:13: warning - `/*' within comment
  /*  comment /*  nested comment and no closing   */
              ^~
./warns.c:32:12: warning - negative value converted to unsigned type
  #if     -1 < 0U
          ~~ ^
./warns.c:54:65: warning - too many parameters
      a1, b1, c1, d1, e1, f1, g1, h1, i1, j1, k1, l1, m1, n1, o1, p1, \
                                                                  ^~
./warns.c: note - ISO C guarantees only 31 parameters
./warns.c:64:73: warning - too many arguments to macro `glue63'
              A1, B1, C1, D1, E1, F1, G1, H1, I1, J1, K1, L1, M1, N1, O1, P1,
                                                                          ^~
./warns.c:62:9: note - macro expansion invoked here
          glue63(
          ^~~~~~
./warns.c: note - ISO C guarantees only 31 arguments
In file included from ./warns.c:80:
ifdef15.h:21:2: warning - too many nesting levels of conditional inclusion
  #ifdef  X0A
   ^~~~~
ifdef15.h: note - ISO C guarantees only 8 nesting levels
In file included from nest7.h:5,
                 from nest6.h:5,
                 from nest5.h:5,
                 from nest4.h:5,
                 from nest3.h:5,
                 from nest2.h:5,
                 from nest1.h:5,
                 from ./warns.c:86:
nest8.h:6:13: warning - too many nesting levels of `#include'
  #include    "nest9.h"
              ^~~~~~~~~
nest8.h: note - ISO C guarantees only 8 nesting levels
./warns.c:99:2: warning - logical source line is too long
          (0x38 + (0x39 - (0x3A + (0x3B - (0x3C + (0x3D - 0x3E)           \
   ^
./warns.c: note - ISO C guarantees at most 509 characters
./warns.c:96:9: warning - too many nesting levels of parenthesized expressions
          (0x20 + (0x21 - (0x22 + (0x23 - (0x24 + (0x25 - (0x26 + (0x27 - \
          ^
./warns.c: note - ISO C guarantees at most 32 levels
./warns.c:117:62: warning - logical source line is too long
  7123456789abcdef0123456789abcdef0123456789abcdef0123456789abcdef\
                                                               ^
./warns.c: note - ISO C guarantees at most 509 characters
./warns.c:141:42: warning - logical source line is too long
      int j123456789012345678901234567890 = 123459;   \
                                           ^
./warns.c: note - ISO C guarantees at most 509 characters
In file included from ./warns.c:155:
m1024.h:1021:9: warning - too many macros simultaneously defined
  #define ZS
          ^~
m1024.h: note - ISO C guarantees only 1024 macros
